Action.c(79):           <li><i></i>\n
Action.c(79):           </td></tr></table></center>\n
Action.c(79):       </TD>\n
Action.c(79):       <TD width="5%" >.<br/>.<br/>.<br/>.</TD>\n
Action.c(79):       <TD width="45%" valign=top><b>Invoice sent to:</b><br/>\n
Action.c(79):           <center>\n
Action.c(79):           <Table width="80%" cellspacing="0" > <tr> <td>\n
Action.c(79):               Bananas Ananas\n
Action.c(79):     <br/>\n
Action.c(79):               address1<br/>\n
Action.c(79):               address01<br/>\n
Action.c(79):               <br/>\n
Action.c(79):               Total Charge: $ 2676 <BR/> (CC: x-1935)\n
Action.c(79):           </td> </tr> </table>\n
Action.c(79):           </center>\n
Action.c(79):       </TD>\n
Action.c(79):     </TR>\n
Action.c(79):     <TR bgcolor="#EFF2F7">\n
Action.c(79):       <TD COLSPAN="3">\n
Action.c(79):       <b>Flight Details:</b><BR/>  <center>\n
Action.c(79):       09/13/2021\n
Action.c(79):      :  5pm : Flight 132 leaves Frankfurt  for Los Angeles.<br>  </center>\n
Action.c(79):       </TD>\n
Action.c(79):     </TR>\n
Action.c(79):     \n
Action.c(79):     <TR bgcolor="#EFF2F7">\n
Action.c(79):       <TD COLSPAN="4">\n
Action.c(79):       <hr/>\n
Action.c(79):       </TD>\n
Action.c(79):     </TR>\n
Action.c(79):     \n
Action.c(79):     <!-- Flight #1 -->\n
Action.c(79):     <TR bgcolor="#EFF2F7">\n
Action.c(79):       <TD width="5%" rowspan="2" align="left" valign="top">\n
Action.c(79):     <b>\n
Action.c(79):     <label><input type="checkbox" name="335" value="on" /></label></font></b>\n
Action.c(79):     <input type="hidden" name="flightID" value="355412347-2577071-BA"  />\n
Action.c(79):       </TD>\n
Action.c(79):       <TD width="45%" valign="top">\n
Action.c(79):           <b>&nbsp;&nbsp;5 Business class tickets for :</b><br/>\n
Action.c(79):           <center><table border="0" width="85%"><tr><td>\n
Action.c(79):           <li><i>Jango Fett      <li><i>Jabba Hutt      <li><i>James Bond      <li><i>Bananas 
Action.c(79):     Ananas      <li><i>Droid R2-D2\n
Action.c(79):           <li><i></i>\n
Action.c(79):           </td></tr></table></center>\n
Action.c(79):       </TD>\n
Action.c(79):       <TD width="5%" >.<br/>.<br/>.<br/>.</TD>\n
Action.c(79):       <TD width="45%" valign=top><b>Invoice sent to:</b><br/>\n
Action.c(79):           <center>\n
Action.c(79):           <Table width="80%" cellspacing="0" > <tr> <td>\n
Action.c(79):               Bananas Ananas\n
Action.c(79):     <br/>\n
Action.c(79):               address1<br/>\n
Action.c(79):               address01<br/>\n
Action.c(79):               <br/>\n
Action.c(79):               Total Charge: $ 1930 <BR/> (CC: x-9596)\n
Action.c(79):           </td> </tr> </table>\n
Action.c(79):           </center>\n
Action.c(79):       </TD>\n
Action.c(79):     </TR>\n
Action.c(79):     <TR bgcolor="#EFF2F7">\n
Action.c(79):       <TD COLSPAN="3">\n
Action.c(79):       <b>Flight Details:</b><BR/>  <center>\n
Action.c(79):       09/13/2021\n
Action.c(79):      :  11pm : Flight 133 leaves Frankfurt  for Los Angeles.<br>  </center>\n
Action.c(79):       </TD>\n
Action.c(79):     </TR>\n
Action.c(79):     \n
Action.c(79):     <TR bgcolor="#EFF2F7">\n
Action.c(79):       <TD COLSPAN="4">\n
Action.c(79):       <hr/>\n
Action.c(79):       </TD>\n
Action.c(79):     </TR>\n
Action.c(79):     \n
Action.c(79):     <!-- Flight #1 -->\n
Action.c(79):     <TR bgcolor="#EFF2F7">\n
Action.c(79):       <TD width="5%" rowspan="2" align="left" valign="top">\n
Action.c(79):     <b>\n
Action.c(79):     <label><input type="checkbox" name="336" value="on" /></label></font></b>\n
Action.c(79):     <input type="hidden" name="flightID" value="190856684-2584724-BA"  />\n
Action.c(79):       </TD>\n
Action.c(79):       <TD width="45%" valign="top">\n
Action.c(79):           <b>&nbsp;&nbsp;3 Business class tickets for :</b><br/>\n
Action.c(79):           <center><table border="0" width="85%"><tr><td>\n
Action.c(79):           <li><i>Jango Fett      <li><i>Jabba Hutt      <li><i>James Bond\n
Action.c(79):           <li><i></i>\n
Action.c(79):           </td></tr></table></center>\n
Action.c(79):       </TD>\n
Action.c(79):       <TD width="5%" >.<br/>.<br/>.<br/>.</TD>\n
Action.c(79):       <TD width="45%" valign=top><b>Invoice sent to:</b><br/>\n
Action.c(79):           <center>\n
Action.c(79):           <Table width="80%" cellspacing="0" > <tr> <td>\n
Action.c(79):               Bananas Ananas\n
Action.c(79):     <br/>\n
Action.c(79):               address1<br/>\n
Action.c(79):               address01<br/>\n
Action.c(79):               <br/>\n
Action.c(79):               Total Charge: $ 1416 <BR/> (CC: x-5153)\n
Action.c(79):           </td> </tr> </table>\n
Action.c(79):           </center>\n
Action.c(79):       </TD>\n
Action.c(79):     </TR>\n
Action.c(79):     <TR bgcolor="#EFF2F7">\n
Action.c(79):       <TD COLSPAN="3">\n
Action.c(79):       <b>Flight Details:</b><BR/>  <center>\n
Action.c(79):       09/13/2021\n
Action.c(79):      :  8am : Flight 130 leaves Frankfurt  for Los Angeles.<br>  </center>\n
Action.c(79):       </TD>\n
Action.c(79):     </TR>\n
Action.c(79):     \n
Action.c(79):     <TR bgcolor="#EFF2F7">\n
Action.c(79):       <TD COLSPAN="4">\n
Action.c(79):       <hr/>\n
Action.c(79):       </TD>\n
Action.c(79):     </TR>\n
Action.c(79):     \n
Action.c(79):     <!-- Flight #1 -->\n
Action.c(79):     <TR bgcolor="#EFF2F7">\n
Action.c(79):       <TD width="5%" rowspan="2" align="left" valign="top">\n
Action.c(79):     <b>\n
Action.c(79):     <label><input type="checkbox" name="337" value="on" /></label></font></b>\n
Action.c(79):     <input type="hidden" name="flightID" value="64486386-2592410-BA"  />\n
Action.c(79):       </TD>\n
Action.c(79):       <TD width="45%" valign="top">\n
Action.c(79):           <b>&nbsp;&nbsp;3 Business class tickets for :</b><br/>\n
Action.c(79):           <center><table border="0" width="85%"><tr><td>\n
Action.c(79):           <li><i>Jango Fett      <li><i>Jabba Hutt      <li><i>James Bond\n
Action.c(79):           <li><i></i>\n
Action.c(79):           </td></tr></table></center>\n
Action.c(79):       </TD>\n
Action.c(79):       <TD width="5%" >.<br/>.<br/>.<br/>.</TD>\n
Action.c(79):       <TD width="45%" valign=top><b>Invoice sent to:</b><br/>\n
Action.c(79):           <center>\n
Action.c(79):           <Table width="80%" cellspacing="0" > <tr> <td>\n
Action.c(79):               Bananas Ananas\n
Action.c(79):     <br/>\n
Action.c(79):               address1<br/>\n
Action.c(79):               address01<br/>\n
Action.c(79):               <br/>\n
Action.c(79):               Total Charge: $ 1338 <BR/> (CC: x-1741)\n
Action.c(79):           </td> </tr> </table>\n
Action.c(79):           </center>\n
Action.c(79):       </TD>\n
Action.c(79):     </TR>\n
Action.c(79):     <TR bgcolor="#EFF2F7">\n
Action.c(79):       <TD COLSPAN="3">\n
Action.c(79):       <b>Flight Details:</b><BR/>  <center>\n
Action.c(79):       09/13/2021\n
Action.c(79):      :  5pm : Flight 132 leaves Frankfurt  for Los Angeles.<br>  </center>\n
Action.c(79):       </TD>\n
Action.c(79):     </TR>\n
Action.c(79):     \n
Action.c(79):     <TR bgcolor="#EFF2F7">\n
Action.c(79):       <TD COLSPAN="4">\n
Action.c(79):       <hr/>\n
Action.c(79):       </TD>\n
Action.c(79):     </TR>\n
Action.c(79):     \n
Action.c(79):     <!-- Flight #1 -->\n
Action.c(79):     <TR bgcolor="#EFF2F7">\n
Action.c(79):       <TD width="5%" rowspan="2" align="left" valign="top">\n
Action.c(79):     <b>\n
Action.c(79):     <label><input type="checkbox" name="338" value="on" /></label></font></b>\n
Action.c(79):     <input type="hidden" name="flightID" value="215412239-2600217-BA"  />\n
Action.c(79):       </TD>\n
Action.c(79):       <TD width="45%" valign="top">\n
Action.c(79):           <b>&nbsp;&nbsp;6 Business class tickets for :</b><br/>\n
Action.c(79):           <center><table border="0" width="85%"><tr><td>\n
Action.c(79):           <li><i>Jango Fett      <li><i>Jabba Hutt      <li><i>James Bond      <li><i>Bananas 
Action.c(79):     Ananas      <li><i>Droid R2-D2      <li><i>Droid C3-PO\n
Action.c(79):           <li><i></i>\n
Action.c(79):           </td></tr></table></center>\n
Action.c(79):       </TD>\n
Action.c(79):       <TD width="5%" >.<br/>.<br/>.<br/>.</TD>\n
Action.c(79):       <TD width="45%" valign=top><b>Invoice sent to:</b><br/>\n
Action.c(79):           <center>\n
Action.c(79):           <Table width="80%" cellspacing="0" > <tr> <td>\n
Action.c(79):               Bananas Ananas\n
Action.c(79):     <br/>\n
Action.c(79):               address1<br/>\n
Action.c(79):               address01<br/>\n
Action.c(79):               <br/>\n
Action.c(79):               Total Charge: $ 2832 <BR/> (CC: x-5816)\n
Action.c(79):           </td> </tr> </table>\n
Action.c(79):           </center>\n
Action.c(79):       </TD>\n
Action.c(79):     </TR>\n
Action.c(79):     <TR bgcolor="#EFF2F7">\n
Action.c(79):       <TD COLSPAN="3">\n
Action.c(79):       <b>Flight Details:</b><BR/>  <center>\n
Action.c(79):       09/13/2021\n
Action.c(79):      :  8am : Flight 130 leaves Frankfurt  for Los Angeles.<br>  </center>\n
Action.c(79):       </TD>\n
Action.c(79):     </TR>\n
Action.c(79):     \n
Action.c(79):     <TR bgcolor="#EFF2F7">\n
Action.c(79):       <TD COLSPAN="4">\n
Action.c(79):       <hr/>\n
Action.c(79):       </TD>\n
Action.c(79):     </TR>\n
Action.c(79):     \n
Action.c(79):     <!-- Flight #1 -->\n
Action.c(79):     <TR bgcolor="#EFF2F7">\n
Action.c(79):       <TD width="5%" rowspan="2" align="left" valign="top">\n
Action.c(79):     <b>\n
Action.c(79):     <label><input type="checkbox" name="339" value="on" /></label></font></b>\n
Action.c(79):     <input type="hidden" name="flightID" value="16041942-2607829-JB"  />\n
Action.c(79):       </TD>\n
Action.c(79):       <TD width="45%" valign="top">\n
Action.c(79):           <b>&nbsp;&nbsp;4 Business class tickets for :</b><br/>\n
Action.c(79):           <center><table border="0" width="85%"><tr><td>\n
Action.c(79):           <li><i>James Bond      <li><i>Bananas Ananas      <li><i>Droid R2-D2      <li><i>Dro
Action.c(79):     id C3-PO\n
Action.c(79):           <li><i></i>\n
Action.c(79):           </td></tr></table></center>\n
Action.c(79):       </TD>\n
Action.c(79):       <TD width="5%" >.<br/>.<br/>.<br/>.</TD>\n
Action.c(79):       <TD width="45%" valign=top><b>Invoice sent to:</b><br/>\n
Action.c(79):           <center>\n
Action.c(79):           <Table width="80%" cellspacing="0" > <tr> <td>\n
Action.c(79):               James Bond\n
Action.c(79):     <br/>\n
Action.c(79):               address1<br/>\n
Action.c(79):               address01<br/>\n
Action.c(79):               <br/>\n
Action.c(79):               Total Charge: $ 1784 <BR/> (CC: x-0433)\n
Action.c(79):           </td> </tr> </table>\n
Action.c(79):           </center>\n
Action.c(79):       </TD>\n
Action.c(79):     </TR>\n
Action.c(79):     <TR bgcolor="#EFF2F7">\n
Action.c(79):       <TD COLSPAN="3">\n
Action.c(79):       <b>Flight Details:</b><BR/>  <center>\n
Action.c(79):       09/13/2021\n
Action.c(79):      :  5pm : Flight 132 leaves Frankfurt  for Los Angeles.<br>  </center>\n
Action.c(79):       </TD>\n
Action.c(79):     </TR>\n
Action.c(79):     \n
Action.c(79):     <TR bgcolor="#EFF2F7">\n
Action.c(79):       <TD COLSPAN="4">\n
Action.c(79):       <hr/>\n
Action.c(79):       </TD>\n
Action.c(79):     </TR>\n
Action.c(79):     <TR>\n
Action.c(79):        <TD align="center" COLSPAN="4">\n
Action.c(79):        <b>A total of 339 scheduled flights.</font></b>\n
Action.c(79):        </TD>\n
Action.c(79):     </TR>\n
Action.c(79):     </TABLE>\n
Action.c(79):     \n
Action.c(79):     <TABLE WIDTH="87%" BORDER="0" CELLSPACING="0">\n
Action.c(79):     <TR>\n
Action.c(79):     <TD align="left" width="50%" >\n
Action.c(79):     <input type="image" name="removeFlights" src="/WebTours/images/cancelreservation.gif" bord
Action.c(79):     er="0" /></TD>\n
Action.c(79):     <TD align="right" width="50%" >\n
Action.c(79):     <input type="image" name="removeAllFlights" src="/WebTours/images/cancelallreservations.gi
Action.c(79):     f" border="0" /></TD>\n
Action.c(79):     </TABLE>\n
Action.c(79):     \n
Action.c(79):     <div><input type="hidden" name=".cgifields" value="127"  /><input type="hidden" name=".cgi
Action.c(79):     fields" value="32"  /><input type="hidden" name=".cgifields" value="276"  /><input type="h
Action.c(79):     idden" name=".cgifields" value="90"  /><input type="hidden" name=".cgifields" value="206" 
Action.c(79):      /><input type="hidden" name=".cgifields" value="118"  /><input type="hidden" name=".cgifi
Action.c(79):     elds" value="71"  /><input type="hidden" name=".cgifields" value="102"  /><input type="hid
Action.c(79):     den" name=".cgifields" value="331"  /><input type="hidden" name=".cgifields" value="16"  /
Action.c(79):     ><input type="hidden" name=".cgifields" value="55"  /><input type="hidden" name=".cgifield
Action.c(79):     s" value="84"  /><input type="hidden" name=".cgifields" value="233"  /><input type="hidden
Action.c(79):     " name=".cgifields" value="259"  /><input type="hidden" name=".cgifields" value="194"  /><
Action.c(79):     input type="hidden" name=".cgifields" value="57"  /><input type="hidden" name=".cgifields"
Action.c(79):      value="220"  /><input type="hidden" name=".cgifields" value="316"  /><input type="hidden"
Action.c(79):      name=".cgifields" value="163"  /><input type="hidden" name=".cgifields" value="89"  /><in
Action.c(79):     put type="hidden" name=".cgifields" value="175"  /><input type="hidden" name=".cgifields" 
Action.c(79):     value="31"  /><input type="hidden" name=".cgifields" value="35"  /><input type="hidden" na
Action.c(79):     me=".cgifields" value="11"  /><input type="hidden" name=".cgifields" value="208"  /><input
Action.c(79):      type="hidden" name=".cgifields" value="93"  /><input type="hidden" name=".cgifields" valu
Action.c(79):     e="292"  /><input type="hidden" name=".cgifields" value="325"  /><input type="hidden" name
Action.c(79):     =".cgifields" value="29"  /><input type="hidden" name=".cgifields" value="291"  /><input t
Action.c(79):     ype="hidden" name=".cgifields" value="199"  /><input t
Action.c(79): Found resource "http://127.0.0.1:1080/WebTours/images/cancelreservation.gif" in HTML "http://127.0.0.1:1080/cgi-bin/itinerary.pl"  	[MsgId: MMSG-26659]
Action.c(79): Found resource "http://127.0.0.1:1080/WebTours/images/cancelallreservations.gif" in HTML "http://127.0.0.1:1080/cgi-bin/itinerary.pl"  	[MsgId: MMSG-26659]
Action.c(79): t=21497116ms: 12287-byte chunked response body for "http://127.0.0.1:1080/cgi-bin/itinerary.pl" (RelFrameId=1.2, Internal ID=700)
Action.c(79):     ype="hidden" name=".cgifields" value="114"  /><input type="hidden" name=".cgifields" value
Action.c(79):     ="226"  /><input type="hidden" name=".cgifields" value="58"  /><input type="hidden" name="
Action.c(79):     .cgifields" value="211"  /><input type="hidden" name=".cgifields" value="153"  /><input ty
Action.c(79):     pe="hidden" name=".cgifields" value="15"  /><input type="hidden" name=".cgifields" value="
Action.c(79):     337"  /><input type="hidden" name=".cgifields" value="101"  /><input type="hidden" name=".
Action.c(79):     cgifields" value="73"  /><input type="hidden" name=".cgifields" value="76"  /><input type=
Action.c(79):     "hidden" name=".cgifields" value="311"  /><input type="hidden" name=".cgifields" value="62
Action.c(79):     "  /><input type="hidden" name=".cgifields" value="67"  /><input type="hidden" name=".cgif
Action.c(79):     ields" value="241"  /><input type="hidden" name=".cgifields" value="198"  /><input type="h
Action.c(79):     idden" name=".cgifields" value="139"  /><input type="hidden" name=".cgifields" value="129"
Action.c(79):       /><input type="hidden" name=".cgifields" value="327"  /><input type="hidden" name=".cgif
Action.c(79):     ields" value="320"  /><input type="hidden" name=".cgifields" value="280"  /><input type="h
Action.c(79):     idden" name=".cgifields" value="273"  /><input type="hidden" name=".cgifields" value="236"
Action.c(79):       /><input type="hidden" name=".cgifields" value="249"  /><input type="hidden" name=".cgif
Action.c(79):     ields" value="218"  /><input type="hidden" name=".cgifields" value="202"  /><input type="h
Action.c(79):     idden" name=".cgifields" value="168"  /><input type="hidden" name=".cgifields" value="184"
Action.c(79):       /><input type="hidden" name=".cgifields" value="135"  /><input type="hidden" name=".cgif
Action.c(79):     ields" value="14"  /><input type="hidden" name=".cgifields" value="145"  /><input type="hi
Action.c(79):     dden" name=".cgifields" value="49"  /><input type="hidden" name=".cgifields" value="178"  
Action.c(79):     /><input type="hidden" name=".cgifields" value="24"  /><input type="hidden" name=".cgifiel
Action.c(79):     ds" value="285"  /><input type="hidden" name=".cgifields" value="140"  /><input type="hidd
Action.c(79):     en" name=".cgifields" value="124"  /><input type="hidden" name=".cgifields" value="104"  /
Action.c(79):     ><input type="hidden" name=".cgifields" value="131"  /><input type="hidden" name=".cgifiel
Action.c(79):     ds" value="181"  /><input type="hidden" name=".cgifields" value="234"  /><input type="hidd
Action.c(79):     en" name=".cgifields" value="314"  /><input type="hidden" name=".cgifields" value="307"  /
Action.c(79):     ><input type="hidden" name=".cgifields" value="154"  /><input type="hidden" name=".cgifiel
Action.c(79):     ds" value="23"  /><input type="hidden" name=".cgifields" value="96"  /><input type="hidden
Action.c(79):     " name=".cgifields" value="159"  /><input type="hidden" name=".cgifields" value="326"  /><
Action.c(79):     input type="hidden" name=".cgifields" value="160"  /><input type="hidden" name=".cgifields
Action.c(79):     " value="47"  /><input type="hidden" name=".cgifields" value="8"  /><input type="hidden" n
Action.c(79):     ame=".cgifields" value="98"  /><input type="hidden" name=".cgifields" value="335"  /><inpu
Action.c(79):     t type="hidden" name=".cgifields" value="37"  /><input type="hidden" name=".cgifields" val
Action.c(79):     ue="43"  /><input type="hidden" name=".cgifields" value="270"  /><input type="hidden" name
Action.c(79):     =".cgifields" value="195"  /><input type="hidden" name=".cgifields" value="5"  /><input ty
Action.c(79):     pe="hidden" name=".cgifields" value="21"  /><input type="hidden" name=".cgifields" value="
Action.c(79):     288"  /><input type="hidden" name=".cgifields" value="193"  /><input type="hidden" name=".
Action.c(79):     cgifields" value="119"  /><input type="hidden" name=".cgifields" value="324"  /><input typ
Action.c(79):     e="hidden" name=".cgifields" value="180"  /><input type="hidden" name=".cgifields" value="
Action.c(79):     244"  /><input type="hidden" name=".cgifields" value="162"  /><input type="hidden" name=".
Action.c(79):     cgifields" value="246"  /><input type="hidden" name=".cgifields" value="240"  /><input typ
Action.c(79):     e="hidden" name=".cgifields" value="74"  /><input type="hidden" name=".cgifields" value="3
Action.c(79):     34"  /><input type="hidden" name=".cgifields" value="61"  /><input type="hidden" name=".cg
Action.c(79):     ifields" value="230"  /><input type="hidden" name=".cgifields" value="299"  /><input type=
Action.c(79):     "hidden" name=".cgifields" value="115"  /><input type="hidden" name=".cgifields" value="10
Action.c(79):     3"  /><input type="hidden" name=".cgifields" value="201"  /><input type="hidden" name=".cg
Action.c(79):     ifields" value="113"  /><input type="hidden" name=".cgifields" value="152"  /><input type=
Action.c(79):     "hidden" name=".cgifields" value="189"  /><input type="hidden" name=".cgifields" value="29
Action.c(79):     5"  /><input type="hidden" name=".cgifields" value="266"  /><input type="hidden" name=".cg
Action.c(79):     ifields" value="91"  /><input type="hidden" name=".cgifields" value="107"  /><input type="
Action.c(79):     hidden" name=".cgifields" value="87"  /><input type="hidden" name=".cgifields" value="174"
Action.c(79):       /><input type="hidden" name=".cgifields" value="77"  /><input type="hidden" name=".cgifi
Action.c(79):     elds" value="214"  /><input type="hidden" name=".cgifields" value="221"  /><input type="hi
Action.c(79):     dden" name=".cgifields" value="39"  /><input type="hidden" name=".cgifields" value="64"  /
Action.c(79):     ><input type="hidden" name=".cgifields" value="97"  /><input type="hidden" name=".cgifield
Action.c(79):     s" value="12"  /><input type="hidden" name=".cgifields" value="41"  /><input type="hidden"
Action.c(79):      name=".cgifields" value="52"  /><input type="hidden" name=".cgifields" value="312"  /><in
Action.c(79):     put type="hidden" name=".cgifields" value="302"  /><input type="hidden" name=".cgifields" 
Action.c(79):     value="229"  /><input type="hidden" name=".cgifields" value="45"  /><input type="hidden" n
Action.c(79):     ame=".cgifields" value="260"  /><input type="hidden" name=".cgifields" value="237"  /><inp
Action.c(79):     ut type="hidden" name=".cgifields" value="309"  /><input type="hidden" name=".cgifields" v
Action.c(79):     alue="188"  /><input type="hidden" name=".cgifields" value="68"  /><input type="hidden" na
Action.c(79):     me=".cgifields" value="315"  /><input type="hidden" name=".cgifields" value="1"  /><input 
Action.c(79):     type="hidden" name=".cgifields" value="136"  /><input type="hidden" name=".cgifields" valu
Action.c(79):     e="116"  /><input type="hidden" name=".cgifields" value="338"  /><input type="hidden" name
Action.c(79):     =".cgifields" value="144"  /><input type="hidden" name=".cgifields" value="100"  /><input 
Action.c(79):     type="hidden" name=".cgifields" value="300"  /><input type="hidden" name=".cgifields" valu
Action.c(79):     e="222"  /><input type="hidden" name=".cgifields" value="25"  /><input type="hidden" name=
Action.c(79):     ".cgifields" value="286"  /><input type="hidden" name=".cgifields" value="120"  /><input t
Action.c(79):     ype="hidden" name=".cgifields" value="83"  /><input type="hidden" name=".cgifields" value=
Action.c(79):     "305"  /><input type="hidden" name=".cgifields" value="308"  /><input type="hidden" name="
Action.c(79):     .cgifields" value="254"  /><input type="hidden" name=".cgifields" value="177"  /><input ty
Action.c(79):     pe="hidden" name=".cgifields" value="217"  /><input type="hidden" name=".cgifields" value=
Action.c(79):     "328"  /><input type="hidden" name=".cgifields" value="239"  /><input type="hidden" name="
Action.c(79):     .cgifields" value="122"  /><input type="hidden" name=".cgifields" value="143"  /><input ty
Action.c(79):     pe="hidden" name=".cgifields" value="281"  /><input type="hidden" name=".cgifields" value=
Action.c(79):     "269"  /><input type="hidden" name=".cgifields" value="205"  /><input type="hidden" name="
Action.c(79):     .cgifields" value="158"  /><input type="hidden" name=".cgifields" value="42"  /><input typ
Action.c(79):     e="hidden" name=".cgifields" value="22"  /><input type="hidden" name=".cgifields" value="4
Action.c(79):     6"  /><input type="hidden" name=".cgifields" value="235"  /><input type="hidden" name=".cg
Action.c(79):     ifields" value="301"  /><input type="hidden" name=".cgifields" value="6"  /><input type="h
Action.c(79):     idden" name=".cgifields" value="36"  /><input type="hidden" name=".cgifields" value="213" 
Action.c(79):      /><input type="hidden" name=".cgifields" value="183"  /><input type="hidden" name=".cgifi
Action.c(79):     elds" value="94"  /><input type="hidden" name=".cgifields" value="51"  /><input type="hidd
Action.c(79):     en" name=".cgifields" value="317"  /><input type="hidden" name=".cgifields" value="296"  /
Action.c(79):     ><input type="hidden" name=".cgifields" value="265"  /><input type="hidden" name=".cgifiel
Action.c(79):     ds" value="169"  /><input type="hidden" name=".cgifields" value="132"  /><input type="hidd
Action.c(79):     en" name=".cgifields" value="171"  /><input type="hidden" name=".cgifields" value="200"  /
Action.c(79):     ><input type="hidden" name=".cgifields" value="18"  /><input type="hidden" name=".cgifield
Action.c(79):     s" value="125"  /><input type="hidden" name=".cgifields" value="329"  /><input type="hidde
Action.c(79):     n" name=".cgifields" value="44"  /><input type="hidden" name=".cgifields" value="27"  /><i
Action.c(79):     nput type="hidden" name=".cgifields" value="272"  /><input type="hidden" name=".cgifields"
Action.c(79):      value="161"  /><input type="hidden" name=".cgifields" value="190"  /><input type="hidden"
Action.c(79):      name=".cgifields" value="298"  /><input type="hidden" name=".cgifields" value="95"  /><in
Action.c(79):     put type="hidden" name=".cgifields" value="313"  /><input type="hidden" name=".cgifields" 
Action.c(79):     value="20"  /><input type="hidden" name=".cgifields" value="109"  /><input type="hidden" n
Action.c(79):     ame=".cgifields" value="231"  /><input type="hidden" name=".cgifields" value="243"  /><inp
Action.c(79):     ut type="hidden" name=".cgifields" value="151"  /><input type="hidden" name=".cgifields" v
Action.c(79):     alue="148"  /><input type="hidden" name=".cgifields" value="287"  /><input type="hidden" n
Action.c(79):     ame=".cgifields" value="78"  /><input type="hidden" name=".cgifields" value="294"  /><inpu
Action.c(79):     t type="hidden" name=".cgifields" value="106"  /><input type="hidden" name=".cgifields" va
Action.c(79):     lue="275"  /><input type="hidden" name=".cgifields" value="157"  /><input type="hidden" na
Action.c(79):     me=".cgifields" value="65"  /><input type="hidden" name=".cgifields" value="197"  /><input
Action.c(79):      type="hidden" name=".cgifields" value="203"  /><input type="hidden" name=".cgifields" val
Action.c(79):     ue="261"  /><input type="hidden" name=".cgifields" value="138"  /><input type="hidden" nam
Action.c(79):     e=".cgifields" value="81"  /><input type="hidden" name=".cgifields" value="137"  /><input 
Action.c(79):     type="hidden" name=".cgifields" value="60"  /><input type="hidden" name=".cgifields" value
Action.c(79):     ="321"  /><input type="hidden" name=".cgifields" value="284"  /><input type="hidden" name=
Action.c(79):     ".cgifields" value="86"  /><input type="hidden" name=".cgifields" value="247"  /><input ty
Action.c(79):     pe="hidden" name=".cgifields" value="204"  /><input type="hidden" name=".cgifields" value=
Action.c(79):     "289"  /><input type="hidden" name=".cgifields" value="165"  /><input type="hidden" name="
Action.c(79):     .cgifields" value="17"  /><input type="hidden" name=".cgifields" value="2"  /><input type=
Action.c(79):     "hidden" name=".cgifields" value="186"  /><input type="hidden" name=".cgifields" value="82
Action.c(79):     "  /><input type="hidden" name=".cgifields" value="110"  /><input type="hidden" name=".cgi
Action.c(79):     fields" value="147"  /><input type="hidden" name=".cgifields" value="333"  /><input type="
Action.c(79):     hidden" name=".cgifields" value="339"  /><input type="hidden" name=".cgifields" value="228
Action.c(79):     "  /><input type="hidden" name=".cgifields" value="323"  /><input type="hidden" name=".cgi
Action.c(79):     fields" value="268"  /><input type="hidden" name=".cgifields" value="69"  /><input type="h
Action.c(79):     idden" name=".cgifields" value="112"  /><input type="hidden" name=".cgifields" value="319"
Action.c(79):       /><input type="hidden" name=".cgifields" value="172"  /><input type="hidden" name=".cgif
Action.c(79):     ields" value="191"  /><input type="hidden" name=".cgifields" value="224"  /><input type="h
Action.c(79):     idden" name=".cgifields" value="187"  /><input type="hidden" name=".cgifields" value="223"
Action.c(79):       /><input type="hidden" name=".cgifields" value="282"  /><input type="hidden" name=".cgif
Action.c(79):     ields" value="262"  /><input type="hidden" name=".cgifields" value="79"  /><input type="hi
Action.c(79):     dden" name=".cgifields" value="121"  /><input type="hidden" name=".cgifields" value="212" 
Action.c(79):      /><input type="hidden" name=".cgifields" value="126"  /><input type="hidden" name=".cgifi
Action.c(79):     elds" value="238"  /><input type="hidden" name=".cgifields" value="251"  /><input type="hi
Action.c(79):     dden" name=".cgifields" value="253"  /><input type="hidden" name=".cgifields" value="279" 
Action.c(79):      /><input type="hidden" name=".cgifields" value="176"  /><input type="hidden" name=".cgifi
Action.c(79):     elds" value="209"  /><input type="hidden" name=".cgifields" value="216"  /><input type="hi
Action.c(79):     dden" name=".cgifields" value="256"  /><input type="hidden" name=".cgifields" value="117" 
Action.c(79):      /><input type="hidden" name=".cgifields" value="170"  /><input type="hidden" name=".cgifi
Action.c(79):     elds" value="33"  /><input type="hidden" name=".cgifields" value="63"  /><input type="hidd
Action.c(79):     en" name=".cgifields" value="7"  /><input type="hidden" name=".cgifields" value="80"  /><i
Action.c(79):     nput type="hidden" name=".cgifields" value="26"  /><input type="hidden" name=".cgifields" 
Action.c(79):     value="227"  /><input type="hidden" name=".cgifields" value="336"  /><input type="hidden" 
Action.c(79):     name=".cgifields" value="99"  /><input type="hidden" name=".cgifields" value="72"  /><inpu
Action.c(79):     t type="hidden" name=".cgifields" value="179"  
Action.c(79): t=21497131ms: 7-byte chunked response overhead for "http://127.0.0.1:1080/cgi-bin/itinerary.pl" (RelFrameId=1.2, Internal ID=700)
Action.c(79):     \r\n
Action.c(79):     d83\r\n
Action.c(79): t=21497131ms: 7-byte chunked response overhead for "http://127.0.0.1:1080/cgi-bin/itinerary.pl" (RelFrameId=1.2, Internal ID=700)
Action.c(79):     \r\n
Action.c(79):     0\r\n
Action.c(79):     \r\n
Action.c(79): t=21497131ms: 4283-byte chunked response body for "http://127.0.0.1:1080/cgi-bin/itinerary.pl" (RelFrameId=1.2, Internal ID=700)
Action.c(79):     /><input type="hidden" name=".cgifields" value="264"  /><input type="hidden" name=".cgifie
Action.c(79):     lds" value="255"  /><input type="hidden" name=".cgifields" value="297"  /><input type="hid
Action.c(79):     den" name=".cgifields" value="182"  /><input type="hidden" name=".cgifields" value="108"  
Action.c(79):     /><input type="hidden" name=".cgifields" value="277"  /><input type="hidden" name=".cgifie
Action.c(79):     lds" value="92"  /><input type="hidden" name=".cgifields" value="232"  /><input type="hidd
Action.c(79):     en" name=".cgifields" value="10"  /><input type="hidden" name=".cgifields" value="225"  />
Action.c(79):     <input type="hidden" name=".cgifields" value="330"  /><input type="hidden" name=".cgifield
Action.c(79):     s" value="142"  /><input type="hidden" name=".cgifields" value="207"  /><input type="hidde
Action.c(79):     n" name=".cgifields" value="263"  /><input type="hidden" name=".cgifields" value="167"  />
Action.c(79):     <input type="hidden" name=".cgifields" value="48"  /><input type="hidden" name=".cgifields
Action.c(79):     " value="133"  /><input type="hidden" name=".cgifields" value="290"  /><input type="hidden
Action.c(79):     " name=".cgifields" value="123"  /><input type="hidden" name=".cgifields" value="149"  /><
Action.c(79):     input type="hidden" name=".cgifields" value="304"  /><input type="hidden" name=".cgifields
Action.c(79):     " value="50"  /><input type="hidden" name=".cgifields" value="210"  /><input type="hidden"
Action.c(79):      name=".cgifields" value="258"  /><input type="hidden" name=".cgifields" value="173"  /><i
Action.c(79):     nput type="hidden" name=".cgifields" value="56"  /><input type="hidden" name=".cgifields" 
Action.c(79):     value="66"  /><input type="hidden" name=".cgifields" value="19"  /><input type="hidden" na
Action.c(79):     me=".cgifields" value="293"  /><input type="hidden" name=".cgifields" value="54"  /><input
Action.c(79):      type="hidden" name=".cgifields" value="274"  /><input type="hidden" name=".cgifields" val
Action.c(79):     ue="306"  /><input type="hidden" name=".cgifields" value="70"  /><input type="hidden" name
Action.c(79):     =".cgifields" value="322"  /><input type="hidden" name=".cgifields" value="166"  /><input 
Action.c(79):     type="hidden" name=".cgifields" value="88"  /><input type="hidden" name=".cgifields" value
Action.c(79):     ="30"  /><input type="hidden" name=".cgifields" value="141"  /><input type="hidden" name="
Action.c(79):     .cgifields" value="128"  /><input type="hidden" name=".cgifields" value="252"  /><input ty
Action.c(79):     pe="hidden" name=".cgifields" value="28"  /><input type="hidden" name=".cgifields" value="
Action.c(79):     310"  /><input type="hidden" name=".cgifields" value="283"  /><input type="hidden" name=".
Action.c(79):     cgifields" value="75"  /><input type="hidden" name=".cgifields" value="40"  /><input type=
Action.c(79):     "hidden" name=".cgifields" value="134"  /><input type="hidden" name=".cgifields" value="15
Action.c(79):     6"  /><input type="hidden" name=".cgifields" value="303"  /><input type="hidden" name=".cg
Action.c(79):     ifields" value="192"  /><input type="hidden" name=".cgifields" value="250"  /><input type=
Action.c(79):     "hidden" name=".cgifields" value="59"  /><input type="hidden" name=".cgifields" value="215
Action.c(79):     "  /><input type="hidden" name=".cgifields" value="278"  /><input type="hidden" name=".cgi
Action.c(79):     fields" value="150"  /><input type="hidden" name=".cgifields" value="271"  /><input type="
Action.c(79):     hidden" name=".cgifields" value="130"  /><input type="hidden" name=".cgifields" value="155
Action.c(79):     "  /><input type="hidden" name=".cgifields" value="53"  /><input type="hidden" name=".cgif
Action.c(79):     ields" value="245"  /><input type="hidden" name=".cgifields" value="267"  /><input type="h
Action.c(79):     idden" name=".cgifields" value="219"  /><input type="hidden" name=".cgifields" value="318"
Action.c(79):       /><input type="hidden" name=".cgifields" value="13"  /><input type="hidden" name=".cgifi
Action.c(79):     elds" value="257"  /><input type="hidden" name=".cgifields" value="105"  /><input type="hi
Action.c(79):     dden" name=".cgifields" value="85"  /><input type="hidden" name=".cgifields" value="3"  />
Action.c(79):     <input type="hidden" name=".cgifields" value="185"  /><input type="hidden" name=".cgifield
Action.c(79):     s" value="332"  /><input type="hidden" name=".cgifields" value="248"  /><input type="hidde
Action.c(79):     n" name=".cgifields" value="111"  /><input type="hidden" name=".cgifields" value="9"  /><i
Action.c(79):     nput type="hidden" name=".cgifields" value="146"  /><input type="hidden" name=".cgifields"
Action.c(79):      value="38"  /><input type="hidden" name=".cgifields" value="4"  /><input type="hidden" na
Action.c(79):     me=".cgifields" value="34"  /><input type="hidden" name=".cgifields" value="164"  /><input
Action.c(79):      type="hidden" name=".cgifields" value="196"  /><input type="hidden" name=".cgifields" val
Action.c(79):     ue="242"  /></div></form>\n
Action.c(79):     \n
Action.c(79):     </center>\n
Action.c(79):     \n
Action.c(79):     </body>\n
Action.c(79):     </html>
Action.c(79): t=21497131ms: Request done "http://127.0.0.1:1080/cgi-bin/itinerary.pl"  	[MsgId: MMSG-26000]
Action.c(79): t=21497131ms: Already connected [0] to 127.0.0.1:1080  	[MsgId: MMSG-26000]
Action.c(79): t=21497131ms: 462-byte request headers for "http://127.0.0.1:1080/WebTours/images/cancelreservation.gif" (RelFrameId=, Internal ID=703)
Action.c(79):     GET /WebTours/images/cancelreservation.gif HTTP/1.1\r\n
Action.c(79):     Referer: http://127.0.0.1:1080/cgi-bin/itinerary.pl\r\n
Action.c(79):     User-Agent: Mozilla/5.0 (Windows NT 10.0; WOW64; Trident/7.0; Touch; rv:11.0) like Gecko\r
Action.c(79):     \n
Action.c(79):     Accept-Encoding: gzip, deflate\r\n
Action.c(79):     Accept-Language: en-US,en;q=0.7,ru;q=0.3\r\n
Action.c(79):     Accept: */*\r\n
Action.c(79):     Connection: Keep-Alive\r\n
Action.c(79):     Host: 127.0.0.1:1080\r\n
Action.c(79):     Cookie: MSO=SID&1631425008; MTUserInfo=firstName&&address2&&username&jojo1&hash&81&lastNam
Action.c(79):     e&%0A&address1&&creditCard&&expDate&%0A\r\n
Action.c(79):     \r\n
Action.c(79): t=21497131ms: Already connected [1] to 127.0.0.1:1080  	[MsgId: MMSG-26000]
Action.c(79): t=21497131ms: 466-byte request headers for "http://127.0.0.1:1080/WebTours/images/cancelallreservations.gif" (RelFrameId=, Internal ID=704)
Action.c(79):     GET /WebTours/images/cancelallreservations.gif HTTP/1.1\r\n
Action.c(79):     Referer: http://127.0.0.1:1080/cgi-bin/itinerary.pl\r\n
Action.c(79):     User-Agent: Mozilla/5.0 (Windows NT 10.0; WOW64; Trident/7.0; Touch; rv:11.0) like Gecko\r
Action.c(79):     \n
Action.c(79):     Accept-Encoding: gzip, deflate\r\n
Action.c(79):     Accept-Language: en-US,en;q=0.7,ru;q=0.3\r\n
Action.c(79):     Accept: */*\r\n
Action.c(79):     Connection: Keep-Alive\r\n
Action.c(79):     Host: 127.0.0.1:1080\r\n
Action.c(79):     Cookie: MSO=SID&1631425008; MTUserInfo=firstName&&address2&&username&jojo1&hash&81&lastNam
Action.c(79):     e&%0A&address1&&creditCard&&expDate&%0A\r\n
Action.c(79):     \r\n
Action.c(79): t=21497131ms: 297-byte response headers for "http://127.0.0.1:1080/WebTours/images/cancelreservation.gif" (RelFrameId=, Internal ID=703)
Action.c(79):     HTTP/1.1 200 OK\r\n
Action.c(79):     Date: Sun, 12 Sep 2021 05:37:16 GMT\r\n
Action.c(79):     Server: Apache/2.2.21 (Win32)\r\n
Action.c(79):     Last-Modified: Thu, 12 Jan 2012 12:30:28 GMT\r\n
Action.c(79):     ETag: "1000000043599-33f-4b653e9ce6100"\r\n
Action.c(79):     Accept-Ranges: bytes\r\n
Action.c(79):     Content-Length: 831\r\n
Action.c(79):     Keep-Alive: timeout=5, max=98\r\n
Action.c(79):     Connection: Keep-Alive\r\n
Action.c(79):     Content-Type: image/gif\r\n
Action.c(79):     \r\n
Action.c(79): t=21497131ms: 831-byte response body for "http://127.0.0.1:1080/WebTours/images/cancelreservation.gif" (RelFrameId=, Internal ID=703)
Action.c(79): t=21497131ms: Request done "http://127.0.0.1:1080/WebTours/images/cancelreservation.gif"  	[MsgId: MMSG-26000]
Action.c(79): t=21497131ms: 297-byte response headers for "http://127.0.0.1:1080/WebTours/images/cancelallreservations.gif" (RelFrameId=, Internal ID=704)
Action.c(79):     HTTP/1.1 200 OK\r\n
Action.c(79):     Date: Sun, 12 Sep 2021 05:37:16 GMT\r\n
Action.c(79):     Server: Apache/2.2.21 (Win32)\r\n
Action.c(79):     Last-Modified: Thu, 12 Jan 2012 12:30:28 GMT\r\n
Action.c(79):     ETag: "1000000043592-2e6-4b653e9ce6100"\r\n
Action.c(79):     Accept-Ranges: bytes\r\n
Action.c(79):     Content-Length: 742\r\n
Action.c(79):     Keep-Alive: timeout=5, max=99\r\n
Action.c(79):     Connection: Keep-Alive\r\n
Action.c(79):     Content-Type: image/gif\r\n
Action.c(79):     \r\n
Action.c(79): t=21497131ms: 742-byte response body for "http://127.0.0.1:1080/WebTours/images/cancelallreservations.gif" (RelFrameId=, Internal ID=704)
Action.c(79): t=21497131ms: Request done "http://127.0.0.1:1080/WebTours/images/cancelallreservations.gif"  	[MsgId: MMSG-26000]
Action.c(79): t=21498943ms: 298-byte response headers for "http://127.0.0.1:1080/WebTours/images/home.gif" (RelFrameId=, Internal ID=702)
Action.c(79):     HTTP/1.1 200 OK\r\n
Action.c(79):     Date: Sun, 12 Sep 2021 05:37:18 GMT\r\n
Action.c(79):     Server: Apache/2.2.21 (Win32)\r\n
Action.c(79):     Last-Modified: Thu, 12 Jan 2012 12:30:28 GMT\r\n
Action.c(79):     ETag: "10000000435a4-2b0-4b653e9ce6100"\r\n
Action.c(79):     Accept-Ranges: bytes\r\n
Action.c(79):     Content-Length: 688\r\n
Action.c(79):     Keep-Alive: timeout=5, max=100\r\n
Action.c(79):     Connection: Keep-Alive\r\n
Action.c(79):     Content-Type: image/gif\r\n
Action.c(79):     \r\n
Action.c(79): t=21498959ms: 688-byte response body for "http://127.0.0.1:1080/WebTours/images/home.gif" (RelFrameId=, Internal ID=702)
Action.c(79): t=21498959ms: Request done "http://127.0.0.1:1080/WebTours/images/home.gif"  	[MsgId: MMSG-26000]
Action.c(36): Notify: Transaction "UC_1_6_Login_megatransaction" ended with a "Stop" status (Duration: 15.9091).	[MsgId: MMSG-16873]
Abort was called from an action.	[MsgId: MMSG-10447]
Ending Vuser...	[MsgId: MMSG-15966]
Starting action vuser_end.	[MsgId: MMSG-15919]
Ending action vuser_end.	[MsgId: MMSG-15918]
Vuser Terminated.	[MsgId: MMSG-15963]
Action.c(36): t=21498959ms: Closed connection [0] to 127.0.0.1:1080 after completing 3 request(s)  	[MsgId: MMSG-26000]
Action.c(36): t=21498959ms: Closed connection [1] to 127.0.0.1:1080 after completing 3 request(s)  	[MsgId: MMSG-26000]
Action.c(36): t=21498959ms: Closed connection [2] to 127.0.0.1:1080 after completing 1 request(s)  	[MsgId: MMSG-26000]
Action.c(36): t=21498959ms: Closed connection [3] to 127.0.0.1:1080 after completing 1 request(s)  	[MsgId: MMSG-26000]
Action.c(79): web_url("Itinerary Button") was successful, 430290 body bytes, 1917 header bytes, 835 chunking overhead bytes  	[MsgId: MMSG-26385]
Action.c(88): Notify: Transaction "Delete_Ticket_Button" ended with a "Stop" status (Duration: 4.8436).	[MsgId: MMSG-16873]
Action.c(88): Notify: Transaction "UC_1_6_Login_megatransaction" ended with a "Stop" status (Duration: 35.1561 Think Time: 10.0819).	[MsgId: MMSG-16872]
Abort was called from an action.	[MsgId: MMSG-10447]
Ending Vuser...	[MsgId: MMSG-15966]
Starting action vuser_end.	[MsgId: MMSG-15919]
Ending action vuser_end.	[MsgId: MMSG-15918]
Vuser Terminated.	[MsgId: MMSG-15963]
Action.c(88): t=21498975ms: Closed connection [0] to 127.0.0.1:1080 after completing 3 request(s)  	[MsgId: MMSG-26000]
Action.c(88): t=21498975ms: Closed connection [1] to 127.0.0.1:1080 after completing 2 request(s)  	[MsgId: MMSG-26000]
Action.c(88): t=21498975ms: Closed connection [2] to 127.0.0.1:1080 after completing 1 request(s)  	[MsgId: MMSG-26000]
Action.c(88): t=21498975ms: Closed connection [3] to 127.0.0.1:1080 after completing 1 request(s)  	[MsgId: MMSG-26000]
HTML-Mode memory management statistics: Reusable=63, NonReusable=0, CsMemBlockSize=4096, checks disabled  	[MsgId: MMSG-26000]
Vuser 0 (thread 7060), ended OK."	[MsgId: MMSG-10695]
HTML-Mode memory management statistics: Reusable=62, NonReusable=0, CsMemBlockSize=4096, checks disabled  	[MsgId: MMSG-26000]
Vuser 1 (thread 4392), ended OK."	[MsgId: MMSG-10695]
