Action.c(79):     <b>\n
Action.c(79):     <label><input type="checkbox" name="603" value="on" /></label></font></b>\n
Action.c(79):     <input type="hidden" name="flightID" value="51535661-4638724-HS"  />\n
Action.c(79):       </TD>\n
Action.c(79):       <TD width="45%" valign="top">\n
Action.c(79):           <b>&nbsp;&nbsp;4 Business class tickets for :</b><br/>\n
Action.c(79):           <center><table border="0" width="85%"><tr><td>\n
Action.c(79):           <li><i>Droid R2-D2      <li><i>Droid C3-PO      <li><i>Han Solo      <li><i>Anakin S
Action.c(79):     kywalker\n
Action.c(79):           <li><i></i>\n
Action.c(79):           </td></tr></table></center>\n
Action.c(79):       </TD>\n
Action.c(79):       <TD width="5%" >.<br/>.<br/>.<br/>.</TD>\n
Action.c(79):       <TD width="45%" valign=top><b>Invoice sent to:</b><br/>\n
Action.c(79):           <center>\n
Action.c(79):           <Table width="80%" cellspacing="0" > <tr> <td>\n
Action.c(79):               Han Solo\n
Action.c(79):     <br/>\n
Action.c(79):               address4<br/>\n
Action.c(79):               address04<br/>\n
Action.c(79):               <br/>\n
Action.c(79):               Total Charge: $ 3412 <BR/> (CC: x-1391)\n
Action.c(79):           </td> </tr> </table>\n
Action.c(79):           </center>\n
Action.c(79):       </TD>\n
Action.c(79):     </TR>\n
Action.c(79):     <TR bgcolor="#EFF2F7">\n
Action.c(79):       <TD COLSPAN="3">\n
Action.c(79):       <b>Flight Details:</b><BR/>  <center>\n
Action.c(79):       09/14/2021\n
Action.c(79):      :  5pm : Flight 462 leaves Paris  for San Francisco.<br>  </center>\n
Action.c(79):       </TD>\n
Action.c(79):     </TR>\n
Action.c(79):     \n
Action.c(79):     <TR bgcolor="#EFF2F7">\n
Action.c(79):       <TD COLSPAN="4">\n
Action.c(79):       <hr/>\n
Action.c(79):       </TD>\n
Action.c(79):     </TR>\n
Action.c(79):     \n
Action.c(79):     <!-- Flight #1 -->\n
Action.c(79):     <TR bgcolor="#EFF2F7">\n
Action.c(79):       <TD width="5%" rowspan="2" align="left" valign="top">\n
Action.c(79):     <b>\n
Action.c(79):     <label><input type="checkbox" name="604" value="on" /></label></font></b>\n
Action.c(79):     <input type="hidden" name="flightID" value="196794848-4646431-HS"  />\n
Action.c(79):       </TD>\n
Action.c(79):       <TD width="45%" valign="top">\n
Action.c(79):           <b>&nbsp;&nbsp;4 Business class tickets for :</b><br/>\n
Action.c(79):           <center><table border="0" width="85%"><tr><td>\n
Action.c(79):           <li><i>Droid R2-D2      <li><i>Droid C3-PO      <li><i>Han Solo      <li><i>Anakin S
Action.c(79):     kywalker\n
Action.c(79):           <li><i></i>\n
Action.c(79):           </td></tr></table></center>\n
Action.c(79):       </TD>\n
Action.c(79):       <TD width="5%" >.<br/>.<br/>.<br/>.</TD>\n
Action.c(79):       <TD width="45%" valign=top><b>Invoice sent to:</b><br/>\n
Action.c(79):           <center>\n
Action.c(79):           <Table width="80%" cellspacing="0" > <tr> <td>\n
Action.c(79):               Han Solo\n
Action.c(79):     <br/>\n
Action.c(79):               address4<br/>\n
Action.c(79):               address04<br/>\n
Action.c(79):               <br/>\n
Action.c(79):               Total Charge: $ 3608 <BR/> (CC: x-5313)\n
Action.c(79):           </td> </tr> </table>\n
Action.c(79):           </center>\n
Action.c(79):       </TD>\n
Action.c(79):     </TR>\n
Action.c(79):     <TR bgcolor="#EFF2F7">\n
Action.c(79):       <TD COLSPAN="3">\n
Action.c(79):       <b>Flight Details:</b><BR/>  <center>\n
Action.c(79):       09/14/2021\n
Action.c(79):      :  8am : Flight 460 leaves Paris  for San Francisco.<br>  </center>\n
Action.c(79):       </TD>\n
Action.c(79):     </TR>\n
Action.c(79):     \n
Action.c(79):     <TR bgcolor="#EFF2F7">\n
Action.c(79):       <TD COLSPAN="4">\n
Action.c(79):       <hr/>\n
Action.c(79):       </TD>\n
Action.c(79):     </TR>\n
Action.c(79):     \n
Action.c(79):     <!-- 
Action.c(79): t=1521070ms: 8-byte chunked response overhead for "http://127.0.0.1:1080/cgi-bin/itinerary.pl" (RelFrameId=1.2, Internal ID=16386)
Action.c(79):     \r\n
Action.c(79):     1000\r\n
Action.c(79): t=1521070ms: 8-byte chunked response overhead for "http://127.0.0.1:1080/cgi-bin/itinerary.pl" (RelFrameId=1.2, Internal ID=16386)
Action.c(79):     \r\n
Action.c(79):     1000\r\n
Action.c(79): t=1521070ms: 8-byte chunked response overhead for "http://127.0.0.1:1080/cgi-bin/itinerary.pl" (RelFrameId=1.2, Internal ID=16386)
Action.c(79):     \r\n
Action.c(79):     9000\r\n
Action.c(79): t=1521070ms: 12263-byte chunked response body for "http://127.0.0.1:1080/cgi-bin/itinerary.pl" (RelFrameId=1.2, Internal ID=16386)
Action.c(79):     Flight #1 -->\n
Action.c(79):     <TR bgcolor="#EFF2F7">\n
Action.c(79):       <TD width="5%" rowspan="2" align="left" valign="top">\n
Action.c(79):     <b>\n
Action.c(79):     <label><input type="checkbox" name="605" value="on" /></label></font></b>\n
Action.c(79):     <input type="hidden" name="flightID" value="202239292-4654054-HS"  />\n
Action.c(79):       </TD>\n
Action.c(79):       <TD width="45%" valign="top">\n
Action.c(79):           <b>&nbsp;&nbsp;3 Business class tickets for :</b><br/>\n
Action.c(79):           <center><table border="0" width="85%"><tr><td>\n
Action.c(79):           <li><i>Droid R2-D2      <li><i>Droid C3-PO      <li><i>Han Solo\n
Action.c(79):           <li><i></i>\n
Action.c(79):           </td></tr></table></center>\n
Action.c(79):       </TD>\n
Action.c(79):       <TD width="5%" >.<br/>.<br/>.<br/>.</TD>\n
Action.c(79):       <TD width="45%" valign=top><b>Invoice sent to:</b><br/>\n
Action.c(79):           <center>\n
Action.c(79):           <Table width="80%" cellspacing="0" > <tr> <td>\n
Action.c(79):               Han Solo\n
Action.c(79):     <br/>\n
Action.c(79):               address4<br/>\n
Action.c(79):               address04<br/>\n
Action.c(79):               <br/>\n
Action.c(79):               Total Charge: $ 2706 <BR/> (CC: x-5460)\n
Action.c(79):           </td> </tr> </table>\n
Action.c(79):           </center>\n
Action.c(79):       </TD>\n
Action.c(79):     </TR>\n
Action.c(79):     <TR bgcolor="#EFF2F7">\n
Action.c(79):       <TD COLSPAN="3">\n
Action.c(79):       <b>Flight Details:</b><BR/>  <center>\n
Action.c(79):       09/14/2021\n
Action.c(79):      :  8am : Flight 460 leaves Paris  for San Francisco.<br>  </center>\n
Action.c(79):       </TD>\n
Action.c(79):     </TR>\n
Action.c(79):     \n
Action.c(79):     <TR bgcolor="#EFF2F7">\n
Action.c(79):       <TD COLSPAN="4">\n
Action.c(79):       <hr/>\n
Action.c(79):       </TD>\n
Action.c(79):     </TR>\n
Action.c(79):     \n
Action.c(79):     <!-- Flight #1 -->\n
Action.c(79):     <TR bgcolor="#EFF2F7">\n
Action.c(79):       <TD width="5%" rowspan="2" align="left" valign="top">\n
Action.c(79):     <b>\n
Action.c(79):     <label><input type="checkbox" name="606" value="on" /></label></font></b>\n
Action.c(79):     <input type="hidden" name="flightID" value="244535622-4661971-HS"  />\n
Action.c(79):       </TD>\n
Action.c(79):       <TD width="45%" valign="top">\n
Action.c(79):           <b>&nbsp;&nbsp;7 Business class tickets for :</b><br/>\n
Action.c(79):           <center><table border="0" width="85%"><tr><td>\n
Action.c(79):           <li><i>Droid R2-D2      <li><i>Droid C3-PO      <li><i>Han Solo      <li><i>Anakin S
Action.c(79):     kywalker      <li><i>Admiral Piett      <li><i>Luke Skywalker      <li><i>Jango Fett\n
Action.c(79):           <li><i></i>\n
Action.c(79):           </td></tr></table></center>\n
Action.c(79):       </TD>\n
Action.c(79):       <TD width="5%" >.<br/>.<br/>.<br/>.</TD>\n
Action.c(79):       <TD width="45%" valign=top><b>Invoice sent to:</b><br/>\n
Action.c(79):           <center>\n
Action.c(79):           <Table width="80%" cellspacing="0" > <tr> <td>\n
Action.c(79):               Han Solo\n
Action.c(79):     <br/>\n
Action.c(79):               address4<br/>\n
Action.c(79):               address04<br/>\n
Action.c(79):               <br/>\n
Action.c(79):               Total Charge: $ 5628 <BR/> (CC: x-6602)\n
Action.c(79):           </td> </tr> </table>\n
Action.c(79):           </center>\n
Action.c(79):       </TD>\n
Action.c(79):     </TR>\n
Action.c(79):     <TR bgcolor="#EFF2F7">\n
Action.c(79):       <TD COLSPAN="3">\n
Action.c(79):       <b>Flight Details:</b><BR/>  <center>\n
Action.c(79):       09/14/2021\n
Action.c(79):      :  1pm : Flight 461 leaves Paris  for San Francisco.<br>  </center>\n
Action.c(79):       </TD>\n
Action.c(79):     </TR>\n
Action.c(79):     \n
Action.c(79):     <TR bgcolor="#EFF2F7">\n
Action.c(79):       <TD COLSPAN="4">\n
Action.c(79):       <hr/>\n
Action.c(79):       </TD>\n
Action.c(79):     </TR>\n
Action.c(79):     \n
Action.c(79):     <!-- Flight #1 -->\n
Action.c(79):     <TR bgcolor="#EFF2F7">\n
Action.c(79):       <TD width="5%" rowspan="2" align="left" valign="top">\n
Action.c(79):     <b>\n
Action.c(79):     <label><input type="checkbox" name="607" value="on" /></label></font></b>\n
Action.c(79):     <input type="hidden" name="flightID" value="276424582-4669401-HS"  />\n
Action.c(79):       </TD>\n
Action.c(79):       <TD width="45%" valign="top">\n
Action.c(79):           <b>&nbsp;&nbsp;3 Business class tickets for :</b><br/>\n
Action.c(79):           <center><table border="0" width="85%"><tr><td>\n
Action.c(79):           <li><i>Droid R2-D2      <li><i>Droid C3-PO      <li><i>Han Solo\n
Action.c(79):           <li><i></i>\n
Action.c(79):           </td></tr></table></center>\n
Action.c(79):       </TD>\n
Action.c(79):       <TD width="5%" >.<br/>.<br/>.<br/>.</TD>\n
Action.c(79):       <TD width="45%" valign=top><b>Invoice sent to:</b><br/>\n
Action.c(79):           <center>\n
Action.c(79):           <Table width="80%" cellspacing="0" > <tr> <td>\n
Action.c(79):               Han Solo\n
Action.c(79):     <br/>\n
Action.c(79):               address4<br/>\n
Action.c(79):               address04<br/>\n
Action.c(79):               <br/>\n
Action.c(79):               Total Charge: $ 2214 <BR/> (CC: x-7463)\n
Action.c(79):           </td> </tr> </table>\n
Action.c(79):           </center>\n
Action.c(79):       </TD>\n
Action.c(79):     </TR>\n
Action.c(79):     <TR bgcolor="#EFF2F7">\n
Action.c(79):       <TD COLSPAN="3">\n
Action.c(79):       <b>Flight Details:</b><BR/>  <center>\n
Action.c(79):       09/14/2021\n
Action.c(79):      :  11pm : Flight 463 leaves Paris  for San Francisco.<br>  </center>\n
Action.c(79):       </TD>\n
Action.c(79):     </TR>\n
Action.c(79):     \n
Action.c(79):     <TR bgcolor="#EFF2F7">\n
Action.c(79):       <TD COLSPAN="4">\n
Action.c(79):       <hr/>\n
Action.c(79):       </TD>\n
Action.c(79):     </TR>\n
Action.c(79):     \n
Action.c(79):     <!-- Flight #1 -->\n
Action.c(79):     <TR bgcolor="#EFF2F7">\n
Action.c(79):       <TD width="5%" rowspan="2" align="left" valign="top">\n
Action.c(79):     <b>\n
Action.c(79):     <label><input type="checkbox" name="608" value="on" /></label></font></b>\n
Action.c(79):     <input type="hidden" name="flightID" value="305869027-4677150-HS"  />\n
Action.c(79):       </TD>\n
Action.c(79):       <TD width="45%" valign="top">\n
Action.c(79):           <b>&nbsp;&nbsp;4 Business class tickets for :</b><br/>\n
Action.c(79):           <center><table border="0" width="85%"><tr><td>\n
Action.c(79):           <li><i>Droid R2-D2      <li><i>Droid C3-PO      <li><i>Han Solo      <li><i>Anakin S
Action.c(79):     kywalker\n
Action.c(79):           <li><i></i>\n
Action.c(79):           </td></tr></table></center>\n
Action.c(79):       </TD>\n
Action.c(79):       <TD width="5%" >.<br/>.<br/>.<br/>.</TD>\n
Action.c(79):       <TD width="45%" valign=top><b>Invoice sent to:</b><br/>\n
Action.c(79):           <center>\n
Action.c(79):           <Table width="80%" cellspacing="0" > <tr> <td>\n
Action.c(79):               Han Solo\n
Action.c(79):     <br/>\n
Action.c(79):               address4<br/>\n
Action.c(79):               address04<br/>\n
Action.c(79):               <br/>\n
Action.c(79):               Total Charge: $ 2952 <BR/> (CC: x-8258)\n
Action.c(79):           </td> </tr> </table>\n
Action.c(79):           </center>\n
Action.c(79):       </TD>\n
Action.c(79):     </TR>\n
Action.c(79):     <TR bgcolor="#EFF2F7">\n
Action.c(79):       <TD COLSPAN="3">\n
Action.c(79):       <b>Flight Details:</b><BR/>  <center>\n
Action.c(79):       09/14/2021\n
Action.c(79):      :  11pm : Flight 463 leaves Paris  for San Francisco.<br>  </center>\n
Action.c(79):       </TD>\n
Action.c(79):     </TR>\n
Action.c(79):     \n
Action.c(79):     <TR bgcolor="#EFF2F7">\n
Action.c(79):       <TD COLSPAN="4">\n
Action.c(79):       <hr/>\n
Action.c(79):       </TD>\n
Action.c(79):     </TR>\n
Action.c(79):     \n
Action.c(79):     <!-- Flight #1 -->\n
Action.c(79):     <TR bgcolor="#EFF2F7">\n
Action.c(79):       <TD width="5%" rowspan="2" align="left" valign="top">\n
Action.c(79):     <b>\n
Action.c(79):     <label><input type="checkbox" name="609" value="on" /></label></font></b>\n
Action.c(79):     <input type="hidden" name="flightID" value="342461514-4685101-HS"  />\n
Action.c(79):       </TD>\n
Action.c(79):       <TD width="45%" valign="top">\n
Action.c(79):           <b>&nbsp;&nbsp;7 Business class tickets for :</b><br/>\n
Action.c(79):           <center><table border="0" width="85%"><tr><td>\n
Action.c(79):           <li><i>Droid R2-D2      <li><i>Droid C3-PO      <li><i>Han Solo      <li><i>Anakin S
Action.c(79):     kywalker      <li><i>Admiral Piett      <li><i>Luke Skywalker      <li><i>Jango Fett\n
Action.c(79):           <li><i></i>\n
Action.c(79):           </td></tr></table></center>\n
Action.c(79):       </TD>\n
Action.c(79):       <TD width="5%" >.<br/>.<br/>.<br/>.</TD>\n
Action.c(79):       <TD width="45%" valign=top><b>Invoice sent to:</b><br/>\n
Action.c(79):           <center>\n
Action.c(79):           <Table width="80%" cellspacing="0" > <tr> <td>\n
Action.c(79):               Han Solo\n
Action.c(79):     <br/>\n
Action.c(79):               address4<br/>\n
Action.c(79):               address04<br/>\n
Action.c(79):               <br/>\n
Action.c(79):               Total Charge: $ 6314 <BR/> (CC: x-9246)\n
Action.c(79):           </td> </tr> </table>\n
Action.c(79):           </center>\n
Action.c(79):       </TD>\n
Action.c(79):     </TR>\n
Action.c(79):     <TR bgcolor="#EFF2F7">\n
Action.c(79):       <TD COLSPAN="3">\n
Action.c(79):       <b>Flight Details:</b><BR/>  <center>\n
Action.c(79):       09/14/2021\n
Action.c(79):      :  8am : Flight 460 leaves Paris  for San Francisco.<br>  </center>\n
Action.c(79):       </TD>\n
Action.c(79):     </TR>\n
Action.c(79):     \n
Action.c(79):     <TR bgcolor="#EFF2F7">\n
Action.c(79):       <TD COLSPAN="4">\n
Action.c(79):       <hr/>\n
Action.c(79):       </TD>\n
Action.c(79):     </TR>\n
Action.c(79):     \n
Action.c(79):     <!-- Flight #1 -->\n
Action.c(79):     <TR bgcolor="#EFF2F7">\n
Action.c(79):       <TD width="5%" rowspan="2" align="left" valign="top">\n
Action.c(79):     <b>\n
Action.c(79):     <label><input type="checkbox" name="610" value="on" /></label></font></b>\n
Action.c(79):     <input type="hidden" name="flightID" value="319424582-4692648-HS"  />\n
Action.c(79):       </TD>\n
Action.c(79):       <TD width="45%" valign="top">\n
Action.c(79):           <b>&nbsp;&nbsp;6 Business class tickets for :</b><br/>\n
Action.c(79):           <center><table border="0" width="85%"><tr><td>\n
Action.c(79):           <li><i>Droid R2-D2      <li><i>Droid C3-PO      <li><i>Han Solo      <li><i>Anakin S
Action.c(79):     kywalker      <li><i>Admiral Piett      <li><i>Luke Skywalker\n
Action.c(79):           <li><i></i>\n
Action.c(79):           </td></tr></table></center>\n
Action.c(79):       </TD>\n
Action.c(79):       <TD width="5%" >.<br/>.<br/>.<br/>.</TD>\n
Action.c(79):       <TD width="45%" valign=top><b>Invoice sent to:</b><br/>\n
Action.c(79):           <center>\n
Action.c(79):           <Table width="80%" cellspacing="0" > <tr> <td>\n
Action.c(79):               Han Solo\n
Action.c(79):     <br/>\n
Action.c(79):               address4<br/>\n
Action.c(79):               address04<br/>\n
Action.c(79):               <br/>\n
Action.c(79):               Total Charge: $ 4428 <BR/> (CC: x-8624)\n
Action.c(79):           </td> </tr> </table>\n
Action.c(79):           </center>\n
Action.c(79):       </TD>\n
Action.c(79):     </TR>\n
Action.c(79):     <TR bgcolor="#EFF2F7">\n
Action.c(79):       <TD COLSPAN="3">\n
Action.c(79):       <b>Flight Details:</b><BR/>  <center>\n
Action.c(79):       09/14/2021\n
Action.c(79):      :  11pm : Flight 463 leaves Paris  for San Francisco.<br>  </center>\n
Action.c(79):       </TD>\n
Action.c(79):     </TR>\n
Action.c(79):     \n
Action.c(79):     <TR bgcolor="#EFF2F7">\n
Action.c(79):       <TD COLSPAN="4">\n
Action.c(79):       <hr/>\n
Action.c(79):       </TD>\n
Action.c(79):     </TR>\n
Action.c(79):     \n
Action.c(79):     <!-- Flight #1 -->\n
Action.c(79):     <TR bgcolor="#EFF2F7">\n
Action.c(79):       <TD width="5%" rowspan="2" align="left" valign="top">\n
Action.c(79):     <b>\n
Action.c(79):     <label><input type="checkbox" name="611" value="on" /></label></font></b>\n
Action.c(79):     <input type="hidden" name="flightID" value="152276363-4700247-HS"  />\n
Action.c(79):       </TD>\n
Action.c(79):       <TD width="45%" valign="top">\n
Action.c(79):           <b>&nbsp;&nbsp;4 Business class tickets for :</b><br/>\n
Action.c(79):           <center><table border="0" width="85%"><tr><td>\n
Action.c(79):           <li><i>Droid R2-D2      <li><i>Droid C3-PO      <li><i>Han Solo      <li><i>Anakin S
Action.c(79):     kywalker\n
Action.c(79):           <li><i></i>\n
Action.c(79):           </td></tr></table></center>\n
Action.c(79):       </TD>\n
Action.c(79):       <TD width="5%" >.<br/>.<br/>.<br/>.</TD>\n
Action.c(79):       <TD width="45%" valign=top><b>Invoice sent to:</b><br/>\n
Action.c(79):           <center>\n
Action.c(79):           <Table width="80%" cellspacing="0" > <tr> <td>\n
Action.c(79):               Han Solo\n
Action.c(79):     <br/>\n
Action.c(79):               address4<br/>\n
Action.c(79):               address04<br/>\n
Action.c(79):               <br/>\n
Action.c(79):               Total Charge: $ 3216 <BR/> (CC: x-4111)\n
Action.c(79):           </td> </tr> </table>\n
Action.c(79):           </center>\n
Action.c(79):       </TD>\n
Action.c(79):     </TR>\n
Action.c(79):     <TR bgcolor="#EFF2F7">\n
Action.c(79):       <TD COLSPAN="3">\n
Action.c(79):       <b>Flight Details:</b><BR/>  <center>\n
Action.c(79):       09/14/2021\n
Action.c(79):      :  1pm : Flight 461 leaves Paris  for San Francisco.<br>  </center>\n
Action.c(79):       </TD>\n
Action.c(79):     </TR>\n
Action.c(79):     \n
Action.c(79):     <TR bgcolor="#EFF2F7">\n
Action.c(79):       <TD COLSPAN="4">\n
Action.c(79):       <hr/>\n
Action.c(79):       </TD>\n
Action.c(79):     </TR>\n
Action.c(79):     \n
Action.c(79):     <!-- Flight #1 -->\n
Action.c(79):     <TR bgcolor="#EFF2F7">\n
Action.c(79):       <TD width="5%" rowspan="2" align="left" valign="top">\n
Action.c(79):     <b>\n
Action.c(79):     <label><input type="checkbox" name="612" value="on" /></label></font></b>\n
Action.c(79):     <input type="hidden" name="flightID" value="83128214-4708001-HS"  />\n
Action.c(79):       </TD>\n
Action.c(79):       <TD width="45%" valign="top">\n
Action.c(79):           <b>&nbsp;&nbsp;5 Business class tickets for :</b><br/>\n
Action.c(79):           <center><table border="0" width="85%"><tr><td>\n
Action.c(79):           <li><i>Droid R2-D2      <li><i>Droid C3-PO      <li><i>Han Solo      <li><i>Anakin S
Action.c(79):     kywalker      <li><i>Admiral Piett\n
Action.c(79):           <li><i></i>\n
Action.c(79):           </td></tr></table></center>\n
Action.c(79):       </TD>\n
Action.c(79):       <TD width="5%" >.<br/>.<br/>.<br/>.</TD>\n
Action.c(79):       <TD width="45%" valign=top><b>Invoice sent to:</b><br/>\n
Action.c(79):           <center>\n
Action.c(79):           <Table width="80%" cellspacing="0" > <tr> <td>\n
Action.c(79):               Han Solo\n
Action.c(79):     <br/>\n
Action.c(79):               address4<br/>\n
Action.c(79):               address04<br/>\n
Action.c(79):               <br/>\n
Action.c(79):               Total Charge: $ 4020 <BR/> (CC: x-2244)\n
Action.c(79):           </td> </tr> </table>\n
Action.c(79):           </center>\n
Action.c(79):       </TD>\n
Action.c(79):     </TR>\n
Action.c(79):     <TR bgcolor="#EFF2F7">\n
Action.c(79):       <TD COLSPAN="3">\n
Action.c(79):       <b>Flight Details:</b><BR/>  <center>\n
Action.c(79):       09/14/2021\n
Action.c(79):      :  1pm : Flight 461 leaves Paris  for San Francisco.<br>  </center>\n
Action.c(79):       </TD>\n
Action.c(79):     </TR>\n
Action.c(79):     \n
Action.c(79):     <TR bgcolor="#EFF2F7">\n
Action.c(79):       <TD COLSPAN="4">\n
Action.c(79):       <hr/>\n
Action.c(79):       </TD>\n
Action.c(79):     </TR>\n
Action.c(79):     \n
Action.c(79):     <!-- Flight #1 -->\n
Action.c(79):     <TR bgcolor="#EFF2F7">\n
Action.c(79):       <TD width="5%" rowspan="2" align="left" valign="top">\n
Action.c(79):     <b>\n
Action.c(79):     <label><input type="checkbox" name="613" value="on" /></label></font></b>\n
Action.c(79):     <input type="hidden" name="flightID" value="213387513-4715712-HS"  />\n
Action.c(79):       </TD>\n
Action.c(79):       <TD width="45%" valign="top">\n
Action.c(79):           <b>&nbsp;&nbsp;5 Business class tickets for :</b><br/>\n
Action.c(79):           <center><table border="0" width="85%"><tr><td>\n
Action.c(79):           <li><i>Droid R2-D2      <li><i>Droid C3-PO      <li><i>Han Solo      <li><i>Anakin S
Action.c(79):     kywalker      <li><i>Admiral Piett\n
Action.c(79):           <li><i></i>\n
Action.c(79):           </td></tr></table></center>\n
Action.c(79):       </TD>\n
Action.c(79):       <TD width="5%" >.<br/>.<br/>.<br/>.</TD>\n
Action.c(79):       <TD width="45%" valign=top><b>Invoice sent to:</b><br/>\n
Action.c(79):           <center>\n
Action.c(79):           <Table width="80%" cellspacing="0" > <tr> <td>\n
Action.c(79):               Han Solo\n
Action.c(79):     <br/>\n
Action.c(79):               address4<br/>\n
Action.c(79):               address04<br/>\n
Action.c(79):               <br/>\n
Action.c(79):               Total Charge: $ 4265 <BR/> (CC: x-5761)\n
Action.c(79):           </td> </tr> </table>\n
Action.c(79):           </center>\n
Action.c(79):       </TD>\n
Action.c(79):     </TR>\n
Action.c(79):     <TR bgcolor="#EFF2F7">\n
Action.c(79):       <TD COLSPAN="3">\n
Action.c(79):       <b>Flight Details:</b><BR/>  <center>\n
Action.c(79):       09/14/2021\n
Action.c(79):      :  5pm : Flight 462 leaves Paris  for San Francisco.<br>  </center>\n
Action.c(79):       </TD>\n
Action.c(79):     </TR>\n
Action.c(79):     \n
Action.c(79):     <TR bgcolor="#EFF2F7">\n
Action.c(79):       <TD COLSPAN="4">\n
Action.c(79):       <hr/>\n
Action.c(79):       </TD>\n
Action.c(79):     </TR>\n
Action.c(79):     \n
Action.c(79):     <!-- Flight #1 -->\n
Action.c(79):     <TR bgcolor="#EFF2F7">\n
Action.c(79):       <TD width="5%" rowspan="2" align="left" valign="top">\n
Action.c(79):     <b>\n
Action.c(79):     <label><input type="checkbox" name="614" value="on" /></label></font></b>\n
Action.c(79):     <input type="hidden" name="flightID" value="221276434-4723417-HS"  />\n
Action.c(79):       </TD>\n
Action.c(79):       <TD width="45%" valign="top">\n
Action.c(79):           <b>&nbsp;&nbsp;6 Business class tickets for :</b><br/>\n
Action.c(79):           <center><table border="0" width="85%"><tr><td>\n
Action.c(79):           <li><i>Droid R2-D2      <li><i>Droid C3-PO      <li><i>Han Solo      <li><i>Anakin S
Action.c(79):     kywalker      <li><i>Admiral Piett      <li><i>Luke Skywalker\n
Action.c(79):           <li><i></i>\n
Action.c(79):           </td></tr></table></center>\n
Action.c(79):       </TD>\n
Action.c(79):       <TD width="5%" >.<br/>.<br/>.<br/>.</TD>\n
Action.c(79):       <TD width="45%" valign=top><b>Invoice sent to:</b><br/>\n
Action.c(79):           <center>\n
Action.c(79):           <Table width="80%" cellspacing="0" > <tr> <td>\n
Action.c(79):               Han Solo\n
Action.c(79):     <br/>\n
Action.c(79):               address4<br/>\n
Action.c(79):               address04<br/>\n
Action.c(79):               <br/>\n
Action.c(79):               Total Charge: $ 4428 <BR/> (CC: x-5974)\n
Action.c(79):           </td> </tr> </table>\n
Action.c(79):           </center>\n
Action.c(79):       </TD>\n
Action.c(79):     </TR>\n
Action.c(79):     <TR bgcolor="#EFF2F7">\n
Action.c(79):       <TD COLSPAN="3">\n
Action.c(79):       <b>Flight Details:</b><BR/>  <center>\n
Action.c(79):       09/14/2021\n
Action.c(79):      :  11pm : Flight 463 leaves Paris  for San Francisco.<br>  </center>\n
Action.c(79):       </TD>\n
Action.c(79):     </TR>\n
Action.c(79):     \n
Action.c(79):     <TR bgcolor="#EFF2F7">\n
Action.c(79):       <TD COLSPAN="4">\n
Action.c(79):       <hr/>\n
Action.c(79):       </TD>\n
Action.c(79):     </TR>\n
Action.c(79):     \n
Action.c(79):     <!-- Flight #1 -->\n
Action.c(79):     <TR bgcolor="#EFF2F7">\n
Action.c(79):       <TD width="5%" rowspan="2" align="left" valign="top">\n
Action.c(79):     <b>\n
Action.c(79):     <label><input type="checkbox" name="615" value="on" /></label></font></b>\n
Action.c(79):     <input type="hidden" name="flightID" value="19091216-4731228-HS"  />\n
Action.c(79):       </TD>\n
Action.c(79):       <TD width="45%" valign="top">\n
Action.c(79):           <b>&nbsp;&nbsp;7 Business class 
Action.c(79): t=1521070ms: 12287-byte chunked response body for "http://127.0.0.1:1080/cgi-bin/itinerary.pl" (RelFrameId=1.2, Internal ID=16386)
Action.c(79):     tickets for :</b><br/>\n
Action.c(79):           <center><table border="0" width="85%"><tr><td>\n
Action.c(79):           <li><i>Droid R2-D2      <li><i>Droid C3-PO      <li><i>Han Solo      <li><i>Anakin S
Action.c(79):     kywalker      <li><i>Admiral Piett      <li><i>Luke Skywalker      <li><i>Jango Fett\n
Action.c(79):           <li><i></i>\n
Action.c(79):           </td></tr></table></center>\n
Action.c(79):       </TD>\n
Action.c(79):       <TD width="5%" >.<br/>.<br/>.<br/>.</TD>\n
Action.c(79):       <TD width="45%" valign=top><b>Invoice sent to:</b><br/>\n
Action.c(79):           <center>\n
Action.c(79):           <Table width="80%" cellspacing="0" > <tr> <td>\n
Action.c(79):               Han Solo\n
Action.c(79):     <br/>\n
Action.c(79):               address4<br/>\n
Action.c(79):               address04<br/>\n
Action.c(79):               <br/>\n
Action.c(79):               Total Charge: $ 5971 <BR/> (CC: x-0515)\n
Action.c(79):           </td> </tr> </table>\n
Action.c(79):           </center>\n
Action.c(79):       </TD>\n
Action.c(79):     </TR>\n
Action.c(79):     <TR bgcolor="#EFF2F7">\n
Action.c(79):       <TD COLSPAN="3">\n
Action.c(79):       <b>Flight Details:</b><BR/>  <center>\n
Action.c(79):       09/14/2021\n
Action.c(79):      :  5pm : Flight 462 leaves Paris  for San Francisco.<br>  </center>\n
Action.c(79):       </TD>\n
Action.c(79):     </TR>\n
Action.c(79):     \n
Action.c(79):     <TR bgcolor="#EFF2F7">\n
Action.c(79):       <TD COLSPAN="4">\n
Action.c(79):       <hr/>\n
Action.c(79):       </TD>\n
Action.c(79):     </TR>\n
Action.c(79):     <TR>\n
Action.c(79):        <TD align="center" COLSPAN="4">\n
Action.c(79):        <b>A total of 615 scheduled flights.</font></b>\n
Action.c(79):        </TD>\n
Action.c(79):     </TR>\n
Action.c(79):     </TABLE>\n
Action.c(79):     \n
Action.c(79):     <TABLE WIDTH="87%" BORDER="0" CELLSPACING="0">\n
Action.c(79):     <TR>\n
Action.c(79):     <TD align="left" width="50%" >\n
Action.c(79):     <input type="image" name="removeFlights" src="/WebTours/images/cancelreservation.gif" bord
Action.c(79):     er="0" /></TD>\n
Action.c(79):     <TD align="right" width="50%" >\n
Action.c(79):     <input type="image" name="removeAllFlights" src="/WebTours/images/cancelallreservations.gi
Action.c(79):     f" border="0" /></TD>\n
Action.c(79):     </TABLE>\n
Action.c(79):     \n
Action.c(79):     <div><input type="hidden" name=".cgifields" value="559"  /><input type="hidden" name=".cgi
Action.c(79):     fields" value="127"  /><input type="hidden" name=".cgifields" value="32"  /><input type="h
Action.c(79):     idden" name=".cgifields" value="443"  /><input type="hidden" name=".cgifields" value="206"
Action.c(79):       /><input type="hidden" name=".cgifields" value="118"  /><input type="hidden" name=".cgif
Action.c(79):     ields" value="71"  /><input type="hidden" name=".cgifields" value="358"  /><input type="hi
Action.c(79):     dden" name=".cgifields" value="331"  /><input type="hidden" name=".cgifields" value="560" 
Action.c(79):      /><input type="hidden" name=".cgifields" value="580"  /><input type="hidden" name=".cgifi
Action.c(79):     elds" value="84"  /><input type="hidden" name=".cgifields" value="512"  /><input type="hid
Action.c(79):     den" name=".cgifields" value="437"  /><input type="hidden" name=".cgifields" value="463"  
Action.c(79):     /><input type="hidden" name=".cgifields" value="194"  /><input type="hidden" name=".cgifie
Action.c(79):     lds" value="517"  /><input type="hidden" name=".cgifields" value="458"  /><input type="hid
Action.c(79):     den" name=".cgifields" value="451"  /><input type="hidden" name=".cgifields" value="220"  
Action.c(79):     /><input type="hidden" name=".cgifields" value="454"  /><input type="hidden" name=".cgifie
Action.c(79):     lds" value="31"  /><input type="hidden" name=".cgifields" value="578"  /><input type="hidd
Action.c(79):     en" name=".cgifields" value="378"  /><input type="hidden" name=".cgifields" value="325"  /
Action.c(79):     ><input type="hidden" name=".cgifields" value="29"  /><input type="hidden" name=".cgifield
Action.c(79):     s" value="572"  /><input type="hidden" name=".cgifields" value="350"  /><input type="hidde
Action.c(79):     n" name=".cgifields" value="540"  /><input type="hidden" name=".cgifields" value="226"  />
Action.c(79):     <input type="hidden" name=".cgifields" value="58"  /><input type="hidden" name=".cgifields
Action.c(79):     " value="211"  /><input type="hidden" name=".cgifields" value="153"  /><input type="hidden
Action.c(79):     " name=".cgifields" value="15"  /><input type="hidden" name=".cgifields" value="527"  /><i
Action.c(79):     nput type="hidden" name=".cgifields" value="431"  /><input type="hidden" name=".cgifields"
Action.c(79):      value="382"  /><input type="hidden" name=".cgifields" value="337"  /><input type="hidden"
Action.c(79):      name=".cgifields" value="101"  /><input type="hidden" name=".cgifields" value="340"  /><i
Action.c(79):     nput type="hidden" name=".cgifields" value="76"  /><input type="hidden" name=".cgifields" 
Action.c(79):     value="311"  /><input type="hidden" name=".cgifields" value="62"  /><input type="hidden" n
Action.c(79):     ame=".cgifields" value="571"  /><input type="hidden" name=".cgifields" value="139"  /><inp
Action.c(79):     ut type="hidden" name=".cgifields" value="389"  /><input type="hidden" name=".cgifields" v
Action.c(79):     alue="129"  /><input type="hidden" name=".cgifields" value="548"  /><input type="hidden" n
Action.c(79):     ame=".cgifields" value="495"  /><input type="hidden" name=".cgifields" value="418"  /><inp
Action.c(79):     ut type="hidden" name=".cgifields" value="236"  /><input type="hidden" name=".cgifields" v
Action.c(79):     alue="218"  /><input type="hidden" name=".cgifields" value="168"  /><input type="hidden" n
Action.c(79):     ame=".cgifields" value="135"  /><input type="hidden" name=".cgifields" value="14"  /><inpu
Action.c(79):     t type="hidden" name=".cgifields" value="348"  /><input type="hidden" name=".cgifields" va
Action.c(79):     lue="145"  /><input type="hidden" name=".cgifields" value="49"  /><input type="hidden" nam
Action.c(79):     e=".cgifields" value="178"  /><input type="hidden" name=".cgifields" value="285"  /><input
Action.c(79):      type="hidden" name=".cgifields" value="124"  /><input type="hidden" name=".cgifields" val
Action.c(79):     ue="234"  /><input type="hidden" name=".cgifields" value="594"  /><input type="hidden" nam
Action.c(79):     e=".cgifields" value="23"  /><input type="hidden" name=".cgifields" value="388"  /><input 
Action.c(79):     type="hidden" name=".cgifields" value="364"  /><input type="hidden" name=".cgifields" valu
Action.c(79):     e="96"  /><input type="hidden" name=".cgifields" value="486"  /><input type="hidden" name=
Action.c(79):     ".cgifields" value="509"  /><input type="hidden" name=".cgifields" value="160"  /><input t
Action.c(79):     ype="hidden" name=".cgifields" value="569"  /><input type="hidden" name=".cgifields" value
Action.c(79):     ="367"  /><input type="hidden" name=".cgifields" value="8"  /><input type="hidden" name=".
Action.c(79):     cgifields" value="98"  /><input type="hidden" name=".cgifields" value="43"  /><input type=
Action.c(79):     "hidden" name=".cgifields" value="485"  /><input type="hidden" name=".cgifields" value="39
Action.c(79):     1"  /><input type="hidden" name=".cgifields" value="21"  /><input type="hidden" name=".cgi
Action.c(79):     fields" value="523"  /><input type="hidden" name=".cgifields" value="288"  /><input type="
Action.c(79):     hidden" name=".cgifields" value="193"  /><input type="hidden" name=".cgifields" value="460
Action.c(79):     "  /><input type="hidden" name=".cgifields" value="119"  /><input type="hidden" name=".cgi
Action.c(79):     fields" value="586"  /><input type="hidden" name=".cgifields" value="453"  /><input type="
Action.c(79):     hidden" name=".cgifields" value="324"  /><input type="hidden" name=".cgifields" value="180
Action.c(79):     "  /><input type="hidden" name=".cgifields" value="244"  /><input type="hidden" name=".cgi
Action.c(79):     fields" value="351"  /><input type="hidden" name=".cgifields" value="410"  /><input type="
Action.c(79):     hidden" name=".cgifields" value="595"  /><input type="hidden" name=".cgifields" value="246
Action.c(79):     "  /><input type="hidden" name=".cgifields" value="488"  /><input type="hidden" name=".cgi
Action.c(79):     fields" value="61"  /><input type="hidden" name=".cgifields" value="430"  /><input type="h
Action.c(79):     idden" name=".cgifields" value="447"  /><input type="hidden" name=".cgifields" value="536"
Action.c(79):       /><input type="hidden" name=".cgifields" value="379"  /><input type="hidden" name=".cgif
Action.c(79):     ields" value="415"  /><input type="hidden" name=".cgifields" value="113"  /><input type="h
Action.c(79):     idden" name=".cgifields" value="152"  /><input type="hidden" name=".cgifields" value="189"
Action.c(79):       /><input type="hidden" name=".cgifields" value="452"  /><input type="hidden" name=".cgif
Action.c(79):     ields" value="342"  /><input type="hidden" name=".cgifields" value="579"  /><input type="h
Action.c(79):     idden" name=".cgifields" value="295"  /><input type="hidden" name=".cgifields" value="480"
Action.c(79):       /><input type="hidden" name=".cgifields" value="341"  /><input type="hidden" name=".cgif
Action.c(79):     ields" value="438"  /><input type="hidden" name=".cgifields" value="107"  /><input type="h
Action.c(79):     idden" name=".cgifields" value="535"  /><input type="hidden" name=".cgifields" value="87" 
Action.c(79):      /><input type="hidden" name=".cgifields" value="77"  /><input type="hidden" name=".cgifie
Action.c(79):     lds" value="444"  /><input type="hidden" name=".cgifields" value="541"  /><input type="hid
Action.c(79):     den" name=".cgifields" value="508"  /><input type="hidden" name=".cgifields" value="221"  
Action.c(79):     /><input type="hidden" name=".cgifields" value="39"  /><input type="hidden" name=".cgifiel
Action.c(79):     ds" value="64"  /><input type="hidden" name=".cgifields" value="558"  /><input type="hidde
Action.c(79):     n" name=".cgifields" value="417"  /><input type="hidden" name=".cgifields" value="12"  /><
Action.c(79):     input type="hidden" name=".cgifields" value="312"  /><input type="hidden" name=".cgifields
Action.c(79):     " value="45"  /><input type="hidden" name=".cgifields" value="507"  /><input type="hidden"
Action.c(79):      name=".cgifields" value="405"  /><input type="hidden" name=".cgifields" value="260"  /><i
Action.c(79):     nput type="hidden" name=".cgifields" value="573"  /><input type="hidden" name=".cgifields"
Action.c(79):      value="237"  /><input type="hidden" name=".cgifields" value="370"  /><input type="hidden"
Action.c(79):      name=".cgifields" value="309"  /><input type="hidden" name=".cgifields" value="567"  /><i
Action.c(79):     nput type="hidden" name=".cgifields" value="1"  /><input type="hidden" name=".cgifields" v
Action.c(79):     alue="506"  /><input type="hidden" name=".cgifields" value="136"  /><input type="hidden" n
Action.c(79):     ame=".cgifields" value="116"  /><input type="hidden" name=".cgifields" value="416"  /><inp
Action.c(79):     ut type="hidden" name=".cgifields" value="144"  /><input type="hidden" name=".cgifields" v
Action.c(79):     alue="380"  /><input type="hidden" name=".cgifields" value="100"  /><input type="hidden" n
Action.c(79):     ame=".cgifields" value="300"  /><input type="hidden" name=".cgifields" value="286"  /><inp
Action.c(79):     ut type="hidden" name=".cgifields" value="120"  /><input type="hidden" name=".cgifields" v
Action.c(79):     alue="381"  /><input type="hidden" name=".cgifields" value="581"  /><input type="hidden" n
Action.c(79):     ame=".cgifields" value="308"  /><input type="hidden" name=".cgifields" value="392"  /><inp
Action.c(79):     ut type="hidden" name=".cgifields" value="254"  /><input type="hidden" name=".cgifields" v
Action.c(79):     alue="177"  /><input type="hidden" name=".cgifields" value="496"  /><input type="hidden" n
Action.c(79):     ame=".cgifields" value="605"  /><input type="hidden" name=".cgifields" value="373"  /><inp
Action.c(79):     ut type="hidden" name=".cgifields" value="607"  /><input type="hidden" name=".cgifields" v
Action.c(79):     alue="205"  /><input type="hidden" name=".cgifields" value="42"  /><input type="hidden" na
Action.c(79):     me=".cgifields" value="22"  /><input type="hidden" name=".cgifields" value="399"  /><input
Action.c(79):      type="hidden" name=".cgifields" value="235"  /><input type="hidden" name=".cgifields" val
Action.c(79):     ue="301"  /><input type="hidden" name=".cgifields" value="436"  /><input type="hidden" nam
Action.c(79):     e=".cgifields" value="213"  /><input type="hidden" name=".cgifields" value="94"  /><input 
Action.c(79):     type="hidden" name=".cgifields" value="51"  /><input type="hidden" name=".cgifields" value
Action.c(79):     ="456"  /><input type="hidden" name=".cgifields" value="568"  /><input type="hidden" name=
Action.c(79):     ".cgifields" value="296"  /><input type="hidden" name=".cgifields" value="265"  /><input t
Action.c(79):     ype="hidden" name=".cgifields" value="493"  /><input type="hidden" name=".cgifields" value
Action.c(79):     ="171"  /><input type="hidden" name=".cgifields" value="386"  /><input type="hidden" name=
Action.c(79):     ".cgifields" value="445"  /><input type="hidden" name=".cgifields" value="200"  /><input t
Action.c(79):     ype="hidden" name=".cgifields" value="366"  /><input type="hidden" name=".cgifields" value
Action.c(79):     ="329"  /><input type="hidden" name=".cgifields" value="525"  /><input type="hidden" name=
Action.c(79):     ".cgifields" value="27"  /><input type="hidden" name=".cgifields" value="272"  /><input ty
Action.c(79):     pe="hidden" name=".cgifields" value="161"  /><input type="hidden" name=".cgifields" value=
Action.c(79):     "582"  /><input type="hidden" name=".cgifields" value="534"  /><input type="hidden" name="
Action.c(79):     .cgifields" value="400"  /><input type="hidden" name=".cgifields" value="20"  /><input typ
Action.c(79):     e="hidden" name=".cgifields" value="109"  /><input type="hidden" name=".cgifields" value="
Action.c(79):     151"  /><input type="hidden" name=".cgifields" value="557"  /><input type="hidden" name=".
Action.c(79):     cgifields" value="468"  /><input type="hidden" name=".cgifields" value="287"  /><input typ
Action.c(79):     e="hidden" name=".cgifields" value="475"  /><input type="hidden" name=".cgifields" value="
Action.c(79):     441"  /><input type="hidden" name=".cgifields" value="78"  /><input type="hidden" name=".c
Action.c(79):     gifields" value="413"  /><input type="hidden" name=".cgifields" value="294"  /><input type
Action.c(79):     ="hidden" name=".cgifields" value="349"  /><input type="hidden" name=".cgifields" value="2
Action.c(79):     75"  /><input type="hidden" name=".cgifields" value="515"  /><input type="hidden" name=".c
Action.c(79):     gifields" value="197"  /><input type="hidden" name=".cgifields" value="138"  /><input type
Action.c(79):     ="hidden" name=".cgifields" value="606"  /><input type="hidden" name=".cgifields" value="1
Action.c(79):     37"  /><input type="hidden" name=".cgifields" value="60"  /><input type="hidden" name=".cg
Action.c(79):     ifields" value="432"  /><input type="hidden" name=".cgifields" value="519"  /><input type=
Action.c(79):     "hidden" name=".cgi
Action.c(79): Found resource "http://127.0.0.1:1080/WebTours/images/cancelreservation.gif" in HTML "http://127.0.0.1:1080/cgi-bin/itinerary.pl"  	[MsgId: MMSG-26659]
Action.c(79): Found resource "http://127.0.0.1:1080/WebTours/images/cancelallreservations.gif" in HTML "http://127.0.0.1:1080/cgi-bin/itinerary.pl"  	[MsgId: MMSG-26659]
Action.c(79): t=1521070ms: 12287-byte chunked response body for "http://127.0.0.1:1080/cgi-bin/itinerary.pl" (RelFrameId=1.2, Internal ID=16386)
Action.c(79):     fields" value="346"  /><input type="hidden" name=".cgifields" value="17"  /><input type="h
Action.c(79):     idden" name=".cgifields" value="427"  /><input type="hidden" name=".cgifields" value="82" 
Action.c(79):      /><input type="hidden" name=".cgifields" value="110"  /><input type="hidden" name=".cgifi
Action.c(79):     elds" value="333"  /><input type="hidden" name=".cgifields" value="590"  /><input type="hi
Action.c(79):     dden" name=".cgifields" value="323"  /><input type="hidden" name=".cgifields" value="69"  
Action.c(79):     /><input type="hidden" name=".cgifields" value="112"  /><input type="hidden" name=".cgifie
Action.c(79):     lds" value="545"  /><input type="hidden" name=".cgifields" value="191"  /><input type="hid
Action.c(79):     den" name=".cgifields" value="224"  /><input type="hidden" name=".cgifields" value="187"  
Action.c(79):     /><input type="hidden" name=".cgifields" value="588"  /><input type="hidden" name=".cgifie
Action.c(79):     lds" value="446"  /><input type="hidden" name=".cgifields" value="262"  /><input type="hid
Action.c(79):     den" name=".cgifields" value="79"  /><input type="hidden" name=".cgifields" value="212"  /
Action.c(79):     ><input type="hidden" name=".cgifields" value="352"  /><input type="hidden" name=".cgifiel
Action.c(79):     ds" value="126"  /><input type="hidden" name=".cgifields" value="426"  /><input type="hidd
Action.c(79):     en" name=".cgifields" value="251"  /><input type="hidden" name=".cgifields" value="542"  /
Action.c(79):     ><input type="hidden" name=".cgifields" value="369"  /><input type="hidden" name=".cgifiel
Action.c(79):     ds" value="279"  /><input type="hidden" name=".cgifields" value="176"  /><input type="hidd
Action.c(79):     en" name=".cgifields" value="498"  /><input type="hidden" name=".cgifields" value="483"  /
Action.c(79):     ><input type="hidden" name=".cgifields" value="256"  /><input type="hidden" name=".cgifiel
Action.c(79):     ds" value="372"  /><input type="hidden" name=".cgifields" value="574"  /><input type="hidd
Action.c(79):     en" name=".cgifields" value="170"  /><input type="hidden" name=".cgifields" value="33"  />
Action.c(79):     <input type="hidden" name=".cgifields" value="428"  /><input type="hidden" name=".cgifield
Action.c(79):     s" value="7"  /><input type="hidden" name=".cgifields" value="26"  /><input type="hidden" 
Action.c(79):     name=".cgifields" value="227"  /><input type="hidden" name=".cgifields" value="99"  /><inp
Action.c(79):     ut type="hidden" name=".cgifields" value="566"  /><input type="hidden" name=".cgifields" v
Action.c(79):     alue="526"  /><input type="hidden" name=".cgifields" value="72"  /><input type="hidden" na
Action.c(79):     me=".cgifields" value="500"  /><input type="hidden" name=".cgifields" value="264"  /><inpu
Action.c(79):     t type="hidden" name=".cgifields" value="255"  /><input type="hidden" name=".cgifields" va
Action.c(79):     lue="533"  /><input type="hidden" name=".cgifields" value="359"  /><input type="hidden" na
Action.c(79):     me=".cgifields" value="182"  /><input type="hidden" name=".cgifields" value="108"  /><inpu
Action.c(79):     t type="hidden" name=".cgifields" value="604"  /><input type="hidden" name=".cgifields" va
Action.c(79):     lue="556"  /><input type="hidden" name=".cgifields" value="462"  /><input type="hidden" na
Action.c(79):     me=".cgifields" value="414"  /><input type="hidden" name=".cgifields" value="232"  /><inpu
Action.c(79):     t type="hidden" name=".cgifields" value="477"  /><input type="hidden" name=".cgifields" va
Action.c(79):     lue="225"  /><input type="hidden" name=".cgifields" value="330"  /><input type="hidden" na
Action.c(79):     me=".cgifields" value="142"  /><input type="hidden" name=".cgifields" value="207"  /><inpu
Action.c(79):     t type="hidden" name=".cgifields" value="263"  /><input type="hidden" name=".cgifields" va
Action.c(79):     lue="394"  /><input type="hidden" name=".cgifields" value="167"  /><input type="hidden" na
Action.c(79):     me=".cgifields" value="48"  /><input type="hidden" name=".cgifields" value="360"  /><input
Action.c(79):      type="hidden" name=".cgifields" value="610"  /><input type="hidden" name=".cgifields" val
Action.c(79):     ue="514"  /><input type="hidden" name=".cgifields" value="513"  /><input type="hidden" nam
Action.c(79):     e=".cgifields" value="615"  /><input type="hidden" name=".cgifields" value="50"  /><input 
Action.c(79):     type="hidden" name=".cgifields" value="476"  /><input type="hidden" name=".cgifields" valu
Action.c(79):     e="510"  /><input type="hidden" name=".cgifields" value="393"  /><input type="hidden" name
Action.c(79):     =".cgifields" value="449"  /><input type="hidden" name=".cgifields" value="293"  /><input 
Action.c(79):     type="hidden" name=".cgifields" value="274"  /><input type="hidden" name=".cgifields" valu
Action.c(79):     e="549"  /><input type="hidden" name=".cgifields" value="322"  /><input type="hidden" name
Action.c(79):     =".cgifields" value="469"  /><input type="hidden" name=".cgifields" value="353"  /><input 
Action.c(79):     type="hidden" name=".cgifields" value="575"  /><input type="hidden" name=".cgifields" valu
Action.c(79):     e="375"  /><input type="hidden" name=".cgifields" value="128"  /><input type="hidden" name
Action.c(79):     =".cgifields" value="28"  /><input type="hidden" name=".cgifields" value="310"  /><input t
Action.c(79):     ype="hidden" name=".cgifields" value="40"  /><input type="hidden" name=".cgifields" value=
Action.c(79):     "589"  /><input type="hidden" name=".cgifields" value="303"  /><input type="hidden" name="
Action.c(79):     .cgifields" value="192"  /><input type="hidden" name=".cgifields" value="250"  /><input ty
Action.c(79):     pe="hidden" name=".cgifields" value="614"  /><input type="hidden" name=".cgifields" value=
Action.c(79):     "501"  /><input type="hidden" name=".cgifields" value="215"  /><input type="hidden" name="
Action.c(79):     .cgifields" value="278"  /><input type="hidden" name=".cgifields" value="490"  /><input ty
Action.c(79):     pe="hidden" name=".cgifields" value="150"  /><input type="hidden" name=".cgifields" value=
Action.c(79):     "130"  /><input type="hidden" name=".cgifields" value="155"  /><input type="hidden" name="
Action.c(79):     .cgifields" value="387"  /><input type="hidden" name=".cgifields" value="53"  /><input typ
Action.c(79):     e="hidden" name=".cgifields" value="245"  /><input type="hidden" name=".cgifields" value="
Action.c(79):     543"  /><input type="hidden" name=".cgifields" value="267"  /><input type="hidden" name=".
Action.c(79):     cgifields" value="354"  /><input type="hidden" name=".cgifields" value="461"  /><input typ
Action.c(79):     e="hidden" name=".cgifields" value="583"  /><input type="hidden" name=".cgifields" value="
Action.c(79):     257"  /><input type="hidden" name=".cgifields" value="85"  /><input type="hidden" name=".c
Action.c(79):     gifields" value="332"  /><input type="hidden" name=".cgifields" value="9"  /><input type="
Action.c(79):     hidden" name=".cgifields" value="425"  /><input type="hidden" name=".cgifields" value="591
Action.c(79):     "  /><input type="hidden" name=".cgifields" value="34"  /><input type="hidden" name=".cgif
Action.c(79):     ields" value="539"  /><input type="hidden" name=".cgifields" value="603"  /><input type="h
Action.c(79):     idden" name=".cgifields" value="90"  /><input type="hidden" name=".cgifields" value="276" 
Action.c(79):      /><input type="hidden" name=".cgifields" value="565"  /><input type="hidden" name=".cgifi
Action.c(79):     elds" value="102"  /><input type="hidden" name=".cgifields" value="520"  /><input type="hi
Action.c(79):     dden" name=".cgifields" value="532"  /><input type="hidden" name=".cgifields" value="16"  
Action.c(79):     /><input type="hidden" name=".cgifields" value="55"  /><input type="hidden" name=".cgifiel
Action.c(79):     ds" value="233"  /><input type="hidden" name=".cgifields" value="57"  /><input type="hidde
Action.c(79):     n" name=".cgifields" value="259"  /><input type="hidden" name=".cgifields" value="368"  />
Action.c(79):     <input type="hidden" name=".cgifields" value="424"  /><input type="hidden" name=".cgifield
Action.c(79):     s" value="316"  /><input type="hidden" name=".cgifields" value="163"  /><input type="hidde
Action.c(79):     n" name=".cgifields" value="395"  /><input type="hidden" name=".cgifields" value="89"  /><
Action.c(79):     input type="hidden" name=".cgifields" value="611"  /><input type="hidden" name=".cgifields
Action.c(79):     " value="175"  /><input type="hidden" name=".cgifields" value="584"  /><input type="hidden
Action.c(79):     " name=".cgifields" value="35"  /><input type="hidden" name=".cgifields" value="11"  /><in
Action.c(79):     put type="hidden" name=".cgifields" value="492"  /><input type="hidden" name=".cgifields" 
Action.c(79):     value="208"  /><input type="hidden" name=".cgifields" value="347"  /><input type="hidden" 
Action.c(79):     name=".cgifields" value="511"  /><input type="hidden" name=".cgifields" value="434"  /><in
Action.c(79):     put type="hidden" name=".cgifields" value="93"  /><input type="hidden" name=".cgifields" v
Action.c(79):     alue="292"  /><input type="hidden" name=".cgifields" value="291"  /><input type="hidden" n
Action.c(79):     ame=".cgifields" value="374"  /><input type="hidden" name=".cgifields" value="114"  /><inp
Action.c(79):     ut type="hidden" name=".cgifields" value="199"  /><input type="hidden" name=".cgifields" v
Action.c(79):     alue="442"  /><input type="hidden" name=".cgifields" value="429"  /><input type="hidden" n
Action.c(79):     ame=".cgifields" value="73"  /><input type="hidden" name=".cgifields" value="409"  /><inpu
Action.c(79):     t type="hidden" name=".cgifields" value="67"  /><input type="hidden" name=".cgifields" val
Action.c(79):     ue="241"  /><input type="hidden" name=".cgifields" value="198"  /><input type="hidden" nam
Action.c(79):     e=".cgifields" value="489"  /><input type="hidden" name=".cgifields" value="585"  /><input
Action.c(79):      type="hidden" name=".cgifields" value="327"  /><input type="hidden" name=".cgifields" val
Action.c(79):     ue="320"  /><input type="hidden" name=".cgifields" value="280"  /><input type="hidden" nam
Action.c(79):     e=".cgifields" value="273"  /><input type="hidden" name=".cgifields" value="471"  /><input
Action.c(79):      type="hidden" name=".cgifields" value="202"  /><input type="hidden" name=".cgifields" val
Action.c(79):     ue="249"  /><input type="hidden" name=".cgifields" value="361"  /><input type="hidden" nam
Action.c(79):     e=".cgifields" value="465"  /><input type="hidden" name=".cgifields" value="184"  /><input
Action.c(79):      type="hidden" name=".cgifields" value="24"  /><input type="hidden" name=".cgifields" valu
Action.c(79):     e="140"  /><input type="hidden" name=".cgifields" value="104"  /><input type="hidden" name
Action.c(79):     =".cgifields" value="131"  /><input type="hidden" name=".cgifields" value="181"  /><input 
Action.c(79):     type="hidden" name=".cgifields" value="412"  /><input type="hidden" name=".cgifields" valu
Action.c(79):     e="385"  /><input type="hidden" name=".cgifields" value="502"  /><input type="hidden" name
Action.c(79):     =".cgifields" value="307"  /><input type="hidden" name=".cgifields" value="314"  /><input 
Action.c(79):     type="hidden" name=".cgifields" value="154"  /><input type="hidden" name=".cgifields" valu
Action.c(79):     e="355"  /><input type="hidden" name=".cgifields" value="553"  /><input type="hidden" name
Action.c(79):     =".cgifields" value="159"  /><input type="hidden" name=".cgifields" value="479"  /><input 
Action.c(79):     type="hidden" name=".cgifields" value="326"  /><input type="hidden" name=".cgifields" valu
Action.c(79):     e="555"  /><input type="hidden" name=".cgifields" value="47"  /><input type="hidden" name=
Action.c(79):     ".cgifields" value="37"  /><input type="hidden" name=".cgifields" value="335"  /><input ty
Action.c(79):     pe="hidden" name=".cgifields" value="270"  /><input type="hidden" name=".cgifields" value=
Action.c(79):     "5"  /><input type="hidden" name=".cgifields" value="195"  /><input type="hidden" name=".c
Action.c(79):     gifields" value="538"  /><input type="hidden" name=".cgifields" value="524"  /><input type
Action.c(79):     ="hidden" name=".cgifields" value="554"  /><input type="hidden" name=".cgifields" value="5
Action.c(79):     52"  /><input type="hidden" name=".cgifields" value="521"  /><input type="hidden" name=".c
Action.c(79):     gifields" value="598"  /><input type="hidden" name=".cgifields" value="162"  /><input type
Action.c(79):     ="hidden" name=".cgifields" value="433"  /><input type="hidden" name=".cgifields" value="7
Action.c(79):     4"  /><input type="hidden" name=".cgifields" value="240"  /><input type="hidden" name=".cg
Action.c(79):     ifields" value="334"  /><input type="hidden" name=".cgifields" value="440"  /><input type=
Action.c(79):     "hidden" name=".cgifields" value="230"  /><input type="hidden" name=".cgifields" value="11
Action.c(79):     5"  /><input type="hidden" name=".cgifields" value="299"  /><input type="hidden" name=".cg
Action.c(79):     ifields" value="377"  /><input type="hidden" name=".cgifields" value="103"  /><input type=
Action.c(79):     "hidden" name=".cgifields" value="602"  /><input type="hidden" name=".cgifields" value="20
Action.c(79):     1"  /><input type="hidden" name=".cgifields" value="423"  /><input type="hidden" name=".cg
Action.c(79):     ifields" value="612"  /><input type="hidden" name=".cgifields" value="91"  /><input type="
Action.c(79):     hidden" name=".cgifields" value="266"  /><input type="hidden" name=".cgifields" value="467
Action.c(79):     "  /><input type="hidden" name=".cgifields" value="174"  /><input type="hidden" name=".cgi
Action.c(79):     fields" value="474"  /><input type="hidden" name=".cgifields" value="481"  /><input type="
Action.c(79):     hidden" name=".cgifields" value="214"  /><input type="hidden" name=".cgifields" value="422
Action.c(79):     "  /><input type="hidden" name=".cgifields" value="564"  /><input type="hidden" name=".cgi
Action.c(79):     fields" value="563"  /><input type="hidden" name=".cgifields" value="97"  /><input type="h
Action.c(79):     idden" name=".cgifields" value="41"  /><input type="hidden" name=".cgifields" value="52"  
Action.c(79):     /><input type="hidden" name=".cgifields" value="302"  /><input type="hidden" name=".cgifie
Action.c(79):     lds" value="229"  /><input type="hidden" name=".cgifields" value="503"  /><input type="hid
Action.c(79):     den" name=".cgifields" value="593"  /><input type="hidden" name=".cgifields" value="68"  /
Action.c(79):     ><input type="hidden" name=".cgifields" value="
Action.c(79): t=1521070ms: 6-byte chunked response overhead for "http://127.0.0.1:1080/cgi-bin/itinerary.pl" (RelFrameId=1.2, Internal ID=16386)
Action.c(79):     \r\n
Action.c(79):     82\r\n
Action.c(79): t=1521070ms: 7-byte chunked response overhead for "http://127.0.0.1:1080/cgi-bin/itinerary.pl" (RelFrameId=1.2, Internal ID=16386)
Action.c(79):     \r\n
Action.c(79):     0\r\n
Action.c(79):     \r\n
Action.c(79): t=1521070ms: 9952-byte chunked response body for "http://127.0.0.1:1080/cgi-bin/itinerary.pl" (RelFrameId=1.2, Internal ID=16386)
Action.c(79):     188"  /><input type="hidden" name=".cgifields" value="315"  /><input type="hidden" name=".
Action.c(79):     cgifields" value="402"  /><input type="hidden" name=".cgifields" value="338"  /><input typ
Action.c(79):     e="hidden" name=".cgifields" value="576"  /><input type="hidden" name=".cgifields" value="
Action.c(79):     222"  /><input type="hidden" name=".cgifields" value="25"  /><input type="hidden" name=".c
Action.c(79):     gifields" value="83"  /><input type="hidden" name=".cgifields" value="484"  /><input type=
Action.c(79):     "hidden" name=".cgifields" value="305"  /><input type="hidden" name=".cgifields" value="54
Action.c(79):     4"  /><input type="hidden" name=".cgifields" value="217"  /><input type="hidden" name=".cg
Action.c(79):     ifields" value="328"  /><input type="hidden" name=".cgifields" value="239"  /><input type=
Action.c(79):     "hidden" name=".cgifields" value="122"  /><input type="hidden" name=".cgifields" value="14
Action.c(79):     3"  /><input type="hidden" name=".cgifields" value="158"  /><input type="hidden" name=".cg
Action.c(79):     ifields" value="269"  /><input type="hidden" name=".cgifields" value="281"  /><input type=
Action.c(79):     "hidden" name=".cgifields" value="464"  /><input type="hidden" name=".cgifields" value="36
Action.c(79):     3"  /><input type="hidden" name=".cgifields" value="46"  /><input type="hidden" name=".cgi
Action.c(79):     fields" value="6"  /><input type="hidden" name=".cgifields" value="562"  /><input type="hi
Action.c(79):     dden" name=".cgifields" value="36"  /><input type="hidden" name=".cgifields" value="518"  
Action.c(79):     /><input type="hidden" name=".cgifields" value="183"  /><input type="hidden" name=".cgifie
Action.c(79):     lds" value="497"  /><input type="hidden" name=".cgifields" value="472"  /><input type="hid
Action.c(79):     den" name=".cgifields" value="362"  /><input type="hidden" name=".cgifields" value="439"  
Action.c(79):     /><input type="hidden" name=".cgifields" value="317"  /><input type="hidden" name=".cgifie
Action.c(79):     lds" value="608"  /><input type="hidden" name=".cgifields" value="132"  /><input type="hid
Action.c(79):     den" name=".cgifields" value="169"  /><input type="hidden" name=".cgifields" value="411"  
Action.c(79):     /><input type="hidden" name=".cgifields" value="478"  /><input type="hidden" name=".cgifie
Action.c(79):     lds" value="384"  /><input type="hidden" name=".cgifields" value="398"  /><input type="hid
Action.c(79):     den" name=".cgifields" value="546"  /><input type="hidden" name=".cgifields" value="537"  
Action.c(79):     /><input type="hidden" name=".cgifields" value="407"  /><input type="hidden" name=".cgifie
Action.c(79):     lds" value="18"  /><input type="hidden" name=".cgifields" value="376"  /><input type="hidd
Action.c(79):     en" name=".cgifields" value="522"  /><input type="hidden" name=".cgifields" value="125"  /
Action.c(79):     ><input type="hidden" name=".cgifields" value="599"  /><input type="hidden" name=".cgifiel
Action.c(79):     ds" value="44"  /><input type="hidden" name=".cgifields" value="609"  /><input type="hidde
Action.c(79):     n" name=".cgifields" value="587"  /><input type="hidden" name=".cgifields" value="190"  />
Action.c(79):     <input type="hidden" name=".cgifields" value="95"  /><input type="hidden" name=".cgifields
Action.c(79):     " value="298"  /><input type="hidden" name=".cgifields" value="601"  /><input type="hidden
Action.c(79):     " name=".cgifields" value="313"  /><input type="hidden" name=".cgifields" value="243"  /><
Action.c(79):     input type="hidden" name=".cgifields" value="231"  /><input type="hidden" name=".cgifields
Action.c(79):     " value="551"  /><input type="hidden" name=".cgifields" value="529"  /><input type="hidden
Action.c(79):     " name=".cgifields" value="148"  /><input type="hidden" name=".cgifields" value="343"  /><
Action.c(79):     input type="hidden" name=".cgifields" value="504"  /><input type="hidden" name=".cgifields
Action.c(79):     " value="397"  /><input type="hidden" name=".cgifields" value="106"  /><input type="hidden
Action.c(79):     " name=".cgifields" value="157"  /><input type="hidden" name=".cgifields" value="65"  /><i
Action.c(79):     nput type="hidden" name=".cgifields" value="203"  /><input type="hidden" name=".cgifields"
Action.c(79):      value="261"  /><input type="hidden" name=".cgifields" value="81"  /><input type="hidden" 
Action.c(79):     name=".cgifields" value="321"  /><input type="hidden" name=".cgifields" value="459"  /><in
Action.c(79):     put type="hidden" name=".cgifields" value="86"  /><input type="hidden" name=".cgifields" v
Action.c(79):     alue="284"  /><input type="hidden" name=".cgifields" value="247"  /><input type="hidden" n
Action.c(79):     ame=".cgifields" value="371"  /><input type="hidden" name=".cgifields" value="204"  /><inp
Action.c(79):     ut type="hidden" name=".cgifields" value="165"  /><input type="hidden" name=".cgifields" v
Action.c(79):     alue="289"  /><input type="hidden" name=".cgifields" value="2"  /><input type="hidden" nam
Action.c(79):     e=".cgifields" value="435"  /><input type="hidden" name=".cgifields" value="401"  /><input
Action.c(79):      type="hidden" name=".cgifields" value="186"  /><input type="hidden" name=".cgifields" val
Action.c(79):     ue="147"  /><input type="hidden" name=".cgifields" value="339"  /><input type="hidden" nam
Action.c(79):     e=".cgifields" value="228"  /><input type="hidden" name=".cgifields" value="531"  /><input
Action.c(79):      type="hidden" name=".cgifields" value="268"  /><input type="hidden" name=".cgifields" val
Action.c(79):     ue="345"  /><input type="hidden" name=".cgifields" value="596"  /><input type="hidden" nam
Action.c(79):     e=".cgifields" value="172"  /><input type="hidden" name=".cgifields" value="319"  /><input
Action.c(79):      type="hidden" name=".cgifields" value="223"  /><input type="hidden" name=".cgifields" val
Action.c(79):     ue="404"  /><input type="hidden" name=".cgifields" value="613"  /><input type="hidden" nam
Action.c(79):     e=".cgifields" value="516"  /><input type="hidden" name=".cgifields" value="282"  /><input
Action.c(79):      type="hidden" name=".cgifields" value="420"  /><input type="hidden" name=".cgifields" val
Action.c(79):     ue="121"  /><input type="hidden" name=".cgifields" value="344"  /><input type="hidden" nam
Action.c(79):     e=".cgifields" value="487"  /><input type="hidden" name=".cgifields" value="494"  /><input
Action.c(79):      type="hidden" name=".cgifields" value="238"  /><input type="hidden" name=".cgifields" val
Action.c(79):     ue="577"  /><input type="hidden" name=".cgifields" value="253"  /><input type="hidden" nam
Action.c(79):     e=".cgifields" value="561"  /><input type="hidden" name=".cgifields" value="448"  /><input
Action.c(79):      type="hidden" name=".cgifields" value="209"  /><input type="hidden" name=".cgifields" val
Action.c(79):     ue="216"  /><input type="hidden" name=".cgifields" value="357"  /><input type="hidden" nam
Action.c(79):     e=".cgifields" value="117"  /><input type="hidden" name=".cgifields" value="63"  /><input 
Action.c(79):     type="hidden" name=".cgifields" value="455"  /><input type="hidden" name=".cgifields" valu
Action.c(79):     e="600"  /><input type="hidden" name=".cgifields" value="80"  /><input type="hidden" name=
Action.c(79):     ".cgifields" value="336"  /><input type="hidden" name=".cgifields" value="457"  /><input t
Action.c(79):     ype="hidden" name=".cgifields" value="179"  /><input type="hidden" name=".cgifields" value
Action.c(79):     ="383"  /><input type="hidden" name=".cgifields" value="297"  /><input type="hidden" name=
Action.c(79):     ".cgifields" value="277"  /><input type="hidden" name=".cgifields" value="92"  /><input ty
Action.c(79):     pe="hidden" name=".cgifields" value="10"  /><input type="hidden" name=".cgifields" value="
Action.c(79):     550"  /><input type="hidden" name=".cgifields" value="505"  /><input type="hidden" name=".
Action.c(79):     cgifields" value="419"  /><input type="hidden" name=".cgifields" value="133"  /><input typ
Action.c(79):     e="hidden" name=".cgifields" value="290"  /><input type="hidden" name=".cgifields" value="
Action.c(79):     592"  /><input type="hidden" name=".cgifields" value="149"  /><input type="hidden" name=".
Action.c(79):     cgifields" value="123"  /><input type="hidden" name=".cgifields" value="304"  /><input typ
Action.c(79):     e="hidden" name=".cgifields" value="547"  /><input type="hidden" name=".cgifields" value="
Action.c(79):     210"  /><input type="hidden" name=".cgifields" value="406"  /><input type="hidden" name=".
Action.c(79):     cgifields" value="258"  /><input type="hidden" name=".cgifields" value="396"  /><input typ
Action.c(79):     e="hidden" name=".cgifields" value="482"  /><input type="hidden" name=".cgifields" value="
Action.c(79):     173"  /><input type="hidden" name=".cgifields" value="530"  /><input type="hidden" name=".
Action.c(79):     cgifields" value="56"  /><input type="hidden" name=".cgifields" value="499"  /><input type
Action.c(79):     ="hidden" name=".cgifields" value="66"  /><input type="hidden" name=".cgifields" value="19
Action.c(79):     "  /><input type="hidden" name=".cgifields" value="54"  /><input type="hidden" name=".cgif
Action.c(79):     ields" value="365"  /><input type="hidden" name=".cgifields" value="306"  /><input type="h
Action.c(79):     idden" name=".cgifields" value="70"  /><input type="hidden" name=".cgifields" value="470" 
Action.c(79):      /><input type="hidden" name=".cgifields" value="166"  /><input type="hidden" name=".cgifi
Action.c(79):     elds" value="88"  /><input type="hidden" name=".cgifields" value="141"  /><input type="hid
Action.c(79):     den" name=".cgifields" value="30"  /><input type="hidden" name=".cgifields" value="570"  /
Action.c(79):     ><input type="hidden" name=".cgifields" value="403"  /><input type="hidden" name=".cgifiel
Action.c(79):     ds" value="252"  /><input type="hidden" name=".cgifields" value="466"  /><input type="hidd
Action.c(79):     en" name=".cgifields" value="156"  /><input type="hidden" name=".cgifields" value="134"  /
Action.c(79):     ><input type="hidden" name=".cgifields" value="75"  /><input type="hidden" name=".cgifield
Action.c(79):     s" value="283"  /><input type="hidden" name=".cgifields" value="59"  /><input type="hidden
Action.c(79):     " name=".cgifields" value="421"  /><input type="hidden" name=".cgifields" value="450"  /><
Action.c(79):     input type="hidden" name=".cgifields" value="271"  /><input type="hidden" name=".cgifields
Action.c(79):     " value="491"  /><input type="hidden" name=".cgifields" value="219"  /><input type="hidden
Action.c(79):     " name=".cgifields" value="318"  /><input type="hidden" name=".cgifields" value="13"  /><i
Action.c(79):     nput type="hidden" name=".cgifields" value="105"  /><input type="hidden" name=".cgifields"
Action.c(79):      value="473"  /><input type="hidden" name=".cgifields" value="185"  /><input type="hidden"
Action.c(79):      name=".cgifields" value="3"  /><input type="hidden" name=".cgifields" value="597"  /><inp
Action.c(79):     ut type="hidden" name=".cgifields" value="248"  /><input type="hidden" name=".cgifields" v
Action.c(79):     alue="390"  /><input type="hidden" name=".cgifields" value="146"  /><input type="hidden" n
Action.c(79):     ame=".cgifields" value="111"  /><input type="hidden" name=".cgifields" value="38"  /><inpu
Action.c(79):     t type="hidden" name=".cgifields" value="356"  /><input type="hidden" name=".cgifields" va
Action.c(79):     lue="408"  /><input type="hidden" name=".cgifields" value="4"  /><input type="hidden" name
Action.c(79):     =".cgifields" value="528"  /><input type="hidden" name=".cgifields" value="164"  /><input 
Action.c(79):     type="hidden" name=".cgifields" value="196"  /><input type="hidden" name=".cgifields" valu
Action.c(79):     e="242"  /></div></form>\n
Action.c(79):     \n
Action.c(79):     </center>\n
Action.c(79):     \n
Action.c(79):     </body>\n
Action.c(79):     </html>
Action.c(79): t=1521070ms: Request done "http://127.0.0.1:1080/cgi-bin/itinerary.pl"  	[MsgId: MMSG-26000]
Action.c(79): t=1521070ms: Already connected [0] to 127.0.0.1:1080  	[MsgId: MMSG-26000]
Action.c(79): t=1521070ms: 462-byte request headers for "http://127.0.0.1:1080/WebTours/images/cancelreservation.gif" (RelFrameId=, Internal ID=16389)
Action.c(79):     GET /WebTours/images/cancelreservation.gif HTTP/1.1\r\n
Action.c(79):     Referer: http://127.0.0.1:1080/cgi-bin/itinerary.pl\r\n
Action.c(79):     User-Agent: Mozilla/5.0 (Windows NT 10.0; WOW64; Trident/7.0; Touch; rv:11.0) like Gecko\r
Action.c(79):     \n
Action.c(79):     Accept-Encoding: gzip, deflate\r\n
Action.c(79):     Accept-Language: en-US,en;q=0.7,ru;q=0.3\r\n
Action.c(79):     Accept: */*\r\n
Action.c(79):     Connection: Keep-Alive\r\n
Action.c(79):     Host: 127.0.0.1:1080\r\n
Action.c(79):     Cookie: MSO=SID&1631483390; MTUserInfo=firstName&&address2&&username&jojo4&hash&84&lastNam
Action.c(79):     e&%0A&address1&&creditCard&&expDate&%0A\r\n
Action.c(79):     \r\n
Action.c(79): t=1521070ms: Already connected [1] to 127.0.0.1:1080  	[MsgId: MMSG-26000]
Action.c(79): t=1521070ms: 466-byte request headers for "http://127.0.0.1:1080/WebTours/images/cancelallreservations.gif" (RelFrameId=, Internal ID=16390)
Action.c(79):     GET /WebTours/images/cancelallreservations.gif HTTP/1.1\r\n
Action.c(79):     Referer: http://127.0.0.1:1080/cgi-bin/itinerary.pl\r\n
Action.c(79):     User-Agent: Mozilla/5.0 (Windows NT 10.0; WOW64; Trident/7.0; Touch; rv:11.0) like Gecko\r
Action.c(79):     \n
Action.c(79):     Accept-Encoding: gzip, deflate\r\n
Action.c(79):     Accept-Language: en-US,en;q=0.7,ru;q=0.3\r\n
Action.c(79):     Accept: */*\r\n
Action.c(79):     Connection: Keep-Alive\r\n
Action.c(79):     Host: 127.0.0.1:1080\r\n
Action.c(79):     Cookie: MSO=SID&1631483390; MTUserInfo=firstName&&address2&&username&jojo4&hash&84&lastNam
Action.c(79):     e&%0A&address1&&creditCard&&expDate&%0A\r\n
Action.c(79):     \r\n
Action.c(79): t=1521070ms: 297-byte response headers for "http://127.0.0.1:1080/WebTours/images/cancelreservation.gif" (RelFrameId=, Internal ID=16389)
Action.c(79):     HTTP/1.1 200 OK\r\n
Action.c(79):     Date: Sun, 12 Sep 2021 21:49:51 GMT\r\n
Action.c(79):     Server: Apache/2.2.21 (Win32)\r\n
Action.c(79):     Last-Modified: Thu, 12 Jan 2012 12:30:28 GMT\r\n
Action.c(79):     ETag: "1000000043599-33f-4b653e9ce6100"\r\n
Action.c(79):     Accept-Ranges: bytes\r\n
Action.c(79):     Content-Length: 831\r\n
Action.c(79):     Keep-Alive: timeout=5, max=93\r\n
Action.c(79):     Connection: Keep-Alive\r\n
Action.c(79):     Content-Type: image/gif\r\n
Action.c(79):     \r\n
Action.c(79): t=1521070ms: 831-byte response body for "http://127.0.0.1:1080/WebTours/images/cancelreservation.gif" (RelFrameId=, Internal ID=16389)
Action.c(79): t=1521070ms: Request done "http://127.0.0.1:1080/WebTours/images/cancelreservation.gif"  	[MsgId: MMSG-26000]
Action.c(79): t=1521070ms: 297-byte response headers for "http://127.0.0.1:1080/WebTours/images/home.gif" (RelFrameId=, Internal ID=16388)
Action.c(79):     HTTP/1.1 200 OK\r\n
Action.c(79):     Date: Sun, 12 Sep 2021 21:49:51 GMT\r\n
Action.c(79):     Server: Apache/2.2.21 (Win32)\r\n
Action.c(79):     Last-Modified: Thu, 12 Jan 2012 12:30:28 GMT\r\n
Action.c(79):     ETag: "10000000435a4-2b0-4b653e9ce6100"\r\n
Action.c(79):     Accept-Ranges: bytes\r\n
Action.c(79):     Content-Length: 688\r\n
Action.c(79):     Keep-Alive: timeout=5, max=98\r\n
Action.c(79):     Connection: Keep-Alive\r\n
Action.c(79):     Content-Type: image/gif\r\n
Action.c(79):     \r\n
Action.c(79): t=1521070ms: 688-byte response body for "http://127.0.0.1:1080/WebTours/images/home.gif" (RelFrameId=, Internal ID=16388)
Action.c(79): t=1521070ms: Request done "http://127.0.0.1:1080/WebTours/images/home.gif"  	[MsgId: MMSG-26000]
Action.c(79): t=1521070ms: 297-byte response headers for "http://127.0.0.1:1080/WebTours/images/cancelallreservations.gif" (RelFrameId=, Internal ID=16390)
Action.c(79):     HTTP/1.1 200 OK\r\n
Action.c(79):     Date: Sun, 12 Sep 2021 21:49:51 GMT\r\n
Action.c(79):     Server: Apache/2.2.21 (Win32)\r\n
Action.c(79):     Last-Modified: Thu, 12 Jan 2012 12:30:28 GMT\r\n
Action.c(79):     ETag: "1000000043592-2e6-4b653e9ce6100"\r\n
Action.c(79):     Accept-Ranges: bytes\r\n
Action.c(79):     Content-Length: 742\r\n
Action.c(79):     Keep-Alive: timeout=5, max=96\r\n
Action.c(79):     Connection: Keep-Alive\r\n
Action.c(79):     Content-Type: image/gif\r\n
Action.c(79):     \r\n
Action.c(79): t=1521070ms: 742-byte response body for "http://127.0.0.1:1080/WebTours/images/cancelallreservations.gif" (RelFrameId=, Internal ID=16390)
Action.c(79): t=1521070ms: Request done "http://127.0.0.1:1080/WebTours/images/cancelallreservations.gif"  	[MsgId: MMSG-26000]
Action.c(79): web_url("Itinerary Button") was successful, 775121 body bytes, 1913 header bytes, 1474 chunking overhead bytes  	[MsgId: MMSG-26385]
Action.c(88): Notify: Transaction "Delete_Ticket_Button" ended with a "Pass" status (Duration: 0.8750).	[MsgId: MMSG-16873]
Action.c(91): Notify: Transaction "UC_1_6_Login_megatransaction" ended with a "Pass" status (Duration: 2.6403).	[MsgId: MMSG-16873]
Ending action Action.	[MsgId: MMSG-15918]
Action was aborted.	[MsgId: MMSG-10694]
Ending Vuser...	[MsgId: MMSG-15966]
Starting action vuser_end.	[MsgId: MMSG-15919]
Ending action vuser_end.	[MsgId: MMSG-15918]
Vuser Terminated.	[MsgId: MMSG-15963]
t=1521070ms: Closed connection [0] to 127.0.0.1:1080 after completing 8 request(s)  	[MsgId: MMSG-26000]
t=1521086ms: Closed connection [1] to 127.0.0.1:1080 after completing 5 request(s)  	[MsgId: MMSG-26000]
t=1521086ms: Closed connection [2] to 127.0.0.1:1080 after completing 4 request(s)  	[MsgId: MMSG-26000]
t=1521086ms: Closed connection [3] to 127.0.0.1:1080 after completing 3 request(s)  	[MsgId: MMSG-26000]
t=1521086ms: Closed connection [4] to 127.0.0.1:1080 after completing 1 request(s)  	[MsgId: MMSG-26000]
t=1521086ms: Closed connection [5] to 127.0.0.1:1080 after completing 1 request(s)  	[MsgId: MMSG-26000]
HTML-Mode memory management statistics: Reusable=132, NonReusable=0, CsMemBlockSize=4096, checks disabled  	[MsgId: MMSG-26000]
Vuser 0 (thread 6264), ended OK."	[MsgId: MMSG-10695]
