Action.c(79):       <TD width="5%" rowspan="2" align="left" valign="top">\n
Action.c(79):     <b>\n
Action.c(79):     <label><input type="checkbox" name="755" value="on" /></label></font></b>\n
Action.c(79):     <input type="hidden" name="flightID" value="342919036-5808229-JH"  />\n
Action.c(79):       </TD>\n
Action.c(79):       <TD width="45%" valign="top">\n
Action.c(79):           <b>&nbsp;&nbsp;7 Coach class tickets for :</b><br/>\n
Action.c(79):           <center><table border="0" width="85%"><tr><td>\n
Action.c(79):           <li><i>Droid R2-D2      <li><i>Droid C3-PO      <li><i>Han Solo      <li><i>Anakin S
Action.c(79):     kywalker      <li><i>Admiral Piett      <li><i>Luke Skywalker      <li><i>Jango Fett\n
Action.c(79):           <li><i></i>\n
Action.c(79):           </td></tr></table></center>\n
Action.c(79):       </TD>\n
Action.c(79):       <TD width="5%" >.<br/>.<br/>.<br/>.</TD>\n
Action.c(79):       <TD width="45%" valign=top><b>Invoice sent to:</b><br/>\n
Action.c(79):           <center>\n
Action.c(79):           <Table width="80%" cellspacing="0" > <tr> <td>\n
Action.c(79):               Jabba Hutt\n
Action.c(79):     <br/>\n
Action.c(79):               address9<br/>\n
Action.c(79):               address09<br/>\n
Action.c(79):               <br/>\n
Action.c(79):               Total Charge: $ 6986 <BR/> (CC: x-9258)\n
Action.c(79):           </td> </tr> </table>\n
Action.c(79):           </center>\n
Action.c(79):       </TD>\n
Action.c(79):     </TR>\n
Action.c(79):     <TR bgcolor="#EFF2F7">\n
Action.c(79):       <TD COLSPAN="3">\n
Action.c(79):       <b>Flight Details:</b><BR/>  <center>\n
Action.c(79):       09/16/2021\n
Action.c(79):      :  11pm : Flight 813 leaves Sydney  for Frankfurt.<br>  </center>\n
Action.c(79):       </TD>\n
Action.c(79):     </TR>\n
Action.c(79):     \n
Action.c(79):     <TR bgcolor="#EFF2F7">\n
Action.c(79):       <TD COLSPAN="4">\n
Action.c(79):       <hr/>\n
Action.c(79):       </TD>\n
Action.c(79):     </TR>\n
Action.c(79):     \n
Action.c(79):     <!-- Flight #1 -->\n
Action.c(79):     <TR bgcolor="#EFF2F7">\n
Action.c(79):       <TD width="5%" rowspan="2" align="left" valign="top">\n
Action.c(79):     <b>\n
Action.c(79):     <label><input type="checkbox" name="756" value="on" /></label></font></b>\n
Action.c(79):     <input type="hidden" name="flightID" value="236067185-5815845-JH"  />\n
Action.c(79):       </TD>\n
Action.c(79):       <TD width="45%" valign="top">\n
Action.c(79):           <b>&nbsp;&nbsp;6 Coach class tickets for :</b><br/>\n
Action.c(79):           <center><table border="0" width="85%"><tr><td>\n
Action.c(79):           <li><i>Droid R2-D2      <li><i>Droid C3-PO      <li><i>Han Solo      <li><i>Anakin S
Action.c(79):     kywalker      <li><i>Admiral Piett      <li><i>Luke Skywalker\n
Action.c(79):           <li><i></i>\n
Action.c(79):           </td></tr></table></center>\n
Action.c(79):       </TD>\n
Action.c(79):       <TD width="5%" >.<br/>.<br/>.<br/>.</TD>\n
Action.c(79):       <TD width="45%" valign=top><b>Invoice sent to:</b><br/>\n
Action.c(79):           <center>\n
Action.c(79):           <Table width="80%" cellspacing="0" > <tr> <td>\n
Action.c(79):               Jabba Hutt\n
Action.c(79):     <br/>\n
Action.c(79):               address9<br/>\n
Action.c(79):               address09<br/>\n
Action.c(79):               <br/>\n
Action.c(79):               Total Charge: $ 5988 <BR/> (CC: x-6373)\n
Action.c(79):           </td> </tr> </table>\n
Action.c(79):           </center>\n
Action.c(79):       </TD>\n
Action.c(79):     </TR>\n
Action.c(79):     <TR bgcolor="#EFF2F7">\n
Action.c(79):       <TD COLSPAN="3">\n
Action.c(79):       <b>Flight Details:</b><BR/>  <center>\n
Action.c(79):       09/16/2021\n
Action.c(79):      :  11pm : Flight 813 leaves Sydney  for Frankfurt.<br>  </center>\n
Action.c(79):       </TD>\n
Action.c(79):     </TR>\n
Action.c(79):     \n
Action.c(79):     <TR bgcolor="#EFF2F7">\n
Action.c(79):       <TD COLSPAN="4">\n
Action.c(79):       <hr/>\n
Action.c(79):       </TD>\n
Action.c(79):     </TR>\n
Action.c(79):     \n
Action.c(79):     <!-- Flight #1 -->\n
Action.c(79):     <TR bgcolor="#EFF2F7">\n
Action.c(79):       <TD width="5%" rowspan="2" align="left" valign="top">\n
Action.c(79):     <b>\n
Action.c(79):     <label><input type="checkbox" name="757" value="on" /></label></font></b>\n
Action.c(79):     <input type="hidden" name="flightID" value="1420300783-5823520-JH"  />\n
Action.c(79):       </TD>\n
Action.c(79):       <TD width="45%" valign="top">\n
Action.c(79):           <b>&nbsp;&nbsp;5 Coach class tickets for :</b><br/>\n
Action.c(79):           <center><table border="0" width="85%"><tr><td>\n
Action.c(79):           <li><i>Droid R2-D2      <li><i>Droid C3-PO      <li><i>Han Solo      <li><i>Anakin S
Action.c(79):     kywalker      <li><i>Admiral Piett\n
Action.c(79):           <li><i></i>\n
Action.c(79):           </td></tr></table></center>\n
Action.c(79):       </TD>\n
Action.c(79):       <TD width="5%" >.<br/>.<br/>.<br/>.</TD>\n
Action.c(79):       <TD width="45%" valign=top><b>Invoice sent to:</b><br/>\n
Action.c(79):           <center>\n
Action.c(79):           <Table width="80%" cellspacing="0" > <tr> <td>\n
Action.c(79):               Jabba Hutt\n
Action.c(79):     <br/>\n
Action.c(79):               address9<br/>\n
Action.c(79):               address09<br/>\n
Action.c(79):               <br/>\n
Action.c(79):               Total Charge: $ 5765 <BR/> (CC: x-3834)\n
Action.c(79):           </td> </tr> </table>\n
Action.c(79):           </center>\n
Action.c(79):       </TD>\n
Action.c(79):     </TR>\n
Action.c(79):     <TR bgcolor="#EFF2F7">\n
Action.c(79):       <TD COLSPAN="3">\n
Action.c(79):       <b>Flight Details:</b><BR/>  <center>\n
Action.c(79):       09/16/2021\n
Action.c(79):      :  5pm : Flight 812 leaves Sydney  for Frankfurt.<br>  </center>\n
Action.c(79):       </TD>\n
Action.c(79):     </TR>\n
Action.c(79):     \n
Action.c(79):     <TR bgcolor="#EFF2F7">\n
Action.c(79):       <TD COLSPAN="4">\n
Action.c(79):       <hr/>\n
Action.c(79):       </TD>\n
Action.c(79):     </TR>\n
Action.c(79):     \n
Action.c(79):     <!-- Flight #1 -->\n
Action.c(79):     <TR bgcolor="#EFF2F7">\n
Action.c(79):       <TD width="5%" rowspan="2" align="left" valign="top">\n
Action.c(79):     <b>\n
Action.c(79):     <label><input type="checkbox" name="758" value="on" /></label></font></b>\n
Action.c(79):     <input type="hidden" name="flightID" value="2394004487-5831124-JH"  />\n
Action.c(79):       </TD>\n
Action.c(79):       <TD width="45%" valign="top">\n
Action.c(79):           <b>&nbsp;&nbsp;4 Coach class tickets for :</b><br/>\n
Action.c(79):           <center><table border="0" width="85%"><tr><td>\n
Action.c(79):           <li><i>Droid R2-D2      <li><i>Droid C3-PO      <li><i>Han Solo      <li><i>Anakin S
Action.c(79):     kywalker\n
Action.c(79):           <li><i></i>\n
Action.c(79):           </td></tr></table></center>\n
Action.c(79):       </TD>\n
Action.c(79):       <TD width="5%" >.<br/>.<br/>.<br/>.</TD>\n
Action.c(79):       <TD width="45%" valign=top><b>Invoice sent to:</b><br/>\n
Action.c(79):           <center>\n
Action.c(79):           <Table width="80%" cellspacing="0" > <tr> <td>\n
Action.c(79):               Jabba Hutt\n
Action.c(79):     <br/>\n
Action.c(79):               address9<br/>\n
Action.c(79):               address09<br/>\n
Action.c(79):               <br/>\n
Action.c(79):               Total Charge: $ 4612 <BR/> (CC: x-6463)\n
Action.c(79):           </td> </tr> </table>\n
Action.c(79):           </center>\n
Action.c(79):       </TD>\n
Action.c(79):     </TR>\n
Action.c(79):     <TR bgcolor="#EFF2F7">\n
Action.c(79):       <TD COLSPAN="3">\n
Action.c(79):       <b>Flight Details:</b><BR/>  <center>\n
Action.c(79):       09/16/2021\n
Action.c(79):      :  5pm : Flight 812 leaves Sydney  for Frankfurt.<br>  </center>\n
Action.c(79):       </TD>\n
Action.c(79):     </TR>\n
Action.c(79):     \n
Action.c(79):     <TR bgcolor="#EFF2F7">\n
Action.c(79):       <TD COLSPAN="4">\n
Action.c(79):       <hr/>\n
Action.c(79):       </TD>\n
Action.c(79):     </TR>\n
Action.c(79):     <TR>\n
Action.c(79):        <TD align="center" COLSPAN="4">\n
Action.c(79):        <b>A total of 758 scheduled flights.</font></b>\n
Action.c(79):        </TD>\n
Action.c(79):     </TR>\n
Action.c(79):     </TABLE>\n
Action.c(79):     \n
Action.c(79):     <TABLE WIDTH="87%" BORDER="0" CELLSPACING="0">\n
Action.c(79):     <TR>\n
Action.c(79):     <TD align="left" width="50%" >\n
Action.c(79):     <input type="image" name="removeFlights" src="/WebTours/images/cancelreservation.gif" bord
Action.c(79):     er="0" /></TD>\n
Action.c(79):     <TD align="right" width="50%" >\n
Action.c(79):     <input type="image" name="removeAllFlights" src="/WebTours/images/cancelallreservations.gi
Action.c(79):     f" border="0" /></TD>\n
Action.c(79):     </TABLE>\n
Action.c(79):     \n
Action.c(79):     <div><input type="hidden" name=".cgifields" value="559"  /><input type="hidden" name=".cgi
Action.c(79):     fields" value="127"  /><input type="hidden" name=".cgifields" value="32"  /><input type="h
Action.c(79):     idden" name=".cgifields" value="443"  /><input type="hidden" name=".cgifields" value="206"
Action.c(79):       /><input type="hidden" name=".cgifields" value="118"  /><input type="hidden" name=".cgif
Action.c(79):     ields" value="71"  /><input type="hidden" name=".cgifields" value="358"  /><input type="hi
Action.c(79):     dden" name=".cgifields" value="331"  /><input type="hidden" name=".cgifields" value="737" 
Action.c(79):      /><input type="hidden" name=".cgifields" value="560"  /><input type="hidden" name=".cgifi
Action.c(79):     elds" value="580"  /><input type="hidden" name=".cgifields" value="84"  /><input type="hid
Action.c(79):     den" name=".cgifields" value="512"  /><input type="hidden" name=".cgifields" value="437"  
Action.c(79):     /><input type="hidden" name=".cgifields" value="463"  /><input type="hidden" name=".cgifie
Action.c(79):     lds" value="194"  /><input type="hidden" name=".cgifields" value="517"  /><input type="hid
Action.c(79):     den" name=".cgifields" value="458"  /><input type="hidden" name=".cgifields" value="451"  
Action.c(79):     /><input type="hidden" name=".cgifields" value="220"  /><input type="hidden" name=".cgifie
Action.c(79):     lds" value="454"  /><input type="hidden" name=".cgifields" value="722"  /><input type="hid
Action.c(79):     den" name=".cgifields" value="634"  /><input type="hidden" name=".cgifields" value="31"  /
Action.c(79):     ><input type="hidden" name=".cgifields" value="578"  /><input type="hidden" name=".cgifiel
Action.c(79):     ds" value="695"  /><input type="hidden" name=".cgifields" value="728"  /><input type="hidd
Action.c(79):     en" name=".cgifields" value="742"  /><input type="hidden" name=".cgifields" value="378"  /
Action.c(79):     ><input type="hidden" name=".cgifields" value="325"  /><input type="hidden" name=".cgifiel
Action.c(79):     ds" value="29"  /><input type="hidden" name=".cgifields" value="572"  /><input type="hidde
Action.c(79):     n" name=".cgifields" value="350"  /><input type="hidden" name=".cgifields" value="675"  />
Action.c(79):     <input type="hidden" name=".cgifields" value="540"  /><input type="hidden" name=".cgifield
Action.c(79):     s" value="226"  /><input type="hidden" name=".cgifields" value="58"  /><input type="hidden
Action.c(79):     " name=".cgifields" value="684"  /><input type="hidden" name=".cgifields" value="211"  /><
Action.c(79):     input type="hidden" name=".cgifields" value="153"  /><input type="hidden" name=".cgifields
Action.c(79):     " value="15"  /><input type="hidden" name=".cgifields" value="527"  /><input type="hidden"
Action.c(79):      name=".cgifields" value="431"  /><input type="hidden" name=".cgifields" value="382"  /><i
Action.c(79):     nput type="hidden" name=".cgifields" value="337"  /><input type="hidden" name=".cgifields"
Action.c(79):      value="101"  /><input type="hidden" name=".cgifields" value="340"  /><input type="hidden"
Action.c(79):      name=".cgifields" value="76"  /><input type="hidden" name=".cgifields" value="311"  /><in
Action.c(79):     put type="hidden" name=".cgifields" value="62"  /><input type="hidden" name=".cgifields" v
Action.c(79):     alue="571"  /><input type="hidden" name=".cgifields" value="139"  /><input type="hidden" n
Action.c(79):     ame=".cgifields" value="389"  /><input type="hidden" name=".cgifields" value="129"  /><inp
Action.c(79):     ut type="hidden" name=".cgifields" value="548"  /><input type="hidden" name=".cgifields" v
Action.c(79):     alue="495"  /><input type="hidden" name=".cgifields" value="739"  /><input type="hidden" n
Action.c(79):     ame=".cgifields" value="662"  /><input type="hidden" name=".cgifields" value="418"  /><inp
Action.c(79):     ut type="hidden" name=".cgifields" value="758"  /><input type="hidden" name=".cgifields" v
Action.c(79):     alue="236"  /><input
Action.c(79): Found resource "http://127.0.0.1:1080/WebTours/images/cancelreservation.gif" in HTML "http://127.0.0.1:1080/cgi-bin/itinerary.pl"  	[MsgId: MMSG-26659]
Action.c(79): Found resource "http://127.0.0.1:1080/WebTours/images/cancelallreservations.gif" in HTML "http://127.0.0.1:1080/cgi-bin/itinerary.pl"  	[MsgId: MMSG-26659]
Action.c(79): t=777923ms: 12287-byte chunked response body for "http://127.0.0.1:1080/cgi-bin/itinerary.pl" (RelFrameId=1.2, Internal ID=216)
Action.c(79):      type="hidden" name=".cgifields" value="706"  /><input type="hidden" name=".cgifields" val
Action.c(79):     ue="218"  /><input type="hidden" name=".cgifields" value="168"  /><input type="hidden" nam
Action.c(79):     e=".cgifields" value="135"  /><input type="hidden" name=".cgifields" value="14"  /><input 
Action.c(79):     type="hidden" name=".cgifields" value="348"  /><input type="hidden" name=".cgifields" valu
Action.c(79):     e="145"  /><input type="hidden" name=".cgifields" value="49"  /><input type="hidden" name=
Action.c(79):     ".cgifields" value="178"  /><input type="hidden" name=".cgifields" value="285"  /><input t
Action.c(79):     ype="hidden" name=".cgifields" value="124"  /><input type="hidden" name=".cgifields" value
Action.c(79):     ="627"  /><input type="hidden" name=".cgifields" value="234"  /><input type="hidden" name=
Action.c(79):     ".cgifields" value="594"  /><input type="hidden" name=".cgifields" value="715"  /><input t
Action.c(79):     ype="hidden" name=".cgifields" value="23"  /><input type="hidden" name=".cgifields" value=
Action.c(79):     "388"  /><input type="hidden" name=".cgifields" value="364"  /><input type="hidden" name="
Action.c(79):     .cgifields" value="96"  /><input type="hidden" name=".cgifields" value="653"  /><input typ
Action.c(79):     e="hidden" name=".cgifields" value="486"  /><input type="hidden" name=".cgifields" value="
Action.c(79):     509"  /><input type="hidden" name=".cgifields" value="160"  /><input type="hidden" name=".
Action.c(79):     cgifields" value="569"  /><input type="hidden" name=".cgifields" value="367"  /><input typ
Action.c(79):     e="hidden" name=".cgifields" value="8"  /><input type="hidden" name=".cgifields" value="71
Action.c(79):     6"  /><input type="hidden" name=".cgifields" value="98"  /><input type="hidden" name=".cgi
Action.c(79):     fields" value="43"  /><input type="hidden" name=".cgifields" value="686"  /><input type="h
Action.c(79):     idden" name=".cgifields" value="485"  /><input type="hidden" name=".cgifields" value="391"
Action.c(79):       /><input type="hidden" name=".cgifields" value="743"  /><input type="hidden" name=".cgif
Action.c(79):     ields" value="685"  /><input type="hidden" name=".cgifields" value="21"  /><input type="hi
Action.c(79):     dden" name=".cgifields" value="523"  /><input type="hidden" name=".cgifields" value="720" 
Action.c(79):      /><input type="hidden" name=".cgifields" value="288"  /><input type="hidden" name=".cgifi
Action.c(79):     elds" value="193"  /><input type="hidden" name=".cgifields" value="460"  /><input type="hi
Action.c(79):     dden" name=".cgifields" value="119"  /><input type="hidden" name=".cgifields" value="723" 
Action.c(79):      /><input type="hidden" name=".cgifields" value="586"  /><input type="hidden" name=".cgifi
Action.c(79):     elds" value="453"  /><input type="hidden" name=".cgifields" value="324"  /><input type="hi
Action.c(79):     dden" name=".cgifields" value="180"  /><input type="hidden" name=".cgifields" value="244" 
Action.c(79):      /><input type="hidden" name=".cgifields" value="637"  /><input type="hidden" name=".cgifi
Action.c(79):     elds" value="351"  /><input type="hidden" name=".cgifields" value="410"  /><input type="hi
Action.c(79):     dden" name=".cgifields" value="595"  /><input type="hidden" name=".cgifields" value="246" 
Action.c(79):      /><input type="hidden" name=".cgifields" value="690"  /><input type="hidden" name=".cgifi
Action.c(79):     elds" value="488"  /><input type="hidden" name=".cgifields" value="61"  /><input type="hid
Action.c(79):     den" name=".cgifields" value="752"  /><input type="hidden" name=".cgifields" value="430"  
Action.c(79):     /><input type="hidden" name=".cgifields" value="447"  /><input type="hidden" name=".cgifie
Action.c(79):     lds" value="536"  /><input type="hidden" name=".cgifields" value="379"  /><input type="hid
Action.c(79):     den" name=".cgifields" value="415"  /><input type="hidden" name=".cgifields" value="113"  
Action.c(79):     /><input type="hidden" name=".cgifields" value="152"  /><input type="hidden" name=".cgifie
Action.c(79):     lds" value="189"  /><input type="hidden" name=".cgifields" value="452"  /><input type="hid
Action.c(79):     den" name=".cgifields" value="342"  /><input type="hidden" name=".cgifields" value="579"  
Action.c(79):     /><input type="hidden" name=".cgifields" value="295"  /><input type="hidden" name=".cgifie
Action.c(79):     lds" value="480"  /><input type="hidden" name=".cgifields" value="341"  /><input type="hid
Action.c(79):     den" name=".cgifields" value="438"  /><input type="hidden" name=".cgifields" value="107"  
Action.c(79):     /><input type="hidden" name=".cgifields" value="535"  /><input type="hidden" name=".cgifie
Action.c(79):     lds" value="87"  /><input type="hidden" name=".cgifields" value="77"  /><input type="hidde
Action.c(79):     n" name=".cgifields" value="683"  /><input type="hidden" name=".cgifields" value="444"  />
Action.c(79):     <input type="hidden" name=".cgifields" value="541"  /><input type="hidden" name=".cgifield
Action.c(79):     s" value="508"  /><input type="hidden" name=".cgifields" value="221"  /><input type="hidde
Action.c(79):     n" name=".cgifields" value="39"  /><input type="hidden" name=".cgifields" value="64"  /><i
Action.c(79):     nput type="hidden" name=".cgifields" value="558"  /><input type="hidden" name=".cgifields"
Action.c(79):      value="417"  /><input type="hidden" name=".cgifields" value="12"  /><input type="hidden" 
Action.c(79):     name=".cgifields" value="312"  /><input type="hidden" name=".cgifields" value="45"  /><inp
Action.c(79):     ut type="hidden" name=".cgifields" value="507"  /><input type="hidden" name=".cgifields" v
Action.c(79):     alue="405"  /><input type="hidden" name=".cgifields" value="260"  /><input type="hidden" n
Action.c(79):     ame=".cgifields" value="573"  /><input type="hidden" name=".cgifields" value="237"  /><inp
Action.c(79):     ut type="hidden" name=".cgifields" value="370"  /><input type="hidden" name=".cgifields" v
Action.c(79):     alue="309"  /><input type="hidden" name=".cgifields" value="638"  /><input type="hidden" n
Action.c(79):     ame=".cgifields" value="734"  /><input type="hidden" name=".cgifields" value="567"  /><inp
Action.c(79):     ut type="hidden" name=".cgifields" value="1"  /><input type="hidden" name=".cgifields" val
Action.c(79):     ue="506"  /><input type="hidden" name=".cgifields" value="136"  /><input type="hidden" nam
Action.c(79):     e=".cgifields" value="116"  /><input type="hidden" name=".cgifields" value="416"  /><input
Action.c(79):      type="hidden" name=".cgifields" value="144"  /><input type="hidden" name=".cgifields" val
Action.c(79):     ue="380"  /><input type="hidden" name=".cgifields" value="100"  /><input type="hidden" nam
Action.c(79):     e=".cgifields" value="300"  /><input type="hidden" name=".cgifields" value="661"  /><input
Action.c(79):      type="hidden" name=".cgifields" value="286"  /><input type="hidden" name=".cgifields" val
Action.c(79):     ue="120"  /><input type="hidden" name=".cgifields" value="381"  /><input type="hidden" nam
Action.c(79):     e=".cgifields" value="581"  /><input type="hidden" name=".cgifields" value="308"  /><input
Action.c(79):      type="hidden" name=".cgifields" value="392"  /><input type="hidden" name=".cgifields" val
Action.c(79):     ue="254"  /><input type="hidden" name=".cgifields" value="177"  /><input type="hidden" nam
Action.c(79):     e=".cgifields" value="678"  /><input type="hidden" name=".cgifields" value="496"  /><input
Action.c(79):      type="hidden" name=".cgifields" value="605"  /><input type="hidden" name=".cgifields" val
Action.c(79):     ue="373"  /><input type="hidden" name=".cgifields" value="607"  /><input type="hidden" nam
Action.c(79):     e=".cgifields" value="205"  /><input type="hidden" name=".cgifields" value="42"  /><input 
Action.c(79):     type="hidden" name=".cgifields" value="22"  /><input type="hidden" name=".cgifields" value
Action.c(79):     ="644"  /><input type="hidden" name=".cgifields" value="399"  /><input type="hidden" name=
Action.c(79):     ".cgifields" value="235"  /><input type="hidden" name=".cgifields" value="301"  /><input t
Action.c(79):     ype="hidden" name=".cgifields" value="694"  /><input type="hidden" name=".cgifields" value
Action.c(79):     ="436"  /><input type="hidden" name=".cgifields" value="213"  /><input type="hidden" name=
Action.c(79):     ".cgifields" value="94"  /><input type="hidden" name=".cgifields" value="51"  /><input typ
Action.c(79):     e="hidden" name=".cgifields" value="456"  /><input type="hidden" name=".cgifields" value="
Action.c(79):     568"  /><input type="hidden" name=".cgifields" value="652"  /><input type="hidden" name=".
Action.c(79):     cgifields" value="296"  /><input type="hidden" name=".cgifields" value="265"  /><input typ
Action.c(79):     e="hidden" name=".cgifields" value="493"  /><input type="hidden" name=".cgifields" value="
Action.c(79):     171"  /><input type="hidden" name=".cgifields" value="386"  /><input type="hidden" name=".
Action.c(79):     cgifields" value="445"  /><input type="hidden" name=".cgifields" value="200"  /><input typ
Action.c(79):     e="hidden" name=".cgifields" value="366"  /><input type="hidden" name=".cgifields" value="
Action.c(79):     329"  /><input type="hidden" name=".cgifields" value="525"  /><input type="hidden" name=".
Action.c(79):     cgifields" value="27"  /><input type="hidden" name=".cgifields" value="272"  /><input type
Action.c(79):     ="hidden" name=".cgifields" value="161"  /><input type="hidden" name=".cgifields" value="5
Action.c(79):     82"  /><input type="hidden" name=".cgifields" value="746"  /><input type="hidden" name=".c
Action.c(79):     gifields" value="534"  /><input type="hidden" name=".cgifields" value="400"  /><input type
Action.c(79):     ="hidden" name=".cgifields" value="744"  /><input type="hidden" name=".cgifields" value="2
Action.c(79):     0"  /><input type="hidden" name=".cgifields" value="109"  /><input type="hidden" name=".cg
Action.c(79):     ifields" value="633"  /><input type="hidden" name=".cgifields" value="151"  /><input type=
Action.c(79):     "hidden" name=".cgifields" value="557"  /><input type="hidden" name=".cgifields" value="71
Action.c(79):     8"  /><input type="hidden" name=".cgifields" value="468"  /><input type="hidden" name=".cg
Action.c(79):     ifields" value="700"  /><input type="hidden" name=".cgifields" value="287"  /><input type=
Action.c(79):     "hidden" name=".cgifields" value="475"  /><input type="hidden" name=".cgifields" value="44
Action.c(79):     1"  /><input type="hidden" name=".cgifields" value="78"  /><input type="hidden" name=".cgi
Action.c(79):     fields" value="413"  /><input type="hidden" name=".cgifields" value="294"  /><input type="
Action.c(79):     hidden" name=".cgifields" value="672"  /><input type="hidden" name=".cgifields" value="349
Action.c(79):     "  /><input type="hidden" name=".cgifields" value="275"  /><input type="hidden" name=".cgi
Action.c(79):     fields" value="515"  /><input type="hidden" name=".cgifields" value="197"  /><input type="
Action.c(79):     hidden" name=".cgifields" value="138"  /><input type="hidden" name=".cgifields" value="751
Action.c(79):     "  /><input type="hidden" name=".cgifields" value="606"  /><input type="hidden" name=".cgi
Action.c(79):     fields" value="137"  /><input type="hidden" name=".cgifields" value="60"  /><input type="h
Action.c(79):     idden" name=".cgifields" value="724"  /><input type="hidden" name=".cgifields" value="691"
Action.c(79):       /><input type="hidden" name=".cgifields" value="666"  /><input type="hidden" name=".cgif
Action.c(79):     ields" value="432"  /><input type="hidden" name=".cgifields" value="519"  /><input type="h
Action.c(79):     idden" name=".cgifields" value="346"  /><input type="hidden" name=".cgifields" value="17" 
Action.c(79):      /><input type="hidden" name=".cgifields" value="427"  /><input type="hidden" name=".cgifi
Action.c(79):     elds" value="677"  /><input type="hidden" name=".cgifields" value="708"  /><input type="hi
Action.c(79):     dden" name=".cgifields" value="82"  /><input type="hidden" name=".cgifields" value="110"  
Action.c(79):     /><input type="hidden" name=".cgifields" value="650"  /><input type="hidden" name=".cgifie
Action.c(79):     lds" value="333"  /><input type="hidden" name=".cgifields" value="710"  /><input type="hid
Action.c(79):     den" name=".cgifields" value="590"  /><input type="hidden" name=".cgifields" value="323"  
Action.c(79):     /><input type="hidden" name=".cgifields" value="69"  /><input type="hidden" name=".cgifiel
Action.c(79):     ds" value="112"  /><input type="hidden" name=".cgifields" value="664"  /><input type="hidd
Action.c(79):     en" name=".cgifields" value="545"  /><input type="hidden" name=".cgifields" value="191"  /
Action.c(79):     ><input type="hidden" name=".cgifields" value="224"  /><input type="hidden" name=".cgifiel
Action.c(79):     ds" value="187"  /><input type="hidden" name=".cgifields" value="588"  /><input type="hidd
Action.c(79):     en" name=".cgifields" value="646"  /><input type="hidden" name=".cgifields" value="756"  /
Action.c(79):     ><input type="hidden" name=".cgifields" value="446"  /><input type="hidden" name=".cgifiel
Action.c(79):     ds" value="262"  /><input type="hidden" name=".cgifields" value="617"  /><input type="hidd
Action.c(79):     en" name=".cgifields" value="79"  /><input type="hidden" name=".cgifields" value="212"  />
Action.c(79):     <input type="hidden" name=".cgifields" value="352"  /><input type="hidden" name=".cgifield
Action.c(79):     s" value="126"  /><input type="hidden" name=".cgifields" value="426"  /><input type="hidde
Action.c(79):     n" name=".cgifields" value="251"  /><input type="hidden" name=".cgifields" value="542"  />
Action.c(79):     <input type="hidden" name=".cgifields" value="369"  /><input type="hidden" name=".cgifield
Action.c(79):     s" value="651"  /><input type="hidden" name=".cgifields" value="279"  /><input type="hidde
Action.c(79):     n" name=".cgifields" value="176"  /><input type="hidden" name=".cgifields" value="629"  />
Action.c(79):     <input type="hidden" name=".cgifields" value="498"  /><input type="hidden" name=".cgifield
Action.c(79):     s" value="483"  /><input type="hidden" name=".cgifields" value="256"  /><input type="hidde
Action.c(79):     n" name=".cgifields" value="372"  /><input type="hidden" name=".cgifields" value="574"  />
Action.c(79):     <input type="hidden" name=".cgifields" value="170"  /><input type="hidden" name=".cgifield
Action.c(79):     s" value="33"  /><input type="hidden" name=".cgifields" value="660"  /><input type="hidden
Action.c(79):     " name=".cgifields" value="428"  /><input type=
Action.c(79): t=777926ms: 12287-byte chunked response body for "http://127.0.0.1:1080/cgi-bin/itinerary.pl" (RelFrameId=1.2, Internal ID=216)
Action.c(79):     "hidden" name=".cgifields" value="7"  /><input type="hidden" name=".cgifields" value="26" 
Action.c(79):      /><input type="hidden" name=".cgifields" value="227"  /><input type="hidden" name=".cgifi
Action.c(79):     elds" value="99"  /><input type="hidden" name=".cgifields" value="566"  /><input type="hid
Action.c(79):     den" name=".cgifields" value="526"  /><input type="hidden" name=".cgifields" value="72"  /
Action.c(79):     ><input type="hidden" name=".cgifields" value="500"  /><input type="hidden" name=".cgifiel
Action.c(79):     ds" value="264"  /><input type="hidden" name=".cgifields" value="255"  /><input type="hidd
Action.c(79):     en" name=".cgifields" value="533"  /><input type="hidden" name=".cgifields" value="359"  /
Action.c(79):     ><input type="hidden" name=".cgifields" value="182"  /><input type="hidden" name=".cgifiel
Action.c(79):     ds" value="108"  /><input type="hidden" name=".cgifields" value="604"  /><input type="hidd
Action.c(79):     en" name=".cgifields" value="556"  /><input type="hidden" name=".cgifields" value="717"  /
Action.c(79):     ><input type="hidden" name=".cgifields" value="462"  /><input type="hidden" name=".cgifiel
Action.c(79):     ds" value="414"  /><input type="hidden" name=".cgifields" value="232"  /><input type="hidd
Action.c(79):     en" name=".cgifields" value="477"  /><input type="hidden" name=".cgifields" value="671"  /
Action.c(79):     ><input type="hidden" name=".cgifields" value="225"  /><input type="hidden" name=".cgifiel
Action.c(79):     ds" value="330"  /><input type="hidden" name=".cgifields" value="142"  /><input type="hidd
Action.c(79):     en" name=".cgifields" value="207"  /><input type="hidden" name=".cgifields" value="632"  /
Action.c(79):     ><input type="hidden" name=".cgifields" value="263"  /><input type="hidden" name=".cgifiel
Action.c(79):     ds" value="394"  /><input type="hidden" name=".cgifields" value="167"  /><input type="hidd
Action.c(79):     en" name=".cgifields" value="48"  /><input type="hidden" name=".cgifields" value="360"  />
Action.c(79):     <input type="hidden" name=".cgifields" value="692"  /><input type="hidden" name=".cgifield
Action.c(79):     s" value="610"  /><input type="hidden" name=".cgifields" value="514"  /><input type="hidde
Action.c(79):     n" name=".cgifields" value="725"  /><input type="hidden" name=".cgifields" value="663"  />
Action.c(79):     <input type="hidden" name=".cgifields" value="513"  /><input type="hidden" name=".cgifield
Action.c(79):     s" value="615"  /><input type="hidden" name=".cgifields" value="50"  /><input type="hidden
Action.c(79):     " name=".cgifields" value="476"  /><input type="hidden" name=".cgifields" value="510"  /><
Action.c(79):     input type="hidden" name=".cgifields" value="393"  /><input type="hidden" name=".cgifields
Action.c(79):     " value="449"  /><input type="hidden" name=".cgifields" value="293"  /><input type="hidden
Action.c(79):     " name=".cgifields" value="658"  /><input type="hidden" name=".cgifields" value="274"  /><
Action.c(79):     input type="hidden" name=".cgifields" value="549"  /><input type="hidden" name=".cgifields
Action.c(79):     " value="659"  /><input type="hidden" name=".cgifields" value="645"  /><input type="hidden
Action.c(79):     " name=".cgifields" value="322"  /><input type="hidden" name=".cgifields" value="469"  /><
Action.c(79):     input type="hidden" name=".cgifields" value="682"  /><input type="hidden" name=".cgifields
Action.c(79):     " value="635"  /><input type="hidden" name=".cgifields" value="353"  /><input type="hidden
Action.c(79):     " name=".cgifields" value="575"  /><input type="hidden" name=".cgifields" value="375"  /><
Action.c(79):     input type="hidden" name=".cgifields" value="709"  /><input type="hidden" name=".cgifields
Action.c(79):     " value="128"  /><input type="hidden" name=".cgifields" value="28"  /><input type="hidden"
Action.c(79):      name=".cgifields" value="310"  /><input type="hidden" name=".cgifields" value="40"  /><in
Action.c(79):     put type="hidden" name=".cgifields" value="589"  /><input type="hidden" name=".cgifields" 
Action.c(79):     value="303"  /><input type="hidden" name=".cgifields" value="192"  /><input type="hidden" 
Action.c(79):     name=".cgifields" value="250"  /><input type="hidden" name=".cgifields" value="614"  /><in
Action.c(79):     put type="hidden" name=".cgifields" value="699"  /><input type="hidden" name=".cgifields" 
Action.c(79):     value="501"  /><input type="hidden" name=".cgifields" value="215"  /><input type="hidden" 
Action.c(79):     name=".cgifields" value="687"  /><input type="hidden" name=".cgifields" value="278"  /><in
Action.c(79):     put type="hidden" name=".cgifields" value="490"  /><input type="hidden" name=".cgifields" 
Action.c(79):     value="150"  /><input type="hidden" name=".cgifields" value="130"  /><input type="hidden" 
Action.c(79):     name=".cgifields" value="155"  /><input type="hidden" name=".cgifields" value="387"  /><in
Action.c(79):     put type="hidden" name=".cgifields" value="53"  /><input type="hidden" name=".cgifields" v
Action.c(79):     alue="245"  /><input type="hidden" name=".cgifields" value="626"  /><input type="hidden" n
Action.c(79):     ame=".cgifields" value="543"  /><input type="hidden" name=".cgifields" value="267"  /><inp
Action.c(79):     ut type="hidden" name=".cgifields" value="354"  /><input type="hidden" name=".cgifields" v
Action.c(79):     alue="461"  /><input type="hidden" name=".cgifields" value="583"  /><input type="hidden" n
Action.c(79):     ame=".cgifields" value="257"  /><input type="hidden" name=".cgifields" value="757"  /><inp
Action.c(79):     ut type="hidden" name=".cgifields" value="85"  /><input type="hidden" name=".cgifields" va
Action.c(79):     lue="332"  /><input type="hidden" name=".cgifields" value="9"  /><input type="hidden" name
Action.c(79):     =".cgifields" value="425"  /><input type="hidden" name=".cgifields" value="591"  /><input 
Action.c(79):     type="hidden" name=".cgifields" value="745"  /><input type="hidden" name=".cgifields" valu
Action.c(79):     e="34"  /><input type="hidden" name=".cgifields" value="736"  /><input type="hidden" name=
Action.c(79):     ".cgifields" value="539"  /><input type="hidden" name=".cgifields" value="603"  /><input t
Action.c(79):     ype="hidden" name=".cgifields" value="90"  /><input type="hidden" name=".cgifields" value=
Action.c(79):     "276"  /><input type="hidden" name=".cgifields" value="620"  /><input type="hidden" name="
Action.c(79):     .cgifields" value="565"  /><input type="hidden" name=".cgifields" value="102"  /><input ty
Action.c(79):     pe="hidden" name=".cgifields" value="520"  /><input type="hidden" name=".cgifields" value=
Action.c(79):     "532"  /><input type="hidden" name=".cgifields" value="730"  /><input type="hidden" name="
Action.c(79):     .cgifields" value="16"  /><input type="hidden" name=".cgifields" value="55"  /><input type
Action.c(79):     ="hidden" name=".cgifields" value="233"  /><input type="hidden" name=".cgifields" value="5
Action.c(79):     7"  /><input type="hidden" name=".cgifields" value="259"  /><input type="hidden" name=".cg
Action.c(79):     ifields" value="368"  /><input type="hidden" name=".cgifields" value="424"  /><input type=
Action.c(79):     "hidden" name=".cgifields" value="316"  /><input type="hidden" name=".cgifields" value="16
Action.c(79):     3"  /><input type="hidden" name=".cgifields" value="395"  /><input type="hidden" name=".cg
Action.c(79):     ifields" value="89"  /><input type="hidden" name=".cgifields" value="611"  /><input type="
Action.c(79):     hidden" name=".cgifields" value="175"  /><input type="hidden" name=".cgifields" value="584
Action.c(79):     "  /><input type="hidden" name=".cgifields" value="35"  /><input type="hidden" name=".cgif
Action.c(79):     ields" value="11"  /><input type="hidden" name=".cgifields" value="492"  /><input type="hi
Action.c(79):     dden" name=".cgifields" value="208"  /><input type="hidden" name=".cgifields" value="347" 
Action.c(79):      /><input type="hidden" name=".cgifields" value="511"  /><input type="hidden" name=".cgifi
Action.c(79):     elds" value="665"  /><input type="hidden" name=".cgifields" value="434"  /><input type="hi
Action.c(79):     dden" name=".cgifields" value="93"  /><input type="hidden" name=".cgifields" value="292"  
Action.c(79):     /><input type="hidden" name=".cgifields" value="291"  /><input type="hidden" name=".cgifie
Action.c(79):     lds" value="374"  /><input type="hidden" name=".cgifields" value="114"  /><input type="hid
Action.c(79):     den" name=".cgifields" value="199"  /><input type="hidden" name=".cgifields" value="442"  
Action.c(79):     /><input type="hidden" name=".cgifields" value="429"  /><input type="hidden" name=".cgifie
Action.c(79):     lds" value="649"  /><input type="hidden" name=".cgifields" value="689"  /><input type="hid
Action.c(79):     den" name=".cgifields" value="648"  /><input type="hidden" name=".cgifields" value="642"  
Action.c(79):     /><input type="hidden" name=".cgifields" value="73"  /><input type="hidden" name=".cgifiel
Action.c(79):     ds" value="409"  /><input type="hidden" name=".cgifields" value="67"  /><input type="hidde
Action.c(79):     n" name=".cgifields" value="241"  /><input type="hidden" name=".cgifields" value="198"  />
Action.c(79):     <input type="hidden" name=".cgifields" value="489"  /><input type="hidden" name=".cgifield
Action.c(79):     s" value="585"  /><input type="hidden" name=".cgifields" value="727"  /><input type="hidde
Action.c(79):     n" name=".cgifields" value="327"  /><input type="hidden" name=".cgifields" value="320"  />
Action.c(79):     <input type="hidden" name=".cgifields" value="732"  /><input type="hidden" name=".cgifield
Action.c(79):     s" value="674"  /><input type="hidden" name=".cgifields" value="280"  /><input type="hidde
Action.c(79):     n" name=".cgifields" value="273"  /><input type="hidden" name=".cgifields" value="471"  />
Action.c(79):     <input type="hidden" name=".cgifields" value="622"  /><input type="hidden" name=".cgifield
Action.c(79):     s" value="202"  /><input type="hidden" name=".cgifields" value="249"  /><input type="hidde
Action.c(79):     n" name=".cgifields" value="361"  /><input type="hidden" name=".cgifields" value="465"  />
Action.c(79):     <input type="hidden" name=".cgifields" value="184"  /><input type="hidden" name=".cgifield
Action.c(79):     s" value="24"  /><input type="hidden" name=".cgifields" value="140"  /><input type="hidden
Action.c(79):     " name=".cgifields" value="104"  /><input type="hidden" name=".cgifields" value="131"  /><
Action.c(79):     input type="hidden" name=".cgifields" value="181"  /><input type="hidden" name=".cgifields
Action.c(79):     " value="412"  /><input type="hidden" name=".cgifields" value="385"  /><input type="hidden
Action.c(79):     " name=".cgifields" value="502"  /><input type="hidden" name=".cgifields" value="307"  /><
Action.c(79):     input type="hidden" name=".cgifields" value="314"  /><input type="hidden" name=".cgifields
Action.c(79):     " value="154"  /><input type="hidden" name=".cgifields" value="754"  /><input type="hidden
Action.c(79):     " name=".cgifields" value="355"  /><input type="hidden" name=".cgifields" value="747"  /><
Action.c(79):     input type="hidden" name=".cgifields" value="553"  /><input type="hidden" name=".cgifields
Action.c(79):     " value="159"  /><input type="hidden" name=".cgifields" value="479"  /><input type="hidden
Action.c(79):     " name=".cgifields" value="704"  /><input type="hidden" name=".cgifields" value="326"  /><
Action.c(79):     input type="hidden" name=".cgifields" value="555"  /><input type="hidden" name=".cgifields
Action.c(79):     " value="681"  /><input type="hidden" name=".cgifields" value="47"  /><input type="hidden"
Action.c(79):      name=".cgifields" value="619"  /><input type="hidden" name=".cgifields" value="37"  /><in
Action.c(79):     put type="hidden" name=".cgifields" value="335"  /><input type="hidden" name=".cgifields" 
Action.c(79):     value="270"  /><input type="hidden" name=".cgifields" value="698"  /><input type="hidden" 
Action.c(79):     name=".cgifields" value="5"  /><input type="hidden" name=".cgifields" value="195"  /><inpu
Action.c(79):     t type="hidden" name=".cgifields" value="621"  /><input type="hidden" name=".cgifields" va
Action.c(79):     lue="538"  /><input type="hidden" name=".cgifields" value="524"  /><input type="hidden" na
Action.c(79):     me=".cgifields" value="554"  /><input type="hidden" name=".cgifields" value="680"  /><inpu
Action.c(79):     t type="hidden" name=".cgifields" value="679"  /><input type="hidden" name=".cgifields" va
Action.c(79):     lue="552"  /><input type="hidden" name=".cgifields" value="521"  /><input type="hidden" na
Action.c(79):     me=".cgifields" value="598"  /><input type="hidden" name=".cgifields" value="162"  /><inpu
Action.c(79):     t type="hidden" name=".cgifields" value="433"  /><input type="hidden" name=".cgifields" va
Action.c(79):     lue="647"  /><input type="hidden" name=".cgifields" value="74"  /><input type="hidden" nam
Action.c(79):     e=".cgifields" value="240"  /><input type="hidden" name=".cgifields" value="334"  /><input
Action.c(79):      type="hidden" name=".cgifields" value="440"  /><input type="hidden" name=".cgifields" val
Action.c(79):     ue="740"  /><input type="hidden" name=".cgifields" value="230"  /><input type="hidden" nam
Action.c(79):     e=".cgifields" value="115"  /><input type="hidden" name=".cgifields" value="299"  /><input
Action.c(79):      type="hidden" name=".cgifields" value="377"  /><input type="hidden" name=".cgifields" val
Action.c(79):     ue="103"  /><input type="hidden" name=".cgifields" value="602"  /><input type="hidden" nam
Action.c(79):     e=".cgifields" value="201"  /><input type="hidden" name=".cgifields" value="423"  /><input
Action.c(79):      type="hidden" name=".cgifields" value="719"  /><input type="hidden" name=".cgifields" val
Action.c(79):     ue="612"  /><input type="hidden" name=".cgifields" value="91"  /><input type="hidden" name
Action.c(79):     =".cgifields" value="266"  /><input type="hidden" name=".cgifields" value="701"  /><input 
Action.c(79):     type="hidden" name=".cgifields" value="467"  /><input type="hidden" name=".cgifields" valu
Action.c(79):     e="174"  /><input type="hidden" name=".cgifields" value="474"  /><input type="hidden" name
Action.c(79):     =".cgifields" value="481"  /><input type="hidden" name=".cgifields" value="214"  /><input 
Action.c(79):     type="hidden" name=".cgifields" value="422"  /><input type="hidden" name=".cgifields" valu
Action.c(79):     e="564"  /><input type="hidden" name=".cgifields" value="563"  /><input type="hidden" name
Action.c(79):     =".cgifields" value="97"  /><input type="hidden
Action.c(79): t=777929ms: 7-byte chunked response overhead for "http://127.0.0.1:1080/cgi-bin/itinerary.pl" (RelFrameId=1.2, Internal ID=216)
Action.c(79):     \r\n
Action.c(79):     add\r\n
Action.c(79): t=777930ms: 12280-byte chunked response body for "http://127.0.0.1:1080/cgi-bin/itinerary.pl" (RelFrameId=1.2, Internal ID=216)
Action.c(79):     " name=".cgifields" value="731"  /><input type="hidden" name=".cgifields" value="41"  /><i
Action.c(79):     nput type="hidden" name=".cgifields" value="668"  /><input type="hidden" name=".cgifields"
Action.c(79):      value="52"  /><input type="hidden" name=".cgifields" value="750"  /><input type="hidden" 
Action.c(79):     name=".cgifields" value="688"  /><input type="hidden" name=".cgifields" value="657"  /><in
Action.c(79):     put type="hidden" name=".cgifields" value="302"  /><input type="hidden" name=".cgifields" 
Action.c(79):     value="229"  /><input type="hidden" name=".cgifields" value="693"  /><input type="hidden" 
Action.c(79):     name=".cgifields" value="673"  /><input type="hidden" name=".cgifields" value="503"  /><in
Action.c(79):     put type="hidden" name=".cgifields" value="593"  /><input type="hidden" name=".cgifields" 
Action.c(79):     value="68"  /><input type="hidden" name=".cgifields" value="188"  /><input type="hidden" n
Action.c(79):     ame=".cgifields" value="315"  /><input type="hidden" name=".cgifields" value="402"  /><inp
Action.c(79):     ut type="hidden" name=".cgifields" value="641"  /><input type="hidden" name=".cgifields" v
Action.c(79):     alue="338"  /><input type="hidden" name=".cgifields" value="576"  /><input type="hidden" n
Action.c(79):     ame=".cgifields" value="616"  /><input type="hidden" name=".cgifields" value="222"  /><inp
Action.c(79):     ut type="hidden" name=".cgifields" value="640"  /><input type="hidden" name=".cgifields" v
Action.c(79):     alue="25"  /><input type="hidden" name=".cgifields" value="738"  /><input type="hidden" na
Action.c(79):     me=".cgifields" value="83"  /><input type="hidden" name=".cgifields" value="484"  /><input
Action.c(79):      type="hidden" name=".cgifields" value="305"  /><input type="hidden" name=".cgifields" val
Action.c(79):     ue="623"  /><input type="hidden" name=".cgifields" value="544"  /><input type="hidden" nam
Action.c(79):     e=".cgifields" value="217"  /><input type="hidden" name=".cgifields" value="328"  /><input
Action.c(79):      type="hidden" name=".cgifields" value="755"  /><input type="hidden" name=".cgifields" val
Action.c(79):     ue="239"  /><input type="hidden" name=".cgifields" value="122"  /><input type="hidden" nam
Action.c(79):     e=".cgifields" value="143"  /><input type="hidden" name=".cgifields" value="628"  /><input
Action.c(79):      type="hidden" name=".cgifields" value="158"  /><input type="hidden" name=".cgifields" val
Action.c(79):     ue="269"  /><input type="hidden" name=".cgifields" value="281"  /><input type="hidden" nam
Action.c(79):     e=".cgifields" value="464"  /><input type="hidden" name=".cgifields" value="363"  /><input
Action.c(79):      type="hidden" name=".cgifields" value="46"  /><input type="hidden" name=".cgifields" valu
Action.c(79):     e="733"  /><input type="hidden" name=".cgifields" value="6"  /><input type="hidden" name="
Action.c(79):     .cgifields" value="562"  /><input type="hidden" name=".cgifields" value="630"  /><input ty
Action.c(79):     pe="hidden" name=".cgifields" value="36"  /><input type="hidden" name=".cgifields" value="
Action.c(79):     518"  /><input type="hidden" name=".cgifields" value="183"  /><input type="hidden" name=".
Action.c(79):     cgifields" value="497"  /><input type="hidden" name=".cgifields" value="748"  /><input typ
Action.c(79):     e="hidden" name=".cgifields" value="472"  /><input type="hidden" name=".cgifields" value="
Action.c(79):     362"  /><input type="hidden" name=".cgifields" value="439"  /><input type="hidden" name=".
Action.c(79):     cgifields" value="317"  /><input type="hidden" name=".cgifields" value="608"  /><input typ
Action.c(79):     e="hidden" name=".cgifields" value="711"  /><input type="hidden" name=".cgifields" value="
Action.c(79):     132"  /><input type="hidden" name=".cgifields" value="169"  /><input type="hidden" name=".
Action.c(79):     cgifields" value="411"  /><input type="hidden" name=".cgifields" value="705"  /><input typ
Action.c(79):     e="hidden" name=".cgifields" value="478"  /><input type="hidden" name=".cgifields" value="
Action.c(79):     384"  /><input type="hidden" name=".cgifields" value="398"  /><input type="hidden" name=".
Action.c(79):     cgifields" value="546"  /><input type="hidden" name=".cgifields" value="537"  /><input typ
Action.c(79):     e="hidden" name=".cgifields" value="407"  /><input type="hidden" name=".cgifields" value="
Action.c(79):     18"  /><input type="hidden" name=".cgifields" value="376"  /><input type="hidden" name=".c
Action.c(79):     gifields" value="522"  /><input type="hidden" name=".cgifields" value="125"  /><input type
Action.c(79):     ="hidden" name=".cgifields" value="599"  /><input type="hidden" name=".cgifields" value="4
Action.c(79):     4"  /><input type="hidden" name=".cgifields" value="609"  /><input type="hidden" name=".cg
Action.c(79):     ifields" value="587"  /><input type="hidden" name=".cgifields" value="667"  /><input type=
Action.c(79):     "hidden" name=".cgifields" value="741"  /><input type="hidden" name=".cgifields" value="19
Action.c(79):     0"  /><input type="hidden" name=".cgifields" value="95"  /><input type="hidden" name=".cgi
Action.c(79):     fields" value="298"  /><input type="hidden" name=".cgifields" value="714"  /><input type="
Action.c(79):     hidden" name=".cgifields" value="601"  /><input type="hidden" name=".cgifields" value="313
Action.c(79):     "  /><input type="hidden" name=".cgifields" value="243"  /><input type="hidden" name=".cgi
Action.c(79):     fields" value="231"  /><input type="hidden" name=".cgifields" value="551"  /><input type="
Action.c(79):     hidden" name=".cgifields" value="529"  /><input type="hidden" name=".cgifields" value="148
Action.c(79):     "  /><input type="hidden" name=".cgifields" value="753"  /><input type="hidden" name=".cgi
Action.c(79):     fields" value="343"  /><input type="hidden" name=".cgifields" value="504"  /><input type="
Action.c(79):     hidden" name=".cgifields" value="697"  /><input type="hidden" name=".cgifields" value="726
Action.c(79):     "  /><input type="hidden" name=".cgifields" value="397"  /><input type="hidden" name=".cgi
Action.c(79):     fields" value="707"  /><input type="hidden" name=".cgifields" value="106"  /><input type="
Action.c(79):     hidden" name=".cgifields" value="157"  /><input type="hidden" name=".cgifields" value="65"
Action.c(79):       /><input type="hidden" name=".cgifields" value="203"  /><input type="hidden" name=".cgif
Action.c(79):     ields" value="261"  /><input type="hidden" name=".cgifields" value="81"  /><input type="hi
Action.c(79):     dden" name=".cgifields" value="321"  /><input type="hidden" name=".cgifields" value="459" 
Action.c(79):      /><input type="hidden" name=".cgifields" value="624"  /><input type="hidden" name=".cgifi
Action.c(79):     elds" value="86"  /><input type="hidden" name=".cgifields" value="284"  /><input type="hid
Action.c(79):     den" name=".cgifields" value="247"  /><input type="hidden" name=".cgifields" value="656"  
Action.c(79):     /><input type="hidden" name=".cgifields" value="371"  /><input type="hidden" name=".cgifie
Action.c(79):     lds" value="204"  /><input type="hidden" name=".cgifields" value="165"  /><input type="hid
Action.c(79):     den" name=".cgifields" value="289"  /><input type="hidden" name=".cgifields" value="729"  
Action.c(79):     /><input type="hidden" name=".cgifields" value="2"  /><input type="hidden" name=".cgifield
Action.c(79):     s" value="435"  /><input type="hidden" name=".cgifields" value="401"  /><input type="hidde
Action.c(79):     n" name=".cgifields" value="186"  /><input type="hidden" name=".cgifields" value="147"  />
Action.c(79):     <input type="hidden" name=".cgifields" value="339"  /><input type="hidden" name=".cgifield
Action.c(79):     s" value="228"  /><input type="hidden" name=".cgifields" value="749"  /><input type="hidde
Action.c(79):     n" name=".cgifields" value="531"  /><input type="hidden" name=".cgifields" value="268"  />
Action.c(79):     <input type="hidden" name=".cgifields" value="345"  /><input type="hidden" name=".cgifield
Action.c(79):     s" value="596"  /><input type="hidden" name=".cgifields" value="172"  /><input type="hidde
Action.c(79):     n" name=".cgifields" value="319"  /><input type="hidden" name=".cgifields" value="735"  />
Action.c(79):     <input type="hidden" name=".cgifields" value="223"  /><input type="hidden" name=".cgifield
Action.c(79):     s" value="404"  /><input type="hidden" name=".cgifields" value="721"  /><input type="hidde
Action.c(79):     n" name=".cgifields" value="613"  /><input type="hidden" name=".cgifields" value="516"  />
Action.c(79):     <input type="hidden" name=".cgifields" value="669"  /><input type="hidden" name=".cgifield
Action.c(79):     s" value="282"  /><input type="hidden" name=".cgifields" value="420"  /><input type="hidde
Action.c(79):     n" name=".cgifields" value="121"  /><input type="hidden" name=".cgifields" value="702"  />
Action.c(79):     <input type="hidden" name=".cgifields" value="639"  /><input type="hidden" name=".cgifield
Action.c(79):     s" value="344"  /><input type="hidden" name=".cgifields" value="487"  /><input type="hidde
Action.c(79):     n" name=".cgifields" value="494"  /><input type="hidden" name=".cgifields" value="238"  />
Action.c(79):     <input type="hidden" name=".cgifields" value="636"  /><input type="hidden" name=".cgifield
Action.c(79):     s" value="577"  /><input type="hidden" name=".cgifields" value="253"  /><input type="hidde
Action.c(79):     n" name=".cgifields" value="561"  /><input type="hidden" name=".cgifields" value="448"  />
Action.c(79):     <input type="hidden" name=".cgifields" value="209"  /><input type="hidden" name=".cgifield
Action.c(79):     s" value="216"  /><input type="hidden" name=".cgifields" value="357"  /><input type="hidde
Action.c(79):     n" name=".cgifields" value="117"  /><input type="hidden" name=".cgifields" value="643"  />
Action.c(79):     <input type="hidden" name=".cgifields" value="63"  /><input type="hidden" name=".cgifields
Action.c(79):     " value="455"  /><input type="hidden" name=".cgifields" value="600"  /><input type="hidden
Action.c(79):     " name=".cgifields" value="80"  /><input type="hidden" name=".cgifields" value="336"  /><i
Action.c(79):     nput type="hidden" name=".cgifields" value="457"  /><input type="hidden" name=".cgifields"
Action.c(79):      value="179"  /><input type="hidden" name=".cgifields" value="696"  /><input type="hidden"
Action.c(79):      name=".cgifields" value="383"  /><input type="hidden" name=".cgifields" value="297"  /><i
Action.c(79):     nput type="hidden" name=".cgifields" value="713"  /><input type="hidden" name=".cgifields"
Action.c(79):      value="676"  /><input type="hidden" name=".cgifields" value="277"  /><input type="hidden"
Action.c(79):      name=".cgifields" value="92"  /><input type="hidden" name=".cgifields" value="10"  /><inp
Action.c(79):     ut type="hidden" name=".cgifields" value="550"  /><input type="hidden" name=".cgifields" v
Action.c(79):     alue="505"  /><input type="hidden" name=".cgifields" value="670"  /><input type="hidden" n
Action.c(79):     ame=".cgifields" value="419"  /><input type="hidden" name=".cgifields" value="133"  /><inp
Action.c(79):     ut type="hidden" name=".cgifields" value="290"  /><input type="hidden" name=".cgifields" v
Action.c(79):     alue="625"  /><input type="hidden" name=".cgifields" value="592"  /><input type="hidden" n
Action.c(79):     ame=".cgifields" value="149"  /><input type="hidden" name=".cgifields" value="123"  /><inp
Action.c(79):     ut type="hidden" name=".cgifields" value="304"  /><input type="hidden" name=".cgifields" v
Action.c(79):     alue="712"  /><input type="hidden" name=".cgifields" value="631"  /><input type="hidden" n
Action.c(79):     ame=".cgifields" value="547"  /><input type="hidden" name=".cgifields" value="210"  /><inp
Action.c(79):     ut type="hidden" name=".cgifields" value="406"  /><input type="hidden" name=".cgifields" v
Action.c(79):     alue="258"  /><input type="hidden" name=".cgifields" value="396"  /><input type="hidden" n
Action.c(79):     ame=".cgifields" value="482"  /><input type="hidden" name=".cgifields" value="173"  /><inp
Action.c(79):     ut type="hidden" name=".cgifields" value="530"  /><input type="hidden" name=".cgifields" v
Action.c(79):     alue="56"  /><input type="hidden" name=".cgifields" value="499"  /><input type="hidden" na
Action.c(79):     me=".cgifields" value="66"  /><input type="hidden" name=".cgifields" value="19"  /><input 
Action.c(79):     type="hidden" name=".cgifields" value="54"  /><input type="hidden" name=".cgifields" value
Action.c(79):     ="365"  /><input type="hidden" name=".cgifields" value="306"  /><input type="hidden" name=
Action.c(79):     ".cgifields" value="70"  /><input type="hidden" name=".cgifields" value="470"  /><input ty
Action.c(79):     pe="hidden" name=".cgifields" value="166"  /><input type="hidden" name=".cgifields" value=
Action.c(79):     "88"  /><input type="hidden" name=".cgifields" value="141"  /><input type="hidden" name=".
Action.c(79):     cgifields" value="30"  /><input type="hidden" name=".cgifields" value="654"  /><input type
Action.c(79):     ="hidden" name=".cgifields" value="570"  /><input type="hidden" name=".cgifields" value="4
Action.c(79):     03"  /><input type="hidden" name=".cgifields" value="252"  /><input type="hidden" name=".c
Action.c(79):     gifields" value="466"  /><input type="hidden" name=".cgifields" value="156"  /><input type
Action.c(79):     ="hidden" name=".cgifields" value="134"  /><input type="hidden" name=".cgifields" value="7
Action.c(79):     5"  /><input type="hidden" name=".cgifields" value="283"  /><input type="hidden" name=".cg
Action.c(79):     ifields" value="618"  /><input type="hidden" name=".cgifields" value="655"  /><input type=
Action.c(79):     "hidden" name=".cgifields" value="59"  /><input type="hidden" name=".cgifields" value="421
Action.c(79):     "  /><input type="hidden" name=".cgifields" value="450"  /><input type="hidden" name=".cgi
Action.c(79):     fields" value="271"  /><input type="hidden" name=".cgifields" value="703"  /><input type="
Action.c(79):     hidden" name=".cgifields" value="491"  /><input type="hidden" name=".cgifields" value="219
Action.c(79):     "  /><input type="hidden" name=".cgifields" value="318"  /><input type="hidden" name=".cgi
Action.c(79):     fields" value="13"  /><input type="hidden" name=".cgifields" value="105"  /><input type="h
Action.c(79):     idden" name=".cgifields" value="473"  /><input type="hidden" name=".cgifields" value="185"
Action.c(79):       /><input type="hidden" name=".cgifields" value="3"  /><input type="hidden" name=".cgifie
Action.c(79):     lds" value="597"  /><input type="hidden"
Action.c(79): t=777932ms: Connecting [3] to host 127.0.0.1:1080  	[MsgId: MMSG-26000]
Action.c(79): t=777933ms: Already connected [0] to 127.0.0.1:1080  	[MsgId: MMSG-26000]
Action.c(79): t=777933ms: 462-byte request headers for "http://127.0.0.1:1080/WebTours/images/cancelreservation.gif" (RelFrameId=, Internal ID=219)
Action.c(79):     GET /WebTours/images/cancelreservation.gif HTTP/1.1\r\n
Action.c(79):     Referer: http://127.0.0.1:1080/cgi-bin/itinerary.pl\r\n
Action.c(79):     User-Agent: Mozilla/5.0 (Windows NT 10.0; WOW64; Trident/7.0; Touch; rv:11.0) like Gecko\r
Action.c(79):     \n
Action.c(79):     Accept-Encoding: gzip, deflate\r\n
Action.c(79):     Accept-Language: en-US,en;q=0.7,ru;q=0.3\r\n
Action.c(79):     Accept: */*\r\n
Action.c(79):     Connection: Keep-Alive\r\n
Action.c(79):     Host: 127.0.0.1:1080\r\n
Action.c(79):     Cookie: MSO=SID&1631716384; MTUserInfo=firstName&&address2&&username&jojo9&hash&89&lastNam
Action.c(79):     e&%0A&address1&&creditCard&&expDate&%0A\r\n
Action.c(79):     \r\n
Action.c(79): t=777934ms: 7-byte chunked response overhead for "http://127.0.0.1:1080/cgi-bin/itinerary.pl" (RelFrameId=1.2, Internal ID=216)
Action.c(79):     \r\n
Action.c(79):     0\r\n
Action.c(79):     \r\n
Action.c(79): t=777934ms: 666-byte chunked response body for "http://127.0.0.1:1080/cgi-bin/itinerary.pl" (RelFrameId=1.2, Internal ID=216)
Action.c(79):      name=".cgifields" value="248"  /><input type="hidden" name=".cgifields" value="390"  /><i
Action.c(79):     nput type="hidden" name=".cgifields" value="146"  /><input type="hidden" name=".cgifields"
Action.c(79):      value="111"  /><input type="hidden" name=".cgifields" value="38"  /><input type="hidden" 
Action.c(79):     name=".cgifields" value="356"  /><input type="hidden" name=".cgifields" value="408"  /><in
Action.c(79):     put type="hidden" name=".cgifields" value="4"  /><input type="hidden" name=".cgifields" va
Action.c(79):     lue="528"  /><input type="hidden" name=".cgifields" value="164"  /><input type="hidden" na
Action.c(79):     me=".cgifields" value="196"  /><input type="hidden" name=".cgifields" value="242"  /></div
Action.c(79):     ></form>\n
Action.c(79):     \n
Action.c(79):     </center>\n
Action.c(79):     \n
Action.c(79):     </body>\n
Action.c(79):     </html>
Action.c(79): t=777934ms: Request done "http://127.0.0.1:1080/cgi-bin/itinerary.pl"  	[MsgId: MMSG-26000]
Action.c(79): t=777934ms: Connected socket [2] from 127.0.0.1:4076 to 127.0.0.1:1080 in 1625 ms  	[MsgId: MMSG-26000]
Action.c(79): t=777934ms: 466-byte request headers for "http://127.0.0.1:1080/WebTours/images/home.gif" (RelFrameId=, Internal ID=218)
Action.c(79):     GET /WebTours/images/home.gif HTTP/1.1\r\n
Action.c(79):     Referer: http://127.0.0.1:1080/cgi-bin/nav.pl?page=menu&in=itinerary\r\n
Action.c(79):     User-Agent: Mozilla/5.0 (Windows NT 10.0; WOW64; Trident/7.0; Touch; rv:11.0) like Gecko\r
Action.c(79):     \n
Action.c(79):     Accept-Encoding: gzip, deflate\r\n
Action.c(79):     Accept-Language: en-US,en;q=0.7,ru;q=0.3\r\n
Action.c(79):     Accept: */*\r\n
Action.c(79):     Connection: Keep-Alive\r\n
Action.c(79):     Host: 127.0.0.1:1080\r\n
Action.c(79):     Cookie: MSO=SID&1631716384; MTUserInfo=firstName&&address2&&username&jojo9&hash&89&lastNam
Action.c(79):     e&%0A&address1&&creditCard&&expDate&%0A\r\n
Action.c(79):     \r\n
Action.c(79): t=777935ms: Connected socket [3] from 127.0.0.1:4093 to 127.0.0.1:1080 in 2 ms  	[MsgId: MMSG-26000]
Action.c(79): t=777935ms: 466-byte request headers for "http://127.0.0.1:1080/WebTours/images/cancelallreservations.gif" (RelFrameId=, Internal ID=220)
Action.c(79):     GET /WebTours/images/cancelallreservations.gif HTTP/1.1\r\n
Action.c(79):     Referer: http://127.0.0.1:1080/cgi-bin/itinerary.pl\r\n
Action.c(79):     User-Agent: Mozilla/5.0 (Windows NT 10.0; WOW64; Trident/7.0; Touch; rv:11.0) like Gecko\r
Action.c(79):     \n
Action.c(79):     Accept-Encoding: gzip, deflate\r\n
Action.c(79):     Accept-Language: en-US,en;q=0.7,ru;q=0.3\r\n
Action.c(79):     Accept: */*\r\n
Action.c(79):     Connection: Keep-Alive\r\n
Action.c(79):     Host: 127.0.0.1:1080\r\n
Action.c(79):     Cookie: MSO=SID&1631716384; MTUserInfo=firstName&&address2&&username&jojo9&hash&89&lastNam
Action.c(79):     e&%0A&address1&&creditCard&&expDate&%0A\r\n
Action.c(79):     \r\n
Action.c(79): t=777936ms: 297-byte response headers for "http://127.0.0.1:1080/WebTours/images/cancelreservation.gif" (RelFrameId=, Internal ID=219)
Action.c(79):     HTTP/1.1 200 OK\r\n
Action.c(79):     Date: Wed, 15 Sep 2021 14:33:16 GMT\r\n
Action.c(79):     Server: Apache/2.2.21 (Win32)\r\n
Action.c(79):     Last-Modified: Thu, 12 Jan 2012 12:30:28 GMT\r\n
Action.c(79):     ETag: "1000000043599-33f-4b653e9ce6100"\r\n
Action.c(79):     Accept-Ranges: bytes\r\n
Action.c(79):     Content-Length: 831\r\n
Action.c(79):     Keep-Alive: timeout=5, max=98\r\n
Action.c(79):     Connection: Keep-Alive\r\n
Action.c(79):     Content-Type: image/gif\r\n
Action.c(79):     \r\n
Action.c(79): t=777936ms: 831-byte response body for "http://127.0.0.1:1080/WebTours/images/cancelreservation.gif" (RelFrameId=, Internal ID=219)
Action.c(79): t=777936ms: Request done "http://127.0.0.1:1080/WebTours/images/cancelreservation.gif"  	[MsgId: MMSG-26000]
Action.c(79): t=777936ms: 298-byte response headers for "http://127.0.0.1:1080/WebTours/images/home.gif" (RelFrameId=, Internal ID=218)
Action.c(79):     HTTP/1.1 200 OK\r\n
Action.c(79):     Date: Wed, 15 Sep 2021 14:33:16 GMT\r\n
Action.c(79):     Server: Apache/2.2.21 (Win32)\r\n
Action.c(79):     Last-Modified: Thu, 12 Jan 2012 12:30:28 GMT\r\n
Action.c(79):     ETag: "10000000435a4-2b0-4b653e9ce6100"\r\n
Action.c(79):     Accept-Ranges: bytes\r\n
Action.c(79):     Content-Length: 688\r\n
Action.c(79):     Keep-Alive: timeout=5, max=100\r\n
Action.c(79):     Connection: Keep-Alive\r\n
Action.c(79):     Content-Type: image/gif\r\n
Action.c(79):     \r\n
Action.c(79): t=777937ms: 688-byte response body for "http://127.0.0.1:1080/WebTours/images/home.gif" (RelFrameId=, Internal ID=218)
Action.c(79): t=777937ms: Request done "http://127.0.0.1:1080/WebTours/images/home.gif"  	[MsgId: MMSG-26000]
Action.c(79): t=777937ms: 5-byte chunked response overhead for "http://127.0.0.1:1080/cgi-bin/nav.pl?page=menu&in=itinerary" (RelFrameId=1.1, Internal ID=215)
Action.c(79):     0\r\n
Action.c(79):     \r\n
Action.c(79): t=777937ms: Request done "http://127.0.0.1:1080/cgi-bin/nav.pl?page=menu&in=itinerary"  	[MsgId: MMSG-26000]
Action.c(79): t=777938ms: 298-byte response headers for "http://127.0.0.1:1080/WebTours/images/cancelallreservations.gif" (RelFrameId=, Internal ID=220)
Action.c(79):     HTTP/1.1 200 OK\r\n
Action.c(79):     Date: Wed, 15 Sep 2021 14:33:16 GMT\r\n
Action.c(79):     Server: Apache/2.2.21 (Win32)\r\n
Action.c(79):     Last-Modified: Thu, 12 Jan 2012 12:30:28 GMT\r\n
Action.c(79):     ETag: "1000000043592-2e6-4b653e9ce6100"\r\n
Action.c(79):     Accept-Ranges: bytes\r\n
Action.c(79):     Content-Length: 742\r\n
Action.c(79):     Keep-Alive: timeout=5, max=100\r\n
Action.c(79):     Connection: Keep-Alive\r\n
Action.c(79):     Content-Type: image/gif\r\n
Action.c(79):     \r\n
Action.c(79): t=777938ms: 742-byte response body for "http://127.0.0.1:1080/WebTours/images/cancelallreservations.gif" (RelFrameId=, Internal ID=220)
Action.c(79): t=777938ms: Request done "http://127.0.0.1:1080/WebTours/images/cancelallreservations.gif"  	[MsgId: MMSG-26000]
Action.c(79): web_url("Itinerary Button") was successful, 949804 body bytes, 1918 header bytes, 1803 chunking overhead bytes  	[MsgId: MMSG-26385]
Action.c(88): Notify: Transaction "Delete_Ticket_Button" ended with a "Pass" status (Duration: 2.2837 Wasted Time: 0.0019).	[MsgId: MMSG-16871]
Action.c(91): Notify: Transaction "UC_1_6_Login_megatransaction" ended with a "Pass" status (Duration: 12.5728 Think Time: 10.0374 Wasted Time: 0.0071).	[MsgId: MMSG-16870]
Ending action Action.	[MsgId: MMSG-15918]
Ending iteration 10.	[MsgId: MMSG-15965]
Waiting 72.4030 seconds for iteration pacing.	[MsgId: MMSG-15996]
