Action.c(79):     ="26"  /><input type="hidden" name=".cgifields" value="227"  /><input type="hidden" name="
Action.c(79):     .cgifields" value="99"  /><input type="hidden" name=".cgifields" value="566"  /><input typ
Action.c(79):     e="hidden" name=".cgifields" value="526"  /><input type="hidden" name=".cgifields" value="
Action.c(79):     72"  /><input type="hidden" name=".cgifields" value="869"  /><input type="hidden" name=".c
Action.c(79):     gifields" value="806"  /><input type="hidden" name=".cgifields" value="500"  /><input type
Action.c(79):     ="hidden" name=".cgifields" value="264"  /><input type="hidden" name=".cgifields" value="2
Action.c(79):     55"  /><input type="hidden" name=".cgifields" value="790"  /><input type="hidden" name=".c
Action.c(79):     gifields" value="533"  /><input type="hidden" name=".cgifields" value="359"  /><input type
Action.c(79):     ="hidden" name=".cgifields" value="918"  /><input type="hidden" name=".cgifields" value="1
Action.c(79):     82"  /><input type="hidden" name=".cgifields" value="108"  /><input type="hidden" name=".c
Action.c(79):     gifields" value="604"  /><input type="hidden" name=".cgifields" value="556"  /><input type
Action.c(79):     ="hidden" name=".cgifields" value="717"  /><input type="hidden" name=".cgifields" value="4
Action.c(79):     62"  /><input type="hidden" name=".cgifields" value="414"  /><input type="hidden" name=".c
Action.c(79):     gifields" value="232"  /><input type="hidden" name=".cgifields" value="477"  /><input type
Action.c(79):     ="hidden" name=".cgifields" value="843"  /><input type="hidden" name=".cgifields" value="8
Action.c(79):     15"  /><input type="hidden" name=".cgifields" value="671"  /><input type="hidden" name=".c
Action.c(79):     gifields" value="225"  /><input type="hidden" name=".cgifields" value="330"  /><input type
Action.c(79):     ="hidden" name=".cgifields" value="142"  /><input type="hidden" name=".cgifields" value="2
Action.c(79):     07"  /><input type="hidden" name=".cgifields" value="632"  /><input type="hidden" name=".c
Action.c(79):     gifields" value="263"  /><input type="hidden" name=".cgifields" value="394"  /><input type
Action.c(79):     ="hidden" name=".cgifields" value="167"  /><input type="hidden" name=".cgifields" value="4
Action.c(79):     8"  /><input type="hidden" name=".cgifields" value="360"  /><input type="hidden" name=".cg
Action.c(79):     ifields" value="692"  /><input type="hidden" name=".cgifields" value="610"  /><input type=
Action.c(79):     "hidden" name=".cgifields" value="514"  /><input type="hidden" name=".cgifields" value="93
Action.c(79):     1"  /><input type="hidden" name=".cgifields" value="725"  /><input type="hidden" name=".cg
Action.c(79):     ifields" value="663"  /><input type="hidden" name=".cgifields" value="513"  /><input type=
Action.c(79):     "hidden" name=".cgifields" value="615"  /><input type="hidden" name=".cgifields" value="50
Action.c(79):     "  /><input type="hidden" name=".cgifields" value="476"  /><input type="hidden" name=".cgi
Action.c(79):     fields" value="854"  /><input type="hidden" name=".cgifields" value="797"  /><input type="
Action.c(79):     hidden" name=".cgifields" value="766"  /><input type="hidden" name=".cgifields" value="510
Action.c(79):     "  /><input type="hidden" name=".cgifields" value="393"  /><input type="hidden" name=".cgi
Action.c(79):     fields" value="449"  /><input type="hidden" name=".cgifields" value="293"  /><input type="
Action.c(79):     hidden" name=".cgifields" value="658"  /><input type="hidden" name=".cgifields" value="274
Action.c(79):     "  /><input type="hidden" name=".cgifields" value="549"  /><input type="hidden" name=".cgi
Action.c(79):     fields" value="877"  /><input type="hidden" name=".cgifields" value="659"  /><input type="
Action.c(79):     hidden" name=".cgifields" value="645"  /><input type="hidden" name=".cgifields" value="322
Action.c(79):     "  /><input type="hidden" name=".cgifields" value="469"  /><input type="hidden" name=".cgi
Action.c(79):     fields" value="682"  /><input type="hidden" name=".cgifields" value="635"  /><input type="
Action.c(79):     hidden" name=".cgifields" value="353"  /><input type="hidden" name=".cgifields" value="575
Action.c(79):     "  /><input type="hidden" name=".cgifields" value="375"  /><input type="hidden" name=".cgi
Action.c(79):     fields" value="946"  /><input type="hidden" name=".cgifields" value="788"  /><input type="
Action.c(79):     hidden" name=".cgifields" value="709"  /><input type="hidden" name=".cgifields" value="128
Action.c(79):     "  /><input type="hidden" name=".cgifields" value="28"  /><input type="hidden" name=".cgif
Action.c(79):     ields" value="310"  /><input type="hidden" name=".cgifields" value="40"  /><input type="hi
Action.c(79):     dden" name=".cgifields" value="589"  /><input type="hidden" name=".cgifields" value="303" 
Action.c(79):      /><input type="hidden" name=".cgifields" value="192"  /><input type="hidden" name=".cgifi
Action.c(79):     elds" value="250"  /><input type="hidden" name=".cgifields" value="614"  /><input type="hi
Action.c(79):     dden" name=".cgifields" value="699"  /><input type="hidden" name=".cgifields" value="501" 
Action.c(79):      /><input type="hidden" name=".cgifields" value="215"  /><input type="hidden" name=".cgifi
Action.c(79):     elds" value="687"  /><input type="hidden" name=".cgifields" value="960"  /><input type="hi
Action.c(79):     dden" name=".cgifields" value="278"  /><input type="hidden" name=".cgifields" value="818" 
Action.c(79):      /><input type="hidden" name=".cgifields" value="490"  /><input type="hidden" name=".cgifi
Action.c(79):     elds" value="150"  /><input type="hidden" name=".cgifields" value="130"  /><input type="hi
Action.c(79):     dden" name=".cgifields" value="155"  /><input type="hidden" name=".cgifields" value="387" 
Action.c(79):      /><input type="hidden" name=".cgifields" value="53"  /><input type="hidden" name=".cgifie
Action.c(79):     lds" value="245"  /><input type="hidden" name=".cgifields" value="626"  /><input type="hid
Action.c(79):     den" name=".cgifields" value="543"  /><input type="hidden" name=".cgifields" value="267"  
Action.c(79):     /><input type="hidden" name=".cgifields" value="941"  /><input type="hidden" name=".cgifie
Action.c(79):     lds" value="826"  /><input type="hidden" name=".cgifields" value="354"  /><input type="hid
Action.c(79):     den" name=".cgifields" value="461"  /><input type="hidden" name=".cgifields" value="583"  
Action.c(79):     /><input type="hidden" name=".cgifields" value="257"  /><input type="hidden" name=".cgifie
Action.c(79):     lds" value="951"  /><input type="hidden" name=".cgifields" value="782"  /><input type="hid
Action.c(79):     den" name=".cgifields" value="757"  /><input type="hidden" name=".cgifields" value="85"  /
Action.c(79):     ><input type="hidden" name=".cgifields" value="809"  /><input type="hidden" name=".cgifiel
Action.c(79):     ds" value="332"  /><input type="hidden" name=".cgifields" value="9"  /><input type="hidden
Action.c(79):     " name=".cgifields" value="425"  /><input type="hidden" name=".cgifields" value="591"  /><
Action.c(79):     input type="hidden" name=".cgifields" value="745"  /><input type="hidden" name=".cgifields
Action.c(79):     " value="34"  /><input type="hidden" name=".cgifields" value="832"  /><input type="hidden"
Action.c(79):      name=".cgifields" value="736"  /><input type="hidden" name=".cgifields" value="539"  /><i
Action.c(79):     nput type="hidden" name=".cgifields" value="781"  /><input type="hidden" name=".cgifields"
Action.c(79):      value="603"  /><input type="hidden" name=".cgifields" value="828"  /><input type="hidden"
Action.c(79):      name=".cgifields" value="90"  /><input type="hidden" name=".cgifields" value="276"  /><in
Action.c(79):     put type="hidden" name=".cgifields" value="620"  /><input type="hidden" name=".cgifields" 
Action.c(79):     value="565"  /><input type="hidden" name=".cgifields" value="102"  /><input type="hidden" 
Action.c(79):     name=".cgifields" value="520"  /><input type="hidden" name=".cgifields" value="850"  /><in
Action.c(79):     put type="hidden" name=".cgifields" value="937"  /><input type="hidden" name=".cgifields" 
Action.c(79):     value="891"  /><input type="hidden" name=".cgifields" value="532"  /><input type="hidden" 
Action.c(79):     name=".cgifields" value="730"  /><input type="hidden" name=".cgifields" value="16"  /><inp
Action.c(79):     ut type="hidden" name=".cgifields" value="921"  /><input type="hidden" name=".cgifields" v
Action.c(79):     alue="55"  /><input type="hidden" name=".cgifields" value="233"  /><input type="hidden" na
Action.c(79):     me=".cgifields" value="57"  /><input type="hidden" name=".cgifields" value="259"  /><input
Action.c(79):      type="hidden" name=".cgifields" value="368"  /><input type="hidden" name=".cgifields" val
Action.c(79):     ue="424"  /><input type
Action.c(79): t=2843885ms: 8-byte chunked response overhead for "http://127.0.0.1:1080/cgi-bin/itinerary.pl" (RelFrameId=1.2, Internal ID=744)
Action.c(79):     \r\n
Action.c(79):     1000\r\n
Action.c(79): t=2843885ms: 8-byte chunked response overhead for "http://127.0.0.1:1080/cgi-bin/itinerary.pl" (RelFrameId=1.2, Internal ID=744)
Action.c(79):     \r\n
Action.c(79):     1000\r\n
Action.c(79): t=2843886ms: 8-byte chunked response overhead for "http://127.0.0.1:1080/cgi-bin/itinerary.pl" (RelFrameId=1.2, Internal ID=744)
Action.c(79):     \r\n
Action.c(79):     1000\r\n
Action.c(79): t=2843886ms: 12263-byte chunked response body for "http://127.0.0.1:1080/cgi-bin/itinerary.pl" (RelFrameId=1.2, Internal ID=744)
Action.c(79):     ="hidden" name=".cgifields" value="872"  /><input type="hidden" name=".cgifields" value="3
Action.c(79):     16"  /><input type="hidden" name=".cgifields" value="163"  /><input type="hidden" name=".c
Action.c(79):     gifields" value="395"  /><input type="hidden" name=".cgifields" value="89"  /><input type=
Action.c(79):     "hidden" name=".cgifields" value="611"  /><input type="hidden" name=".cgifields" value="17
Action.c(79):     5"  /><input type="hidden" name=".cgifields" value="584"  /><input type="hidden" name=".cg
Action.c(79):     ifields" value="849"  /><input type="hidden" name=".cgifields" value="35"  /><input type="
Action.c(79):     hidden" name=".cgifields" value="11"  /><input type="hidden" name=".cgifields" value="492"
Action.c(79):       /><input type="hidden" name=".cgifields" value="208"  /><input type="hidden" name=".cgif
Action.c(79):     ields" value="347"  /><input type="hidden" name=".cgifields" value="842"  /><input type="h
Action.c(79):     idden" name=".cgifields" value="511"  /><input type="hidden" name=".cgifields" value="665"
Action.c(79):       /><input type="hidden" name=".cgifields" value="434"  /><input type="hidden" name=".cgif
Action.c(79):     ields" value="93"  /><input type="hidden" name=".cgifields" value="899"  /><input type="hi
Action.c(79):     dden" name=".cgifields" value="865"  /><input type="hidden" name=".cgifields" value="292" 
Action.c(79):      /><input type="hidden" name=".cgifields" value="291"  /><input type="hidden" name=".cgifi
Action.c(79):     elds" value="904"  /><input type="hidden" name=".cgifields" value="374"  /><input type="hi
Action.c(79):     dden" name=".cgifields" value="930"  /><input type="hidden" name=".cgifields" value="114" 
Action.c(79):      /><input type="hidden" name=".cgifields" value="199"  /><input type="hidden" name=".cgifi
Action.c(79):     elds" value="442"  /><input type="hidden" name=".cgifields" value="429"  /><input type="hi
Action.c(79):     dden" name=".cgifields" value="649"  /><input type="hidden" name=".cgifields" value="689" 
Action.c(79):      /><input type="hidden" name=".cgifields" value="886"  /><input type="hidden" name=".cgifi
Action.c(79):     elds" value="648"  /><input type="hidden" name=".cgifields" value="642"  /><input type="hi
Action.c(79):     dden" name=".cgifields" value="73"  /><input type="hidden" name=".cgifields" value="409"  
Action.c(79):     /><input type="hidden" name=".cgifields" value="67"  /><input type="hidden" name=".cgifiel
Action.c(79):     ds" value="812"  /><input type="hidden" name=".cgifields" value="795"  /><input type="hidd
Action.c(79):     en" name=".cgifields" value="241"  /><input type="hidden" name=".cgifields" value="198"  /
Action.c(79):     ><input type="hidden" name=".cgifields" value="489"  /><input type="hidden" name=".cgifiel
Action.c(79):     ds" value="794"  /><input type="hidden" name=".cgifields" value="585"  /><input type="hidd
Action.c(79):     en" name=".cgifields" value="727"  /><input type="hidden" name=".cgifields" value="327"  /
Action.c(79):     ><input type="hidden" name=".cgifields" value="944"  /><input type="hidden" name=".cgifiel
Action.c(79):     ds" value="939"  /><input type="hidden" name=".cgifields" value="320"  /><input type="hidd
Action.c(79):     en" name=".cgifields" value="732"  /><input type="hidden" name=".cgifields" value="674"  /
Action.c(79):     ><input type="hidden" name=".cgifields" value="913"  /><input type="hidden" name=".cgifiel
Action.c(79):     ds" value="811"  /><input type="hidden" name=".cgifields" value="957"  /><input type="hidd
Action.c(79):     en" name=".cgifields" value="280"  /><input type="hidden" name=".cgifields" value="273"  /
Action.c(79):     ><input type="hidden" name=".cgifields" value="471"  /><input type="hidden" name=".cgifiel
Action.c(79):     ds" value="622"  /><input type="hidden" name=".cgifields" value="202"  /><input type="hidd
Action.c(79):     en" name=".cgifields" value="249"  /><input type="hidden" name=".cgifields" value="361"  /
Action.c(79):     ><input type="hidden" name=".cgifields" value="465"  /><input type="hidden" name=".cgifiel
Action.c(79):     ds" value="184"  /><input type="hidden" name=".cgifields" value="819"  /><input type="hidd
Action.c(79):     en" name=".cgifields" value="776"  /><input type="hidden" name=".cgifields" value="894"  /
Action.c(79):     ><input type="hidden" name=".cgifields" value="24"  /><input type="hidden" name=".cgifield
Action.c(79):     s" value="858"  /><input type="hidden" name=".cgifields" value="140"  /><input type="hidde
Action.c(79):     n" name=".cgifields" value="104"  /><input type="hidden" name=".cgifields" value="131"  />
Action.c(79):     <input type="hidden" name=".cgifields" value="181"  /><input type="hidden" name=".cgifield
Action.c(79):     s" value="412"  /><input type="hidden" name=".cgifields" value="954"  /><input type="hidde
Action.c(79):     n" name=".cgifields" value="385"  /><input type="hidden" name=".cgifields" value="502"  />
Action.c(79):     <input type="hidden" name=".cgifields" value="307"  /><input type="hidden" name=".cgifield
Action.c(79):     s" value="314"  /><input type="hidden" name=".cgifields" value="801"  /><input type="hidde
Action.c(79):     n" name=".cgifields" value="830"  /><input type="hidden" name=".cgifields" value="154"  />
Action.c(79):     <input type="hidden" name=".cgifields" value="754"  /><input type="hidden" name=".cgifield
Action.c(79):     s" value="355"  /><input type="hidden" name=".cgifields" value="847"  /><input type="hidde
Action.c(79):     n" name=".cgifields" value="747"  /><input type="hidden" name=".cgifields" value="553"  />
Action.c(79):     <input type="hidden" name=".cgifields" value="159"  /><input type="hidden" name=".cgifield
Action.c(79):     s" value="479"  /><input type="hidden" name=".cgifields" value="704"  /><input type="hidde
Action.c(79):     n" name=".cgifields" value="326"  /><input type="hidden" name=".cgifields" value="555"  />
Action.c(79):     <input type="hidden" name=".cgifields" value="681"  /><input type="hidden" name=".cgifield
Action.c(79):     s" value="47"  /><input type="hidden" name=".cgifields" value="619"  /><input type="hidden
Action.c(79):     " name=".cgifields" value="37"  /><input type="hidden" name=".cgifields" value="335"  /><i
Action.c(79):     nput type="hidden" name=".cgifields" value="855"  /><input type="hidden" name=".cgifields"
Action.c(79):      value="270"  /><input type="hidden" name=".cgifields" value="698"  /><input type="hidden"
Action.c(79):      name=".cgifields" value="5"  /><input type="hidden" name=".cgifields" value="195"  /><inp
Action.c(79):     ut type="hidden" name=".cgifields" value="621"  /><input type="hidden" name=".cgifields" v
Action.c(79):     alue="538"  /><input type="hidden" name=".cgifields" value="524"  /><input type="hidden" n
Action.c(79):     ame=".cgifields" value="554"  /><input type="hidden" name=".cgifields" value="680"  /><inp
Action.c(79):     ut type="hidden" name=".cgifields" value="679"  /><input type="hidden" name=".cgifields" v
Action.c(79):     alue="831"  /><input type="hidden" name=".cgifields" value="552"  /><input type="hidden" n
Action.c(79):     ame=".cgifields" value="521"  /><input type="hidden" name=".cgifields" value="598"  /><inp
Action.c(79):     ut type="hidden" name=".cgifields" value="162"  /><input type="hidden" name=".cgifields" v
Action.c(79):     alue="880"  /><input type="hidden" name=".cgifields" value="780"  /><input type="hidden" n
Action.c(79):     ame=".cgifields" value="433"  /><input type="hidden" name=".cgifields" value="647"  /><inp
Action.c(79):     ut type="hidden" name=".cgifields" value="74"  /><input type="hidden" name=".cgifields" va
Action.c(79):     lue="240"  /><input type="hidden" name=".cgifields" value="334"  /><input type="hidden" na
Action.c(79):     me=".cgifields" value="890"  /><input type="hidden" name=".cgifields" value="786"  /><inpu
Action.c(79):     t type="hidden" name=".cgifields" value="440"  /><input type="hidden" name=".cgifields" va
Action.c(79):     lue="740"  /><input type="hidden" name=".cgifields" value="230"  /><input type="hidden" na
Action.c(79):     me=".cgifields" value="115"  /><input type="hidden" name=".cgifields" value="299"  /><inpu
Action.c(79):     t type="hidden" name=".cgifields" value="377"  /><input type="hidden" name=".cgifields" va
Action.c(79):     lue="103"  /><input type="hidden" name=".cgifields" value="922"  /><input type="hidden" na
Action.c(79):     me=".cgifields" value="602"  /><input type="hidden" name=".cgifields" value="201"  /><inpu
Action.c(79):     t type="hidden" name=".cgifields" value="871"  /><input type="hidden" name=".cgifields" va
Action.c(79):     lue="841"  /><input type="hidden" name=".cgifields" value="423"  /><input type="hidden" na
Action.c(79):     me=".cgifields" value="719"  /><input type="hidden" name=".cgifields" value="612"  /><inpu
Action.c(79):     t type="hidden" name=".cgifields" value="902"  /><input type="hidden" name=".cgifields" va
Action.c(79):     lue="936"  /><input type="hidden" name=".cgifields" value="827"  /><input type="hidden" na
Action.c(79):     me=".cgifields" value="91"  /><input type="hidden" name=".cgifields" value="266"  /><input
Action.c(79):      type="hidden" name=".cgifields" value="701"  /><input type="hidden" name=".cgifields" val
Action.c(79):     ue="467"  /><input type="hidden" name=".cgifields" value="820"  /><input type="hidden" nam
Action.c(79):     e=".cgifields" value="174"  /><input type="hidden" name=".cgifields" value="474"  /><input
Action.c(79):      type="hidden" name=".cgifields" value="481"  /><input type="hidden" name=".cgifields" val
Action.c(79):     ue="867"  /><input type="hidden" name=".cgifields" value="214"  /><input type="hidden" nam
Action.c(79):     e=".cgifields" value="422"  /><input type="hidden" name=".cgifields" value="564"  /><input
Action.c(79):      type="hidden" name=".cgifields" value="905"  /><input type="hidden" name=".cgifields" val
Action.c(79):     ue="817"  /><input type="hidden" name=".cgifields" value="563"  /><input type="hidden" nam
Action.c(79):     e=".cgifields" value="97"  /><input type="hidden" name=".cgifields" value="731"  /><input 
Action.c(79):     type="hidden" name=".cgifields" value="41"  /><input type="hidden" name=".cgifields" value
Action.c(79):     ="668"  /><input type="hidden" name=".cgifields" value="52"  /><input type="hidden" name="
Action.c(79):     .cgifields" value="750"  /><input type="hidden" name=".cgifields" value="688"  /><input ty
Action.c(79):     pe="hidden" name=".cgifields" value="657"  /><input type="hidden" name=".cgifields" value=
Action.c(79):     "302"  /><input type="hidden" name=".cgifields" value="774"  /><input type="hidden" name="
Action.c(79):     .cgifields" value="229"  /><input type="hidden" name=".cgifields" value="866"  /><input ty
Action.c(79):     pe="hidden" name=".cgifields" value="768"  /><input type="hidden" name=".cgifields" value=
Action.c(79):     "910"  /><input type="hidden" name=".cgifields" value="693"  /><input type="hidden" name="
Action.c(79):     .cgifields" value="673"  /><input type="hidden" name=".cgifields" value="503"  /><input ty
Action.c(79):     pe="hidden" name=".cgifields" value="770"  /><input type="hidden" name=".cgifields" value=
Action.c(79):     "593"  /><input type="hidden" name=".cgifields" value="68"  /><input type="hidden" name=".
Action.c(79):     cgifields" value="188"  /><input type="hidden" name=".cgifields" value="315"  /><input typ
Action.c(79):     e="hidden" name=".cgifields" value="402"  /><input type="hidden" name=".cgifields" value="
Action.c(79):     641"  /><input type="hidden" name=".cgifields" value="893"  /><input type="hidden" name=".
Action.c(79):     cgifields" value="338"  /><input type="hidden" name=".cgifields" value="838"  /><input typ
Action.c(79):     e="hidden" name=".cgifields" value="761"  /><input type="hidden" name=".cgifields" value="
Action.c(79):     576"  /><input type="hidden" name=".cgifields" value="616"  /><input type="hidden" name=".
Action.c(79):     cgifields" value="222"  /><input type="hidden" name=".cgifields" value="640"  /><input typ
Action.c(79):     e="hidden" name=".cgifields" value="25"  /><input type="hidden" name=".cgifields" value="7
Action.c(79):     38"  /><input type="hidden" name=".cgifields" value="870"  /><input type="hidden" name=".c
Action.c(79):     gifields" value="804"  /><input type="hidden" name=".cgifields" value="83"  /><input type=
Action.c(79):     "hidden" name=".cgifields" value="484"  /><input type="hidden" name=".cgifields" value="30
Action.c(79):     5"  /><input type="hidden" name=".cgifields" value="896"  /><input type="hidden" name=".cg
Action.c(79):     ifields" value="928"  /><input type="hidden" name=".cgifields" value="623"  /><input type=
Action.c(79):     "hidden" name=".cgifields" value="544"  /><input type="hidden" name=".cgifields" value="21
Action.c(79):     7"  /><input type="hidden" name=".cgifields" value="328"  /><input type="hidden" name=".cg
Action.c(79):     ifields" value="755"  /><input type="hidden" name=".cgifields" value="239"  /><input type=
Action.c(79):     "hidden" name=".cgifields" value="777"  /><input type="hidden" name=".cgifields" value="12
Action.c(79):     2"  /><input type="hidden" name=".cgifields" value="143"  /><input type="hidden" name=".cg
Action.c(79):     ifields" value="878"  /><input type="hidden" name=".cgifields" value="628"  /><input type=
Action.c(79):     "hidden" name=".cgifields" value="158"  /><input type="hidden" name=".cgifields" value="26
Action.c(79):     9"  /><input type="hidden" name=".cgifields" value="281"  /><input type="hidden" name=".cg
Action.c(79):     ifields" value="464"  /><input type="hidden" name=".cgifields" value="363"  /><input type=
Action.c(79):     "hidden" name=".cgifields" value="46"  /><input type="hidden" name=".cgifields" value="733
Action.c(79):     "  /><input type="hidden" name=".cgifields" value="6"  /><input type="hidden" name=".cgifi
Action.c(79):     elds" value="562"  /><input type="hidden" name=".cgifields" value="630"  /><input type="hi
Action.c(79):     dden" name=".cgifields" value="36"  /><input type="hidden" name=".cgifields" value="518"  
Action.c(79):     /><input type="hidden" name=".cgifields" value="183"  /><input type="hidden" name=".cgifie
Action.c(79):     lds" value="497"  /><input type="hidden" name=".cgifields" value="748"  /><input type="hid
Action.c(79):     den" name=".cgifields" value="472"  /><input type="hidden" name=".cgifields" value="362"  
Action.c(79):     /><input type="hidden" name=".cgifields" value="439"  /><input type="hidden" name=".cgifie
Action.c(79):     lds" value="317"  /><input type="hidden" name=".cgifields" value="608"  /><input type="hid
Action.c(79):     den" name=".cgifields" 
Action.c(79): t=2843888ms: 8-byte chunked response overhead for "http://127.0.0.1:1080/cgi-bin/itinerary.pl" (RelFrameId=1.2, Internal ID=744)
Action.c(79):     \r\n
Action.c(79):     1000\r\n
Action.c(79): t=2843888ms: 8-byte chunked response overhead for "http://127.0.0.1:1080/cgi-bin/itinerary.pl" (RelFrameId=1.2, Internal ID=744)
Action.c(79):     \r\n
Action.c(79):     1000\r\n
Action.c(79): t=2843888ms: 7-byte chunked response overhead for "http://127.0.0.1:1080/cgi-bin/itinerary.pl" (RelFrameId=1.2, Internal ID=744)
Action.c(79):     \r\n
Action.c(79):     713\r\n
Action.c(79): t=2843888ms: 12264-byte chunked response body for "http://127.0.0.1:1080/cgi-bin/itinerary.pl" (RelFrameId=1.2, Internal ID=744)
Action.c(79):     value="711"  /><input type="hidden" name=".cgifields" value="132"  /><input type="hidden" 
Action.c(79):     name=".cgifields" value="169"  /><input type="hidden" name=".cgifields" value="411"  /><in
Action.c(79):     put type="hidden" name=".cgifields" value="705"  /><input type="hidden" name=".cgifields" 
Action.c(79):     value="478"  /><input type="hidden" name=".cgifields" value="892"  /><input type="hidden" 
Action.c(79):     name=".cgifields" value="384"  /><input type="hidden" name=".cgifields" value="398"  /><in
Action.c(79):     put type="hidden" name=".cgifields" value="836"  /><input type="hidden" name=".cgifields" 
Action.c(79):     value="955"  /><input type="hidden" name=".cgifields" value="942"  /><input type="hidden" 
Action.c(79):     name=".cgifields" value="546"  /><input type="hidden" name=".cgifields" value="537"  /><in
Action.c(79):     put type="hidden" name=".cgifields" value="407"  /><input type="hidden" name=".cgifields" 
Action.c(79):     value="18"  /><input type="hidden" name=".cgifields" value="912"  /><input type="hidden" n
Action.c(79):     ame=".cgifields" value="376"  /><input type="hidden" name=".cgifields" value="785"  /><inp
Action.c(79):     ut type="hidden" name=".cgifields" value="522"  /><input type="hidden" name=".cgifields" v
Action.c(79):     alue="125"  /><input type="hidden" name=".cgifields" value="599"  /><input type="hidden" n
Action.c(79):     ame=".cgifields" value="44"  /><input type="hidden" name=".cgifields" value="609"  /><inpu
Action.c(79):     t type="hidden" name=".cgifields" value="587"  /><input type="hidden" name=".cgifields" va
Action.c(79):     lue="667"  /><input type="hidden" name=".cgifields" value="741"  /><input type="hidden" na
Action.c(79):     me=".cgifields" value="190"  /><input type="hidden" name=".cgifields" value="95"  /><input
Action.c(79):      type="hidden" name=".cgifields" value="298"  /><input type="hidden" name=".cgifields" val
Action.c(79):     ue="923"  /><input type="hidden" name=".cgifields" value="714"  /><input type="hidden" nam
Action.c(79):     e=".cgifields" value="822"  /><input type="hidden" name=".cgifields" value="601"  /><input
Action.c(79):      type="hidden" name=".cgifields" value="313"  /><input type="hidden" name=".cgifields" val
Action.c(79):     ue="243"  /><input type="hidden" name=".cgifields" value="231"  /><input type="hidden" nam
Action.c(79):     e=".cgifields" value="779"  /><input type="hidden" name=".cgifields" value="551"  /><input
Action.c(79):      type="hidden" name=".cgifields" value="529"  /><input type="hidden" name=".cgifields" val
Action.c(79):     ue="148"  /><input type="hidden" name=".cgifields" value="753"  /><input type="hidden" nam
Action.c(79):     e=".cgifields" value="343"  /><input type="hidden" name=".cgifields" value="504"  /><input
Action.c(79):      type="hidden" name=".cgifields" value="697"  /><input type="hidden" name=".cgifields" val
Action.c(79):     ue="726"  /><input type="hidden" name=".cgifields" value="397"  /><input type="hidden" nam
Action.c(79):     e=".cgifields" value="857"  /><input type="hidden" name=".cgifields" value="707"  /><input
Action.c(79):      type="hidden" name=".cgifields" value="106"  /><input type="hidden" name=".cgifields" val
Action.c(79):     ue="157"  /><input type="hidden" name=".cgifields" value="65"  /><input type="hidden" name
Action.c(79):     =".cgifields" value="935"  /><input type="hidden" name=".cgifields" value="203"  /><input 
Action.c(79):     type="hidden" name=".cgifields" value="261"  /><input type="hidden" name=".cgifields" valu
Action.c(79):     e="908"  /><input type="hidden" name=".cgifields" value="81"  /><input type="hidden" name=
Action.c(79):     ".cgifields" value="321"  /><input type="hidden" name=".cgifields" value="459"  /><input t
Action.c(79):     ype="hidden" name=".cgifields" value="792"  /><input type="hidden" name=".cgifields" value
Action.c(79):     ="624"  /><input type="hidden" name=".cgifields" value="86"  /><input type="hidden" name="
Action.c(79):     .cgifields" value="284"  /><input type="hidden" name=".cgifields" value="823"  /><input ty
Action.c(79):     pe="hidden" name=".cgifields" value="903"  /><input type="hidden" name=".cgifields" value=
Action.c(79):     "247"  /><input type="hidden" name=".cgifields" value="656"  /><input type="hidden" name="
Action.c(79):     .cgifields" value="371"  /><input type="hidden" name=".cgifields" value="204"  /><input ty
Action.c(79):     pe="hidden" name=".cgifields" value="165"  /><input type="hidden" name=".cgifields" value=
Action.c(79):     "289"  /><input type="hidden" name=".cgifields" value="729"  /><input type="hidden" name="
Action.c(79):     .cgifields" value="771"  /><input type="hidden" name=".cgifields" value="2"  /><input type
Action.c(79):     ="hidden" name=".cgifields" value="435"  /><input type="hidden" name=".cgifields" value="8
Action.c(79):     14"  /><input type="hidden" name=".cgifields" value="808"  /><input type="hidden" name=".c
Action.c(79):     gifields" value="401"  /><input type="hidden" name=".cgifields" value="845"  /><input type
Action.c(79):     ="hidden" name=".cgifields" value="924"  /><input type="hidden" name=".cgifields" value="1
Action.c(79):     86"  /><input type="hidden" name=".cgifields" value="885"  /><input type="hidden" name=".c
Action.c(79):     gifields" value="884"  /><input type="hidden" name=".cgifields" value="147"  /><input type
Action.c(79):     ="hidden" name=".cgifields" value="339"  /><input type="hidden" name=".cgifields" value="7
Action.c(79):     60"  /><input type="hidden" name=".cgifields" value="228"  /><input type="hidden" name=".c
Action.c(79):     gifields" value="863"  /><input type="hidden" name=".cgifields" value="749"  /><input type
Action.c(79):     ="hidden" name=".cgifields" value="531"  /><input type="hidden" name=".cgifields" value="2
Action.c(79):     68"  /><input type="hidden" name=".cgifields" value="829"  /><input type="hidden" name=".c
Action.c(79):     gifields" value="345"  /><input type="hidden" name=".cgifields" value="915"  /><input type
Action.c(79):     ="hidden" name=".cgifields" value="596"  /><input type="hidden" name=".cgifields" value="1
Action.c(79):     72"  /><input type="hidden" name=".cgifields" value="319"  /><input type="hidden" name=".c
Action.c(79):     gifields" value="735"  /><input type="hidden" name=".cgifields" value="223"  /><input type
Action.c(79):     ="hidden" name=".cgifields" value="404"  /><input type="hidden" name=".cgifields" value="7
Action.c(79):     21"  /><input type="hidden" name=".cgifields" value="613"  /><input type="hidden" name=".c
Action.c(79):     gifields" value="516"  /><input type="hidden" name=".cgifields" value="669"  /><input type
Action.c(79):     ="hidden" name=".cgifields" value="282"  /><input type="hidden" name=".cgifields" value="4
Action.c(79):     20"  /><input type="hidden" name=".cgifields" value="121"  /><input type="hidden" name=".c
Action.c(79):     gifields" value="702"  /><input type="hidden" name=".cgifields" value="952"  /><input type
Action.c(79):     ="hidden" name=".cgifields" value="639"  /><input type="hidden" name=".cgifields" value="3
Action.c(79):     44"  /><input type="hidden" name=".cgifields" value="487"  /><input type="hidden" name=".c
Action.c(79):     gifields" value="494"  /><input type="hidden" name=".cgifields" value="238"  /><input type
Action.c(79):     ="hidden" name=".cgifields" value="873"  /><input type="hidden" name=".cgifields" value="6
Action.c(79):     36"  /><input type="hidden" name=".cgifields" value="577"  /><input type="hidden" name=".c
Action.c(79):     gifields" value="253"  /><input type="hidden" name=".cgifields" value="561"  /><input type
Action.c(79):     ="hidden" name=".cgifields" value="448"  /><input type="hidden" name=".cgifields" value="2
Action.c(79):     09"  /><input type="hidden" name=".cgifields" value="216"  /><input type="hidden" name=".c
Action.c(79):     gifields" value="357"  /><input type="hidden" name=".cgifields" value="117"  /><input type
Action.c(79):     ="hidden" name=".cgifields" value="852"  /><input type="hidden" name=".cgifields" value="6
Action.c(79):     43"  /><input type="hidden" name=".cgifields" value="63"  /><input type="hidden" name=".cg
Action.c(79):     ifields" value="455"  /><input type="hidden" name=".cgifields" value="600"  /><input type=
Action.c(79):     "hidden" name=".cgifields" value="80"  /><input type="hidden" name=".cgifields" value="336
Action.c(79):     "  /><input type="hidden" name=".cgifields" value="457"  /><input type="hidden" name=".cgi
Action.c(79):     fields" value="821"  /><input type="hidden" name=".cgifields" value="179"  /><input type="
Action.c(79):     hidden" name=".cgifields" value="696"  /><input type="hidden" name=".cgifields" value="383
Action.c(79):     "  /><input type="hidden" name=".cgifields" value="297"  /><input type="hidden" name=".cgi
Action.c(79):     fields" value="713"  /><input type="hidden" name=".cgifields" value="676"  /><input type="
Action.c(79):     hidden" name=".cgifields" value="277"  /><input type="hidden" name=".cgifields" value="92"
Action.c(79):       /><input type="hidden" name=".cgifields" value="938"  /><input type="hidden" name=".cgif
Action.c(79):     ields" value="879"  /><input type="hidden" name=".cgifields" value="10"  /><input type="hi
Action.c(79):     dden" name=".cgifields" value="550"  /><input type="hidden" name=".cgifields" value="505" 
Action.c(79):      /><input type="hidden" name=".cgifields" value="670"  /><input type="hidden" name=".cgifi
Action.c(79):     elds" value="929"  /><input type="hidden" name=".cgifields" value="958"  /><input type="hi
Action.c(79):     dden" name=".cgifields" value="419"  /><input type="hidden" name=".cgifields" value="837" 
Action.c(79):      /><input type="hidden" name=".cgifields" value="133"  /><input type="hidden" name=".cgifi
Action.c(79):     elds" value="290"  /><input type="hidden" name=".cgifields" value="625"  /><input type="hi
Action.c(79):     dden" name=".cgifields" value="592"  /><input type="hidden" name=".cgifields" value="149" 
Action.c(79):      /><input type="hidden" name=".cgifields" value="123"  /><input type="hidden" name=".cgifi
Action.c(79):     elds" value="304"  /><input type="hidden" name=".cgifields" value="712"  /><input type="hi
Action.c(79):     dden" name=".cgifields" value="631"  /><input type="hidden" name=".cgifields" value="547" 
Action.c(79):      /><input type="hidden" name=".cgifields" value="210"  /><input type="hidden" name=".cgifi
Action.c(79):     elds" value="406"  /><input type="hidden" name=".cgifields" value="258"  /><input type="hi
Action.c(79):     dden" name=".cgifields" value="396"  /><input type="hidden" name=".cgifields" value="482" 
Action.c(79):      /><input type="hidden" name=".cgifields" value="949"  /><input type="hidden" name=".cgifi
Action.c(79):     elds" value="173"  /><input type="hidden" name=".cgifields" value="530"  /><input type="hi
Action.c(79):     dden" name=".cgifields" value="56"  /><input type="hidden" name=".cgifields" value="499"  
Action.c(79):     /><input type="hidden" name=".cgifields" value="66"  /><input type="hidden" name=".cgifiel
Action.c(79):     ds" value="19"  /><input type="hidden" name=".cgifields" value="54"  /><input type="hidden
Action.c(79):     " name=".cgifields" value="365"  /><input type="hidden" name=".cgifields" value="763"  /><
Action.c(79):     input type="hidden" name=".cgifields" value="306"  /><input type="hidden" name=".cgifields
Action.c(79):     " value="70"  /><input type="hidden" name=".cgifields" value="470"  /><input type="hidden"
Action.c(79):      name=".cgifields" value="839"  /><input type="hidden" name=".cgifields" value="793"  /><i
Action.c(79):     nput type="hidden" name=".cgifields" value="166"  /><input type="hidden" name=".cgifields"
Action.c(79):      value="88"  /><input type="hidden" name=".cgifields" value="141"  /><input type="hidden" 
Action.c(79):     name=".cgifields" value="30"  /><input type="hidden" name=".cgifields" value="909"  /><inp
Action.c(79):     ut type="hidden" name=".cgifields" value="654"  /><input type="hidden" name=".cgifields" v
Action.c(79):     alue="570"  /><input type="hidden" name=".cgifields" value="403"  /><input type="hidden" n
Action.c(79):     ame=".cgifields" value="252"  /><input type="hidden" name=".cgifields" value="466"  /><inp
Action.c(79):     ut type="hidden" name=".cgifields" value="883"  /><input type="hidden" name=".cgifields" v
Action.c(79):     alue="156"  /><input type="hidden" name=".cgifields" value="134"  /><input type="hidden" n
Action.c(79):     ame=".cgifields" value="75"  /><input type="hidden" name=".cgifields" value="283"  /><inpu
Action.c(79):     t type="hidden" name=".cgifields" value="618"  /><input type="hidden" name=".cgifields" va
Action.c(79):     lue="848"  /><input type="hidden" name=".cgifields" value="655"  /><input type="hidden" na
Action.c(79):     me=".cgifields" value="59"  /><input type="hidden" name=".cgifields" value="421"  /><input
Action.c(79):      type="hidden" name=".cgifields" value="450"  /><input type="hidden" name=".cgifields" val
Action.c(79):     ue="271"  /><input type="hidden" name=".cgifields" value="703"  /><input type="hidden" nam
Action.c(79):     e=".cgifields" value="491"  /><input type="hidden" name=".cgifields" value="864"  /><input
Action.c(79):      type="hidden" name=".cgifields" value="900"  /><input type="hidden" name=".cgifields" val
Action.c(79):     ue="219"  /><input type="hidden" name=".cgifields" value="318"  /><input type="hidden" nam
Action.c(79):     e=".cgifields" value="13"  /><input type="hidden" name=".cgifields" value="799"  /><input 
Action.c(79):     type="hidden" name=".cgifields" value="105"  /><input type="hidden" name=".cgifields" valu
Action.c(79):     e="473"  /><input type="hidden" name=".cgifields" value="925"  /><input type="hidden" name
Action.c(79):     =".cgifields" value="840"  /><input type="hidden" name=".cgifields" value="185"  /><input 
Action.c(79):     type="hidden" name=".cgifields" value="3"  /><input type="hidden" name=".cgifields" value=
Action.c(79):     "597"  /><input type="hidden" name=".cgifields" value="248"  /><input type="hidden" name="
Action.c(79):     .cgifields" value="390"  /><input type="hidden" name=".cgifields" value="146"  /><input ty
Action.c(79):     pe="hidden" name=".cgifields" value="111"  /><input type="hidden" name=".cgifields" value=
Action.c(79):     "802"  /><input type="hidden" name=".cgifields" value="38"  /><input type="hidden" name=".
Action.c(79):     cgifields" value="356"  /><input type="hidden" name=".cgifields" value="408"  /><input typ
Action.c(79):     e="hidden" name=".cgifields" value="4"  /><input type="hidden" name=".cgifields" value="52
Action.c(79):     8"  /><input type="hidde
Action.c(79): t=2843890ms: 7-byte chunked response overhead for "http://127.0.0.1:1080/cgi-bin/itinerary.pl" (RelFrameId=1.2, Internal ID=744)
Action.c(79):     \r\n
Action.c(79):     0\r\n
Action.c(79):     \r\n
Action.c(79): t=2843890ms: 293-byte chunked response body for "http://127.0.0.1:1080/cgi-bin/itinerary.pl" (RelFrameId=1.2, Internal ID=744)
Action.c(79):     n" name=".cgifields" value="164"  /><input type="hidden" name=".cgifields" value="807"  />
Action.c(79):     <input type="hidden" name=".cgifields" value="196"  /><input type="hidden" name=".cgifield
Action.c(79):     s" value="945"  /><input type="hidden" name=".cgifields" value="242"  /></div></form>\n
Action.c(79):     \n
Action.c(79):     </center>\n
Action.c(79):     \n
Action.c(79):     </body>\n
Action.c(79):     </html>
Action.c(79): t=2843890ms: Request done "http://127.0.0.1:1080/cgi-bin/itinerary.pl"  	[MsgId: MMSG-26000]
Action.c(79): t=2843890ms: Already connected [0] to 127.0.0.1:1080  	[MsgId: MMSG-26000]
Action.c(79): t=2843890ms: 462-byte request headers for "http://127.0.0.1:1080/WebTours/images/cancelreservation.gif" (RelFrameId=, Internal ID=747)
Action.c(79):     GET /WebTours/images/cancelreservation.gif HTTP/1.1\r\n
Action.c(79):     Referer: http://127.0.0.1:1080/cgi-bin/itinerary.pl\r\n
Action.c(79):     User-Agent: Mozilla/5.0 (Windows NT 10.0; WOW64; Trident/7.0; Touch; rv:11.0) like Gecko\r
Action.c(79):     \n
Action.c(79):     Accept-Encoding: gzip, deflate\r\n
Action.c(79):     Accept-Language: en-US,en;q=0.7,ru;q=0.3\r\n
Action.c(79):     Accept: */*\r\n
Action.c(79):     Connection: Keep-Alive\r\n
Action.c(79):     Host: 127.0.0.1:1080\r\n
Action.c(79):     Cookie: MSO=SID&1631715068; MTUserInfo=firstName&&address2&&username&jojo3&hash&83&lastNam
Action.c(79):     e&%0A&address1&&creditCard&&expDate&%0A\r\n
Action.c(79):     \r\n
Action.c(79): t=2843890ms: Already connected [1] to 127.0.0.1:1080  	[MsgId: MMSG-26000]
Action.c(79): t=2843890ms: 466-byte request headers for "http://127.0.0.1:1080/WebTours/images/cancelallreservations.gif" (RelFrameId=, Internal ID=748)
Action.c(79):     GET /WebTours/images/cancelallreservations.gif HTTP/1.1\r\n
Action.c(79):     Referer: http://127.0.0.1:1080/cgi-bin/itinerary.pl\r\n
Action.c(79):     User-Agent: Mozilla/5.0 (Windows NT 10.0; WOW64; Trident/7.0; Touch; rv:11.0) like Gecko\r
Action.c(79):     \n
Action.c(79):     Accept-Encoding: gzip, deflate\r\n
Action.c(79):     Accept-Language: en-US,en;q=0.7,ru;q=0.3\r\n
Action.c(79):     Accept: */*\r\n
Action.c(79):     Connection: Keep-Alive\r\n
Action.c(79):     Host: 127.0.0.1:1080\r\n
Action.c(79):     Cookie: MSO=SID&1631715068; MTUserInfo=firstName&&address2&&username&jojo3&hash&83&lastNam
Action.c(79):     e&%0A&address1&&creditCard&&expDate&%0A\r\n
Action.c(79):     \r\n
Action.c(79): t=2843891ms: 297-byte response headers for "http://127.0.0.1:1080/WebTours/images/cancelreservation.gif" (RelFrameId=, Internal ID=747)
Action.c(79):     HTTP/1.1 200 OK\r\n
Action.c(79):     Date: Wed, 15 Sep 2021 14:11:19 GMT\r\n
Action.c(79):     Server: Apache/2.2.21 (Win32)\r\n
Action.c(79):     Last-Modified: Thu, 12 Jan 2012 12:30:28 GMT\r\n
Action.c(79):     ETag: "1000000043599-33f-4b653e9ce6100"\r\n
Action.c(79):     Accept-Ranges: bytes\r\n
Action.c(79):     Content-Length: 831\r\n
Action.c(79):     Keep-Alive: timeout=5, max=98\r\n
Action.c(79):     Connection: Keep-Alive\r\n
Action.c(79):     Content-Type: image/gif\r\n
Action.c(79):     \r\n
Action.c(79): t=2843891ms: 831-byte response body for "http://127.0.0.1:1080/WebTours/images/cancelreservation.gif" (RelFrameId=, Internal ID=747)
Action.c(79): t=2843891ms: Request done "http://127.0.0.1:1080/WebTours/images/cancelreservation.gif"  	[MsgId: MMSG-26000]
Action.c(79): t=2843891ms: 297-byte response headers for "http://127.0.0.1:1080/WebTours/images/cancelallreservations.gif" (RelFrameId=, Internal ID=748)
Action.c(79):     HTTP/1.1 200 OK\r\n
Action.c(79):     Date: Wed, 15 Sep 2021 14:11:19 GMT\r\n
Action.c(79):     Server: Apache/2.2.21 (Win32)\r\n
Action.c(79):     Last-Modified: Thu, 12 Jan 2012 12:30:28 GMT\r\n
Action.c(79):     ETag: "1000000043592-2e6-4b653e9ce6100"\r\n
Action.c(79):     Accept-Ranges: bytes\r\n
Action.c(79):     Content-Length: 742\r\n
Action.c(79):     Keep-Alive: timeout=5, max=99\r\n
Action.c(79):     Connection: Keep-Alive\r\n
Action.c(79):     Content-Type: image/gif\r\n
Action.c(79):     \r\n
Action.c(79): t=2843891ms: 742-byte response body for "http://127.0.0.1:1080/WebTours/images/cancelallreservations.gif" (RelFrameId=, Internal ID=748)
Action.c(79): t=2843891ms: Request done "http://127.0.0.1:1080/WebTours/images/cancelallreservations.gif"  	[MsgId: MMSG-26000]
Action.c(79): t=2843892ms: Connected socket [5] from 127.0.0.1:3489 to 127.0.0.1:1080 in 654 ms  	[MsgId: MMSG-26000]
Action.c(79): t=2843892ms: 466-byte request headers for "http://127.0.0.1:1080/WebTours/images/home.gif" (RelFrameId=, Internal ID=746)
Action.c(79):     GET /WebTours/images/home.gif HTTP/1.1\r\n
Action.c(79):     Referer: http://127.0.0.1:1080/cgi-bin/nav.pl?page=menu&in=itinerary\r\n
Action.c(79):     User-Agent: Mozilla/5.0 (Windows NT 10.0; WOW64; Trident/7.0; Touch; rv:11.0) like Gecko\r
Action.c(79):     \n
Action.c(79):     Accept-Encoding: gzip, deflate\r\n
Action.c(79):     Accept-Language: en-US,en;q=0.7,ru;q=0.3\r\n
Action.c(79):     Accept: */*\r\n
Action.c(79):     Connection: Keep-Alive\r\n
Action.c(79):     Host: 127.0.0.1:1080\r\n
Action.c(79):     Cookie: MSO=SID&1631715068; MTUserInfo=firstName&&address2&&username&jojo3&hash&83&lastNam
Action.c(79):     e&%0A&address1&&creditCard&&expDate&%0A\r\n
Action.c(79):     \r\n
Action.c(79): t=2843892ms: 298-byte response headers for "http://127.0.0.1:1080/WebTours/images/home.gif" (RelFrameId=, Internal ID=746)
Action.c(79):     HTTP/1.1 200 OK\r\n
Action.c(79):     Date: Wed, 15 Sep 2021 14:11:19 GMT\r\n
Action.c(79):     Server: Apache/2.2.21 (Win32)\r\n
Action.c(79):     Last-Modified: Thu, 12 Jan 2012 12:30:28 GMT\r\n
Action.c(79):     ETag: "10000000435a4-2b0-4b653e9ce6100"\r\n
Action.c(79):     Accept-Ranges: bytes\r\n
Action.c(79):     Content-Length: 688\r\n
Action.c(79):     Keep-Alive: timeout=5, max=100\r\n
Action.c(79):     Connection: Keep-Alive\r\n
Action.c(79):     Content-Type: image/gif\r\n
Action.c(79):     \r\n
Action.c(79): t=2843892ms: 688-byte response body for "http://127.0.0.1:1080/WebTours/images/home.gif" (RelFrameId=, Internal ID=746)
Action.c(79): t=2843892ms: Request done "http://127.0.0.1:1080/WebTours/images/home.gif"  	[MsgId: MMSG-26000]
Action.c(79): web_url("Itinerary Button") was successful, 1206882 body bytes, 1917 header bytes, 2379 chunking overhead bytes  	[MsgId: MMSG-26385]
Action.c(88): Notify: Transaction "Delete_Ticket_Button" ended with a "Pass" status (Duration: 0.7495 Wasted Time: 0.0024).	[MsgId: MMSG-16871]
Action.c(91): Notify: Transaction "UC_1_6_Login_megatransaction" ended with a "Pass" status (Duration: 11.1191 Think Time: 10.0349 Wasted Time: 0.0032).	[MsgId: MMSG-16870]
Ending action Action.	[MsgId: MMSG-15918]
Ending iteration 34.	[MsgId: MMSG-15965]
Waiting 73.8450 seconds for iteration pacing.	[MsgId: MMSG-15996]
Action was aborted.	[MsgId: MMSG-10694]
Action was aborted.	[MsgId: MMSG-10694]
Ending Vuser...	[MsgId: MMSG-15966]
Starting action vuser_end.	[MsgId: MMSG-15919]
Ending Vuser...	[MsgId: MMSG-15966]
Ending action vuser_end.	[MsgId: MMSG-15918]
Vuser Terminated.	[MsgId: MMSG-15963]
Starting action vuser_end.	[MsgId: MMSG-15919]
Ending action vuser_end.	[MsgId: MMSG-15918]
Vuser Terminated.	[MsgId: MMSG-15963]
t=2871545ms: Closed connection [0] to 127.0.0.1:1080 after completing 3 request(s)  	[MsgId: MMSG-26000]
t=2871547ms: Closed connection [1] to 127.0.0.1:1080 after completing 2 request(s)  	[MsgId: MMSG-26000]
t=2871547ms: Closed connection [2] to 127.0.0.1:1080 after completing 1 request(s)  	[MsgId: MMSG-26000]
t=2871547ms: Closed connection [5] to 127.0.0.1:1080 after completing 1 request(s)  	[MsgId: MMSG-26000]
t=2871547ms: Closed connection [0] to 127.0.0.1:1080 after completing 3 request(s)  	[MsgId: MMSG-26000]
t=2871547ms: Closed connection [2] to 127.0.0.1:1080 after completing 2 request(s)  	[MsgId: MMSG-26000]
t=2871548ms: Closed connection [3] to 127.0.0.1:1080 after completing 1 request(s)  	[MsgId: MMSG-26000]
t=2871548ms: Closed connection [4] to 127.0.0.1:1080 after completing 1 request(s)  	[MsgId: MMSG-26000]
HTML-Mode memory management statistics: Reusable=183, NonReusable=0, CsMemBlockSize=4096, checks disabled  	[MsgId: MMSG-26000]
Vuser 0 (thread 6216), ended OK."	[MsgId: MMSG-10695]
HTML-Mode memory management statistics: Reusable=183, NonReusable=0, CsMemBlockSize=4096, checks disabled  	[MsgId: MMSG-26000]
Vuser 1 (thread 3288), ended OK."	[MsgId: MMSG-10695]
