Action.c(71):     Accept: */*\r\n
Action.c(71):     Connection: Keep-Alive\r\n
Action.c(71):     Host: 127.0.0.1:1080\r\n
Action.c(71):     Cookie: MSO=SID&1631390979\r\n
Action.c(71):     \r\n
Action.c(71): t=6083258ms: 5-byte chunked response overhead for "http://127.0.0.1:1080/cgi-bin/welcome.pl?signOff=1" (RelFrameId=1, Internal ID=376)
Action.c(71):     0\r\n
Action.c(71):     \r\n
Action.c(71): t=6083258ms: Request done "http://127.0.0.1:1080/cgi-bin/welcome.pl?signOff=1"  	[MsgId: MMSG-26000]
Action.c(67): Notify: Transaction "Logout" started.	[MsgId: MMSG-16999]
Action.c(69): web_reg_find started  	[MsgId: MMSG-26355]
Action.c(69): Registering web_reg_find was successful  	[MsgId: MMSG-26390]
Action.c(71): web_url("SignOff Button") started  	[MsgId: MMSG-26355]
Action.c(71): t=6085506ms: Closed connection [0] to 127.0.0.1:1080 after completing 1 request(s)  	[MsgId: MMSG-26000]
Action.c(71): t=6085507ms: Connecting [0] to host 127.0.0.1:1080  	[MsgId: MMSG-26000]
Action.c(71): t=6085508ms: Connected socket [0] from 127.0.0.1:1836 to 127.0.0.1:1080 in 1 ms  	[MsgId: MMSG-26000]
Action.c(71): t=6085508ms: 465-byte request headers for "http://127.0.0.1:1080/cgi-bin/welcome.pl?signOff=1" (RelFrameId=1, Internal ID=124)
Action.c(71):     GET /cgi-bin/welcome.pl?signOff=1 HTTP/1.1\r\n
Action.c(71):     Referer: http://127.0.0.1:1080/cgi-bin/nav.pl?page=menu&in=home\r\n
Action.c(71):     User-Agent: Mozilla/5.0 (Windows NT 10.0; WOW64; Trident/7.0; Touch; rv:11.0) like Gecko\r
Action.c(71):     \n
Action.c(71):     Accept-Encoding: gzip, deflate\r\n
Action.c(71):     Accept-Language: en-US,en;q=0.7,ru;q=0.3\r\n
Action.c(71):     Accept: */*\r\n
Action.c(71):     Connection: Keep-Alive\r\n
Action.c(71):     Host: 127.0.0.1:1080\r\n
Action.c(71):     Cookie: MSO=SID&1631390950; MTUserInfo=firstName&&address2&&username&jojo6&hash&86&lastNam
Action.c(71):     e&%0A&address1&&creditCard&&expDate&%0A\r\n
Action.c(71):     \r\n
Action.c(71): t=6085509ms: Inactive socket [3] was closed by 127.0.0.1:1080, probably due to Keep-Alive timeout  	[MsgId: MMSG-26000]
Action.c(71): t=6085509ms: Closed connection [3] to 127.0.0.1:1080 after completing 1 request(s)  	[MsgId: MMSG-26000]
Action.c(71): t=6085510ms: Inactive socket [4] was closed by 127.0.0.1:1080, probably due to Keep-Alive timeout  	[MsgId: MMSG-26000]
Action.c(71): t=6085510ms: Closed connection [4] to 127.0.0.1:1080 after completing 1 request(s)  	[MsgId: MMSG-26000]
Action.c(71): t=6085512ms: Inactive socket [5] was closed by 127.0.0.1:1080, probably due to Keep-Alive timeout  	[MsgId: MMSG-26000]
Action.c(71): t=6085512ms: Closed connection [5] to 127.0.0.1:1080 after completing 1 request(s)  	[MsgId: MMSG-26000]
Action.c(71): t=6088107ms: 256-byte response headers for "http://127.0.0.1:1080/cgi-bin/nav.pl?in=home" (RelFrameId=1.1, Internal ID=377)
Action.c(71):     HTTP/1.1 200 OK\r\n
Action.c(71):     Date: Sat, 11 Sep 2021 20:09:43 GMT\r\n
Action.c(71):     Server: Apache/2.2.21 (Win32)\r\n
Action.c(71):     Expires: Fri, 10 Sep 2021 20:09:44 GMT\r\n
Action.c(71):     Keep-Alive: timeout=5, max=100\r\n
Action.c(71):     Connection: Keep-Alive\r\n
Action.c(71):     Transfer-Encoding: chunked\r\n
Action.c(71):     Content-Type: text/html; charset=ISO-8859-1\r\n
Action.c(71):     \r\n
Action.c(71): t=6088108ms: 5-byte chunked response overhead for "http://127.0.0.1:1080/cgi-bin/nav.pl?in=home" (RelFrameId=1.1, Internal ID=377)
Action.c(71):     5ce\r\n
Action.c(71): t=6088108ms: 2-byte chunked response overhead for "http://127.0.0.1:1080/cgi-bin/nav.pl?in=home" (RelFrameId=1.1, Internal ID=377)
Action.c(71):     \r\n
Action.c(71): t=6088108ms: 1486-byte chunked response body for "http://127.0.0.1:1080/cgi-bin/nav.pl?in=home" (RelFrameId=1.1, Internal ID=377)
Action.c(71):     <!DOCTYPE html\n
Action.c(71):     \tPUBLIC "-//W3C//DTD XHTML 1.0 Transitional//EN"\n
Action.c(71):     \t "http://www.w3.org/TR/xhtml1/DTD/xhtml1-transitional.dtd">\n
Action.c(71):     <html xmlns="http://www.w3.org/1999/xhtml" lang="en-US" xml:lang="en-US">\n
Action.c(71):     <head>\n
Action.c(71):     <title>Web Tours Navigation Bar</title>\n
Action.c(71):     <meta http-equiv="Content-Type" content="text/html; charset=iso-8859-1" />\n
Action.c(71):     </head>\n
Action.c(71):     <body bgcolor="#E0E7F1">\n
Action.c(71):     <style>\n
Action.c(71):     blockquote {font-family: tahoma; font-size : 10pt}\n
Action.c(71):     H1 {font-family: tahoma; font-size : 22pt; color: #993333}\n
Action.c(71):     H3 {font-family: tahoma; font-size : 10pt; color: black}\n
Action.c(71):     small {font-family: tahoma; font-size : 8pt}\n
Action.c(71):     </style>\n
Action.c(71):     <form method="post" action="/cgi-bin/login.pl" target="body">\n
Action.c(71):     <input type="hidden" name="userSession" value="132149.937545565zHQHtzcptVcftAHitpHHttHf"/>
Action.c(71):     \n
Action.c(71):     <table border="0"><tr><td>&nbsp;</td>\n
Action.c(71):     <td>&nbsp;</td></tr>\n
Action.c(71):     <tr><td>&nbsp;</td>\n
Action.c(71):     <td>&nbsp;</td></tr>\n
Action.c(71):     <tr><td>&nbsp;</td>\n
Action.c(71):     <td><small>&nbsp;Username</small></td></tr>\n
Action.c(71):     <tr><td>&nbsp;</td>\n
Action.c(71):     <td><input type="text" name="username" value="" size="14" maxlength="14"/></td></tr>\n
Action.c(71):     <tr><td>&nbsp;</td>\n
Action.c(71):     <td><small>&nbsp;Password</small></td>\n
Action.c(71):     <tr><td>&nbsp;</td>\n
Action.c(71):     <td><input type="password" name="password" value="" size="14" maxlength="14"/></td></tr>\n
Action.c(71):     <tr><td>&nbsp;</td>\n
Action.c(71):     <td>&nbsp;</td></tr>\n
Action.c(71):     <tr><td>&nbsp;</td>\n
Action.c(71):     <td><input type="image" name="login" value="Login" alt="Login" border="1" \n
Action.c(71):     src="/WebTours/images/mer_login.gif"/></td></tr>\n
Action.c(71):     <tr><td>&nbsp;</td><td>&nbsp;</td></tr>\n
Action.c(71):     </table><input type="hidden" name="JSFormSubmit" value="off"/>\n
Action.c(71):     </form>\n
Action.c(71):     \n
Action.c(71):     </body>\n
Action.c(71):     </html>\n
Action.c(71): Resource "http://127.0.0.1:1080/WebTours/images/mer_login.gif" is in the cache already and will not be downloaded again  	[MsgId: MMSG-26655]
Action.c(71): t=6088110ms: 5-byte chunked response overhead for "http://127.0.0.1:1080/cgi-bin/nav.pl?in=home" (RelFrameId=1.1, Internal ID=377)
Action.c(71):     0\r\n
Action.c(71):     \r\n
Action.c(71): t=6088110ms: Request done "http://127.0.0.1:1080/cgi-bin/nav.pl?in=home"  	[MsgId: MMSG-26000]
Action.c(71): Registered web_reg_find successful for "Text= A Session ID has been created and loaded into a cookie called MSO" (count=1)  	[MsgId: MMSG-26364]
Action.c(71): web_url("SignOff Button") was successful, 2172 body bytes, 584 header bytes, 24 chunking overhead bytes  	[MsgId: MMSG-26385]
Action.c(81): Notify: Transaction "Logout" ended with a "Pass" status (Duration: 9.9277 Wasted Time: 0.0000).	[MsgId: MMSG-16871]
Action.c(85): Notify: Transaction "UC_1_1v2_Login_megatransaction" ended with a "Pass" status (Duration: 51.5082 Think Time: 10.0136 Wasted Time: 0.0004).	[MsgId: MMSG-16870]
Ending action Action.	[MsgId: MMSG-15918]
Ending iteration 21.	[MsgId: MMSG-15965]
Waiting 45.4910 seconds for iteration pacing.	[MsgId: MMSG-15996]
Action.c(71): t=6090083ms: 328-byte response headers for "http://127.0.0.1:1080/cgi-bin/welcome.pl?signOff=1" (RelFrameId=1, Internal ID=124)
Action.c(71):     HTTP/1.1 200 OK\r\n
Action.c(71):     Date: Sat, 11 Sep 2021 20:09:45 GMT\r\n
Action.c(71):     Server: Apache/2.2.21 (Win32)\r\n
Action.c(71):     Set-Cookie: MSO=SID&1631390986; path=/\r\n
Action.c(71):     Set-Cookie: MTUserInfo=; path=/; expires=Fri, 10-Sep-2021 20:09:46 GMT\r\n
Action.c(71):     Keep-Alive: timeout=5, max=100\r\n
Action.c(71):     Connection: Keep-Alive\r\n
Action.c(71):     Transfer-Encoding: chunked\r\n
Action.c(71):     Content-Type: text/html; charset=ISO-8859-1\r\n
Action.c(71):     \r\n
Action.c(71): t=6090083ms: 5-byte chunked response overhead for "http://127.0.0.1:1080/cgi-bin/welcome.pl?signOff=1" (RelFrameId=1, Internal ID=124)
Action.c(71):     2ae\r\n
Action.c(71): t=6090083ms: 2-byte chunked response overhead for "http://127.0.0.1:1080/cgi-bin/welcome.pl?signOff=1" (RelFrameId=1, Internal ID=124)
Action.c(71):     \r\n
Action.c(71): t=6090083ms: 686-byte chunked response body for "http://127.0.0.1:1080/cgi-bin/welcome.pl?signOff=1" (RelFrameId=1, Internal ID=124)
Action.c(71):     <!-- \n
Action.c(71):      A Session ID has been created and loaded into a cookie called MSO.\n
Action.c(71):      Also, the server options have been loaded into the cookie called\n
Action.c(71):      MSO as well.  The server options can be set via the Admin page.\n
Action.c(71):      --->\n
Action.c(71):     \n
Action.c(71):     <html>\n
Action.c(71):     <title>Web Tours</title>\n
Action.c(71):        <!-- Frame Set -->\n
Action.c(71):        <frameset cols="160,*" border="1" frameborder="1">\n
Action.c(71):           <!-- Navigation Frame -->\n
Action.c(71):           <frame src="nav.pl?in=home" name="navbar" marginheight="2" marginwidth="2" \n
Action.c(71):                 noresize="noresize" scrolling="auto"/>\n
Action.c(71):           <!-- Home Frame -->\n
Action.c(71):           <frame src="/WebTours/home.html" name="info" marginheight="2" marginwidth="2" \n
Action.c(71):                 noresize="noresize" scrolling="auto"/>\n
Action.c(71):        </frameset>\n
Action.c(71):     </html>\n
Action.c(71):     \n
Action.c(71):     </body>\n
Action.c(71):     </html>
Action.c(71): Detected non-resource "http://127.0.0.1:1080/cgi-bin/nav.pl?in=home" in "http://127.0.0.1:1080/cgi-bin/welcome.pl?signOff=1"  	[MsgId: MMSG-26574]
Action.c(71): Detected non-resource "http://127.0.0.1:1080/WebTours/home.html" in "http://127.0.0.1:1080/cgi-bin/welcome.pl?signOff=1"  	[MsgId: MMSG-26574]
Action.c(71): Retrieving data from cache for "http://127.0.0.1:1080/WebTours/home.html"  	[MsgId: MMSG-26558]
Action.c(71): t=6090083ms: 1361-byte response body retrieved from cache for "http://127.0.0.1:1080/WebTours/home.html" (RelFrameId=1.2, Internal ID=126)
Action.c(71):     <HTML>\n
Action.c(71):     <HEAD>\n
Action.c(71):     \t<title>Web Tours</title>\n
Action.c(71):     </HEAD>\n
Action.c(71):     <style>\n
Action.c(71):     \tblockquote {font-family: tahoma; font-size : 10pt}\n
Action.c(71):     \tH1 {font-family: tahoma; font-size : 22pt; color: #003366}\n
Action.c(71):     \tsmall {font-family: tahoma; font-size : 8pt}\n
Action.c(71):     \tH3{font-family: tahoma; font-size : 10pt; color: black}\n
Action.c(71):     \tA {FONT-WEIGHT: bold; FONT-SIZE: 10pt; COLOR: black; FONT-FAMILY: Tahoma; TEXT-DECORATIO
Action.c(71):     N: none}\n
Action.c(71):     \tA:hover{ FONT-WEIGHT: bold; FONT-SIZE: 10pt; COLOR: #993333; FONT-FAMILY: Tahoma;TEXT-DE
Action.c(71):     CORATION: underline}\n
Action.c(71):     \tTD {font-family: tahoma; font-size : 10pt; color: black}\n
Action.c(71):     </style>\n
Action.c(71):     <body bgcolor="#e0e7f1">\n
Action.c(71):     <BR/>\n
Action.c(71):     <BR/>\n
Action.c(71):     <BR/>\n
Action.c(71):     <br/>\n
Action.c(71):     <table border="0">\n
Action.c(71):     <tr><td></td></tr>\n
Action.c(71):     <TR><TD></TD></TR>\n
Action.c(71):     <TR><TD>\n
Action.c(71):     <blockquote>\n
Action.c(71):     <H1><b>Web Tours</b></H1>\n
Action.c(71):     Welcome to the Web Tours site.\n
Action.c(71):     <br/>\n
Action.c(71):     To make reservations,please enter your account information to the left.\n
Action.c(71):     <br/>\n
Action.c(71):     If you haven't registered yet, <A href="/cgi-bin/login.pl?username=&amp;password=&amp;getI
Action.c(71):     nfo=true" ><B>sign up now</B></A> to get access to all our resources.\n
Action.c(71):     <br/>\n
Action.c(71):     To configure the server options, use <A href="/cgi-bin/admin.pl" target="body" ><b>adminis
Action.c(71):     tration</b></A> link.\n
Action.c(71):     <br/><br/><br/><br/><br/><br/>\n
Action.c(71):     <br/><small>\n
Action.c(71):     This product uses parts of the SMT Kernel, Copyright (c) 1991-99 <A href="http://www.imati
Action.c(71):     x.com" target="new"><B><small>iMatix Corporation</small></B></A> \n
Action.c(71):     </small>\n
Action.c(71):     </blockquote></TD>\n
Action.c(71):     <TD></TD></TR>\n
Action.c(71):     </table>\n
Action.c(71):     </body>\n
Action.c(71):     </HTML>\n
Action.c(71): t=6090084ms: Connecting [1] to host 127.0.0.1:1080  	[MsgId: MMSG-26000]
Action.c(71): t=6090084ms: Connected socket [1] from 127.0.0.1:1879 to 127.0.0.1:1080 in 0 ms  	[MsgId: MMSG-26000]
Action.c(71): t=6090085ms: 352-byte request headers for "http://127.0.0.1:1080/cgi-bin/nav.pl?in=home" (RelFrameId=1.1, Internal ID=125)
Action.c(71):     GET /cgi-bin/nav.pl?in=home HTTP/1.1\r\n
Action.c(71):     Referer: http://127.0.0.1:1080/cgi-bin/welcome.pl?signOff=1\r\n
Action.c(71):     User-Agent: Mozilla/5.0 (Windows NT 10.0; WOW64; Trident/7.0; Touch; rv:11.0) like Gecko\r
Action.c(71):     \n
Action.c(71):     Accept-Encoding: gzip, deflate\r\n
Action.c(71):     Accept-Language: en-US,en;q=0.7,ru;q=0.3\r\n
Action.c(71):     Accept: */*\r\n
Action.c(71):     Connection: Keep-Alive\r\n
Action.c(71):     Host: 127.0.0.1:1080\r\n
Action.c(71):     Cookie: MSO=SID&1631390986\r\n
Action.c(71):     \r\n
Action.c(71): t=6090085ms: 5-byte chunked response overhead for "http://127.0.0.1:1080/cgi-bin/welcome.pl?signOff=1" (RelFrameId=1, Internal ID=124)
Action.c(71):     0\r\n
Action.c(71):     \r\n
Action.c(71): t=6090085ms: Request done "http://127.0.0.1:1080/cgi-bin/welcome.pl?signOff=1"  	[MsgId: MMSG-26000]
Action.c(71): t=6094758ms: 256-byte response headers for "http://127.0.0.1:1080/cgi-bin/nav.pl?in=home" (RelFrameId=1.1, Internal ID=125)
Action.c(71):     HTTP/1.1 200 OK\r\n
Action.c(71):     Date: Sat, 11 Sep 2021 20:09:50 GMT\r\n
Action.c(71):     Server: Apache/2.2.21 (Win32)\r\n
Action.c(71):     Expires: Fri, 10 Sep 2021 20:09:50 GMT\r\n
Action.c(71):     Keep-Alive: timeout=5, max=100\r\n
Action.c(71):     Connection: Keep-Alive\r\n
Action.c(71):     Transfer-Encoding: chunked\r\n
Action.c(71):     Content-Type: text/html; charset=ISO-8859-1\r\n
Action.c(71):     \r\n
Action.c(71): t=6094758ms: 5-byte chunked response overhead for "http://127.0.0.1:1080/cgi-bin/nav.pl?in=home" (RelFrameId=1.1, Internal ID=125)
Action.c(71):     5d1\r\n
Action.c(71): t=6094758ms: 2-byte chunked response overhead for "http://127.0.0.1:1080/cgi-bin/nav.pl?in=home" (RelFrameId=1.1, Internal ID=125)
Action.c(71):     \r\n
Action.c(71): t=6094758ms: 1489-byte chunked response body for "http://127.0.0.1:1080/cgi-bin/nav.pl?in=home" (RelFrameId=1.1, Internal ID=125)
Action.c(71):     <!DOCTYPE html\n
Action.c(71):     \tPUBLIC "-//W3C//DTD XHTML 1.0 Transitional//EN"\n
Action.c(71):     \t "http://www.w3.org/TR/xhtml1/DTD/xhtml1-transitional.dtd">\n
Action.c(71):     <html xmlns="http://www.w3.org/1999/xhtml" lang="en-US" xml:lang="en-US">\n
Action.c(71):     <head>\n
Action.c(71):     <title>Web Tours Navigation Bar</title>\n
Action.c(71):     <meta http-equiv="Content-Type" content="text/html; charset=iso-8859-1" />\n
Action.c(71):     </head>\n
Action.c(71):     <body bgcolor="#E0E7F1">\n
Action.c(71):     <style>\n
Action.c(71):     blockquote {font-family: tahoma; font-size : 10pt}\n
Action.c(71):     H1 {font-family: tahoma; font-size : 22pt; color: #993333}\n
Action.c(71):     H3 {font-family: tahoma; font-size : 10pt; color: black}\n
Action.c(71):     small {font-family: tahoma; font-size : 8pt}\n
Action.c(71):     </style>\n
Action.c(71):     <form method="post" action="/cgi-bin/login.pl" target="body">\n
Action.c(71):     <input type="hidden" name="userSession" value="132149.938112596zHQHtzcpttVzzzzHtAHitpHHtzf
Action.c(71):     "/>\n
Action.c(71):     <table border="0"><tr><td>&nbsp;</td>\n
Action.c(71):     <td>&nbsp;</td></tr>\n
Action.c(71):     <tr><td>&nbsp;</td>\n
Action.c(71):     <td>&nbsp;</td></tr>\n
Action.c(71):     <tr><td>&nbsp;</td>\n
Action.c(71):     <td><small>&nbsp;Username</small></td></tr>\n
Action.c(71):     <tr><td>&nbsp;</td>\n
Action.c(71):     <td><input type="text" name="username" value="" size="14" maxlength="14"/></td></tr>\n
Action.c(71):     <tr><td>&nbsp;</td>\n
Action.c(71):     <td><small>&nbsp;Password</small></td>\n
Action.c(71):     <tr><td>&nbsp;</td>\n
Action.c(71):     <td><input type="password" name="password" value="" size="14" maxlength="14"/></td></tr>\n
Action.c(71):     <tr><td>&nbsp;</td>\n
Action.c(71):     <td>&nbsp;</td></tr>\n
Action.c(71):     <tr><td>&nbsp;</td>\n
Action.c(71):     <td><input type="image" name="login" value="Login" alt="Login" border="1" \n
Action.c(71):     src="/WebTours/images/mer_login.gif"/></td></tr>\n
Action.c(71):     <tr><td>&nbsp;</td><td>&nbsp;</td></tr>\n
Action.c(71):     </table><input type="hidden" name="JSFormSubmit" value="off"/>\n
Action.c(71):     </form>\n
Action.c(71):     \n
Action.c(71):     </body>\n
Action.c(71):     </html>\n
Action.c(71): Resource "http://127.0.0.1:1080/WebTours/images/mer_login.gif" is in the cache already and will not be downloaded again  	[MsgId: MMSG-26655]
Action.c(71): t=6094760ms: 5-byte chunked response overhead for "http://127.0.0.1:1080/cgi-bin/nav.pl?in=home" (RelFrameId=1.1, Internal ID=125)
Action.c(71):     0\r\n
Action.c(71):     \r\n
Action.c(71): t=6094760ms: Request done "http://127.0.0.1:1080/cgi-bin/nav.pl?in=home"  	[MsgId: MMSG-26000]
Action.c(71): Registered web_reg_find successful for "Text= A Session ID has been created and loaded into a cookie called MSO" (count=1)  	[MsgId: MMSG-26364]
Action.c(71): web_url("SignOff Button") was successful, 2175 body bytes, 584 header bytes, 24 chunking overhead bytes  	[MsgId: MMSG-26385]
Action.c(81): Notify: Transaction "Logout" ended with a "Pass" status (Duration: 9.2543 Wasted Time: 0.0000).	[MsgId: MMSG-16871]
Action.c(85): Notify: Transaction "UC_1_1v2_Login_megatransaction" ended with a "Pass" status (Duration: 50.6920 Think Time: 10.0213 Wasted Time: 0.0006).	[MsgId: MMSG-16870]
Ending action Action.	[MsgId: MMSG-15918]
Ending iteration 7.	[MsgId: MMSG-15965]
Waiting 46.3040 seconds for iteration pacing.	[MsgId: MMSG-15996]
Action was aborted.	[MsgId: MMSG-10694]
Ending Vuser...	[MsgId: MMSG-15966]
Action was aborted.	[MsgId: MMSG-10694]
Starting action vuser_end.	[MsgId: MMSG-15919]
Ending Vuser...	[MsgId: MMSG-15966]
Ending action vuser_end.	[MsgId: MMSG-15918]
Vuser Terminated.	[MsgId: MMSG-15963]
Starting action vuser_end.	[MsgId: MMSG-15919]
Ending action vuser_end.	[MsgId: MMSG-15918]
Vuser Terminated.	[MsgId: MMSG-15963]
Action was aborted.	[MsgId: MMSG-10694]
Ending Vuser...	[MsgId: MMSG-15966]
Action was aborted.	[MsgId: MMSG-10694]
Starting action vuser_end.	[MsgId: MMSG-15919]
Ending action vuser_end.	[MsgId: MMSG-15918]
Vuser Terminated.	[MsgId: MMSG-15963]
Ending Vuser...	[MsgId: MMSG-15966]
Starting action vuser_end.	[MsgId: MMSG-15919]
Ending action vuser_end.	[MsgId: MMSG-15918]
Vuser Terminated.	[MsgId: MMSG-15963]
Action was aborted.	[MsgId: MMSG-10694]
Ending Vuser...	[MsgId: MMSG-15966]
Starting action vuser_end.	[MsgId: MMSG-15919]
t=6102952ms: Closed connection [0] to 127.0.0.1:1080 after completing 1 request(s)  	[MsgId: MMSG-26000]
Ending action vuser_end.	[MsgId: MMSG-15918]
Vuser Terminated.	[MsgId: MMSG-15963]
t=6102953ms: Closed connection [0] to 127.0.0.1:1080 after completing 1 request(s)  	[MsgId: MMSG-26000]
t=6102957ms: Closed connection [2] to 127.0.0.1:1080 after completing 1 request(s)  	[MsgId: MMSG-26000]
t=6102965ms: Closed connection [0] to 127.0.0.1:1080 after completing 1 request(s)  	[MsgId: MMSG-26000]
t=6102965ms: Closed connection [0] to 127.0.0.1:1080 after completing 1 request(s)  	[MsgId: MMSG-26000]
t=6102965ms: Closed connection [1] to 127.0.0.1:1080 after completing 1 request(s)  	[MsgId: MMSG-26000]
t=6102966ms: Closed connection [1] to 127.0.0.1:1080 after completing 1 request(s)  	[MsgId: MMSG-26000]
HTML-Mode memory management statistics: Reusable=5, NonReusable=0, CsMemBlockSize=4096, checks disabled  	[MsgId: MMSG-26000]
HTML-Mode memory management statistics: Reusable=5, NonReusable=0, CsMemBlockSize=4096, checks disabled  	[MsgId: MMSG-26000]
HTML-Mode memory management statistics: Reusable=5, NonReusable=0, CsMemBlockSize=4096, checks disabled  	[MsgId: MMSG-26000]
HTML-Mode memory management statistics: Reusable=5, NonReusable=0, CsMemBlockSize=4096, checks disabled  	[MsgId: MMSG-26000]
HTML-Mode memory management statistics: Reusable=5, NonReusable=0, CsMemBlockSize=4096, checks disabled  	[MsgId: MMSG-26000]
Vuser 4 (thread 3260), ended OK."	[MsgId: MMSG-10695]
Vuser 1 (thread 7060), ended OK."	[MsgId: MMSG-10695]
Vuser 2 (thread 5360), ended OK."	[MsgId: MMSG-10695]
Vuser 3 (thread 9016), ended OK."	[MsgId: MMSG-10695]
Vuser 0 (thread 8404), ended OK."	[MsgId: MMSG-10695]
