Action.c(200):       <TD width="5%" rowspan="2" align="left" valign="top">\n
Action.c(200):     <b>\n
Action.c(200):     <label><input type="checkbox" name="464" value="on" /></label></font></b>\n
Action.c(200):     <input type="hidden" name="flightID" value="191897781-356948-DR"  />\n
Action.c(200):       </TD>\n
Action.c(200):       <TD width="45%" valign="top">\n
Action.c(200):           <b>&nbsp;&nbsp;3 Coach class tickets for :</b><br/>\n
Action.c(200):           <center><table border="0" width="85%"><tr><td>\n
Action.c(200):           <li><i>Admiral Piett      <li><i>Luke Skywalker      <li><i>Jango Fett\n
Action.c(200):           <li><i></i>\n
Action.c(200):           </td></tr></table></center>\n
Action.c(200):       </TD>\n
Action.c(200):       <TD width="5%" >.<br/>.<br/>.<br/>.</TD>\n
Action.c(200):       <TD width="45%" valign=top><b>Invoice sent to:</b><br/>\n
Action.c(200):           <center>\n
Action.c(200):           <Table width="80%" cellspacing="0" > <tr> <td>\n
Action.c(200):               Droid R2-D2\n
Action.c(200):     <br/>\n
Action.c(200):               address2<br/>\n
Action.c(200):               address02<br/>\n
Action.c(200):               <br/>\n
Action.c(200):               Total Charge: $ 324 <BR/> (CC: x-5181)\n
Action.c(200):           </td> </tr> </table>\n
Action.c(200):           </center>\n
Action.c(200):       </TD>\n
Action.c(200):     </TR>\n
Action.c(200):     <TR bgcolor="#EFF2F7">\n
Action.c(200):       <TD COLSPAN="3">\n
Action.c(200):       <b>Flight Details:</b><BR/>  <center>\n
Action.c(200):       09/13/2021\n
Action.c(200):      :  8am : Flight 240 leaves London  for Paris.<br>  </center>\n
Action.c(200):       </TD>\n
Action.c(200):     </TR>\n
Action.c(200):     \n
Action.c(200):     <TR bgcolor="#EFF2F7">\n
Action.c(200):       <TD COLSPAN="4">\n
Action.c(200):       <hr/>\n
Action.c(200):       </TD>\n
Action.c(200):     </TR>\n
Action.c(200):     \n
Action.c(200):     <!-- Flight #1 -->\n
Action.c(200):     <TR bgcolor="#EFF2F7">\n
Action.c(200):       <TD width="5%" rowspan="2" align="left" valign="top">\n
Action.c(200):     <b>\n
Action.c(200):     <label><input type="checkbox" name="465" value="on" /></label></font></b>\n
Action.c(200):     <input type="hidden" name="flightID" value="5360155-357729-DR"  />\n
Action.c(200):       </TD>\n
Action.c(200):       <TD width="45%" valign="top">\n
Action.c(200):           <b>&nbsp;&nbsp;5 Coach class tickets for :</b><br/>\n
Action.c(200):           <center><table border="0" width="85%"><tr><td>\n
Action.c(200):           <li><i>Admiral Piett      <li><i>Luke Skywalker      <li><i>Jango F
Action.c(200): t=288326ms: 8-byte chunked response overhead for "http://127.0.0.1:1080/cgi-bin/itinerary.pl" (RelFrameId=1.2, Internal ID=77)
Action.c(200):     \r\n
Action.c(200):     1000\r\n
Action.c(200): t=288326ms: 8-byte chunked response overhead for "http://127.0.0.1:1080/cgi-bin/itinerary.pl" (RelFrameId=1.2, Internal ID=77)
Action.c(200):     \r\n
Action.c(200):     1000\r\n
Action.c(200): t=288326ms: 8-byte chunked response overhead for "http://127.0.0.1:1080/cgi-bin/itinerary.pl" (RelFrameId=1.2, Internal ID=77)
Action.c(200):     \r\n
Action.c(200):     1000\r\n
Action.c(200): t=288326ms: 12263-byte chunked response body for "http://127.0.0.1:1080/cgi-bin/itinerary.pl" (RelFrameId=1.2, Internal ID=77)
Action.c(200):     ett      <li><i>Jabba Hutt      <li><i>James Bond\n
Action.c(200):           <li><i></i>\n
Action.c(200):           </td></tr></table></center>\n
Action.c(200):       </TD>\n
Action.c(200):       <TD width="5%" >.<br/>.<br/>.<br/>.</TD>\n
Action.c(200):       <TD width="45%" valign=top><b>Invoice sent to:</b><br/>\n
Action.c(200):           <center>\n
Action.c(200):           <Table width="80%" cellspacing="0" > <tr> <td>\n
Action.c(200):               Droid R2-D2\n
Action.c(200):     <br/>\n
Action.c(200):               address2<br/>\n
Action.c(200):               address02<br/>\n
Action.c(200):               <br/>\n
Action.c(200):               Total Charge: $ 485 <BR/> (CC: x-1447)\n
Action.c(200):           </td> </tr> </table>\n
Action.c(200):           </center>\n
Action.c(200):       </TD>\n
Action.c(200):     </TR>\n
Action.c(200):     <TR bgcolor="#EFF2F7">\n
Action.c(200):       <TD COLSPAN="3">\n
Action.c(200):       <b>Flight Details:</b><BR/>  <center>\n
Action.c(200):       09/13/2021\n
Action.c(200):      :  1pm : Flight 241 leaves London  for Paris.<br>  </center>\n
Action.c(200):       </TD>\n
Action.c(200):     </TR>\n
Action.c(200):     \n
Action.c(200):     <TR bgcolor="#EFF2F7">\n
Action.c(200):       <TD COLSPAN="4">\n
Action.c(200):       <hr/>\n
Action.c(200):       </TD>\n
Action.c(200):     </TR>\n
Action.c(200):     \n
Action.c(200):     <!-- Flight #1 -->\n
Action.c(200):     <TR bgcolor="#EFF2F7">\n
Action.c(200):       <TD width="5%" rowspan="2" align="left" valign="top">\n
Action.c(200):     <b>\n
Action.c(200):     <label><input type="checkbox" name="466" value="on" /></label></font></b>\n
Action.c(200):     <input type="hidden" name="flightID" value="9504607-358509-DR"  />\n
Action.c(200):       </TD>\n
Action.c(200):       <TD width="45%" valign="top">\n
Action.c(200):           <b>&nbsp;&nbsp;7 Coach class tickets for :</b><br/>\n
Action.c(200):           <center><table border="0" width="85%"><tr><td>\n
Action.c(200):           <li><i>Admiral Piett      <li><i>Luke Skywalker      <li><i>Jango Fett      <li><i>J
Action.c(200):     abba Hutt      <li><i>James Bond      <li><i>Bananas Ananas      <li><i>Droid R2-D2\n
Action.c(200):           <li><i></i>\n
Action.c(200):           </td></tr></table></center>\n
Action.c(200):       </TD>\n
Action.c(200):       <TD width="5%" >.<br/>.<br/>.<br/>.</TD>\n
Action.c(200):       <TD width="45%" valign=top><b>Invoice sent to:</b><br/>\n
Action.c(200):           <center>\n
Action.c(200):           <Table width="80%" cellspacing="0" > <tr> <td>\n
Action.c(200):               Droid R2-D2\n
Action.c(200):     <br/>\n
Action.c(200):               address2<br/>\n
Action.c(200):               address02<br/>\n
Action.c(200):               <br/>\n
Action.c(200):               Total Charge: $ 623 <BR/> (CC: x-2566)\n
Action.c(200):           </td> </tr> </table>\n
Action.c(200):           </center>\n
Action.c(200):       </TD>\n
Action.c(200):     </TR>\n
Action.c(200):     <TR bgcolor="#EFF2F7">\n
Action.c(200):       <TD COLSPAN="3">\n
Action.c(200):       <b>Flight Details:</b><BR/>  <center>\n
Action.c(200):       09/13/2021\n
Action.c(200):      :  11pm : Flight 243 leaves London  for Paris.<br>  </center>\n
Action.c(200):       </TD>\n
Action.c(200):     </TR>\n
Action.c(200):     \n
Action.c(200):     <TR bgcolor="#EFF2F7">\n
Action.c(200):       <TD COLSPAN="4">\n
Action.c(200):       <hr/>\n
Action.c(200):       </TD>\n
Action.c(200):     </TR>\n
Action.c(200):     \n
Action.c(200):     <!-- Flight #1 -->\n
Action.c(200):     <TR bgcolor="#EFF2F7">\n
Action.c(200):       <TD width="5%" rowspan="2" align="left" valign="top">\n
Action.c(200):     <b>\n
Action.c(200):     <label><input type="checkbox" name="467" value="on" /></label></font></b>\n
Action.c(200):     <input type="hidden" name="flightID" value="111601485-359272-DR"  />\n
Action.c(200):       </TD>\n
Action.c(200):       <TD width="45%" valign="top">\n
Action.c(200):           <b>&nbsp;&nbsp;5 Coach class tickets for :</b><br/>\n
Action.c(200):           <center><table border="0" width="85%"><tr><td>\n
Action.c(200):           <li><i>Admiral Piett      <li><i>Luke Skywalker      <li><i>Jango Fett      <li><i>J
Action.c(200):     abba Hutt      <li><i>James Bond\n
Action.c(200):           <li><i></i>\n
Action.c(200):           </td></tr></table></center>\n
Action.c(200):       </TD>\n
Action.c(200):       <TD width="5%" >.<br/>.<br/>.<br/>.</TD>\n
Action.c(200):       <TD width="45%" valign=top><b>Invoice sent to:</b><br/>\n
Action.c(200):           <center>\n
Action.c(200):           <Table width="80%" cellspacing="0" > <tr> <td>\n
Action.c(200):               Droid R2-D2\n
Action.c(200):     <br/>\n
Action.c(200):               address2<br/>\n
Action.c(200):               address02<br/>\n
Action.c(200):               <br/>\n
Action.c(200):               Total Charge: $ 540 <BR/> (CC: x-3013)\n
Action.c(200):           </td> </tr> </table>\n
Action.c(200):           </center>\n
Action.c(200):       </TD>\n
Action.c(200):     </TR>\n
Action.c(200):     <TR bgcolor="#EFF2F7">\n
Action.c(200):       <TD COLSPAN="3">\n
Action.c(200):       <b>Flight Details:</b><BR/>  <center>\n
Action.c(200):       09/13/2021\n
Action.c(200):      :  8am : Flight 240 leaves London  for Paris.<br>  </center>\n
Action.c(200):       </TD>\n
Action.c(200):     </TR>\n
Action.c(200):     \n
Action.c(200):     <TR bgcolor="#EFF2F7">\n
Action.c(200):       <TD COLSPAN="4">\n
Action.c(200):       <hr/>\n
Action.c(200):       </TD>\n
Action.c(200):     </TR>\n
Action.c(200):     \n
Action.c(200):     <!-- Flight #1 -->\n
Action.c(200):     <TR bgcolor="#EFF2F7">\n
Action.c(200):       <TD width="5%" rowspan="2" align="left" valign="top">\n
Action.c(200):     <b>\n
Action.c(200):     <label><input type="checkbox" name="468" value="on" /></label></font></b>\n
Action.c(200):     <input type="hidden" name="flightID" value="3334229-360052-DR"  />\n
Action.c(200):       </TD>\n
Action.c(200):       <TD width="45%" valign="top">\n
Action.c(200):           <b>&nbsp;&nbsp;7 Coach class tickets for :</b><br/>\n
Action.c(200):           <center><table border="0" width="85%"><tr><td>\n
Action.c(200):           <li><i>Admiral Piett      <li><i>Luke Skywalker      <li><i>Jango Fett      <li><i>J
Action.c(200):     abba Hutt      <li><i>James Bond      <li><i>Bananas Ananas      <li><i>Droid R2-D2\n
Action.c(200):           <li><i></i>\n
Action.c(200):           </td></tr></table></center>\n
Action.c(200):       </TD>\n
Action.c(200):       <TD width="5%" >.<br/>.<br/>.<br/>.</TD>\n
Action.c(200):       <TD width="45%" valign=top><b>Invoice sent to:</b><br/>\n
Action.c(200):           <center>\n
Action.c(200):           <Table width="80%" cellspacing="0" > <tr> <td>\n
Action.c(200):               Droid R2-D2\n
Action.c(200):     <br/>\n
Action.c(200):               address2<br/>\n
Action.c(200):               address02<br/>\n
Action.c(200):               <br/>\n
Action.c(200):               Total Charge: $ 679 <BR/> (CC: x-0900)\n
Action.c(200):           </td> </tr> </table>\n
Action.c(200):           </center>\n
Action.c(200):       </TD>\n
Action.c(200):     </TR>\n
Action.c(200):     <TR bgcolor="#EFF2F7">\n
Action.c(200):       <TD COLSPAN="3">\n
Action.c(200):       <b>Flight Details:</b><BR/>  <center>\n
Action.c(200):       09/13/2021\n
Action.c(200):      :  1pm : Flight 241 leaves London  for Paris.<br>  </center>\n
Action.c(200):       </TD>\n
Action.c(200):     </TR>\n
Action.c(200):     \n
Action.c(200):     <TR bgcolor="#EFF2F7">\n
Action.c(200):       <TD COLSPAN="4">\n
Action.c(200):       <hr/>\n
Action.c(200):       </TD>\n
Action.c(200):     </TR>\n
Action.c(200):     \n
Action.c(200):     <!-- Flight #1 -->\n
Action.c(200):     <TR bgcolor="#EFF2F7">\n
Action.c(200):       <TD width="5%" rowspan="2" align="left" valign="top">\n
Action.c(200):     <b>\n
Action.c(200):     <label><input type="checkbox" name="469" value="on" /></label></font></b>\n
Action.c(200):     <input type="hidden" name="flightID" value="4371273-360817-DR"  />\n
Action.c(200):       </TD>\n
Action.c(200):       <TD width="45%" valign="top">\n
Action.c(200):           <b>&nbsp;&nbsp;7 Coach class tickets for :</b><br/>\n
Action.c(200):           <center><table border="0" width="85%"><tr><td>\n
Action.c(200):           <li><i>Admiral Piett      <li><i>Luke Skywalker      <li><i>Jango Fett      <li><i>J
Action.c(200):     abba Hutt      <li><i>James Bond      <li><i>Bananas Ananas      <li><i>Droid R2-D2\n
Action.c(200):           <li><i></i>\n
Action.c(200):           </td></tr></table></center>\n
Action.c(200):       </TD>\n
Action.c(200):       <TD width="5%" >.<br/>.<br/>.<br/>.</TD>\n
Action.c(200):       <TD width="45%" valign=top><b>Invoice sent to:</b><br/>\n
Action.c(200):           <center>\n
Action.c(200):           <Table width="80%" cellspacing="0" > <tr> <td>\n
Action.c(200):               Droid R2-D2\n
Action.c(200):     <br/>\n
Action.c(200):               address2<br/>\n
Action.c(200):               address02<br/>\n
Action.c(200):               <br/>\n
Action.c(200):               Total Charge: $ 623 <BR/> (CC: x-1180)\n
Action.c(200):           </td> </tr> </table>\n
Action.c(200):           </center>\n
Action.c(200):       </TD>\n
Action.c(200):     </TR>\n
Action.c(200):     <TR bgcolor="#EFF2F7">\n
Action.c(200):       <TD COLSPAN="3">\n
Action.c(200):       <b>Flight Details:</b><BR/>  <center>\n
Action.c(200):       09/13/2021\n
Action.c(200):      :  11pm : Flight 243 leaves London  for Paris.<br>  </center>\n
Action.c(200):       </TD>\n
Action.c(200):     </TR>\n
Action.c(200):     \n
Action.c(200):     <TR bgcolor="#EFF2F7">\n
Action.c(200):       <TD COLSPAN="4">\n
Action.c(200):       <hr/>\n
Action.c(200):       </TD>\n
Action.c(200):     </TR>\n
Action.c(200):     \n
Action.c(200):     <!-- Flight #1 -->\n
Action.c(200):     <TR bgcolor="#EFF2F7">\n
Action.c(200):       <TD width="5%" rowspan="2" align="left" valign="top">\n
Action.c(200):     <b>\n
Action.c(200):     <label><input type="checkbox" name="470" value="on" /></label></font></b>\n
Action.c(200):     <input type="hidden" name="flightID" value="261268152-361563-DR"  />\n
Action.c(200):       </TD>\n
Action.c(200):       <TD width="45%" valign="top">\n
Action.c(200):           <b>&nbsp;&nbsp;3 Coach class tickets for :</b><br/>\n
Action.c(200):           <center><table border="0" width="85%"><tr><td>\n
Action.c(200):           <li><i>Admiral Piett      <li><i>Luke Skywalker      <li><i>Jango Fett\n
Action.c(200):           <li><i></i>\n
Action.c(200):           </td></tr></table></center>\n
Action.c(200):       </TD>\n
Action.c(200):       <TD width="5%" >.<br/>.<br/>.<br/>.</TD>\n
Action.c(200):       <TD width="45%" valign=top><b>Invoice sent to:</b><br/>\n
Action.c(200):           <center>\n
Action.c(200):           <Table width="80%" cellspacing="0" > <tr> <td>\n
Action.c(200):               Droid R2-D2\n
Action.c(200):     <br/>\n
Action.c(200):               address2<br/>\n
Action.c(200):               address02<br/>\n
Action.c(200):               <br/>\n
Action.c(200):               Total Charge: $ 324 <BR/> (CC: x-7054)\n
Action.c(200):           </td> </tr> </table>\n
Action.c(200):           </center>\n
Action.c(200):       </TD>\n
Action.c(200):     </TR>\n
Action.c(200):     <TR bgcolor="#EFF2F7">\n
Action.c(200):       <TD COLSPAN="3">\n
Action.c(200):       <b>Flight Details:</b><BR/>  <center>\n
Action.c(200):       09/13/2021\n
Action.c(200):      :  8am : Flight 240 leaves London  for Paris.<br>  </center>\n
Action.c(200):       </TD>\n
Action.c(200):     </TR>\n
Action.c(200):     \n
Action.c(200):     <TR bgcolor="#EFF2F7">\n
Action.c(200):       <TD COLSPAN="4">\n
Action.c(200):       <hr/>\n
Action.c(200):       </TD>\n
Action.c(200):     </TR>\n
Action.c(200):     \n
Action.c(200):     <!-- Flight #1 -->\n
Action.c(200):     <TR bgcolor="#EFF2F7">\n
Action.c(200):       <TD width="5%" rowspan="2" align="left" valign="top">\n
Action.c(200):     <b>\n
Action.c(200):     <label><input type="checkbox" name="471" value="on" /></label></font></b>\n
Action.c(200):     <input type="hidden" name="flightID" value="297601559-362354-DR"  />\n
Action.c(200):       </TD>\n
Action.c(200):       <TD width="45%" valign="top">\n
Action.c(200):           <b>&nbsp;&nbsp;6 Coach class tickets for :</b><br/>\n
Action.c(200):           <center><table border="0" width="85%"><tr><td>\n
Action.c(200):           <li><i>Admiral Piett      <li><i>Luke Skywalker      <li><i>Jango Fett      <li><i>J
Action.c(200):     abba Hutt      <li><i>James Bond      <li><i>Bananas Ananas\n
Action.c(200):           <li><i></i>\n
Action.c(200):           </td></tr></table></center>\n
Action.c(200):       </TD>\n
Action.c(200):       <TD width="5%" >.<br/>.<br/>.<br/>.</TD>\n
Action.c(200):       <TD width="45%" valign=top><b>Invoice sent to:</b><br/>\n
Action.c(200):           <center>\n
Action.c(200):           <Table width="80%" cellspacing="0" > <tr> <td>\n
Action.c(200):               Droid R2-D2\n
Action.c(200):     <br/>\n
Action.c(200):               address2<br/>\n
Action.c(200):               address02<br/>\n
Action.c(200):               <br/>\n
Action.c(200):               Total Charge: $ 612 <BR/> (CC: x-8035)\n
Action.c(200):           </td> </tr> </table>\n
Action.c(200):           </center>\n
Action.c(200):       </TD>\n
Action.c(200):     </TR>\n
Action.c(200):     <TR bgcolor="#EFF2F7">\n
Action.c(200):       <TD COLSPAN="3">\n
Action.c(200):       <b>Flight Details:</b><BR/>  <center>\n
Action.c(200):       09/13/2021\n
Action.c(200):      :  5pm : Flight 242 leaves London  for Paris.<br>  </center>\n
Action.c(200):       </TD>\n
Action.c(200):     </TR>\n
Action.c(200):     \n
Action.c(200):     <TR bgcolor="#EFF2F7">\n
Action.c(200):       <TD COLSPAN="4">\n
Action.c(200):       <hr/>\n
Action.c(200):       </TD>\n
Action.c(200):     </TR>\n
Action.c(200):     \n
Action.c(200):     <!-- Flight #1 -->\n
Action.c(200):     <TR bgcolor="#EFF2F7">\n
Action.c(200):       <TD width="5%" rowspan="2" align="left" valign="top">\n
Action.c(200):     <b>\n
Action.c(200):     <label><input type="checkbox" name="472" value="on" /></label></font></b>\n
Action.c(200):     <input type="hidden" name="flightID" value="29434229-363099-DR"  />\n
Action.c(200):       </TD>\n
Action.c(200):       <TD width="45%" valign="top">\n
Action.c(200):           <b>&nbsp;&nbsp;3 Coach class tickets for :</b><br/>\n
Action.c(200):           <center><table border="0" width="85%"><tr><td>\n
Action.c(200):           <li><i>Admiral Piett      <li><i>Luke Skywalker      <li><i>Jango Fett\n
Action.c(200):           <li><i></i>\n
Action.c(200):           </td></tr></table></center>\n
Action.c(200):       </TD>\n
Action.c(200):       <TD width="5%" >.<br/>.<br/>.<br/>.</TD>\n
Action.c(200):       <TD width="45%" valign=top><b>Invoice sent to:</b><br/>\n
Action.c(200):           <center>\n
Action.c(200):           <Table width="80%" cellspacing="0" > <tr> <td>\n
Action.c(200):               Droid R2-D2\n
Action.c(200):     <br/>\n
Action.c(200):               address2<br/>\n
Action.c(200):               address02<br/>\n
Action.c(200):               <br/>\n
Action.c(200):               Total Charge: $ 291 <BR/> (CC: x-7947)\n
Action.c(200):           </td> </tr> </table>\n
Action.c(200):           </center>\n
Action.c(200):       </TD>\n
Action.c(200):     </TR>\n
Action.c(200):     <TR bgcolor="#EFF2F7">\n
Action.c(200):       <TD COLSPAN="3">\n
Action.c(200):       <b>Flight Details:</b><BR/>  <center>\n
Action.c(200):       09/13/2021\n
Action.c(200):      :  1pm : Flight 241 leaves London  for Paris.<br>  </center>\n
Action.c(200):       </TD>\n
Action.c(200):     </TR>\n
Action.c(200):     \n
Action.c(200):     <TR bgcolor="#EFF2F7">\n
Action.c(200):       <TD COLSPAN="4">\n
Action.c(200):       <hr/>\n
Action.c(200):       </TD>\n
Action.c(200):     </TR>\n
Action.c(200):     <TR>\n
Action.c(200):        <TD align="center" COLSPAN="4">\n
Action.c(200):        <b>A total of 472 scheduled flights.</font></b>\n
Action.c(200):        </TD>\n
Action.c(200):     </TR>\n
Action.c(200):     </TABLE>\n
Action.c(200):     \n
Action.c(200):     <TABLE WIDTH="87%" BORDER="0" CELLSPACING="0">\n
Action.c(200):     <TR>\n
Action.c(200):     <TD align="left" width="50%" >\n
Action.c(200):     <input type="image" name="removeFlights" src="/WebTours/images/cancelreservation.gif" bord
Action.c(200):     er="0" /></TD>\n
Action.c(200):     <TD align="right" width="50%" >\n
Action.c(200):     <input type="image" name="removeAllFlights" src="/WebTours/images/cancelallreservations.gi
Action.c(200):     f" border="0" /></TD>\n
Action.c(200):     </TABLE>\n
Action.c(200):     \n
Action.c(200):     <div><input type="hidden" name=".cgifields" value="127"  /><input type="hidden" name=".cgi
Action.c(200):     fields" value="32"  /><input type="hidden" name=".cgifields" value="276"  /><input type="h
Action.c(200):     idden" name=".cgifields" value="90"  /><input type="hidden" name=".cgifields" value="443" 
Action.c(200):      /><input type="hidden" name=".cgifields" value="206"  /><input type="hidden" name=".cgifi
Action.c(200):     elds" value="118"  /><input type="hidden" name=".cgifields" value="71"  /><input type="hid
Action.c(200):     den" name=".cgifields" value="102"  /><input type="hidden" name=".cgifields" value="358"  
Action.c(200):     /><input type="hidden" name=".cgifields" value="331"  /><input type="hidden" name=".cgifie
Action.c(200):     lds" value="16"  /><input type="hidden" name=".cgifields" value="55"  /><input type="hidde
Action.c(200):     n" name=".cgifields" value="84"  /><input type="hidden" name=".cgifields" value="233"  /><
Action.c(200):     input type="hidden" name=".cgifields" value="437"  /><input type="hidden" name=".cgifields
Action.c(200):     " value="463"  /><input type="hidden" name=".cgifields" value="259"  /><input type="hidden
Action.c(200):     " name=".cgifields" value="194"  /><input type="hidden" name=".cgifields" value="57"  /><i
Action.c(200):     nput type="hidden" name=".cgifields" value="458"  /><input type="hidden" name=".cgifields"
Action.c(200):      value="424"  /><input type="hidden" name=".cgifields" value="368"  /><input type="hidden"
Action.c(200):      name=".cgifields" value="451"  /><input type="hidden" name=".cgifields" value="220"  /><i
Action.c(200):     nput type="hidden" name=".cgifields" value="454"  /><input type="hidden" name=".cgifields"
Action.c(200):      value="316"  /><input type="hidden" name=".cgifields" value="163"  /><input type="hidden"
Action.c(200):      name=".cgifields" value="395"  /><input type="hidden" name=".cgifields" value="89"  /><in
Action.c(200):     put type="hidden" name=".cgifields" value="175"  /><input type="hidden" name=".cgifields" 
Action.c(200):     value="31"  /><input type="hidden" name=".cgifields" value="35"  /><input type="hidden" na
Action.c(200):     me=".cgifields" value="11"  /><input type="hidden" name=".cgifields" value="347"  /><input
Action.c(200):      type="hidden" name=".cgifields" value="208"  /><input type="hidden" name=".cgifields" val
Action.c(200):     ue="434"  /><input type="hidden" name=".cgifields" value="93"  /><input type="hidden" name
Action.c(200):     =".cgifields" value="292"  /><input type="hidden" name=".cgifields" value="378"  /><input 
Action.c(200):     type="hidden" name=".cgifields" value="325"  /><input type="hidden" name=".cgifields" valu
Action.c(200):     e="29"  /><input type="hidden" name=".cgifields" value="350"  /><input type="hidden" name=
Action.c(200):     ".cgifields" value="291"  /><input type="hidden" name=".cgifields" value="374"  /><input t
Action.c(200):     ype="hidden" name=".cgifields" value="442"  /><input type="hidden" name=".cgifields" value
Action.c(200):     ="199"  /><input type="hidden" name=".cgifields" value="114"  /><input type="hidden" name=
Action.c(200):     ".cgifields" value="429"  /><input type="hidden" name=".cgifields" value="226"  /><input t
Action.c(200):     ype="hidden" name=".
Action.c(200): Found resource "http://127.0.0.1:1080/WebTours/images/cancelreservation.gif" in HTML "http://127.0.0.1:1080/cgi-bin/itinerary.pl"  	[MsgId: MMSG-26659]
Action.c(200): Found resource "http://127.0.0.1:1080/WebTours/images/cancelallreservations.gif" in HTML "http://127.0.0.1:1080/cgi-bin/itinerary.pl"  	[MsgId: MMSG-26659]
Action.c(200): t=288353ms: 8-byte chunked response overhead for "http://127.0.0.1:1080/cgi-bin/itinerary.pl" (RelFrameId=1.2, Internal ID=77)
Action.c(200):     \r\n
Action.c(200):     1000\r\n
Action.c(200): t=288354ms: 8-byte chunked response overhead for "http://127.0.0.1:1080/cgi-bin/itinerary.pl" (RelFrameId=1.2, Internal ID=77)
Action.c(200):     \r\n
Action.c(200):     1000\r\n
Action.c(200): t=288354ms: 8-byte chunked response overhead for "http://127.0.0.1:1080/cgi-bin/itinerary.pl" (RelFrameId=1.2, Internal ID=77)
Action.c(200):     \r\n
Action.c(200):     1000\r\n
Action.c(200): t=288354ms: 12263-byte chunked response body for "http://127.0.0.1:1080/cgi-bin/itinerary.pl" (RelFrameId=1.2, Internal ID=77)
Action.c(200):     cgifields" value="58"  /><input type="hidden" name=".cgifields" value="211"  /><input type
Action.c(200):     ="hidden" name=".cgifields" value="153"  /><input type="hidden" name=".cgifields" value="1
Action.c(200):     5"  /><input type="hidden" name=".cgifields" value="431"  /><input type="hidden" name=".cg
Action.c(200):     ifields" value="382"  /><input type="hidden" name=".cgifields" value="337"  /><input type=
Action.c(200):     "hidden" name=".cgifields" value="409"  /><input type="hidden" name=".cgifields" value="10
Action.c(200):     1"  /><input type="hidden" name=".cgifields" value="73"  /><input type="hidden" name=".cgi
Action.c(200):     fields" value="340"  /><input type="hidden" name=".cgifields" value="76"  /><input type="h
Action.c(200):     idden" name=".cgifields" value="311"  /><input type="hidden" name=".cgifields" value="62" 
Action.c(200):      /><input type="hidden" name=".cgifields" value="67"  /><input type="hidden" name=".cgifie
Action.c(200):     lds" value="241"  /><input type="hidden" name=".cgifields" value="198"  /><input type="hid
Action.c(200):     den" name=".cgifields" value="139"  /><input type="hidden" name=".cgifields" value="389"  
Action.c(200):     /><input type="hidden" name=".cgifields" value="129"  /><input type="hidden" name=".cgifie
Action.c(200):     lds" value="327"  /><input type="hidden" name=".cgifields" value="320"  /><input type="hid
Action.c(200):     den" name=".cgifields" value="418"  /><input type="hidden" name=".cgifields" value="280"  
Action.c(200):     /><input type="hidden" name=".cgifields" value="273"  /><input type="hidden" name=".cgifie
Action.c(200):     lds" value="471"  /><input type="hidden" name=".cgifields" value="236"  /><input type="hid
Action.c(200):     den" name=".cgifields" value="465"  /><input type="hidden" name=".cgifields" value="361"  
Action.c(200):     /><input type="hidden" name=".cgifields" value="249"  /><input type="hidden" name=".cgifie
Action.c(200):     lds" value="218"  /><input type="hidden" name=".cgifields" value="202"  /><input type="hid
Action.c(200):     den" name=".cgifields" value="168"  /><input type="hidden" name=".cgifields" value="184"  
Action.c(200):     /><input type="hidden" name=".cgifields" value="135"  /><input type="hidden" name=".cgifie
Action.c(200):     lds" value="14"  /><input type="hidden" name=".cgifields" value="348"  /><input type="hidd
Action.c(200):     en" name=".cgifields" value="145"  /><input type="hidden" name=".cgifields" value="49"  />
Action.c(200):     <input type="hidden" name=".cgifields" value="178"  /><input type="hidden" name=".cgifield
Action.c(200):     s" value="24"  /><input type="hidden" name=".cgifields" value="285"  /><input type="hidden
Action.c(200):     " name=".cgifields" value="140"  /><input type="hidden" name=".cgifields" value="124"  /><
Action.c(200):     input type="hidden" name=".cgifields" value="104"  /><input type="hidden" name=".cgifields
Action.c(200):     " value="131"  /><input type="hidden" name=".cgifields" value="412"  /><input type="hidden
Action.c(200):     " name=".cgifields" value="181"  /><input type="hidden" name=".cgifields" value="385"  /><
Action.c(200):     input type="hidden" name=".cgifields" value="234"  /><input type="hidden" name=".cgifields
Action.c(200):     " value="314"  /><input type="hidden" name=".cgifields" value="307"  /><input type="hidden
Action.c(200):     " name=".cgifields" value="154"  /><input type="hidden" name=".cgifields" value="23"  /><i
Action.c(200):     nput type="hidden" name=".cgifields" value="388"  /><input type="hidden" name=".cgifields"
Action.c(200):      value="364"  /><input type="hidden" name=".cgifields" value="96"  /><input type="hidden" 
Action.c(200):     name=".cgifields" value="355"  /><input type="hidden" name=".cgifields" value="159"  /><in
Action.c(200):     put type="hidden" name=".cgifields" value="326"  /><input type="hidden" name=".cgifields" 
Action.c(200):     value="160"  /><input type="hidden" name=".cgifields" value="47"  /><input type="hidden" n
Action.c(200):     ame=".cgifields" value="367"  /><input type="hidden" name=".cgifields" value="8"  /><input
Action.c(200):      type="hidden" name=".cgifields" value="98"  /><input type="hidden" name=".cgifields" valu
Action.c(200):     e="335"  /><input type="hidden" name=".cgifields" value="37"  /><input type="hidden" name=
Action.c(200):     ".cgifields" value="43"  /><input type="hidden" name=".cgifields" value="270"  /><input ty
Action.c(200):     pe="hidden" name=".cgifields" value="195"  /><input type="hidden" name=".cgifields" value=
Action.c(200):     "5"  /><input type="hidden" name=".cgifields" value="391"  /><input type="hidden" name=".c
Action.c(200):     gifields" value="21"  /><input type="hidden" name=".cgifields" value="288"  /><input type=
Action.c(200):     "hidden" name=".cgifields" value="193"  /><input type="hidden" name=".cgifields" value="46
Action.c(200):     0"  /><input type="hidden" name=".cgifields" value="119"  /><input type="hidden" name=".cg
Action.c(200):     ifields" value="453"  /><input type="hidden" name=".cgifields" value="324"  /><input type=
Action.c(200):     "hidden" name=".cgifields" value="180"  /><input type="hidden" name=".cgifields" value="24
Action.c(200):     4"  /><input type="hidden" name=".cgifields" value="162"  /><input type="hidden" name=".cg
Action.c(200):     ifields" value="433"  /><input type="hidden" name=".cgifields" value="351"  /><input type=
Action.c(200):     "hidden" name=".cgifields" value="410"  /><input type="hidden" name=".cgifields" value="24
Action.c(200):     6"  /><input type="hidden" name=".cgifields" value="240"  /><input type="hidden" name=".cg
Action.c(200):     ifields" value="74"  /><input type="hidden" name=".cgifields" value="334"  /><input type="
Action.c(200):     hidden" name=".cgifields" value="440"  /><input type="hidden" name=".cgifields" value="61"
Action.c(200):       /><input type="hidden" name=".cgifields" value="230"  /><input type="hidden" name=".cgif
Action.c(200):     ields" value="299"  /><input type="hidden" name=".cgifields" value="115"  /><input type="h
Action.c(200):     idden" name=".cgifields" value="430"  /><input type="hidden" name=".cgifields" value="377"
Action.c(200):       /><input type="hidden" name=".cgifields" value="447"  /><input type="hidden" name=".cgif
Action.c(200):     ields" value="103"  /><input type="hidden" name=".cgifields" value="201"  /><input type="h
Action.c(200):     idden" name=".cgifields" value="379"  /><input type="hidden" name=".cgifields" value="423"
Action.c(200):       /><input type="hidden" name=".cgifields" value="415"  /><input type="hidden" name=".cgif
Action.c(200):     ields" value="113"  /><input type="hidden" name=".cgifields" value="152"  /><input type="h
Action.c(200):     idden" name=".cgifields" value="189"  /><input type="hidden" name=".cgifields" value="452"
Action.c(200):       /><input type="hidden" name=".cgifields" value="342"  /><input type="hidden" name=".cgif
Action.c(200):     ields" value="295"  /><input type="hidden" name=".cgifields" value="266"  /><input type="h
Action.c(200):     idden" name=".cgifields" value="91"  /><input type="hidden" name=".cgifields" value="341" 
Action.c(200):      /><input type="hidden" name=".cgifields" value="438"  /><input type="hidden" name=".cgifi
Action.c(200):     elds" value="107"  /><input type="hidden" name=".cgifields" value="467"  /><input type="hi
Action.c(200):     dden" name=".cgifields" value="87"  /><input type="hidden" name=".cgifields" value="174"  
Action.c(200):     /><input type="hidden" name=".cgifields" value="77"  /><input type="hidden" name=".cgifiel
Action.c(200):     ds" value="444"  /><input type="hidden" name=".cgifields" value="214"  /><input type="hidd
Action.c(200):     en" name=".cgifields" value="422"  /><input type="hidden" name=".cgifields" value="221"  /
Action.c(200):     ><input type="hidden" name=".cgifields" value="39"  /><input type="hidden" name=".cgifield
Action.c(200):     s" value="64"  /><input type="hidden" name=".cgifields" value="97"  /><input type="hidden"
Action.c(200):      name=".cgifields" value="417"  /><input type="hidden" name=".cgifields" value="12"  /><in
Action.c(200):     put type="hidden" name=".cgifields" value="41"  /><input type="hidden" name=".cgifields" v
Action.c(200):     alue="52"  /><input type="hidden" name=".cgifields" value="312"  /><input type="hidden" na
Action.c(200):     me=".cgifields" value="302"  /><input type="hidden" name=".cgifields" value="229"  /><inpu
Action.c(200):     t type="hidden" name=".cgifields" value="45"  /><input type="hidden" name=".cgifields" val
Action.c(200):     ue="405"  /><input type="hidden" name=".cgifields" value="260"  /><input type="hidden" nam
Action.c(200):     e=".cgifields" value="237"  /><input type="hidden" name=".cgifields" value="370"  /><input
Action.c(200):      type="hidden" name=".cgifields" value="309"  /><input type="hidden" name=".cgifields" val
Action.c(200):     ue="188"  /><input type="hidden" name=".cgifields" value="68"  /><input type="hidden" name
Action.c(200):     =".cgifields" value="402"  /><input type="hidden" name=".cgifields" value="315"  /><input 
Action.c(200):     type="hidden" name=".cgifields" value="1"  /><input type="hidden" name=".cgifields" value=
Action.c(200):     "136"  /><input type="hidden" name=".cgifields" value="116"  /><input type="hidden" name="
Action.c(200):     .cgifields" value="416"  /><input type="hidden" name=".cgifields" value="338"  /><input ty
Action.c(200):     pe="hidden" name=".cgifields" value="144"  /><input type="hidden" name=".cgifields" value=
Action.c(200):     "380"  /><input type="hidden" name=".cgifields" value="100"  /><input type="hidden" name="
Action.c(200):     .cgifields" value="300"  /><input type="hidden" name=".cgifields" value="222"  /><input ty
Action.c(200):     pe="hidden" name=".cgifields" value="25"  /><input type="hidden" name=".cgifields" value="
Action.c(200):     286"  /><input type="hidden" name=".cgifields" value="120"  /><input type="hidden" name=".
Action.c(200):     cgifields" value="83"  /><input type="hidden" name=".cgifields" value="381"  /><input type
Action.c(200):     ="hidden" name=".cgifields" value="305"  /><input type="hidden" name=".cgifields" value="3
Action.c(200):     08"  /><input type="hidden" name=".cgifields" value="392"  /><input type="hidden" name=".c
Action.c(200):     gifields" value="254"  /><input type="hidden" name=".cgifields" value="177"  /><input type
Action.c(200):     ="hidden" name=".cgifields" value="373"  /><input type="hidden" name=".cgifields" value="2
Action.c(200):     17"  /><input type="hidden" name=".cgifields" value="328"  /><input type="hidden" name=".c
Action.c(200):     gifields" value="239"  /><input type="hidden" name=".cgifields" value="122"  /><input type
Action.c(200):     ="hidden" name=".cgifields" value="143"  /><input type="hidden" name=".cgifields" value="4
Action.c(200):     64"  /><input type="hidden" name=".cgifields" value="281"  /><input type="hidden" name=".c
Action.c(200):     gifields" value="269"  /><input type="hidden" name=".cgifields" value="205"  /><input type
Action.c(200):     ="hidden" name=".cgifields" value="158"  /><input type="hidden" name=".cgifields" value="4
Action.c(200):     2"  /><input type="hidden" name=".cgifields" value="22"  /><input type="hidden" name=".cgi
Action.c(200):     fields" value="363"  /><input type="hidden" name=".cgifields" value="46"  /><input type="h
Action.c(200):     idden" name=".cgifields" value="399"  /><input type="hidden" name=".cgifields" value="235"
Action.c(200):       /><input type="hidden" name=".cgifields" value="301"  /><input type="hidden" name=".cgif
Action.c(200):     ields" value="6"  /><input type="hidden" name=".cgifields" value="436"  /><input type="hid
Action.c(200):     den" name=".cgifields" value="36"  /><input type="hidden" name=".cgifields" value="213"  /
Action.c(200):     ><input type="hidden" name=".cgifields" value="183"  /><input type="hidden" name=".cgifiel
Action.c(200):     ds" value="94"  /><input type="hidden" name=".cgifields" value="51"  /><input type="hidden
Action.c(200):     " name=".cgifields" value="472"  /><input type="hidden" name=".cgifields" value="456"  /><
Action.c(200):     input type="hidden" name=".cgifields" value="439"  /><input type="hidden" name=".cgifields
Action.c(200):     " value="362"  /><input type="hidden" name=".cgifields" value="317"  /><input type="hidden
Action.c(200):     " name=".cgifields" value="296"  /><input type="hidden" name=".cgifields" value="265"  /><
Action.c(200):     input type="hidden" name=".cgifields" value="411"  /><input type="hidden" name=".cgifields
Action.c(200):     " value="169"  /><input type="hidden" name=".cgifields" value="132"  /><input type="hidden
Action.c(200):     " name=".cgifields" value="171"  /><input type="hidden" name=".cgifields" value="398"  /><
Action.c(200):     input type="hidden" name=".cgifields" value="384"  /><input type="hidden" name=".cgifields
Action.c(200):     " value="386"  /><input type="hidden" name=".cgifields" value="407"  /><input type="hidden
Action.c(200):     " name=".cgifields" value="445"  /><input type="hidden" name=".cgifields" value="200"  /><
Action.c(200):     input type="hidden" name=".cgifields" value="18"  /><input type="hidden" name=".cgifields"
Action.c(200):      value="376"  /><input type="hidden" name=".cgifields" value="366"  /><input type="hidden"
Action.c(200):      name=".cgifields" value="125"  /><input type="hidden" name=".cgifields" value="329"  /><i
Action.c(200):     nput type="hidden" name=".cgifields" value="44"  /><input type="hidden" name=".cgifields" 
Action.c(200):     value="27"  /><input type="hidden" name=".cgifields" value="272"  /><input type="hidden" n
Action.c(200):     ame=".cgifields" value="161"  /><input type="hidden" name=".cgifields" value="190"  /><inp
Action.c(200):     ut type="hidden" name=".cgifields" value="298"  /><input type="hidden" name=".cgifields" v
Action.c(200):     alue="95"  /><input type="hidden" name=".cgifields" value="400"  /><input type="hidden" na
Action.c(200):     me=".cgifields" value="313"  /><input type="hidden" name=".cgifields" value="20"  /><input
Action.c(200):      type="hidden" name=".cgifields" value="109"  /><input type="hidden" name=".cgifields" val
Action.c(200):     ue="231"  /><input type="hidden" name=".cgifields" value="243"  /><input type="hidden" nam
Action.c(200):     e=".cgifields" value="151"  /><input type="hidden" name=".cgifields" value="148"  /><input
Action.c(200):      type="hidden" name=".cgifields" value="343"  /><input type="hidden" name=".cgifields" val
Action.c(200):     ue="468"  /><input type="hidden" name=".cgifields" value="287"  /><input type="hidden" nam
Action.c(200):     e=".cgifields" value="441"  /><input type="hidden" name=".cgifields" value="78"  /><input 
Action.c(200):     type="hidden" name=".cg
Action.c(143): Notify: Transaction "Buy_Ticket" started.	[MsgId: MMSG-16999]
Action.c(200): t=288358ms: 8-byte chunked response overhead for "http://127.0.0.1:1080/cgi-bin/itinerary.pl" (RelFrameId=1.2, Internal ID=77)
Action.c(200):     \r\n
Action.c(200):     1000\r\n
Action.c(145): web_reg_find started  	[MsgId: MMSG-26355]
Action.c(200): t=288358ms: 8-byte chunked response overhead for "http://127.0.0.1:1080/cgi-bin/itinerary.pl" (RelFrameId=1.2, Internal ID=77)
Action.c(200):     \r\n
Action.c(200):     1000\r\n
Action.c(145): Registering web_reg_find was successful  	[MsgId: MMSG-26390]
Action.c(200): t=288358ms: 7-byte chunked response overhead for "http://127.0.0.1:1080/cgi-bin/itinerary.pl" (RelFrameId=1.2, Internal ID=77)
Action.c(200):     \r\n
Action.c(200):     3b3\r\n
Action.c(149): web_submit_data("reservations.pl_3") started  	[MsgId: MMSG-26355]
Action.c(200): t=288358ms: 7-byte chunked response overhead for "http://127.0.0.1:1080/cgi-bin/itinerary.pl" (RelFrameId=1.2, Internal ID=77)
Action.c(200):     \r\n
Action.c(200):     0\r\n
Action.c(200):     \r\n
Action.c(149): Notify: Next row for parameter firstName = 4 [table  = firstName].	[MsgId: MMSG-13876]
Action.c(149): Notify: Getting new value for parameter 'firstName': table = '..\parameters\users.dat' column = '10' row = '4'.	[MsgId: MMSG-13877]
Action.c(149): Notify: Parameter Substitution: parameter "firstName" =  "Droid"	[MsgId: MMSG-13992]
Action.c(149): Notify: Next row for parameter lastName = 4 [table  = lastName].	[MsgId: MMSG-13876]
Action.c(149): Notify: Getting new value for parameter 'lastName': table = '..\parameters\users.dat' column = '11' row = '4'.	[MsgId: MMSG-13877]
Action.c(149): Notify: Parameter Substitution: parameter "lastName" =  "C3-PO"	[MsgId: MMSG-13992]
Action.c(149): Notify: Parameter Substitution: parameter "address1" =  "address3"	[MsgId: MMSG-13992]
Action.c(149): Notify: Parameter Substitution: parameter "address2" =  "address03"	[MsgId: MMSG-13992]
Action.c(149): Notify: Next row for parameter pass = 5 [table  = pass].	[MsgId: MMSG-13876]
Action.c(149): Notify: Getting new value for parameter 'pass': table = '..\parameters\users.dat' column = '12' row = '5'.	[MsgId: MMSG-13877]
Action.c(149): Notify: Parameter Substitution: parameter "pass" =  "Han Solo"	[MsgId: MMSG-13992]
Action.c(149): Notify: Next row for parameter pass = 6 [table  = pass].	[MsgId: MMSG-13876]
Action.c(149): Notify: Getting new value for parameter 'pass': table = '..\parameters\users.dat' column = '12' row = '6'.	[MsgId: MMSG-13877]
Action.c(149): Notify: Parameter Substitution: parameter "pass" =  "Anakin Skywalker"	[MsgId: MMSG-13992]
Action.c(200): t=288359ms: 10443-byte chunked response body for "http://127.0.0.1:1080/cgi-bin/itinerary.pl" (RelFrameId=1.2, Internal ID=77)
Action.c(149): Notify: Next row for parameter pass = 7 [table  = pass].	[MsgId: MMSG-13876]
Action.c(200):     ifields" value="413"  /><input type="hidden" name=".cgifields" value="397"  /><input type=
Action.c(149): Notify: Getting new value for parameter 'pass': table = '..\parameters\users.dat' column = '12' row = '7'.	[MsgId: MMSG-13877]
Action.c(200):     "hidden" name=".cgifields" value="294"  /><input type="hidden" name=".cgifields" value="34
Action.c(149): Notify: Parameter Substitution: parameter "pass" =  "Admiral Piett"	[MsgId: MMSG-13992]
Action.c(200):     9"  /><input type="hidden" name=".cgifields" value="106"  /><input type="hidden" name=".cg
Action.c(200):     ifields" value="275"  /><input type="hidden" name=".cgifields" value="157"  /><input type=
Action.c(149): Notify: Next row for parameter pass = 8 [table  = pass].	[MsgId: MMSG-13876]
Action.c(200):     "hidden" name=".cgifields" value="65"  /><input type="hidden" name=".cgifields" value="197
Action.c(149): Notify: Getting new value for parameter 'pass': table = '..\parameters\users.dat' column = '12' row = '8'.	[MsgId: MMSG-13877]
Action.c(200):     "  /><input type="hidden" name=".cgifields" value="203"  /><input type="hidden" name=".cgi
Action.c(200):     fields" value="261"  /><input type="hidden" name=".cgifields" value="138"  /><input type="
Action.c(149): Notify: Parameter Substitution: parameter "pass" =  "Luke Skywalker"	[MsgId: MMSG-13992]
Action.c(200):     hidden" name=".cgifields" value="81"  /><input type="hidden" name=".cgifields" value="137"
Action.c(200):       /><input type="hidden" name=".cgifields" value="60"  /><input type="hidden" name=".cgifi
Action.c(149): Notify: Next row for parameter pass = 9 [table  = pass].	[MsgId: MMSG-13876]
Action.c(200):     elds" value="459"  /><input type="hidden" name=".cgifields" value="432"  /><input type="hi
Action.c(149): Notify: Getting new value for parameter 'pass': table = '..\parameters\users.dat' column = '12' row = '9'.	[MsgId: MMSG-13877]
Action.c(200):     dden" name=".cgifields" value="321"  /><input type="hidden" name=".cgifields" value="284" 
Action.c(149): Notify: Parameter Substitution: parameter "pass" =  "Jango Fett"	[MsgId: MMSG-13992]
Action.c(200):      /><input type="hidden" name=".cgifields" value="86"  /><input type="hidden" name=".cgifie
Action.c(200):     lds" value="247"  /><input type="hidden" name=".cgifields" value="371"  /><input type="hid
Action.c(149): Notify: Next row for parameter pass = 10 [table  = pass].	[MsgId: MMSG-13876]
Action.c(200):     den" name=".cgifields" value="204"  /><input type="hidden" name=".cgifields" value="289"  
Action.c(149): Notify: Getting new value for parameter 'pass': table = '..\parameters\users.dat' column = '12' row = '10'.	[MsgId: MMSG-13877]
Action.c(200):     /><input type="hidden" name=".cgifields" value="165"  /><input type="hidden" name=".cgifie
Action.c(149): Notify: Parameter Substitution: parameter "pass" =  "Jabba Hutt"	[MsgId: MMSG-13992]
Action.c(200):     lds" value="346"  /><input type="hidden" name=".cgifields" value="17"  /><input type="hidd
Action.c(200):     en" name=".cgifields" value="2"  /><input type="hidden" name=".cgifields" value="435"  /><
Action.c(149): Notify: Next row for parameter pass = 1 [table  = pass].	[MsgId: MMSG-13876]
Action.c(200):     input type="hidden" name=".cgifields" value="427"  /><input type="hidden" name=".cgifields
Action.c(149): Notify: Getting new value for parameter 'pass': table = '..\parameters\users.dat' column = '12' row = '1'.	[MsgId: MMSG-13877]
Action.c(200):     " value="401"  /><input type="hidden" name=".cgifields" value="186"  /><input type="hidden
Action.c(149): Notify: Parameter Substitution: parameter "pass" =  "James Bond"	[MsgId: MMSG-13992]
Action.c(200):     " name=".cgifields" value="82"  /><input type="hidden" name=".cgifields" value="110"  /><i
Action.c(200):     nput type="hidden" name=".cgifields" value="147"  /><input type="hidden" name=".cgifields"
Action.c(149): Notify: Next row for parameter pass = 2 [table  = pass].	[MsgId: MMSG-13876]
Action.c(200):      value="333"  /><input type="hidden" name=".cgifields" value="339"  /><input type="hidden"
Action.c(149): Notify: Getting new value for parameter 'pass': table = '..\parameters\users.dat' column = '12' row = '2'.	[MsgId: MMSG-13877]
Action.c(200):      name=".cgifields" value="228"  /><input type="hidden" name=".cgifields" value="323"  /><i
Action.c(200):     nput type="hidden" name=".cgifields" value="268"  /><input type="hidden" name=".cgifields"
Action.c(149): Notify: Parameter Substitution: parameter "pass" =  "Bananas Ananas"	[MsgId: MMSG-13992]
Action.c(200):      value="345"  /><input type="hidden" name=".cgifields" value="69"  /><input type="hidden" 
Action.c(200):     name=".cgifields" value="112"  /><input type="hidden" name=".cgifields" value="319"  /><in
Action.c(149): Notify: Parameter Substitution: parameter "creditCard" =  "99585434"	[MsgId: MMSG-13992]
Action.c(200):     put type="hidden" name=".cgifields" value="172"  /><input type="hidden" name=".cgifields" 
Action.c(200):     value="191"  /><input type="hidden" name=".cgifields" value="224"  /><input type="hidden" 
Action.c(149): Notify: Parameter Substitution: parameter "expDate" =  "1012"	[MsgId: MMSG-13992]
Action.c(200):     name=".cgifields" value="187"  /><input type="hidden" name=".cgifields" value="404"  /><in
Action.c(200):     put type="hidden" name=".cgifields" value="223"  /><input type="hidden" name=".cgifields" 
Action.c(200):     value="446"  /><input type="hidden" name=".cgifields" value="282"  /><input type="hidden" 
Action.c(149): Notify: Parameter Substitution: parameter "numPassengers" =  "3"	[MsgId: MMSG-13992]
Action.c(200):     name=".cgifields" value="420"  /><input type="hidden" name=".cgifields" value="262"  /><in
Action.c(200):     put type="hidden" name=".cgifields" value="79"  /><input type="hidden" name=".cgifields" v
Action.c(149): Notify: Parameter Substitution: parameter "seatType" =  "First"	[MsgId: MMSG-13992]
Action.c(200):     alue="121"  /><input type="hidden" name=".cgifields" value="212"  /><input type="hidden" n
Action.c(200):     ame=".cgifields" value="352"  /><input type="hidden" name=".cgifields" value="344"  /><inp
Action.c(200):     ut type="hidden" name=".cgifields" value="126"  /><input type="hidden" name=".cgifields" v
Action.c(149): Notify: Parameter Substitution: parameter "seatPref" =  "Aisle"	[MsgId: MMSG-13992]
Action.c(200):     alue="238"  /><input type="hidden" name=".cgifields" value="426"  /><input type="hidden" n
Action.c(200):     ame=".cgifields" value="251"  /><input type="hidden" name=".cgifields" value="369"  /><inp
Action.c(149): Notify: Parameter Substitution: parameter "outboundFlight_rnd" =  "352;351;09/13/2021"	[MsgId: MMSG-13992]
Action.c(200):     ut type="hidden" name=".cgifields" value="253"  /><input type="hidden" name=".cgifields" v
Action.c(200):     alue="279"  /><input type="hidden" name=".cgifields" value="176"  /><input type="hidden" n
Action.c(200):     ame=".cgifields" value="448"  /><input type="hidden" name=".cgifields" value="209"  /><inp
Action.c(200):     ut type="hidden" name=".cgifields" value="357"  /><input type="hidden" name=".cgifields" v
Action.c(200):     alue="216"  /><input type="hidden" name=".cgifields" value="256"  /><input type="hidden" n
Action.c(200):     ame=".cgifields" value="372"  /><input type="hidden" name=".cgifields" value="117"  /><inp
Action.c(200):     ut type="hidden" name=".cgifields" value="170"  /><input type="hidden" name=".cgifields" v
Action.c(200):     alue="33"  /><input type="hidden" name=".cgifields" value="63"  /><input type="hidden" nam
Action.c(200):     e=".cgifields" value="428"  /><input type="hidden" name=".cgifields" value="455"  /><input
Action.c(200):      type="hidden" name=".cgifields" value="7"  /><input type="hidden" name=".cgifields" value
Action.c(149): t=288360ms: Already connected [0] to 127.0.0.1:1080  	[MsgId: MMSG-26000]
Action.c(200):     ="80"  /><input type="hidden" name=".cgifields" value="26"  /><input type="hidden" name=".
Action.c(149): t=288360ms: 522-byte request headers for "http://127.0.0.1:1080/cgi-bin/reservations.pl" (RelFrameId=1, Internal ID=100)
Action.c(200):     cgifields" value="227"  /><input type="hidden" name=".cgifields" value="336"  /><input typ
Action.c(149):     POST /cgi-bin/reservations.pl HTTP/1.1\r\n
Action.c(200):     e="hidden" name=".cgifields" value="457"  /><input type="hidden" name=".cgifields" value="
Action.c(149):     Content-Type: application/x-www-form-urlencoded\r\n
Action.c(200):     99"  /><input type="hidden" name=".cgifields" value="72"  /><input type="hidden" name=".cg
Action.c(149):     Referer: http://127.0.0.1:1080/cgi-bin/reservations.pl\r\n
Action.c(200):     ifields" value="179"  /><input type="hidden" name=".cgifields" value="383"  /><input type=
Action.c(149):     User-Agent: Mozilla/5.0 (Windows NT 10.0; WOW64; Trident/7.0; Touch; rv:11.0) like Gecko\r
Action.c(200):     "hidden" name=".cgifields" value="264"  /><input type="hidden" name=".cgifields" value="25
Action.c(149):     \n
Action.c(200):     5"  /><input type="hidden" name=".cgifields" value="297"  /><input type="hidden" name=".cg
Action.c(149):     Accept-Encoding: gzip, deflate\r\n
Action.c(200):     ifields" value="359"  /><input type="hidden" name=".cgifields" value="182"  /><input type=
Action.c(149):     Accept-Language: en-US,en;q=0.7,ru;q=0.3\r\n
Action.c(200):     "hidden" name=".cgifields" value="108"  /><input type="hidden" name=".cgifields" value="27
Action.c(149):     Accept: */*\r\n
Action.c(200):     7"  /><input type="hidden" name=".cgifields" value="92"  /><input type="hidden" name=".cgi
Action.c(149):     Connection: Keep-Alive\r\n
Action.c(200):     fields" value="462"  /><input type="hidden" name=".cgifields" value="414"  /><input type="
Action.c(149):     Host: 127.0.0.1:1080\r\n
Action.c(200):     hidden" name=".cgifields" value="232"  /><input type="hidden" name=".cgifields" value="10"
Action.c(149):     Cookie: MSO=SID&1631462783; MTUserInfo=firstName&&address2&&username&jojo3&hash&83&lastNam
Action.c(200):       /><input type="hidden" name=".cgifields" value="225"  /><input type="hidden" name=".cgif
Action.c(149):     e&%0A&address1&&creditCard&&expDate&%0A\r\n
Action.c(200):     ields" value="330"  /><input type="hidden" name=".cgifields" value="142"  /><input type="h
Action.c(149):     Content-Length: 450\r\n
Action.c(200):     idden" name=".cgifields" value="207"  /><input type="hidden" name=".cgifields" value="263"
Action.c(149):     \r\n
Action.c(200):       /><input type="hidden" name=".cgifields" value="394"  /><input type="hidden" name=".cgif
Action.c(200):     ields" value="167"  /><input type="hidden" name=".cgifields" value="48"  /><input type="hi
Action.c(149): t=288360ms: 450-byte request body for "http://127.0.0.1:1080/cgi-bin/reservations.pl" (RelFrameId=1, Internal ID=100)
Action.c(200):     dden" name=".cgifields" value="360"  /><input type="hidden" name=".cgifields" value="419" 
Action.c(149):     firstName=Droid&lastName=C3-PO&address1=address3&address2=address03&pass1=Han+Solo&pass2=A
Action.c(200):      /><input type="hidden" name=".cgifields" value="133"  /><input type="hidden" name=".cgifi
Action.c(149):     nakin+Skywalker&pass3=Admiral+Piett&pass4=Luke+Skywalker&pass5=Jango+Fett&pass6=Jabba+Hutt
Action.c(200):     elds" value="290"  /><input type="hidden" name=".cgifields" value="123"  /><input type="hi
Action.c(149):     &pass7=James+Bond&pass8=Bananas+Ananas&creditCard=99585434&expDate=1012&oldCCOption=&numPa
Action.c(200):     dden" name=".cgifields" value="149"  /><input type="hidden" name=".cgifields" value="304" 
Action.c(149):     ssengers=3&seatType=First&seatPref=Aisle&outboundFlight=352%3B351%3B09%2F13%2F2021&advance
Action.c(200):      /><input type="hidden" name=".cgifields" value="50"  /><input type="hidden" name=".cgifie
Action.c(149):     Discount=0&returnFlight=&JSFormSubmit=off&.cgifields=saveCC&buyFlights.x=81&buyFlights.y=8
Action.c(200):     lds" value="210"  /><input type="hidden" name=".cgifields" value="406"  /><input type="hid
Action.c(200):     den" name=".cgifields" value="396"  /><input type="hidden" name=".cgifields" value="258"  
Action.c(200):     /><input type="hidden" name=".cgifields" value="173"  /><input type="hidden" name=".cgifie
Action.c(200):     lds" value="393"  /><input type="hidden" name=".cgifields" value="56"  /><input type="hidd
Action.c(200):     en" name=".cgifields" value="66"  /><input type="hidden" name=".cgifields" value="449"  />
Action.c(200):     <input type="hidden" name=".cgifields" value="19"  /><input type="hidden" name=".cgifields
Action.c(200):     " value="293"  /><input type="hidden" name=".cgifields" value="54"  /><input type="hidden"
Action.c(200):      name=".cgifields" value="365"  /><input type="hidden" name=".cgifields" value="274"  /><i
Action.c(200):     nput type="hidden" name=".cgifields" value="306"  /><input type="hidden" name=".cgifields"
Action.c(200):      value="470"  /><input type="hidden" name=".cgifields" value="70"  /><input type="hidden" 
Action.c(200):     name=".cgifields" value="322"  /><input type="hidden" name=".cgifields" value="469"  /><in
Action.c(200):     put type="hidden" name=".cgifields" value="353"  /><input type="hidden" name=".cgifields" 
Action.c(200):     value="166"  /><input type="hidden" name=".cgifields" value="375"  /><input type="hidden" 
Action.c(200):     name=".cgifields" value="88"  /><input type="hidden" name=".cgifields" value="30"  /><inpu
Action.c(200):     t type="hidden" name=".cgifields" value="141"  /><input type="hidden" name=".cgifields" va
Action.c(200):     lue="403"  /><input type="hidden" name=".cgifields" value="128"  /><input type="hidden" na
Action.c(200):     me=".cgifields" value="466"  /><input type="hidden" name=".cgifields" value="252"  /><inpu
Action.c(200):     t type="hidden" name=".cgifields" value="28"  /><input type="hidden" name=".cgifields" val
Action.c(200):     ue="310"  /><input type="hidden" name=".cgifields" value="283"  /><input type="hidden" nam
Action.c(200):     e=".cgifields" value="75"  /><input type="hidden" name=".cgifields" value="40"  /><input t
Action.c(200):     ype="hidden" name=".cgifields" value="134"  /><input type="hidden" name=".cgifields" value
Action.c(200):     ="156"  /><input type="hidden" name=".cgifields" value="303"  /><input type="hidden" name=
Action.c(200):     ".cgifields" value="192"  /><input type="hidden" name=".cgifields" value="250"  /><input t
Action.c(200):     ype="hidden" name=".cgifields" value="421"  /><input type="hidden" name=".cgifields" value
Action.c(200):     ="59"  /><input type="hidden" name=".cgifields" value="215"  /><input type="hidden" name="
Action.c(200):     .cgifields" value="450"  /><input type="hidden" name=".cgifields" value="278"  /><input ty
Action.c(200):     pe="hidden" name=".cgifields" value="150"  /><input type="hidden" name=".cgifields" value=
Action.c(200):     "271"  /><input type="hidden" name=".cgifields" value="130"  /><input type="hidden" name="
Action.c(200):     .cgifields" value="155"  /><input type="hidden" name=".cgifields" value="387"  /><input ty
Action.c(200):     pe="hidden" name=".cgifields" value="53"  /><input type="hidden" name=".cgifields" value="
Action.c(200):     245"  /><input type="hidden" name=".cgifields" value="267"  /><input type="hidden" name=".
Action.c(200):     cgifields" value="354"  /><input type="hidden" name=".cgifields" value="461"  /><input typ
Action.c(200):     e="hidden" name=".cgifields" value="219"  /><input type="hidden" name=".cgifields" value="
Action.c(200):     318"  /><input type="hidden" name=".cgifields" value="13"  /><input type="hidden" name=".c
Action.c(200):     gifields" value="257"  /><input type="hidden" name=".cgifields" value="105"  /><input type
Action.c(200):     ="hidden" name=".cgifields" value="85"  /><input type="hidden" name=".cgifields" value="3"
Action.c(200):       /><input type="hidden" name=".cgifields" value="185"  /><input type="hidden" name=".cgif
Action.c(200):     ields" value="390"  /><input type="hidden" name=".cgifields" value="332"  /><input type="h
Action.c(200):     idden" name=".cgifields" value="248"  /><input type="hidden" name=".cgifields" value="111"
Action.c(200):       /><input type="hidden" name=".cgifields" value="9"  /><input type="hidden" name=".cgifie
Action.c(200):     lds" value="146"  /><input type="hidden" name=".cgifields" value="425"  /><input type="hid
Action.c(200):     den" name=".cgifields" value="408"  /><input type="hidden" name=".cgifields" value="356"  
Action.c(200):     /><input type="hidden" name=".cgifields" value="38"  /><input type="hidden" name=".cgifiel
Action.c(200):     ds" value="4"  /><input type="hidden" name=".cgifields" value="34"  /><input type="hidden"
Action.c(200):      name=".cgifields" value="164"  /><input type="hidden" name=".cgifields" value="196"  /><i
Action.c(200):     nput type="hidden" name=".cgifields" value="242"  /></div></form>\n
Action.c(200):     \n
Action.c(200):     </center>\n
Action.c(200):     \n
Action.c(200):     </body>\n
Action.c(200):     </html>
Action.c(200): t=288361ms: Request done "http://127.0.0.1:1080/cgi-bin/itinerary.pl"  	[MsgId: MMSG-26000]
Action.c(200): t=288361ms: Already connected [1] to 127.0.0.1:1080  	[MsgId: MMSG-26000]
Action.c(200): t=288361ms: 438-byte request headers for "http://127.0.0.1:1080/WebTours/images/cancelreservation.gif" (RelFrameId=, Internal ID=80)
Action.c(200):     GET /WebTours/images/cancelreservation.gif HTTP/1.1\r\n
Action.c(200):     Referer: http://127.0.0.1:1080/cgi-bin/itinerary.pl\r\n
Action.c(200):     User-Agent: Mozilla/5.0 (Windows NT 10.0; WOW64; Trident/7.0; Touch; rv:11.0) like Gecko\r
Action.c(200):     \n
Action.c(200):     Accept-Encoding: gzip, deflate\r\n
Action.c(200):     Accept-Language: en-US,en;q=0.7,ru;q=0.3\r\n
Action.c(200):     Accept: */*\r\n
Action.c(200):     Connection: Keep-Alive\r\n
Action.c(200):     Host: 127.0.0.1:1080\r\n
Action.c(200):     Cookie: MSO=SID&1631462764; MTUserInfo=firstName&&username&jojo2&address2&&hash&82&address
Action.c(200):     1&&lastName&%0A\r\n
Action.c(200):     \r\n
Action.c(200): t=288362ms: 297-byte response headers for "http://127.0.0.1:1080/WebTours/images/cancelreservation.gif" (RelFrameId=, Internal ID=80)
Action.c(200):     HTTP/1.1 200 OK\r\n
Action.c(200):     Date: Sun, 12 Sep 2021 16:07:10 GMT\r\n
Action.c(200):     Server: Apache/2.2.21 (Win32)\r\n
Action.c(200):     Last-Modified: Thu, 12 Jan 2012 12:30:28 GMT\r\n
Action.c(200):     ETag: "1000000043599-33f-4b653e9ce6100"\r\n
Action.c(200):     Accept-Ranges: bytes\r\n
Action.c(200):     Content-Length: 831\r\n
Action.c(200):     Keep-Alive: timeout=5, max=99\r\n
Action.c(200):     Connection: Keep-Alive\r\n
Action.c(200):     Content-Type: image/gif\r\n
Action.c(200):     \r\n
Action.c(200): t=288362ms: 831-byte response body for "http://127.0.0.1:1080/WebTours/images/cancelreservation.gif" (RelFrameId=, Internal ID=80)
Action.c(200): t=288362ms: Request done "http://127.0.0.1:1080/WebTours/images/cancelreservation.gif"  	[MsgId: MMSG-26000]
Action.c(200): t=288362ms: Connecting [4] to host 127.0.0.1:1080  	[MsgId: MMSG-26000]
Action.c(200): t=288363ms: Connected socket [3] from 127.0.0.1:1190 to 127.0.0.1:1080 in 1030 ms  	[MsgId: MMSG-26000]
Action.c(200): t=288363ms: 442-byte request headers for "http://127.0.0.1:1080/WebTours/images/home.gif" (RelFrameId=, Internal ID=79)
Action.c(200):     GET /WebTours/images/home.gif HTTP/1.1\r\n
Action.c(200):     Referer: http://127.0.0.1:1080/cgi-bin/nav.pl?page=menu&in=itinerary\r\n
Action.c(200):     User-Agent: Mozilla/5.0 (Windows NT 10.0; WOW64; Trident/7.0; Touch; rv:11.0) like Gecko\r
Action.c(200):     \n
Action.c(200):     Accept-Encoding: gzip, deflate\r\n
Action.c(200):     Accept-Language: en-US,en;q=0.7,ru;q=0.3\r\n
Action.c(200):     Accept: */*\r\n
Action.c(200):     Connection: Keep-Alive\r\n
Action.c(200):     Host: 127.0.0.1:1080\r\n
Action.c(200):     Cookie: MSO=SID&1631462764; MTUserInfo=firstName&&username&jojo2&address2&&hash&82&address
Action.c(200):     1&&lastName&%0A\r\n
Action.c(200):     \r\n
Action.c(200): t=288363ms: Connected socket [4] from 127.0.0.1:1226 to 127.0.0.1:1080 in 1 ms  	[MsgId: MMSG-26000]
Action.c(200): t=288363ms: 442-byte request headers for "http://127.0.0.1:1080/WebTours/images/cancelallreservations.gif" (RelFrameId=, Internal ID=81)
Action.c(200):     GET /WebTours/images/cancelallreservations.gif HTTP/1.1\r\n
Action.c(200):     Referer: http://127.0.0.1:1080/cgi-bin/itinerary.pl\r\n
Action.c(200):     User-Agent: Mozilla/5.0 (Windows NT 10.0; WOW64; Trident/7.0; Touch; rv:11.0) like Gecko\r
Action.c(200):     \n
Action.c(200):     Accept-Encoding: gzip, deflate\r\n
Action.c(200):     Accept-Language: en-US,en;q=0.7,ru;q=0.3\r\n
Action.c(200):     Accept: */*\r\n
Action.c(200):     Connection: Keep-Alive\r\n
Action.c(200):     Host: 127.0.0.1:1080\r\n
Action.c(200):     Cookie: MSO=SID&1631462764; MTUserInfo=firstName&&username&jojo2&address2&&hash&82&address
Action.c(200):     1&&lastName&%0A\r\n
Action.c(200):     \r\n
Action.c(149): t=288416ms: 354-byte response headers for "http://127.0.0.1:1080/cgi-bin/reservations.pl" (RelFrameId=1, Internal ID=100)
Action.c(149):     HTTP/1.1 200 OK\r\n
Action.c(149):     Date: Sun, 12 Sep 2021 16:07:10 GMT\r\n
Action.c(149):     Server: Apache/2.2.21 (Win32)\r\n
Action.c(149):     Expires: Sat, 11 Sep 2021 16:07:10 GMT\r\n
Action.c(149):     Set-Cookie: MTUserInfo=firstName&&username&jojo3&address2&&hash&83&address1&&lastName&%0A;
Action.c(149):      path=/\r\n
Action.c(149):     Keep-Alive: timeout=5, max=99\r\n
Action.c(149):     Connection: Keep-Alive\r\n
Action.c(149):     Transfer-Encoding: chunked\r\n
Action.c(149):     Content-Type: text/html; charset=ISO-8859-1\r\n
Action.c(149):     \r\n
Action.c(149): t=288416ms: 5-byte chunked response overhead for "http://127.0.0.1:1080/cgi-bin/reservations.pl" (RelFrameId=1, Internal ID=100)
Action.c(149):     9be\r\n
Action.c(149): t=288416ms: 2-byte chunked response overhead for "http://127.0.0.1:1080/cgi-bin/reservations.pl" (RelFrameId=1, Internal ID=100)
Action.c(149):     \r\n
Action.c(149): t=288416ms: 2494-byte chunked response body for "http://127.0.0.1:1080/cgi-bin/reservations.pl" (RelFrameId=1, Internal ID=100)
Action.c(149):     <!DOCTYPE html\n
Action.c(149):     \tPUBLIC "-//W3C//DTD XHTML 1.0 Transitional//EN"\n
Action.c(149):     \t "http://www.w3.org/TR/xhtml1/DTD/xhtml1-transitional.dtd">\n
Action.c(149):     <html xmlns="http://www.w3.org/1999/xhtml" lang="en-US" xml:lang="en-US">\n
Action.c(149):     <head>\n
Action.c(149):     <title>Reservation Made!</title>\n
Action.c(149):     <meta http-equiv="Content-Type" content="text/html; charset=iso-8859-1" />\n
Action.c(149):     </head>\n
Action.c(149):     <body bgcolor="#E0E7F1">\n
Action.c(149):     <style>blockquote {font-family: tahoma; font-size : 10pt}H1 {font-family: tahoma; font-siz
Action.c(149):     e : 22pt; color: #993333}small {font-family: tahoma; font-size : 8pt}H3 {font-family: taho
Action.c(149):     ma; font-size : 10pt; color: black}TD {font-family: tahoma; font-size : 10pt; color: black
Action.c(149):     }</style><BR/><BR/><h1><font color="#003366">&nbsp;&nbsp;<b>Invoice</font></b></h1><blockq
Action.c(149):     uote>\n
Action.c(149):     <CENTER>\n
Action.c(149):     <small><B>Thank you for booking through Web Tours.</B></small>\n
Action.c(149):     <BR/>\n
Action.c(149):     <BR/>\n
Action.c(149):     <!-- Customer Name header -->\n
Action.c(149):     <Table width="85%" border="0" cellspacing="0" >\n
Action.c(149):       <TR bgcolor="#5E7884">\n
Action.c(149):          <TD colspan="2" align="center">\n
Action.c(149):             <font color="white"><b>DroidC3-PO's Flight Invoice</b></font>\n
Action.c(149):          </TD>\n
Action.c(149):          <TD width="160" align="right">\n
Action.c(149):              <font color="white"><small>Sun Sep 12 19:07:10 2021\n
Action.c(149):     </small>\n
Action.c(149):          </TD>\n
Action.c(149):       </TR>\n
Action.c(149):     </Table>\n
Action.c(149):     \n
Action.c(149):     <Table width="85%" border="0" cellspacing="1" >\n
Action.c(149):     <!-- Flight Item header -->\n
Action.c(149):       <TR bgcolor="#EFF2F7">\n
Action.c(149):          <TD colspan="2" align="left">\n
Action.c(149):              Flights Reservation Requests:\n
Action.c(149):         </TD>\n
Action.c(149):         <TD align="center">Cost\n
Action.c(149):         </TD>\n
Action.c(149):       </TR>\n
Action.c(149):     \n
Action.c(149):     <!-- Flight reserved -->\n
Action.c(149):     <TR bgcolor="#EFF2F7">\n
Action.c(149):         <TD valign="top">1.</TD>\n
Action.c(149):         <TD align="left">\n
Action.c(149):            <b><u>3 First Class tickets from Los Angeles to Portland.</u></b>\n
Action.c(149):     <br/>\n
Action.c(149):     <center>\n
Action.c(149):            <i>\n
Action.c(149):               09/13/2021 :  5pm : Flight 352 leaves Los Angeles  for Portland.<br>\n
Action.c(149):            <br/>\n
Action.c(149):         </TD>\n
Action.c(149):         <TD valign="top">\n
Action.c(149):              $1053\n
Action.c(149):         </TD>\n
Action.c(149):       </TR>\n
Action.c(149):     <!-- Total Cost -->\n
Action.c(149):       <TR bgcolor="#EFF2F7">\n
Action.c(149):         <TD>*\n
Action.c(149):         </TD>\n
Action.c(149):         <TD > Total Cost\n
Action.c(149):         </TD>\n
Action.c(149):         <TD>\n
Action.c(149):            <b> $1053 </b>\n
Action.c(149):         </TD>\n
Action.c(149):       </TR>\n
Action.c(149):     \n
Action.c(149):       <TR bgcolor="#EFF2F7">\n
Action.c(149):         <TD>-\n
Action.c(149):         </TD>\n
Action.c(149):         <TD >\n
Action.c(149):            Total Charged to Credit Card # 99585434\n
Action.c(149):         </TD>\n
Action.c(149):         <TD>\n
Action.c(149):            <b> $1053 </b>\n
Action.c(149):         </TD>\n
Action.c(149):       </TR>\n
Action.c(149):     \n
Action.c(149):       <TR bgcolor="#EFF2F7">\n
Action.c(149):         <TD>*\n
Action.c(149):         </TD>\n
Action.c(149):         <TD >\n
Action.c(149):             Credit Account Balance\n
Action.c(149):         </TD>\n
Action.c(149):         <TD>\n
Action.c(149):            <b> $0.00 </b>\n
Action.c(149):         </TD>\n
Action.c(149):       </TR></Table>\n
Action.c(149):     <BR/>\n
Action.c(149):     <Table width="85%" border="0">\n
Action.c(149):       <tr>\n
Action.c(149):         <td align=right>\n
Action.c(149):     <form method="post" action="" enctype="application/x-www-form-urlencoded">\n
Action.c(149):     <input type="image" name="Book Another" src="/WebTours/images/bookanother.gif" border="0" 
Action.c(149):     /></form>    </td>\n
Action.c(149):       </tr>\n
Action.c(149):     </Table>\n
Action.c(149):     \n
Action.c(149):     </Center>\n
Action.c(149):     \n
Action.c(149):     </body>\n
Action.c(149):     </html>
Action.c(149): Found resource "http://127.0.0.1:1080/WebTours/images/bookanother.gif" in HTML "http://127.0.0.1:1080/cgi-bin/reservations.pl"  	[MsgId: MMSG-26659]
Action.c(149): t=288418ms: 5-byte chunked response overhead for "http://127.0.0.1:1080/cgi-bin/reservations.pl" (RelFrameId=1, Internal ID=100)
Action.c(149):     0\r\n
Action.c(149):     \r\n
Action.c(149): t=288419ms: Request done "http://127.0.0.1:1080/cgi-bin/reservations.pl"  	[MsgId: MMSG-26000]
Action.c(149): t=288419ms: Connecting [1] to host 127.0.0.1:1080  	[MsgId: MMSG-26000]
Action.c(149): t=288419ms: Connected socket [1] from 127.0.0.1:1227 to 127.0.0.1:1080 in 0 ms  	[MsgId: MMSG-26000]
Action.c(149): t=288419ms: 435-byte request headers for "http://127.0.0.1:1080/WebTours/images/bookanother.gif" (RelFrameId=, Internal ID=101)
Action.c(149):     GET /WebTours/images/bookanother.gif HTTP/1.1\r\n
Action.c(149):     Referer: http://127.0.0.1:1080/cgi-bin/reservations.pl\r\n
Action.c(149):     User-Agent: Mozilla/5.0 (Windows NT 10.0; WOW64; Trident/7.0; Touch; rv:11.0) like Gecko\r
Action.c(149):     \n
Action.c(149):     Accept-Encoding: gzip, deflate\r\n
Action.c(149):     Accept-Language: en-US,en;q=0.7,ru;q=0.3\r\n
Action.c(149):     Accept: */*\r\n
Action.c(149):     Connection: Keep-Alive\r\n
Action.c(149):     Host: 127.0.0.1:1080\r\n
Action.c(149):     Cookie: MSO=SID&1631462783; MTUserInfo=firstName&&username&jojo3&address2&&hash&83&address
Action.c(149):     1&&lastName&%0A\r\n
Action.c(149):     \r\n
Action.c(22): t=288568ms: 300-byte response headers for "http://127.0.0.1:1080/webtours/images/webtours.png" (RelFrameId=, Internal ID=86)
Action.c(22):     HTTP/1.1 200 OK\r\n
Action.c(22):     Date: Sun, 12 Sep 2021 16:07:10 GMT\r\n
Action.c(22):     Server: Apache/2.2.21 (Win32)\r\n
Action.c(22):     Last-Modified: Mon, 04 Nov 2013 12:47:02 GMT\r\n
Action.c(22):     ETag: "100000004359b-105b-4ea594fffdd80"\r\n
Action.c(22):     Accept-Ranges: bytes\r\n
Action.c(22):     Content-Length: 4187\r\n
Action.c(22):     Keep-Alive: timeout=5, max=100\r\n
Action.c(22):     Connection: Keep-Alive\r\n
Action.c(22):     Content-Type: image/png\r\n
Action.c(22):     \r\n
Action.c(22): t=288569ms: 4187-byte response body for "http://127.0.0.1:1080/webtours/images/webtours.png" (RelFrameId=, Internal ID=86)
Action.c(22): t=288569ms: Request done "http://127.0.0.1:1080/webtours/images/webtours.png"  	[MsgId: MMSG-26000]
Action.c(22): t=288638ms: 299-byte response headers for "http://127.0.0.1:1080/WebTours/home.html" (RelFrameId=1.2.2, Internal ID=88)
Action.c(22):     HTTP/1.1 200 OK\r\n
Action.c(22):     Date: Sun, 12 Sep 2021 16:07:10 GMT\r\n
Action.c(22):     Server: Apache/2.2.21 (Win32)\r\n
Action.c(22):     Last-Modified: Mon, 27 May 2013 10:20:22 GMT\r\n
Action.c(22):     ETag: "1000000043587-551-4ddb07f072580"\r\n
Action.c(22):     Accept-Ranges: bytes\r\n
Action.c(22):     Content-Length: 1361\r\n
Action.c(22):     Keep-Alive: timeout=5, max=100\r\n
Action.c(22):     Connection: Keep-Alive\r\n
Action.c(22):     Content-Type: text/html\r\n
Action.c(22):     \r\n
Action.c(22): t=288639ms: 1361-byte response body for "http://127.0.0.1:1080/WebTours/home.html" (RelFrameId=1.2.2, Internal ID=88)
Action.c(22):     <HTML>\n
Action.c(22):     <HEAD>\n
Action.c(22):     \t<title>Web Tours</title>\n
Action.c(22):     </HEAD>\n
Action.c(22):     <style>\n
Action.c(22):     \tblockquote {font-family: tahoma; font-size : 10pt}\n
Action.c(22):     \tH1 {font-family: tahoma; font-size : 22pt; color: #003366}\n
Action.c(22):     \tsmall {font-family: tahoma; font-size : 8pt}\n
Action.c(22):     \tH3{font-family: tahoma; font-size : 10pt; color: black}\n
Action.c(22):     \tA {FONT-WEIGHT: bold; FONT-SIZE: 10pt; COLOR: black; FONT-FAMILY: Tahoma; TEXT-DECORATIO
Action.c(22):     N: none}\n
Action.c(22):     \tA:hover{ FONT-WEIGHT: bold; FONT-SIZE: 10pt; COLOR: #993333; FONT-FAMILY: Tahoma;TEXT-DE
Action.c(22):     CORATION: underline}\n
Action.c(22):     \tTD {font-family: tahoma; font-size : 10pt; color: black}\n
Action.c(22):     </style>\n
Action.c(22):     <body bgcolor="#e0e7f1">\n
Action.c(22):     <BR/>\n
Action.c(22):     <BR/>\n
Action.c(22):     <BR/>\n
Action.c(22):     <br/>\n
Action.c(22):     <table border="0">\n
Action.c(22):     <tr><td></td></tr>\n
Action.c(22):     <TR><TD></TD></TR>\n
Action.c(22):     <TR><TD>\n
Action.c(22):     <blockquote>\n
Action.c(22):     <H1><b>Web Tours</b></H1>\n
Action.c(22):     Welcome to the Web Tours site.\n
Action.c(22):     <br/>\n
Action.c(22):     To make reservations,please enter your account information to the left.\n
Action.c(22):     <br/>\n
Action.c(22):     If you haven't registered yet, <A href="/cgi-bin/login.pl?username=&amp;password=&amp;getI
Action.c(22):     nfo=true" ><B>sign up now</B></A> to get access to all our resources.\n
Action.c(22):     <br/>\n
Action.c(22):     To configure the server options, use <A href="/cgi-bin/admin.pl" target="body" ><b>adminis
Action.c(22):     tration</b></A> link.\n
Action.c(22):     <br/><br/><br/><br/><br/><br/>\n
Action.c(22):     <br/><small>\n
Action.c(22):     This product uses parts of the SMT Kernel, Copyright (c) 1991-99 <A href="http://www.imati
Action.c(22):     x.com" target="new"><B><small>iMatix Corporation</small></B></A> \n
Action.c(22):     </small>\n
Action.c(22):     </blockquote></TD>\n
Action.c(22):     <TD></TD></TR>\n
Action.c(22):     </table>\n
Action.c(22):     </body>\n
Action.c(22):     </HTML>\n
Action.c(22): t=288639ms: Request done "http://127.0.0.1:1080/WebTours/home.html"  	[MsgId: MMSG-26000]
Action.c(22): Registered web_reg_find successful for "Text= A Session ID has been created and loaded into a cookie called MSO" (count=1)  	[MsgId: MMSG-26364]
Action.c(22): web_url("webtours") was successful, 10077 body bytes, 2373 header bytes, 24 chunking overhead bytes  	[MsgId: MMSG-26385]
Action.c(32): Notify: Transaction "Entry" ended with a "Pass" status (Duration: 7.5537 Wasted Time: 0.0004).	[MsgId: MMSG-16871]
Action.c(36): lr_think_time: 5.00 seconds.	[MsgId: MMSG-15948]
Action.c(200): t=290285ms: 298-byte response headers for "http://127.0.0.1:1080/WebTours/images/in_itinerary.gif" (RelFrameId=, Internal ID=78)
Action.c(200):     HTTP/1.1 200 OK\r\n
Action.c(200):     Date: Sun, 12 Sep 2021 16:07:12 GMT\r\n
Action.c(200):     Server: Apache/2.2.21 (Win32)\r\n
Action.c(200):     Last-Modified: Thu, 12 Jan 2012 12:30:28 GMT\r\n
Action.c(200):     ETag: "100000004359c-2dd-4b653e9ce6100"\r\n
Action.c(200):     Accept-Ranges: bytes\r\n
Action.c(200):     Content-Length: 733\r\n
Action.c(200):     Keep-Alive: timeout=5, max=100\r\n
Action.c(200):     Connection: Keep-Alive\r\n
Action.c(200):     Content-Type: image/gif\r\n
Action.c(200):     \r\n
Action.c(200): t=290285ms: 733-byte response body for "http://127.0.0.1:1080/WebTours/images/in_itinerary.gif" (RelFrameId=, Internal ID=78)
Action.c(200): t=290285ms: Request done "http://127.0.0.1:1080/WebTours/images/in_itinerary.gif"  	[MsgId: MMSG-26000]
Action.c(200): t=290586ms: 298-byte response headers for "http://127.0.0.1:1080/WebTours/images/home.gif" (RelFrameId=, Internal ID=79)
Action.c(200):     HTTP/1.1 200 OK\r\n
Action.c(200):     Date: Sun, 12 Sep 2021 16:07:12 GMT\r\n
Action.c(200):     Server: Apache/2.2.21 (Win32)\r\n
Action.c(200):     Last-Modified: Thu, 12 Jan 2012 12:30:28 GMT\r\n
Action.c(200):     ETag: "10000000435a4-2b0-4b653e9ce6100"\r\n
Action.c(200):     Accept-Ranges: bytes\r\n
Action.c(200):     Content-Length: 688\r\n
Action.c(200):     Keep-Alive: timeout=5, max=100\r\n
Action.c(200):     Connection: Keep-Alive\r\n
Action.c(200):     Content-Type: image/gif\r\n
Action.c(200):     \r\n
Action.c(200): t=290588ms: 688-byte response body for "http://127.0.0.1:1080/WebTours/images/home.gif" (RelFrameId=, Internal ID=79)
Action.c(200): t=290588ms: Request done "http://127.0.0.1:1080/WebTours/images/home.gif"  	[MsgId: MMSG-26000]
Action.c(231): Notify: Transaction "UC_1_3v2_Buying_Ticket_megatransaction" ended with a "Stop" status (Duration: 79.2056 Think Time: 27.4468 Wasted Time: 0.2976).	[MsgId: MMSG-16870]
Action.c(47): Notify: Transaction "Login" ended with a "Stop" status (Duration: 10.2191 Wasted Time: 0.0000).	[MsgId: MMSG-16871]
Action.c(47): Notify: Transaction "UC_1_3v2_Buying_Ticket_megatransaction" ended with a "Stop" status (Duration: 30.1642 Think Time: 6.5971 Wasted Time: 0.0004).	[MsgId: MMSG-16870]
Action.c(47): Notify: Transaction "Login" ended with a "Stop" status (Duration: 10.2214 Wasted Time: 0.0000).	[MsgId: MMSG-16871]
Action.c(77): Notify: Transaction "Point_Of_Destination" ended with a "Stop" status (Duration: 4.4776 Wasted Time: 0.0001).	[MsgId: MMSG-16871]
Action.c(47): Notify: Transaction "UC_1_3v2_Buying_Ticket_megatransaction" ended with a "Stop" status (Duration: 30.1569 Think Time: 6.5382 Wasted Time: 0.0004).	[MsgId: MMSG-16870]
Action.c(77): Notify: Transaction "UC_1_3v2_Buying_Ticket_megatransaction" ended with a "Stop" status (Duration: 26.3746 Think Time: 12.1551 Wasted Time: 0.0006).	[MsgId: MMSG-16870]
Action.c(149): Notify: Transaction "Buy_Ticket" ended with a "Stop" status (Duration: 2.9476 Wasted Time: 0.0002).	[MsgId: MMSG-16871]
Action.c(187): Notify: Transaction "UC_1_3v2_Buying_Ticket_megatransaction" ended with a "Stop" status (Duration: 68.6000 Think Time: 22.5339 Wasted Time: 0.0006).	[MsgId: MMSG-16870]
Action.c(149): Notify: Transaction "UC_1_3v2_Buying_Ticket_megatransaction" ended with a "Stop" status (Duration: 57.3336 Think Time: 25.1492 Wasted Time: 0.0007).	[MsgId: MMSG-16870]
Action.c(231): Notify: Transaction "UC_1_3v2_Buying_Ticket_megatransaction" ended with a "Stop" status (Duration: 87.0536 Think Time: 28.0532 Wasted Time: 0.0019).	[MsgId: MMSG-16870]
Action.c(231): Notify: Transaction "UC_1_3v2_Buying_Ticket_megatransaction" ended with a "Stop" status (Duration: 79.8001 Think Time: 28.4294 Wasted Time: 0.0016).	[MsgId: MMSG-16870]
Action.c(105): Notify: Transaction "UC_1_3v2_Buying_Ticket_megatransaction" ended with a "Stop" status (Duration: 39.2867 Think Time: 10.1990 Wasted Time: 0.0012).	[MsgId: MMSG-16870]
Action.c(200): Notify: Transaction "Delete_Ticket_Button" ended with a "Stop" status (Duration: 10.2242 Wasted Time: 0.0101).	[MsgId: MMSG-16871]
Action.c(149): Notify: Transaction "Buy_Ticket" ended with a "Stop" status (Duration: 4.1532 Wasted Time: 0.0000).	[MsgId: MMSG-16871]
Action.c(200): Notify: Transaction "UC_1_3v2_Buying_Ticket_megatransaction" ended with a "Stop" status (Duration: 76.8227 Think Time: 32.0658 Wasted Time: 0.0110).	[MsgId: MMSG-16870]
Action.c(149): Notify: Transaction "UC_1_3v2_Buying_Ticket_megatransaction" ended with a "Stop" status (Duration: 58.6325 Think Time: 26.3706 Wasted Time: 0.0007).	[MsgId: MMSG-16870]
Action.c(200): Notify: Transaction "Delete_Ticket_Button" ended with a "Stop" status (Duration: 4.1226 Wasted Time: 0.0000).	[MsgId: MMSG-16871]
Action.c(36): Notify: Transaction "UC_1_3v2_Buying_Ticket_megatransaction" ended with a "Stop" status (Duration: 10.2205 Wasted Time: 0.0004).	[MsgId: MMSG-16871]
Action.c(200): Notify: Transaction "UC_1_3v2_Buying_Ticket_megatransaction" ended with a "Stop" status (Duration: 68.5795 Think Time: 28.5133 Wasted Time: 0.0015).	[MsgId: MMSG-16870]
Action.c(36): Notify: Transaction "UC_1_3v2_Buying_Ticket_megatransaction" ended with a "Stop" status (Duration: 15.8385 Wasted Time: 0.0003).	[MsgId: MMSG-16871]
Action.c(47): Notify: Transaction "Login" ended with a "Stop" status (Duration: 10.2211 Wasted Time: 0.0000).	[MsgId: MMSG-16871]
Action.c(47): Notify: Transaction "UC_1_3v2_Buying_Ticket_megatransaction" ended with a "Stop" status (Duration: 29.1257 Think Time: 6.5533 Wasted Time: 0.0004).	[MsgId: MMSG-16870]
Abort was called from an action.	[MsgId: MMSG-10447]
Ending Vuser...	[MsgId: MMSG-15966]
Starting action vuser_end.	[MsgId: MMSG-15919]
Ending action vuser_end.	[MsgId: MMSG-15918]
Vuser Terminated.	[MsgId: MMSG-15963]
Action.c(105): t=291363ms: Closed connection [0] to 127.0.0.1:1080 after completing 1 request(s)  	[MsgId: MMSG-26000]
Action.c(105): t=291363ms: Closed connection [1] to 127.0.0.1:1080 after completing 1 request(s)  	[MsgId: MMSG-26000]
Abort was called from an action.	[MsgId: MMSG-10447]
Ending Vuser...	[MsgId: MMSG-15966]
Starting action vuser_end.	[MsgId: MMSG-15919]
Ending action vuser_end.	[MsgId: MMSG-15918]
Vuser Terminated.	[MsgId: MMSG-15963]
Action.c(231): t=291441ms: Closed connection [0] to 127.0.0.1:1080 after completing 1 request(s)  	[MsgId: MMSG-26000]
Action.c(231): t=291497ms: Closed connection [1] to 127.0.0.1:1080 after completing 1 request(s)  	[MsgId: MMSG-26000]
Abort was called from an action.	[MsgId: MMSG-10447]
Ending Vuser...	[MsgId: MMSG-15966]
Starting action vuser_end.	[MsgId: MMSG-15919]
Ending action vuser_end.	[MsgId: MMSG-15918]
Vuser Terminated.	[MsgId: MMSG-15963]
Action.c(187): t=291500ms: Closed connection [0] to 127.0.0.1:1080 after completing 1 request(s)  	[MsgId: MMSG-26000]
Action.c(187): t=291500ms: Closed connection [1] to 127.0.0.1:1080 after completing 1 request(s)  	[MsgId: MMSG-26000]
Abort was called from an action.	[MsgId: MMSG-10447]
Ending Vuser...	[MsgId: MMSG-15966]
Starting action vuser_end.	[MsgId: MMSG-15919]
Ending action vuser_end.	[MsgId: MMSG-15918]
Vuser Terminated.	[MsgId: MMSG-15963]
Action.c(231): t=291608ms: Closed connection [0] to 127.0.0.1:1080 after completing 3 request(s)  	[MsgId: MMSG-26000]
Action.c(231): t=291608ms: Closed connection [1] to 127.0.0.1:1080 after completing 2 request(s)  	[MsgId: MMSG-26000]
Action.c(231): t=291608ms: Closed connection [2] to 127.0.0.1:1080 after completing 1 request(s)  	[MsgId: MMSG-26000]
Action.c(231): t=291609ms: Closed connection [3] to 127.0.0.1:1080 after completing 1 request(s)  	[MsgId: MMSG-26000]
HTML-Mode memory management statistics: Reusable=89, NonReusable=0, CsMemBlockSize=4096, checks disabled  	[MsgId: MMSG-26000]
Vuser 6 (thread 6332), ended OK."	[MsgId: MMSG-10695]
Abort was called from an action.	[MsgId: MMSG-10447]
Ending Vuser...	[MsgId: MMSG-15966]
Starting action vuser_end.	[MsgId: MMSG-15919]
Ending action vuser_end.	[MsgId: MMSG-15918]
Vuser Terminated.	[MsgId: MMSG-15963]
Action.c(47): t=291733ms: Closed connection [0] to 127.0.0.1:1080 after completing 0 request(s)  	[MsgId: MMSG-26000]
Action.c(47): t=291733ms: Closed connection [1] to 127.0.0.1:1080 after completing 1 request(s)  	[MsgId: MMSG-26000]
Action.c(47): t=291734ms: Closed connection [2] to 127.0.0.1:1080 after completing 1 request(s)  	[MsgId: MMSG-26000]
Action.c(47): t=291735ms: Closed connection [3] to 127.0.0.1:1080 after completing 0 request(s)  	[MsgId: MMSG-26000]
Action.c(47): t=291735ms: Closed connection [4] to 127.0.0.1:1080 after completing 0 request(s)  	[MsgId: MMSG-26000]
Action.c(47): t=291735ms: Closed connection [5] to 127.0.0.1:1080 after completing 0 request(s)  	[MsgId: MMSG-26000]
HTML-Mode memory management statistics: Reusable=89, NonReusable=0, CsMemBlockSize=4096, checks disabled  	[MsgId: MMSG-26000]
Vuser 4 (thread 932), ended OK."	[MsgId: MMSG-10695]
Abort was called from an action.	[MsgId: MMSG-10447]
Ending Vuser...	[MsgId: MMSG-15966]
Starting action vuser_end.	[MsgId: MMSG-15919]
Ending action vuser_end.	[MsgId: MMSG-15918]
Vuser Terminated.	[MsgId: MMSG-15963]
Action.c(231): t=291755ms: Closed connection [0] to 127.0.0.1:1080 after completing 3 request(s)  	[MsgId: MMSG-26000]
Action.c(231): t=291755ms: Closed connection [1] to 127.0.0.1:1080 after completing 2 request(s)  	[MsgId: MMSG-26000]
Action.c(231): t=291756ms: Closed connection [3] to 127.0.0.1:1080 after completing 1 request(s)  	[MsgId: MMSG-26000]
HTML-Mode memory management statistics: Reusable=90, NonReusable=0, CsMemBlockSize=4096, checks disabled  	[MsgId: MMSG-26000]
Vuser 10 (thread 4492), ended OK."	[MsgId: MMSG-10695]
Abort was called from an action.	[MsgId: MMSG-10447]
Ending Vuser...	[MsgId: MMSG-15966]
Starting action vuser_end.	[MsgId: MMSG-15919]
Ending action vuser_end.	[MsgId: MMSG-15918]
Vuser Terminated.	[MsgId: MMSG-15963]
Action.c(36): t=291782ms: Closed connection [0] to 127.0.0.1:1080 after completing 1 request(s)  	[MsgId: MMSG-26000]
Action.c(36): t=291838ms: Closed connection [1] to 127.0.0.1:1080 after completing 2 request(s)  	[MsgId: MMSG-26000]
Action.c(36): t=291891ms: Closed connection [2] to 127.0.0.1:1080 after completing 2 request(s)  	[MsgId: MMSG-26000]
Action.c(36): t=291892ms: Closed connection [3] to 127.0.0.1:1080 after completing 1 request(s)  	[MsgId: MMSG-26000]
Action.c(36): t=291893ms: Closed connection [4] to 127.0.0.1:1080 after completing 1 request(s)  	[MsgId: MMSG-26000]
HTML-Mode memory management statistics: Reusable=90, NonReusable=0, CsMemBlockSize=4096, checks disabled  	[MsgId: MMSG-26000]
Vuser 9 (thread 7988), ended OK."	[MsgId: MMSG-10695]
Abort was called from an action.	[MsgId: MMSG-10447]
Ending Vuser...	[MsgId: MMSG-15966]
Starting action vuser_end.	[MsgId: MMSG-15919]
Ending action vuser_end.	[MsgId: MMSG-15918]
Vuser Terminated.	[MsgId: MMSG-15963]
Action.c(36): t=292026ms: Closed connection [0] to 127.0.0.1:1080 after completing 3 request(s)  	[MsgId: MMSG-26000]
Action.c(36): t=292027ms: Closed connection [1] to 127.0.0.1:1080 after completing 2 request(s)  	[MsgId: MMSG-26000]
Action.c(36): t=292027ms: Closed connection [3] to 127.0.0.1:1080 after completing 1 request(s)  	[MsgId: MMSG-26000]
Action.c(36): t=292051ms: Closed connection [4] to 127.0.0.1:1080 after completing 1 request(s)  	[MsgId: MMSG-26000]
HTML-Mode memory management statistics: Reusable=88, NonReusable=0, CsMemBlockSize=4096, checks disabled  	[MsgId: MMSG-26000]
Vuser 0 (thread 7704), ended OK."	[MsgId: MMSG-10695]
Abort was called from an action.	[MsgId: MMSG-10447]
Ending Vuser...	[MsgId: MMSG-15966]
Starting action vuser_end.	[MsgId: MMSG-15919]
Abort was called from an action.	[MsgId: MMSG-10447]
Ending Vuser...	[MsgId: MMSG-15966]
Ending action vuser_end.	[MsgId: MMSG-15918]
Vuser Terminated.	[MsgId: MMSG-15963]
Starting action vuser_end.	[MsgId: MMSG-15919]
Ending action vuser_end.	[MsgId: MMSG-15918]
Vuser Terminated.	[MsgId: MMSG-15963]
Action.c(200): t=292090ms: Closed connection [0] to 127.0.0.1:1080 after completing 1 request(s)  	[MsgId: MMSG-26000]
Action.c(200): t=292090ms: Closed connection [0] to 127.0.0.1:1080 after completing 1 request(s)  	[MsgId: MMSG-26000]
Action.c(200): t=292090ms: Closed connection [1] to 127.0.0.1:1080 after completing 2 request(s)  	[MsgId: MMSG-26000]
Action.c(200): t=292090ms: Closed connection [2] to 127.0.0.1:1080 after completing 1 request(s)  	[MsgId: MMSG-26000]
Action.c(200): t=292091ms: Closed connection [1] to 127.0.0.1:1080 after completing 0 request(s)  	[MsgId: MMSG-26000]
Action.c(200): t=292091ms: Closed connection [3] to 127.0.0.1:1080 after completing 1 request(s)  	[MsgId: MMSG-26000]
Action.c(200): t=292091ms: Closed connection [5] to 127.0.0.1:1080 after completing 0 request(s)  	[MsgId: MMSG-26000]
Action.c(200): t=292091ms: Closed connection [4] to 127.0.0.1:1080 after completing 0 request(s)  	[MsgId: MMSG-26000]
HTML-Mode memory management statistics: Reusable=89, NonReusable=0, CsMemBlockSize=4096, checks disabled  	[MsgId: MMSG-26000]
HTML-Mode memory management statistics: Reusable=90, NonReusable=0, CsMemBlockSize=4096, checks disabled  	[MsgId: MMSG-26000]
Vuser 2 (thread 1068), ended OK."	[MsgId: MMSG-10695]
Vuser 11 (thread 7452), ended OK."	[MsgId: MMSG-10695]
Abort was called from an action.	[MsgId: MMSG-10447]
Ending Vuser...	[MsgId: MMSG-15966]
Starting action vuser_end.	[MsgId: MMSG-15919]
Ending action vuser_end.	[MsgId: MMSG-15918]
Vuser Terminated.	[MsgId: MMSG-15963]
Action.c(149): t=292106ms: Closed connection [0] to 127.0.0.1:1080 after completing 1 request(s)  	[MsgId: MMSG-26000]
Action.c(149): t=292107ms: Closed connection [1] to 127.0.0.1:1080 after completing 0 request(s)  	[MsgId: MMSG-26000]
HTML-Mode memory management statistics: Reusable=90, NonReusable=0, CsMemBlockSize=4096, checks disabled  	[MsgId: MMSG-26000]
Vuser 12 (thread 3128), ended OK."	[MsgId: MMSG-10695]
Abort was called from an action.	[MsgId: MMSG-10447]
Ending Vuser...	[MsgId: MMSG-15966]
Starting action vuser_end.	[MsgId: MMSG-15919]
Ending action vuser_end.	[MsgId: MMSG-15918]
Vuser Terminated.	[MsgId: MMSG-15963]
Action.c(149): t=292132ms: Closed connection [0] to 127.0.0.1:1080 after completing 2 request(s)  	[MsgId: MMSG-26000]
Action.c(149): t=292132ms: Closed connection [1] to 127.0.0.1:1080 after completing 0 request(s)  	[MsgId: MMSG-26000]
HTML-Mode memory management statistics: Reusable=89, NonReusable=0, CsMemBlockSize=4096, checks disabled  	[MsgId: MMSG-26000]
Vuser 7 (thread 2704), ended OK."	[MsgId: MMSG-10695]
Abort was called from an action.	[MsgId: MMSG-10447]
Ending Vuser...	[MsgId: MMSG-15966]
Starting action vuser_end.	[MsgId: MMSG-15919]
Ending action vuser_end.	[MsgId: MMSG-15918]
Vuser Terminated.	[MsgId: MMSG-15963]
Action.c(47): t=292141ms: Closed connection [0] to 127.0.0.1:1080 after completing 0 request(s)  	[MsgId: MMSG-26000]
Action.c(47): t=292141ms: Closed connection [1] to 127.0.0.1:1080 after completing 1 request(s)  	[MsgId: MMSG-26000]
Action.c(47): t=292141ms: Closed connection [2] to 127.0.0.1:1080 after completing 1 request(s)  	[MsgId: MMSG-26000]
Action.c(47): t=292142ms: Closed connection [3] to 127.0.0.1:1080 after completing 0 request(s)  	[MsgId: MMSG-26000]
Action.c(47): t=292142ms: Closed connection [4] to 127.0.0.1:1080 after completing 0 request(s)  	[MsgId: MMSG-26000]
Action.c(47): t=292142ms: Closed connection [5] to 127.0.0.1:1080 after completing 0 request(s)  	[MsgId: MMSG-26000]
HTML-Mode memory management statistics: Reusable=90, NonReusable=0, CsMemBlockSize=4096, checks disabled  	[MsgId: MMSG-26000]
Vuser 14 (thread 4364), ended OK."	[MsgId: MMSG-10695]
Abort was called from an action.	[MsgId: MMSG-10447]
Ending Vuser...	[MsgId: MMSG-15966]
Starting action vuser_end.	[MsgId: MMSG-15919]
Ending action vuser_end.	[MsgId: MMSG-15918]
Abort was called from an action.	[MsgId: MMSG-10447]
Ending Vuser...	[MsgId: MMSG-15966]
Starting action vuser_end.	[MsgId: MMSG-15919]
Ending action vuser_end.	[MsgId: MMSG-15918]
Vuser Terminated.	[MsgId: MMSG-15963]
Action.c(47): t=292161ms: Closed connection [0] to 127.0.0.1:1080 after completing 0 request(s)  	[MsgId: MMSG-26000]
Action.c(47): t=292162ms: Closed connection [1] to 127.0.0.1:1080 after completing 1 request(s)  	[MsgId: MMSG-26000]
Action.c(47): t=292163ms: Closed connection [2] to 127.0.0.1:1080 after completing 1 request(s)  	[MsgId: MMSG-26000]
Action.c(47): t=292164ms: Closed connection [3] to 127.0.0.1:1080 after completing 0 request(s)  	[MsgId: MMSG-26000]
Action.c(47): t=292164ms: Closed connection [4] to 127.0.0.1:1080 after completing 0 request(s)  	[MsgId: MMSG-26000]
Action.c(47): t=292165ms: Closed connection [5] to 127.0.0.1:1080 after completing 0 request(s)  	[MsgId: MMSG-26000]
HTML-Mode memory management statistics: Reusable=90, NonReusable=0, CsMemBlockSize=4096, checks disabled  	[MsgId: MMSG-26000]
Vuser 13 (thread 7864), ended OK."	[MsgId: MMSG-10695]
Vuser Terminated.	[MsgId: MMSG-15963]
Action.c(77): t=292179ms: Closed connection [0] to 127.0.0.1:1080 after completing 1 request(s)  	[MsgId: MMSG-26000]
Action.c(77): t=292179ms: Closed connection [1] to 127.0.0.1:1080 after completing 0 request(s)  	[MsgId: MMSG-26000]
HTML-Mode memory management statistics: Reusable=90, NonReusable=0, CsMemBlockSize=4096, checks disabled  	[MsgId: MMSG-26000]
HTML-Mode memory management statistics: Reusable=89, NonReusable=0, CsMemBlockSize=4096, checks disabled  	[MsgId: MMSG-26000]
Vuser 5 (thread 4528), ended OK."	[MsgId: MMSG-10695]
Vuser 8 (thread 6236), ended OK."	[MsgId: MMSG-10695]
HTML-Mode memory management statistics: Reusable=88, NonReusable=0, CsMemBlockSize=4096, checks disabled  	[MsgId: MMSG-26000]
Vuser 1 (thread 6392), ended OK."	[MsgId: MMSG-10695]
HTML-Mode memory management statistics: Reusable=89, NonReusable=0, CsMemBlockSize=4096, checks disabled  	[MsgId: MMSG-26000]
Vuser 3 (thread 7716), ended OK."	[MsgId: MMSG-10695]
