Action.c(191):     Book+Another.x=48&Book+Another.y=6
Action.c(191): t=6909768ms: Inactive socket [1] was closed by 127.0.0.1:1080, probably due to Keep-Alive timeout  	[MsgId: MMSG-26000]
Action.c(191): t=6909768ms: Closed connection [1] to 127.0.0.1:1080 after completing 1 request(s)  	[MsgId: MMSG-26000]
Action.c(191): t=6909822ms: 255-byte response headers for "http://127.0.0.1:1080/cgi-bin/reservations.pl" (RelFrameId=1, Internal ID=735)
Action.c(191):     HTTP/1.1 200 OK\r\n
Action.c(191):     Date: Fri, 10 Sep 2021 09:50:14 GMT\r\n
Action.c(191):     Server: Apache/2.2.21 (Win32)\r\n
Action.c(191):     Expires: Thu, 09 Sep 2021 09:50:14 GMT\r\n
Action.c(191):     Keep-Alive: timeout=5, max=97\r\n
Action.c(191):     Connection: Keep-Alive\r\n
Action.c(191):     Transfer-Encoding: chunked\r\n
Action.c(191):     Content-Type: text/html; charset=ISO-8859-1\r\n
Action.c(191):     \r\n
Action.c(191): t=6909822ms: 5-byte chunked response overhead for "http://127.0.0.1:1080/cgi-bin/reservations.pl" (RelFrameId=1, Internal ID=735)
Action.c(191):     f84\r\n
Action.c(191): t=6909822ms: 2-byte chunked response overhead for "http://127.0.0.1:1080/cgi-bin/reservations.pl" (RelFrameId=1, Internal ID=735)
Action.c(191):     \r\n
Action.c(191): t=6909822ms: 3972-byte chunked response body for "http://127.0.0.1:1080/cgi-bin/reservations.pl" (RelFrameId=1, Internal ID=735)
Action.c(191):     <!DOCTYPE html\n
Action.c(191):     \tPUBLIC "-//W3C//DTD XHTML 1.0 Transitional//EN"\n
Action.c(191):     \t "http://www.w3.org/TR/xhtml1/DTD/xhtml1-transitional.dtd">\n
Action.c(191):     <html xmlns="http://www.w3.org/1999/xhtml" lang="en-US" xml:lang="en-US">\n
Action.c(191):     <head>\n
Action.c(191):     <title>Flight Selections</title>\n
Action.c(191):     <meta http-equiv="Content-Type" content="text/html; charset=iso-8859-1" />\n
Action.c(191):     </head>\n
Action.c(191):     <body bgcolor="#E0E7F1">\n
Action.c(191):     <style>blockquote {font-family: tahoma; font-size : 10pt}H1 {font-family: tahoma; font-siz
Action.c(191):     e : 22pt; color: #993333}small {font-family: tahoma; font-size : 8pt}H3 {font-family: taho
Action.c(191):     ma; font-size : 10pt; color: black}TD {font-family: tahoma; font-size : 10pt; color: black
Action.c(191):     }</style><BR/><BR/><h1><font color="#003366">&nbsp;&nbsp;<b>Find Flight</font></b></h1><bl
Action.c(191):     ockquote>\n
Action.c(191):     <form method="post" action="reservations.pl" enctype="application/x-www-form-urlencoded" o
Action.c(191):     nsubmit="" name="DestForm">\n
Action.c(191):     <input type="hidden" name="advanceDiscount" value="0"  /><table border="0" cellspacing="5"
Action.c(191):     ><tr><td align="left">Departure City :</td> <td><select name="depart" >\n
Action.c(191):     <option selected="selected" value="Denver">Denver</option>\n
Action.c(191):     <option value="Frankfurt">Frankfurt</option>\n
Action.c(191):     <option value="London">London</option>\n
Action.c(191):     <option value="Los Angeles">Los Angeles</option>\n
Action.c(191):     <option value="Paris">Paris</option>\n
Action.c(191):     <option value="Portland">Portland</option>\n
Action.c(191):     <option value="San Francisco">San Francisco</option>\n
Action.c(191):     <option value="Seattle">Seattle</option>\n
Action.c(191):     <option value="Sydney">Sydney</option>\n
Action.c(191):     <option value="Zurich">Zurich</option>\n
Action.c(191):     </select></td> <td align="left">Departure Date :</td> <td><input type="text" name="departD
Action.c(191):     ate" value="09/11/2021" size="10" maxlength="10" /> \n
Action.c(191):     <!-- Departure Date Applet -->\n
Action.c(191):     <APPLET CODEBASE="/WebTours/classes/" CODE="FormDateUpdate.class" MAYSCRIPT Width=26 Heigh
Action.c(191):     t=28 BORDER=0>\n
Action.c(191):        <PARAM NAME=CalenderTitle  VALUE="Select Departure Date">\n
Action.c(191):        <PARAM NAME=HtmlFormIndex  VALUE=0>\n
Action.c(191):        <PARAM NAME=HtmlEditIndex  VALUE=2>\n
Action.c(191):        <PARAM NAME=AutoClose      VALUE=1>\n
Action.c(191):        <PARAM NAME=Label          VALUE="...">\n
Action.c(191):     </APPLET>\n
Action.c(191):     </td></tr> <tr><td align="left">Arrival City :</td> <td><select name="arrive" >\n
Action.c(191):     <option selected="selected" value="Denver">Denver</option>\n
Action.c(191):     <option value="Frankfurt">Frankfurt</option>\n
Action.c(191):     <option value="London">London</option>\n
Action.c(191):     <option value="Los Angeles">Los Angeles</option>\n
Action.c(191):     <option value="Paris">Paris</option>\n
Action.c(191):     <option value="Portland">Portland</option>\n
Action.c(191):     <option value="San Francisco">San Francisco</option>\n
Action.c(191):     <option value="Seattle">Seattle</option>\n
Action.c(191):     <option value="Sydney">Sydney</option>\n
Action.c(191):     <option value="Zurich">Zurich</option>\n
Action.c(191):     </select></td> <td align="left">Return Date :</td> <td><input type="text" name="returnDate
Action.c(191):     " value="09/12/2021" size="10" maxlength="10" /> \n
Action.c(191):     <!-- Return Date Applet -->\n
Action.c(191):     <APPLET CODEBASE="/WebTours/classes/" CODE="FormDateUpdate.class" MAYSCRIPT Width=26 Heigh
Action.c(191):     t=28 BORDER=0>\n
Action.c(191):        <PARAM NAME=CalenderTitle  VALUE="Select Return Date">\n
Action.c(191):        <PARAM NAME=HtmlFormIndex  VALUE=0>\n
Action.c(191):        <PARAM NAME=HtmlEditIndex  VALUE=4>\n
Action.c(191):        <PARAM NAME=AutoClose      VALUE=1>\n
Action.c(191):        <PARAM NAME=Label          VALUE="...">\n
Action.c(191):     </APPLET>\n
Action.c(191):     </td></tr> <tr><td align="left">No. of Passengers : </td> <td><input type="text" name="num
Action.c(191):     Passengers" value="1" size="3" maxlength="8" /></td> <td colspan="2"><label><input type="c
Action.c(191):     heckbox" name="roundtrip" value="on" />Roundtrip ticket</label></td></tr> <tr><td>Seating 
Action.c(191):     Preference</td> <td /> <td>Type of Seat</td></tr> <tr><td><label><input type="radio" name=
Action.c(191):     "seatPref" value="Aisle" />Aisle</label><br /> <label><input type="radio" name="seatPref" 
Action.c(191):     value="Window" />Window</label><br /> <label><input type="radio" name="seatPref" value="No
Action.c(191):     ne" checked="checked" />None</label><br /></td> <td /> <td><label><input type="radio" name
Action.c(191):     ="seatType" value="First" />First</label><br /> <label><input type="radio" name="seatType"
Action.c(191):      value="Business" />Business</label><br /> <label><input type="radio" name="seatType" valu
Action.c(191):     e="Coach" checked="checked" />Coach</label><br /></td></tr> <tr><td height="10" /></tr> <t
Action.c(191):     r><td align="center" colspan="4"><input type="image" name="findFlights" src="/WebTours/ima
Action.c(191):     ges/bu
Action.c(191): t=6909823ms: 5-byte chunked response overhead for "http://127.0.0.1:1080/cgi-bin/reservations.pl" (RelFrameId=1, Internal ID=735)
Action.c(191):     112\r\n
Action.c(191): t=6909824ms: 2-byte chunked response overhead for "http://127.0.0.1:1080/cgi-bin/reservations.pl" (RelFrameId=1, Internal ID=735)
Action.c(191):     \r\n
Action.c(191): t=6909824ms: 274-byte chunked response body for "http://127.0.0.1:1080/cgi-bin/reservations.pl" (RelFrameId=1, Internal ID=735)
Action.c(191):     tton_next.gif" border="0" /></td></tr></table><div><input type="hidden" name=".cgifields" 
Action.c(191):     value="roundtrip"  /><input type="hidden" name=".cgifields" value="seatType"  /><input typ
Action.c(191):     e="hidden" name=".cgifields" value="seatPref"  /></div></form>\n
Action.c(191):     </blockquote>\n
Action.c(191):     \n
Action.c(191):     </body>\n
Action.c(191):     </html>\n
Action.c(191): Resource "http://127.0.0.1:1080/WebTours/images/button_next.gif" is in the cache already and will not be downloaded again  	[MsgId: MMSG-26655]
Action.c(191): t=6909825ms: 5-byte chunked response overhead for "http://127.0.0.1:1080/cgi-bin/reservations.pl" (RelFrameId=1, Internal ID=735)
Action.c(191):     0\r\n
Action.c(191):     \r\n
Action.c(191): t=6909825ms: Request done "http://127.0.0.1:1080/cgi-bin/reservations.pl"  	[MsgId: MMSG-26000]
Action.c(191): web_submit_data("reservations.pl_4") was successful, 4246 body bytes, 255 header bytes, 19 chunking overhead bytes  	[MsgId: MMSG-26385]
Action.c(206): Notify: Transaction "Invoice" ended with a "Pass" status (Duration: 0,0607).	[MsgId: MMSG-16873]
Action.c(208): lr_think_time: 5,00 seconds.	[MsgId: MMSG-15948]
Action.c(68): Notify: Transaction "Point_Of_Destination" started.	[MsgId: MMSG-16999]
Action.c(70): web_reg_find started  	[MsgId: MMSG-26355]
Action.c(70): Notify: Parameter Substitution: parameter "depart" =  "Seattle"	[MsgId: MMSG-13992]
Action.c(70): Notify: Parameter Substitution: parameter "arrive" =  "Zurich"	[MsgId: MMSG-13992]
Action.c(70): Registering web_reg_find was successful  	[MsgId: MMSG-26390]
Action.c(71): web_reg_save_param started  	[MsgId: MMSG-26355]
Action.c(71): Registering web_reg_save_param was successful  	[MsgId: MMSG-26390]
Action.c(77): web_submit_data("reservations.pl") started  	[MsgId: MMSG-26355]
Action.c(77): Notify: Parameter Substitution: parameter "depart" =  "Seattle"	[MsgId: MMSG-13992]
Action.c(77): Notify: Parameter Substitution: parameter "departDate" =  "09/11/2021"	[MsgId: MMSG-13992]
Action.c(77): Notify: Parameter Substitution: parameter "arrive" =  "Zurich"	[MsgId: MMSG-13992]
Action.c(77): Notify: Parameter Substitution: parameter "returnDate" =  "09/12/2021"	[MsgId: MMSG-13992]
Action.c(77): Notify: Parameter Substitution: parameter "numPassengers" =  "5"	[MsgId: MMSG-13992]
Action.c(77): Notify: Parameter Substitution: parameter "seatPref" =  "Window"	[MsgId: MMSG-13992]
Action.c(77): Notify: Parameter Substitution: parameter "seatType" =  "Coach"	[MsgId: MMSG-13992]
Action.c(77): t=6910972ms: Closed connection [0] to 127.0.0.1:1080 after completing 5 request(s)  	[MsgId: MMSG-26000]
Action.c(77): t=6910972ms: Connecting [0] to host 127.0.0.1:1080  	[MsgId: MMSG-26000]
Action.c(77): t=6910973ms: Connected socket [0] from 127.0.0.1:1044 to 127.0.0.1:1080 in 1 ms  	[MsgId: MMSG-26000]
Action.c(77): t=6910973ms: 535-byte request headers for "http://127.0.0.1:1080/cgi-bin/reservations.pl" (RelFrameId=1, Internal ID=373)
Action.c(77):     POST /cgi-bin/reservations.pl HTTP/1.1\r\n
Action.c(77):     Content-Type: application/x-www-form-urlencoded\r\n
Action.c(77):     Referer: http://127.0.0.1:1080/cgi-bin/reservations.pl?page=welcome\r\n
Action.c(77):     User-Agent: Mozilla/5.0 (Windows NT 10.0; WOW64; Trident/7.0; Touch; rv:11.0) like Gecko\r
Action.c(77):     \n
Action.c(77):     Accept-Encoding: gzip, deflate\r\n
Action.c(77):     Accept-Language: en-US,en;q=0.7,ru;q=0.3\r\n
Action.c(77):     Accept: */*\r\n
Action.c(77):     Connection: Keep-Alive\r\n
Action.c(77):     Host: 127.0.0.1:1080\r\n
Action.c(77):     Cookie: MSO=SID&1631267405; MTUserInfo=firstName&&address2&&username&jojo7&hash&87&lastNam
Action.c(77):     e&%0A&address1&&creditCard&&expDate&%0A\r\n
Action.c(77):     Content-Length: 239\r\n
Action.c(77):     \r\n
Action.c(77): t=6910973ms: 239-byte request body for "http://127.0.0.1:1080/cgi-bin/reservations.pl" (RelFrameId=1, Internal ID=373)
Action.c(77):     advanceDiscount=0&depart=Seattle&departDate=09%2F11%2F2021&arrive=Zurich&returnDate=09%2F1
Action.c(77):     2%2F2021&numPassengers=5&seatPref=Window&seatType=Coach&.cgifields=roundtrip&.cgifields=se
Action.c(77):     atType&.cgifields=seatPref&findFlights.x=51&findFlights.y=3
Action.c(77): t=6910973ms: Inactive socket [4] was closed by 127.0.0.1:1080, probably due to Keep-Alive timeout  	[MsgId: MMSG-26000]
Action.c(77): t=6910973ms: Closed connection [4] to 127.0.0.1:1080 after completing 1 request(s)  	[MsgId: MMSG-26000]
Action.c(77): t=6910974ms: Inactive socket [5] was closed by 127.0.0.1:1080, probably due to Keep-Alive timeout  	[MsgId: MMSG-26000]
Action.c(77): t=6910974ms: Closed connection [5] to 127.0.0.1:1080 after completing 1 request(s)  	[MsgId: MMSG-26000]
Action.c(77): t=6911016ms: Inactive socket [1] was closed by 127.0.0.1:1080, probably due to Keep-Alive timeout  	[MsgId: MMSG-26000]
Action.c(77): t=6911016ms: Closed connection [1] to 127.0.0.1:1080 after completing 1 request(s)  	[MsgId: MMSG-26000]
Action.c(77): t=6911016ms: Inactive socket [3] was closed by 127.0.0.1:1080, probably due to Keep-Alive timeout  	[MsgId: MMSG-26000]
Action.c(77): t=6911016ms: Closed connection [3] to 127.0.0.1:1080 after completing 1 request(s)  	[MsgId: MMSG-26000]
Action.c(77): t=6911024ms: 256-byte response headers for "http://127.0.0.1:1080/cgi-bin/reservations.pl" (RelFrameId=1, Internal ID=373)
Action.c(77):     HTTP/1.1 200 OK\r\n
Action.c(77):     Date: Fri, 10 Sep 2021 09:50:15 GMT\r\n
Action.c(77):     Server: Apache/2.2.21 (Win32)\r\n
Action.c(77):     Expires: Thu, 09 Sep 2021 09:50:15 GMT\r\n
Action.c(77):     Keep-Alive: timeout=5, max=100\r\n
Action.c(77):     Connection: Keep-Alive\r\n
Action.c(77):     Transfer-Encoding: chunked\r\n
Action.c(77):     Content-Type: text/html; charset=ISO-8859-1\r\n
Action.c(77):     \r\n
Action.c(77): t=6911024ms: 5-byte chunked response overhead for "http://127.0.0.1:1080/cgi-bin/reservations.pl" (RelFrameId=1, Internal ID=373)
Action.c(77):     988\r\n
Action.c(77): t=6911024ms: 2-byte chunked response overhead for "http://127.0.0.1:1080/cgi-bin/reservations.pl" (RelFrameId=1, Internal ID=373)
Action.c(77):     \r\n
Action.c(77): t=6911024ms: 2440-byte chunked response body for "http://127.0.0.1:1080/cgi-bin/reservations.pl" (RelFrameId=1, Internal ID=373)
Action.c(77):     <!DOCTYPE html\n
Action.c(77):     \tPUBLIC "-//W3C//DTD XHTML 1.0 Transitional//EN"\n
Action.c(77):     \t "http://www.w3.org/TR/xhtml1/DTD/xhtml1-transitional.dtd">\n
Action.c(77):     <html xmlns="http://www.w3.org/1999/xhtml" lang="en-US" xml:lang="en-US">\n
Action.c(77):     <head>\n
Action.c(77):     <title>Flight Selections</title>\n
Action.c(77):     <meta http-equiv="Content-Type" content="text/html; charset=iso-8859-1" />\n
Action.c(77):     </head>\n
Action.c(77):     <body bgcolor="#E0E7F1">\n
Action.c(77):     <style>blockquote {font-family: tahoma; font-size : 10pt}H1 {font-family: tahoma; font-siz
Action.c(77):     e : 22pt; color: #993333}small {font-family: tahoma; font-size : 8pt}H3 {font-family: taho
Action.c(77):     ma; font-size : 10pt; color: black}TD {font-family: tahoma; font-size : 10pt; color: black
Action.c(77):     }</style><BR/><BR/><h1><font color="#003366">&nbsp;&nbsp;<b>Find Flight</font></b></h1><bl
Action.c(77):     ockquote>\n
Action.c(77):     <form method="post" action="reservations.pl" enctype="application/x-www-form-urlencoded">\n
Action.c(77):     \n
Action.c(77):     <center>\n
Action.c(77):     <!-- From Seattle (7) To Zurich (9) -->\n
Action.c(77):     <table cellspacing="2" border="0" width="50%">\n
Action.c(77):     <blockquote>Flight departing from <B>Seattle</B> to <B>Zurich</B> on <B>09/11/2021</B><BR/
Action.c(77):     ><BR/><tr bgcolor="#5E7884"><td align="center"><font color="white"><B>Flight</B></font>\n
Action.c(77):           \t\t<td align="center"><font color="white"><B>Departure time</B>\n
Action.c(77):           \t\t<td align="center"><font color="white"><B>Cost</B>\n
Action.c(77):     <tr bgcolor="#EFF2F7"><td align="center"><input type="radio" name="outboundFlight" value="
Action.c(77):     790;447;09/11/2021" checked="checked" >Blue Sky Air 790<td align="center">8am<td align="ce
Action.c(77):     nter">$ 447</TD></TR><tr bgcolor="#EFF2F7"><td align="center"><input type="radio" name="ou
Action.c(77):     tboundFlight" value="791;398;09/11/2021">Blue Sky Air 791<td align="center">1pm<td align="
Action.c(77):     center">$ 398</TD></TR><tr bgcolor="#EFF2F7"><td align="center"><input type="radio" name="
Action.c(77):     outboundFlight" value="792;423;09/11/2021">Blue Sky Air 792<td align="center">5pm<td align
Action.c(77):     ="center">$ 423</TD></TR><tr bgcolor="#EFF2F7"><td align="center"><input type="radio" name
Action.c(77):     ="outboundFlight" value="793;366;09/11/2021">Blue Sky Air 793<td align="center">11pm<td al
Action.c(77):     ign="center">$ 366</TD></TR></table>\n
Action.c(77):     \n
Action.c(77):     <input type="hidden" name="numPassengers" value="5"  /><input type="hidden" name="advanceD
Action.c(77):     iscount" value="0"  /><input type="hidden" name="seatType" value="Coach"  /><input type="h
Action.c(77):     idden" name="seatPref" value="Window"  />\n
Action.c(77):     <P><center><table width=80% cellspacing=1><tr><td align=center>\n
Action.c(77):     <input type="image" name="reserveFlights" src="/WebTours/images/button_next.gif" border="0
Action.c(77):     " />\n
Action.c(77):     <td>&nbsp;<td align=center></table></center></form></center>\n
Action.c(77):     </blockquote>\n
Action.c(77):     \n
Action.c(77):     </body>\n
Action.c(77):     </html>
Action.c(77): Notify: Saving Parameter "outboundFlight_1 = 790;447;09/11/2021".	[MsgId: MMSG-13798]
Action.c(77): Notify: Saving Parameter "outboundFlight_2 = 791;398;09/11/2021".	[MsgId: MMSG-13798]
Action.c(77): Notify: Saving Parameter "outboundFlight_3 = 792;423;09/11/2021".	[MsgId: MMSG-13798]
Action.c(77): Notify: Saving Parameter "outboundFlight_4 = 793;366;09/11/2021".	[MsgId: MMSG-13798]
Action.c(77): Found resource "http://127.0.0.1:1080/WebTours/images/button_next.gif" in HTML "http://127.0.0.1:1080/cgi-bin/reservations.pl"  	[MsgId: MMSG-26659]
Action.c(77): t=6911025ms: Already connected [2] to 127.0.0.1:1080  	[MsgId: MMSG-26000]
Action.c(77): t=6911025ms: 459-byte request headers for "http://127.0.0.1:1080/WebTours/images/button_next.gif" (RelFrameId=, Internal ID=374)
Action.c(77):     GET /WebTours/images/button_next.gif HTTP/1.1\r\n
Action.c(77):     Referer: http://127.0.0.1:1080/cgi-bin/reservations.pl\r\n
Action.c(77):     User-Agent: Mozilla/5.0 (Windows NT 10.0; WOW64; Trident/7.0; Touch; rv:11.0) like Gecko\r
Action.c(77):     \n
Action.c(77):     Accept-Encoding: gzip, deflate\r\n
Action.c(77):     Accept-Language: en-US,en;q=0.7,ru;q=0.3\r\n
Action.c(77):     Accept: */*\r\n
Action.c(77):     Connection: Keep-Alive\r\n
Action.c(77):     Host: 127.0.0.1:1080\r\n
Action.c(77):     Cookie: MSO=SID&1631267405; MTUserInfo=firstName&&address2&&username&jojo7&hash&87&lastNam
Action.c(77):     e&%0A&address1&&creditCard&&expDate&%0A\r\n
Action.c(77):     \r\n
Action.c(77): t=6911025ms: Server 127.0.0.1 has shut down the connection [2] prematurely (empty response, no HTTP headers received). Considering retry  	[MsgId: MMSG-26000]
Action.c(77): t=6911025ms: Closed connection [2] to 127.0.0.1:1080 after completing 1 request(s)  	[MsgId: MMSG-26000]
Action.c(77): t=6911025ms: reporting user data point RETRY_KEEP_ALIVE  	[MsgId: MMSG-26000]
Action.c(77): t=6911026ms: Connecting [2] to host 127.0.0.1:1080  	[MsgId: MMSG-26000]
Action.c(77): t=6911026ms: Connected socket [2] from 127.0.0.1:1045 to 127.0.0.1:1080 in 0 ms  	[MsgId: MMSG-26000]
Action.c(77): t=6911026ms: 459-byte request headers for "http://127.0.0.1:1080/WebTours/images/button_next.gif" (RelFrameId=, Internal ID=374)
Action.c(77):     GET /WebTours/images/button_next.gif HTTP/1.1\r\n
Action.c(77):     Referer: http://127.0.0.1:1080/cgi-bin/reservations.pl\r\n
Action.c(77):     User-Agent: Mozilla/5.0 (Windows NT 10.0; WOW64; Trident/7.0; Touch; rv:11.0) like Gecko\r
Action.c(77):     \n
Action.c(77):     Accept-Encoding: gzip, deflate\r\n
Action.c(77):     Accept-Language: en-US,en;q=0.7,ru;q=0.3\r\n
Action.c(77):     Accept: */*\r\n
Action.c(77):     Connection: Keep-Alive\r\n
Action.c(77):     Host: 127.0.0.1:1080\r\n
Action.c(77):     Cookie: MSO=SID&1631267405; MTUserInfo=firstName&&address2&&username&jojo7&hash&87&lastNam
Action.c(77):     e&%0A&address1&&creditCard&&expDate&%0A\r\n
Action.c(77):     \r\n
Action.c(77): t=6911027ms: 298-byte response headers for "http://127.0.0.1:1080/WebTours/images/button_next.gif" (RelFrameId=, Internal ID=374)
Action.c(77):     HTTP/1.1 200 OK\r\n
Action.c(77):     Date: Fri, 10 Sep 2021 09:50:15 GMT\r\n
Action.c(77):     Server: Apache/2.2.21 (Win32)\r\n
Action.c(77):     Last-Modified: Thu, 12 Jan 2012 12:30:28 GMT\r\n
Action.c(77):     ETag: "1000000043595-2f6-4b653e9ce6100"\r\n
Action.c(77):     Accept-Ranges: bytes\r\n
Action.c(77):     Content-Length: 758\r\n
Action.c(77):     Keep-Alive: timeout=5, max=100\r\n
Action.c(77):     Connection: Keep-Alive\r\n
Action.c(77):     Content-Type: image/gif\r\n
Action.c(77):     \r\n
Action.c(77): t=6911027ms: 758-byte response body for "http://127.0.0.1:1080/WebTours/images/button_next.gif" (RelFrameId=, Internal ID=374)
Action.c(77): t=6911027ms: Request done "http://127.0.0.1:1080/WebTours/images/button_next.gif"  	[MsgId: MMSG-26000]
Action.c(77): t=6911027ms: 5-byte chunked response overhead for "http://127.0.0.1:1080/cgi-bin/reservations.pl" (RelFrameId=1, Internal ID=373)
Action.c(77):     0\r\n
Action.c(77):     \r\n
Action.c(77): t=6911027ms: Request done "http://127.0.0.1:1080/cgi-bin/reservations.pl"  	[MsgId: MMSG-26000]
Action.c(77): Registered web_reg_find successful for "Text=<B>Seattle</B> to <B>Zurich</B>" (count=1)  	[MsgId: MMSG-26364]
Action.c(77): Notify: Saving Parameter "outboundFlight_count = 4".	[MsgId: MMSG-13798]
Action.c(77): web_submit_data("reservations.pl") was successful, 3198 body bytes, 554 header bytes, 12 chunking overhead bytes  	[MsgId: MMSG-26385]
Action.c(101): Notify: Parameter Substitution: parameter "outboundFlight_count" =  "4"	[MsgId: MMSG-13992]
Action.c(101): Notify: Parameter Substitution: parameter "outboundFlight_3" =  "792;423;09/11/2021"	[MsgId: MMSG-13992]
Action.c(101): Notify: Saving Parameter "outboundFlight_rnd = 792;423;09/11/2021".	[MsgId: MMSG-13798]
Action.c(103): Notify: Transaction "Point_Of_Destination" ended with a "Pass" status (Duration: 0,0573 Wasted Time: 0,0001).	[MsgId: MMSG-16871]
Action.c(105): lr_think_time: 5,00 seconds.	[MsgId: MMSG-15948]
Action.c(189): Notify: Transaction "Invoice" started.	[MsgId: MMSG-16999]
Action.c(191): web_submit_data("reservations.pl_4") started  	[MsgId: MMSG-26355]
Action.c(191): t=6911078ms: Already connected [0] to 127.0.0.1:1080  	[MsgId: MMSG-26000]
Action.c(191): t=6911078ms: 497-byte request headers for "http://127.0.0.1:1080/cgi-bin/reservations.pl" (RelFrameId=1, Internal ID=378)
Action.c(191):     POST /cgi-bin/reservations.pl HTTP/1.1\r\n
Action.c(191):     Content-Type: application/x-www-form-urlencoded\r\n
Action.c(191):     Referer: http://127.0.0.1:1080/cgi-bin/reservations.pl\r\n
Action.c(191):     User-Agent: Mozilla/5.0 (Windows NT 10.0; WOW64; Trident/7.0; Touch; rv:11.0) like Gecko\r
Action.c(191):     \n
Action.c(191):     Accept-Encoding: gzip, deflate\r\n
Action.c(191):     Accept-Language: en-US,en;q=0.7,ru;q=0.3\r\n
Action.c(191):     Accept: */*\r\n
Action.c(191):     Connection: Keep-Alive\r\n
Action.c(191):     Host: 127.0.0.1:1080\r\n
Action.c(191):     Cookie: MSO=SID&1631267390; MTUserInfo=firstName&&username&jojo7&address2&&hash&87&address
Action.c(191):     1&&lastName&%0A\r\n
Action.c(191):     Content-Length: 34\r\n
Action.c(191):     \r\n
Action.c(191): t=6911078ms: 34-byte request body for "http://127.0.0.1:1080/cgi-bin/reservations.pl" (RelFrameId=1, Internal ID=378)
Action.c(191):     Book+Another.x=48&Book+Another.y=6
Action.c(191): t=6911079ms: Inactive socket [1] was closed by 127.0.0.1:1080, probably due to Keep-Alive timeout  	[MsgId: MMSG-26000]
Action.c(191): t=6911079ms: Closed connection [1] to 127.0.0.1:1080 after completing 1 request(s)  	[MsgId: MMSG-26000]
Action.c(191): t=6911135ms: 255-byte response headers for "http://127.0.0.1:1080/cgi-bin/reservations.pl" (RelFrameId=1, Internal ID=378)
Action.c(191):     HTTP/1.1 200 OK\r\n
Action.c(191):     Date: Fri, 10 Sep 2021 09:50:15 GMT\r\n
Action.c(191):     Server: Apache/2.2.21 (Win32)\r\n
Action.c(191):     Expires: Thu, 09 Sep 2021 09:50:15 GMT\r\n
Action.c(191):     Keep-Alive: timeout=5, max=97\r\n
Action.c(191):     Connection: Keep-Alive\r\n
Action.c(191):     Transfer-Encoding: chunked\r\n
Action.c(191):     Content-Type: text/html; charset=ISO-8859-1\r\n
Action.c(191):     \r\n
Action.c(191): t=6911135ms: 5-byte chunked response overhead for "http://127.0.0.1:1080/cgi-bin/reservations.pl" (RelFrameId=1, Internal ID=378)
Action.c(191):     f84\r\n
Action.c(191): t=6911135ms: 2-byte chunked response overhead for "http://127.0.0.1:1080/cgi-bin/reservations.pl" (RelFrameId=1, Internal ID=378)
Action.c(191):     \r\n
Action.c(191): t=6911135ms: 3972-byte chunked response body for "http://127.0.0.1:1080/cgi-bin/reservations.pl" (RelFrameId=1, Internal ID=378)
Action.c(191):     <!DOCTYPE html\n
Action.c(191):     \tPUBLIC "-//W3C//DTD XHTML 1.0 Transitional//EN"\n
Action.c(191):     \t "http://www.w3.org/TR/xhtml1/DTD/xhtml1-transitional.dtd">\n
Action.c(191):     <html xmlns="http://www.w3.org/1999/xhtml" lang="en-US" xml:lang="en-US">\n
Action.c(191):     <head>\n
Action.c(191):     <title>Flight Selections</title>\n
Action.c(191):     <meta http-equiv="Content-Type" content="text/html; charset=iso-8859-1" />\n
Action.c(191):     </head>\n
Action.c(191):     <body bgcolor="#E0E7F1">\n
Action.c(191):     <style>blockquote {font-family: tahoma; font-size : 10pt}H1 {font-family: tahoma; font-siz
Action.c(191):     e : 22pt; color: #993333}small {font-family: tahoma; font-size : 8pt}H3 {font-family: taho
Action.c(191):     ma; font-size : 10pt; color: black}TD {font-family: tahoma; font-size : 10pt; color: black
Action.c(191):     }</style><BR/><BR/><h1><font color="#003366">&nbsp;&nbsp;<b>Find Flight</font></b></h1><bl
Action.c(191):     ockquote>\n
Action.c(191):     <form method="post" action="reservations.pl" enctype="application/x-www-form-urlencoded" o
Action.c(191):     nsubmit="" name="DestForm">\n
Action.c(191):     <input type="hidden" name="advanceDiscount" value="0"  /><table border="0" cellspacing="5"
Action.c(191):     ><tr><td align="left">Departure City :</td> <td><select name="depart" >\n
Action.c(191):     <option selected="selected" value="Denver">Denver</option>\n
Action.c(191):     <option value="Frankfurt">Frankfurt</option>\n
Action.c(191):     <option value="London">London</option>\n
Action.c(191):     <option value="Los Angeles">Los Angeles</option>\n
Action.c(191):     <option value="Paris">Paris</option>\n
Action.c(191):     <option value="Portland">Portland</option>\n
Action.c(191):     <option value="San Francisco">San Francisco</option>\n
Action.c(191):     <option value="Seattle">Seattle</option>\n
Action.c(191):     <option value="Sydney">Sydney</option>\n
Action.c(191):     <option value="Zurich">Zurich</option>\n
Action.c(191):     </select></td> <td align="left">Departure Date :</td> <td><input type="text" name="departD
Action.c(191):     ate" value="09/11/2021" size="10" maxlength="10" /> \n
Action.c(191):     <!-- Departure Date Applet -->\n
Action.c(191):     <APPLET CODEBASE="/WebTours/classes/" CODE="FormDateUpdate.class" MAYSCRIPT Width=26 Heigh
Action.c(191):     t=28 BORDER=0>\n
Action.c(191):        <PARAM NAME=CalenderTitle  VALUE="Select Departure Date">\n
Action.c(191):        <PARAM NAME=HtmlFormIndex  VALUE=0>\n
Action.c(191):        <PARAM NAME=HtmlEditIndex  VALUE=2>\n
Action.c(191):        <PARAM NAME=AutoClose      VALUE=1>\n
Action.c(191):        <PARAM NAME=Label          VALUE="...">\n
Action.c(191):     </APPLET>\n
Action.c(191):     </td></tr> <tr><td align="left">Arrival City :</td> <td><select name="arrive" >\n
Action.c(191):     <option selected="selected" value="Denver">Denver</option>\n
Action.c(191):     <option value="Frankfurt">Frankfurt</option>\n
Action.c(191):     <option value="London">London</option>\n
Action.c(191):     <option value="Los Angeles">Los Angeles</option>\n
Action.c(191):     <option value="Paris">Paris</option>\n
Action.c(191):     <option value="Portland">Portland</option>\n
Action.c(191):     <option value="San Francisco">San Francisco</option>\n
Action.c(191):     <option value="Seattle">Seattle</option>\n
Action.c(191):     <option value="Sydney">Sydney</option>\n
Action.c(191):     <option value="Zurich">Zurich</option>\n
Action.c(191):     </select></td> <td align="left">Return Date :</td> <td><input type="text" name="returnDate
Action.c(191):     " value="09/12/2021" size="10" maxlength="10" /> \n
Action.c(191):     <!-- Return Date Applet -->\n
Action.c(191):     <APPLET CODEBASE="/WebTours/classes/" CODE="FormDateUpdate.class" MAYSCRIPT Width=26 Heigh
Action.c(191):     t=28 BORDER=0>\n
Action.c(191):        <PARAM NAME=CalenderTitle  VALUE="Select Return Date">\n
Action.c(191):        <PARAM NAME=HtmlFormIndex  VALUE=0>\n
Action.c(191):        <PARAM NAME=HtmlEditIndex  VALUE=4>\n
Action.c(191):        <PARAM NAME=AutoClose      VALUE=1>\n
Action.c(191):        <PARAM NAME=Label          VALUE="...">\n
Action.c(191):     </APPLET>\n
Action.c(191):     </td></tr> <tr><td align="left">No. of Passengers : </td> <td><input type="text" name="num
Action.c(191):     Passengers" value="1" size="3" maxlength="8" /></td> <td colspan="2"><label><input type="c
Action.c(191):     heckbox" name="roundtrip" value="on" />Roundtrip ticket</label></td></tr> <tr><td>Seating 
Action.c(191):     Preference</td> <td /> <td>Type of Seat</td></tr> <tr><td><label><input type="radio" name=
Action.c(191):     "seatPref" value="Aisle" />Aisle</label><br /> <label><input type="radio" name="seatPref" 
Action.c(191):     value="Window" />Window</label><br /> <label><input type="radio" name="seatPref" value="No
Action.c(191):     ne" checked="checked" />None</label><br /></td> <td /> <td><label><input type="radio" name
Action.c(191):     ="seatType" value="First" />First</label><br /> <label><input type="radio" name="seatType"
Action.c(191):      value="Business" />Business</label><br /> <label><input type="radio" name="seatType" valu
Action.c(191):     e="Coach" checked="checked" />Coach</label><br /></td></tr> <tr><td height="10" /></tr> <t
Action.c(191):     r><td align="center" colspan="4"><input type="image" name="findFlights" src="/WebTours/ima
Action.c(191):     ges/bu
Action.c(191): t=6911136ms: 5-byte chunked response overhead for "http://127.0.0.1:1080/cgi-bin/reservations.pl" (RelFrameId=1, Internal ID=378)
Action.c(191):     112\r\n
Action.c(191): t=6911136ms: 2-byte chunked response overhead for "http://127.0.0.1:1080/cgi-bin/reservations.pl" (RelFrameId=1, Internal ID=378)
Action.c(191):     \r\n
Action.c(191): t=6911136ms: 274-byte chunked response body for "http://127.0.0.1:1080/cgi-bin/reservations.pl" (RelFrameId=1, Internal ID=378)
Action.c(191):     tton_next.gif" border="0" /></td></tr></table><div><input type="hidden" name=".cgifields" 
Action.c(191):     value="roundtrip"  /><input type="hidden" name=".cgifields" value="seatType"  /><input typ
Action.c(191):     e="hidden" name=".cgifields" value="seatPref"  /></div></form>\n
Action.c(191):     </blockquote>\n
Action.c(191):     \n
Action.c(191):     </body>\n
Action.c(191):     </html>\n
Action.c(191): Resource "http://127.0.0.1:1080/WebTours/images/button_next.gif" is in the cache already and will not be downloaded again  	[MsgId: MMSG-26655]
Action.c(191): t=6911138ms: 5-byte chunked response overhead for "http://127.0.0.1:1080/cgi-bin/reservations.pl" (RelFrameId=1, Internal ID=378)
Action.c(191):     0\r\n
Action.c(191):     \r\n
Action.c(191): t=6911138ms: Request done "http://127.0.0.1:1080/cgi-bin/reservations.pl"  	[MsgId: MMSG-26000]
Action.c(191): web_submit_data("reservations.pl_4") was successful, 4246 body bytes, 255 header bytes, 19 chunking overhead bytes  	[MsgId: MMSG-26385]
Action.c(206): Notify: Transaction "Invoice" ended with a "Pass" status (Duration: 0,0598).	[MsgId: MMSG-16873]
Action.c(208): lr_think_time: 5,00 seconds.	[MsgId: MMSG-15948]
Action was aborted.	[MsgId: MMSG-10694]
Ending Vuser...	[MsgId: MMSG-15966]
Starting action vuser_end.	[MsgId: MMSG-15919]
Ending action vuser_end.	[MsgId: MMSG-15918]
Vuser Terminated.	[MsgId: MMSG-15963]
t=6913746ms: Closed connection [0] to 127.0.0.1:1080 after completing 4 request(s)  	[MsgId: MMSG-26000]
HTML-Mode memory management statistics: Reusable=5, NonReusable=0, CsMemBlockSize=4096, checks disabled  	[MsgId: MMSG-26000]
Vuser 17 (thread 7408), ended OK."	[MsgId: MMSG-10695]
Action.c(227): Notify: Transaction "UC_1_3v2_Buying_Ticket_megatransaction" ended with a "Pass" status (Duration: 30,4581 Think Time: 30,0308 Wasted Time: 0,0010).	[MsgId: MMSG-16870]
Ending action Action.	[MsgId: MMSG-15918]
Action was aborted.	[MsgId: MMSG-10694]
Ending Vuser...	[MsgId: MMSG-15966]
Starting action vuser_end.	[MsgId: MMSG-15919]
Ending action vuser_end.	[MsgId: MMSG-15918]
Vuser Terminated.	[MsgId: MMSG-15963]
t=6914832ms: Closed connection [0] to 127.0.0.1:1080 after completing 4 request(s)  	[MsgId: MMSG-26000]
HTML-Mode memory management statistics: Reusable=5, NonReusable=0, CsMemBlockSize=4096, checks disabled  	[MsgId: MMSG-26000]
Vuser 12 (thread 9168), ended OK."	[MsgId: MMSG-10695]
Action.c(107): Notify: Transaction "Choosing_a_ticket" started.	[MsgId: MMSG-16999]
Action.c(113): web_reg_find started  	[MsgId: MMSG-26355]
Action.c(113): Registering web_reg_find was successful  	[MsgId: MMSG-26390]
Action.c(119): web_submit_data("reservations.pl_2") started  	[MsgId: MMSG-26355]
Action.c(119): Notify: Parameter Substitution: parameter "outboundFlight_rnd" =  "792;423;09/11/2021"	[MsgId: MMSG-13992]
Action.c(119): t=6916031ms: Already connected [0] to 127.0.0.1:1080  	[MsgId: MMSG-26000]
Action.c(119): t=6916031ms: 521-byte request headers for "http://127.0.0.1:1080/cgi-bin/reservations.pl" (RelFrameId=1, Internal ID=375)
Action.c(119):     POST /cgi-bin/reservations.pl HTTP/1.1\r\n
Action.c(119):     Content-Type: application/x-www-form-urlencoded\r\n
Action.c(119):     Referer: http://127.0.0.1:1080/cgi-bin/reservations.pl\r\n
Action.c(119):     User-Agent: Mozilla/5.0 (Windows NT 10.0; WOW64; Trident/7.0; Touch; rv:11.0) like Gecko\r
Action.c(119):     \n
Action.c(119):     Accept-Encoding: gzip, deflate\r\n
Action.c(119):     Accept-Language: en-US,en;q=0.7,ru;q=0.3\r\n
Action.c(119):     Accept: */*\r\n
Action.c(119):     Connection: Keep-Alive\r\n
Action.c(119):     Host: 127.0.0.1:1080\r\n
Action.c(119):     Cookie: MSO=SID&1631267405; MTUserInfo=firstName&&address2&&username&jojo7&hash&87&lastNam
Action.c(119):     e&%0A&address1&&creditCard&&expDate&%0A\r\n
Action.c(119):     Content-Length: 81\r\n
Action.c(119):     \r\n
Action.c(119): t=6916032ms: 81-byte request body for "http://127.0.0.1:1080/cgi-bin/reservations.pl" (RelFrameId=1, Internal ID=375)
Action.c(119):     outboundFlight=792%3B423%3B09%2F11%2F2021&reserveFlights.x=37&reserveFlights.y=12
Action.c(119): t=6916032ms: Inactive socket [2] was closed by 127.0.0.1:1080, probably due to Keep-Alive timeout  	[MsgId: MMSG-26000]
Action.c(119): t=6916032ms: Closed connection [2] to 127.0.0.1:1080 after completing 1 request(s)  	[MsgId: MMSG-26000]
Action.c(119): t=6916089ms: 255-byte response headers for "http://127.0.0.1:1080/cgi-bin/reservations.pl" (RelFrameId=1, Internal ID=375)
Action.c(119):     HTTP/1.1 200 OK\r\n
Action.c(119):     Date: Fri, 10 Sep 2021 09:50:20 GMT\r\n
Action.c(119):     Server: Apache/2.2.21 (Win32)\r\n
Action.c(119):     Expires: Thu, 09 Sep 2021 09:50:20 GMT\r\n
Action.c(119):     Keep-Alive: timeout=5, max=99\r\n
Action.c(119):     Connection: Keep-Alive\r\n
Action.c(119):     Transfer-Encoding: chunked\r\n
Action.c(119):     Content-Type: text/html; charset=ISO-8859-1\r\n
Action.c(119):     \r\n
Action.c(119): t=6916090ms: 5-byte chunked response overhead for "http://127.0.0.1:1080/cgi-bin/reservations.pl" (RelFrameId=1, Internal ID=375)
Action.c(119):     a64\r\n
Action.c(119): t=6916090ms: 2-byte chunked response overhead for "http://127.0.0.1:1080/cgi-bin/reservations.pl" (RelFrameId=1, Internal ID=375)
Action.c(119):     \r\n
Action.c(119): t=6916090ms: 2660-byte chunked response body for "http://127.0.0.1:1080/cgi-bin/reservations.pl" (RelFrameId=1, Internal ID=375)
Action.c(119):     <!DOCTYPE html\n
Action.c(119):     \tPUBLIC "-//W3C//DTD XHTML 1.0 Transitional//EN"\n
Action.c(119):     \t "http://www.w3.org/TR/xhtml1/DTD/xhtml1-transitional.dtd">\n
Action.c(119):     <html xmlns="http://www.w3.org/1999/xhtml" lang="en-US" xml:lang="en-US">\n
Action.c(119):     <head>\n
Action.c(119):     <title>Flight Reservation</title>\n
Action.c(119):     <meta http-equiv="Content-Type" content="text/html; charset=iso-8859-1" />\n
Action.c(119):     </head>\n
Action.c(119):     <body bgcolor="#E0E7F1">\n
Action.c(119):     <style>blockquote {font-family: tahoma; font-size : 10pt}H1 {font-family: tahoma; font-siz
Action.c(119):     e : 22pt; color: #993333}small {font-family: tahoma; font-size : 8pt}H3 {font-family: taho
Action.c(119):     ma; font-size : 10pt; color: black}TD {font-family: tahoma; font-size : 10pt; color: black
Action.c(119):     }</style><BR/><BR/><h1><font color="#003366">&nbsp;&nbsp;<b>Payment Details</font></b></h1
Action.c(119):     ><blockquote><form method="post" action="reservations.pl" enctype="application/x-www-form-
Action.c(119):     urlencoded" onsubmit="return true ;">\n
Action.c(119):     <table><tr><td align="right">First Name : <td><input type="text" name="firstName"  size="1
Action.c(119):     5" /><tr><td align="right">Last Name : <td><input type="text" name="lastName" value="&#10;
Action.c(119):     " size="15" /><tr><td align="right">Street Address : <td colspan="3"><input type="text" na
Action.c(119):     me="address1"  size="30" /><tr><td align="right">City/State/Zip : <td colspan="3"><input t
Action.c(119):     ype="text" name="address2"  size="30" /><tr><td align="right">Passenger Names : <td colspa
Action.c(119):     n="3"><input type="text" name="pass1" value=" &#10;" size="30" /><tr><td height="10"><tr><
Action.c(119):     td height="10" align="center" colspan="4">Total for  ticket(s) is = $ 0<tr><td align="righ
Action.c(119):     t">Credit Card : <td><input type="text" name="creditCard"  size="20" maxlength="20" /><td 
Action.c(119):     align="right">Exp Date : <td><input type="text" name="expDate" value="&#10;" size="5" maxl
Action.c(119):     ength="5" /><tr><TD><td colspan="3" align="left"><label><input type="checkbox" name="saveC
Action.c(119):     C" value="on" />Save this Credit Card Information</label><input type="hidden" name="oldCCO
Action.c(119):     ption" value=""  /></table><input type="hidden" name="numPassengers" value=""  /><input ty
Action.c(119):     pe="hidden" name="seatType" value=""  /><input type="hidden" name="seatPref" value=""  /><
Action.c(119):     input type="hidden" name="outboundFlight" value="792;423;09/11/2021"  /><input type="hidde
Action.c(119):     n" name="advanceDiscount" value=""  /><input type="hidden" name="returnFlight" value=""  /
Action.c(119):     ><input type="hidden" name="JSFormSubmit" value="off"  /><center><table width=80% cellspac
Action.c(119):     ing=1><tr><td align=center>\n
Action.c(119):     <input type="image" name="buyFlights" src="/WebTours/images/button_next.gif" border="0" />
Action.c(119):     <div><input type="hidden" name=".cgifields" value="saveCC"  /></div></form>\n
Action.c(119):     <td>&nbsp;<td align=center><form method="post" action="reservations.pl" enctype="applicati
Action.c(119):     on/x-www-form-urlencoded" onsubmit="void(0);">\n
Action.c(119):     </form></table></center></blockquote>\n
Action.c(119):     </body>\n
Action.c(119):     </html>
Action.c(119): Resource "http://127.0.0.1:1080/WebTours/images/button_next.gif" is in the cache already and will not be downloaded again  	[MsgId: MMSG-26655]
Action.c(119): t=6916093ms: 5-byte chunked response overhead for "http://127.0.0.1:1080/cgi-bin/reservations.pl" (RelFrameId=1, Internal ID=375)
Action.c(119):     0\r\n
Action.c(119):     \r\n
Action.c(119): t=6916093ms: Request done "http://127.0.0.1:1080/cgi-bin/reservations.pl"  	[MsgId: MMSG-26000]
Action.c(119): Registered web_reg_find successful for "Text=Flight Reservation" (count=1)  	[MsgId: MMSG-26364]
Action.c(119): web_submit_data("reservations.pl_2") was successful, 2660 body bytes, 255 header bytes, 12 chunking overhead bytes  	[MsgId: MMSG-26385]
Action.c(139): Notify: Transaction "Choosing_a_ticket" ended with a "Pass" status (Duration: 0,0627 Wasted Time: 0,0000).	[MsgId: MMSG-16871]
Action.c(141): lr_think_time: 5,00 seconds.	[MsgId: MMSG-15948]
Action.c(227): Notify: Transaction "UC_1_3v2_Buying_Ticket_megatransaction" ended with a "Pass" status (Duration: 30,5058 Think Time: 30,0629 Wasted Time: 0,0007).	[MsgId: MMSG-16870]
Ending action Action.	[MsgId: MMSG-15918]
Ending iteration 18.	[MsgId: MMSG-15965]
Waiting 51,4910 seconds for iteration pacing.	[MsgId: MMSG-15996]
Action was aborted.	[MsgId: MMSG-10694]
Ending Vuser...	[MsgId: MMSG-15966]
Starting action vuser_end.	[MsgId: MMSG-15919]
Ending action vuser_end.	[MsgId: MMSG-15918]
Vuser Terminated.	[MsgId: MMSG-15963]
t=6919827ms: Closed connection [0] to 127.0.0.1:1080 after completing 4 request(s)  	[MsgId: MMSG-26000]
HTML-Mode memory management statistics: Reusable=5, NonReusable=0, CsMemBlockSize=4096, checks disabled  	[MsgId: MMSG-26000]
Vuser 18 (thread 112), ended OK."	[MsgId: MMSG-10695]
Action.c(143): Notify: Transaction "Buy_Ticket" started.	[MsgId: MMSG-16999]
Action.c(145): web_reg_find started  	[MsgId: MMSG-26355]
Action.c(145): Registering web_reg_find was successful  	[MsgId: MMSG-26390]
Action.c(149): web_submit_data("reservations.pl_3") started  	[MsgId: MMSG-26355]
Action.c(149): Notify: Next row for parameter firstName = 8 [table  = firstName].	[MsgId: MMSG-13876]
Action.c(149): Notify: Getting new value for parameter 'firstName': table = '..\parameters\users.dat' column = '10' row = '8'.	[MsgId: MMSG-13877]
Action.c(149): Notify: Parameter Substitution: parameter "firstName" =  "Luke"	[MsgId: MMSG-13992]
Action.c(149): Notify: Next row for parameter lastName = 8 [table  = lastName].	[MsgId: MMSG-13876]
Action.c(149): Notify: Getting new value for parameter 'lastName': table = '..\parameters\users.dat' column = '11' row = '8'.	[MsgId: MMSG-13877]
Action.c(149): Notify: Parameter Substitution: parameter "lastName" =  "Skywalker"	[MsgId: MMSG-13992]
Action.c(149): Notify: Parameter Substitution: parameter "address1" =  "address7"	[MsgId: MMSG-13992]
Action.c(149): Notify: Parameter Substitution: parameter "address2" =  "address07"	[MsgId: MMSG-13992]
Action.c(149): Notify: Next row for parameter pass = 7 [table  = pass].	[MsgId: MMSG-13876]
Action.c(149): Notify: Getting new value for parameter 'pass': table = '..\parameters\users.dat' column = '12' row = '7'.	[MsgId: MMSG-13877]
Action.c(149): Notify: Parameter Substitution: parameter "pass" =  "Admiral Piett"	[MsgId: MMSG-13992]
Action.c(149): Notify: Next row for parameter pass = 8 [table  = pass].	[MsgId: MMSG-13876]
Action.c(149): Notify: Getting new value for parameter 'pass': table = '..\parameters\users.dat' column = '12' row = '8'.	[MsgId: MMSG-13877]
Action.c(149): Notify: Parameter Substitution: parameter "pass" =  "Luke Skywalker"	[MsgId: MMSG-13992]
Action.c(149): Notify: Next row for parameter pass = 9 [table  = pass].	[MsgId: MMSG-13876]
Action.c(149): Notify: Getting new value for parameter 'pass': table = '..\parameters\users.dat' column = '12' row = '9'.	[MsgId: MMSG-13877]
Action.c(149): Notify: Parameter Substitution: parameter "pass" =  "Jango Fett"	[MsgId: MMSG-13992]
Action.c(149): Notify: Next row for parameter pass = 10 [table  = pass].	[MsgId: MMSG-13876]
Action.c(149): Notify: Getting new value for parameter 'pass': table = '..\parameters\users.dat' column = '12' row = '10'.	[MsgId: MMSG-13877]
Action.c(149): Notify: Parameter Substitution: parameter "pass" =  "Jabba Hutt"	[MsgId: MMSG-13992]
Action.c(149): Notify: Next row for parameter pass = 1 [table  = pass].	[MsgId: MMSG-13876]
Action.c(149): Notify: Getting new value for parameter 'pass': table = '..\parameters\users.dat' column = '12' row = '1'.	[MsgId: MMSG-13877]
Action.c(149): Notify: Parameter Substitution: parameter "pass" =  "James Bond"	[MsgId: MMSG-13992]
Action.c(149): Notify: Next row for parameter pass = 2 [table  = pass].	[MsgId: MMSG-13876]
Action.c(149): Notify: Getting new value for parameter 'pass': table = '..\parameters\users.dat' column = '12' row = '2'.	[MsgId: MMSG-13877]
Action.c(149): Notify: Parameter Substitution: parameter "pass" =  "Bananas Ananas"	[MsgId: MMSG-13992]
Action.c(149): Notify: Next row for parameter pass = 3 [table  = pass].	[MsgId: MMSG-13876]
Action.c(149): Notify: Getting new value for parameter 'pass': table = '..\parameters\users.dat' column = '12' row = '3'.	[MsgId: MMSG-13877]
Action.c(149): Notify: Parameter Substitution: parameter "pass" =  "Droid R2-D2"	[MsgId: MMSG-13992]
Action.c(149): Notify: Next row for parameter pass = 4 [table  = pass].	[MsgId: MMSG-13876]
Action.c(149): Notify: Getting new value for parameter 'pass': table = '..\parameters\users.dat' column = '12' row = '4'.	[MsgId: MMSG-13877]
Action.c(149): Notify: Parameter Substitution: parameter "pass" =  "Droid C3-PO"	[MsgId: MMSG-13992]
Action.c(149): Notify: Parameter Substitution: parameter "creditCard" =  "40928673"	[MsgId: MMSG-13992]
Action.c(149): Notify: Parameter Substitution: parameter "expDate" =  "1016"	[MsgId: MMSG-13992]
Action.c(149): Notify: Parameter Substitution: parameter "numPassengers" =  "5"	[MsgId: MMSG-13992]
Action.c(149): Notify: Parameter Substitution: parameter "seatType" =  "Coach"	[MsgId: MMSG-13992]
Action.c(149): Notify: Parameter Substitution: parameter "seatPref" =  "Window"	[MsgId: MMSG-13992]
Action.c(149): Notify: Parameter Substitution: parameter "outboundFlight_rnd" =  "792;423;09/11/2021"	[MsgId: MMSG-13992]
Action.c(149): t=6921102ms: Already connected [0] to 127.0.0.1:1080  	[MsgId: MMSG-26000]
Action.c(149): t=6921102ms: 522-byte request headers for "http://127.0.0.1:1080/cgi-bin/reservations.pl" (RelFrameId=1, Internal ID=376)
Action.c(149):     POST /cgi-bin/reservations.pl HTTP/1.1\r\n
Action.c(149):     Content-Type: application/x-www-form-urlencoded\r\n
Action.c(149):     Referer: http://127.0.0.1:1080/cgi-bin/reservations.pl\r\n
Action.c(149):     User-Agent: Mozilla/5.0 (Windows NT 10.0; WOW64; Trident/7.0; Touch; rv:11.0) like Gecko\r
Action.c(149):     \n
Action.c(149):     Accept-Encoding: gzip, deflate\r\n
Action.c(149):     Accept-Language: en-US,en;q=0.7,ru;q=0.3\r\n
Action.c(149):     Accept: */*\r\n
Action.c(149):     Connection: Keep-Alive\r\n
Action.c(149):     Host: 127.0.0.1:1080\r\n
Action.c(149):     Cookie: MSO=SID&1631267405; MTUserInfo=firstName&&address2&&username&jojo7&hash&87&lastNam
Action.c(149):     e&%0A&address1&&creditCard&&expDate&%0A\r\n
Action.c(149):     Content-Length: 452\r\n
Action.c(149):     \r\n
Action.c(149): t=6921102ms: 452-byte request body for "http://127.0.0.1:1080/cgi-bin/reservations.pl" (RelFrameId=1, Internal ID=376)
Action.c(149):     firstName=Luke&lastName=Skywalker&address1=address7&address2=address07&pass1=Admiral+Piett
Action.c(149):     &pass2=Luke+Skywalker&pass3=Jango+Fett&pass4=Jabba+Hutt&pass5=James+Bond&pass6=Bananas+Ana
Action.c(149):     nas&pass7=Droid+R2-D2&pass8=Droid+C3-PO&creditCard=40928673&expDate=1016&oldCCOption=&numP
Action.c(149):     assengers=5&seatType=Coach&seatPref=Window&outboundFlight=792%3B423%3B09%2F11%2F2021&advan
Action.c(149):     ceDiscount=0&returnFlight=&JSFormSubmit=off&.cgifields=saveCC&buyFlights.x=81&buyFlights.y
Action.c(149):     =8
Action.c(149): t=6921158ms: 354-byte response headers for "http://127.0.0.1:1080/cgi-bin/reservations.pl" (RelFrameId=1, Internal ID=376)
Action.c(149):     HTTP/1.1 200 OK\r\n
Action.c(149):     Date: Fri, 10 Sep 2021 09:50:25 GMT\r\n
Action.c(149):     Server: Apache/2.2.21 (Win32)\r\n
Action.c(149):     Expires: Thu, 09 Sep 2021 09:50:25 GMT\r\n
Action.c(149):     Set-Cookie: MTUserInfo=firstName&&username&jojo7&address2&&hash&87&address1&&lastName&%0A;
Action.c(149):      path=/\r\n
Action.c(149):     Keep-Alive: timeout=5, max=98\r\n
Action.c(149):     Connection: Keep-Alive\r\n
Action.c(149):     Transfer-Encoding: chunked\r\n
Action.c(149):     Content-Type: text/html; charset=ISO-8859-1\r\n
Action.c(149):     \r\n
Action.c(149): t=6921158ms: 5-byte chunked response overhead for "http://127.0.0.1:1080/cgi-bin/reservations.pl" (RelFrameId=1, Internal ID=376)
Action.c(149):     9b5\r\n
Action.c(149): t=6921158ms: 2-byte chunked response overhead for "http://127.0.0.1:1080/cgi-bin/reservations.pl" (RelFrameId=1, Internal ID=376)
Action.c(149):     \r\n
Action.c(149): t=6921158ms: 2485-byte chunked response body for "http://127.0.0.1:1080/cgi-bin/reservations.pl" (RelFrameId=1, Internal ID=376)
Action.c(149):     <!DOCTYPE html\n
Action.c(149):     \tPUBLIC "-//W3C//DTD XHTML 1.0 Transitional//EN"\n
Action.c(149):     \t "http://www.w3.org/TR/xhtml1/DTD/xhtml1-transitional.dtd">\n
Action.c(149):     <html xmlns="http://www.w3.org/1999/xhtml" lang="en-US" xml:lang="en-US">\n
Action.c(149):     <head>\n
Action.c(149):     <title>Reservation Made!</title>\n
Action.c(149):     <meta http-equiv="Content-Type" content="text/html; charset=iso-8859-1" />\n
Action.c(149):     </head>\n
Action.c(149):     <body bgcolor="#E0E7F1">\n
Action.c(149):     <style>blockquote {font-family: tahoma; font-size : 10pt}H1 {font-family: tahoma; font-siz
Action.c(149):     e : 22pt; color: #993333}small {font-family: tahoma; font-size : 8pt}H3 {font-family: taho
Action.c(149):     ma; font-size : 10pt; color: black}TD {font-family: tahoma; font-size : 10pt; color: black
Action.c(149):     }</style><BR/><BR/><h1><font color="#003366">&nbsp;&nbsp;<b>Invoice</font></b></h1><blockq
Action.c(149):     uote>\n
Action.c(149):     <CENTER>\n
Action.c(149):     <small><B>Thank you for booking through Web Tours.</B></small>\n
Action.c(149):     <BR/>\n
Action.c(149):     <BR/>\n
Action.c(149):     <!-- Customer Name header -->\n
Action.c(149):     <Table width="85%" border="0" cellspacing="0" >\n
Action.c(149):       <TR bgcolor="#5E7884">\n
Action.c(149):          <TD colspan="2" align="center">\n
Action.c(149):             <font color="white"><b>LukeSkywalker's Flight Invoice</b></font>\n
Action.c(149):          </TD>\n
Action.c(149):          <TD width="160" align="right">\n
Action.c(149):              <font color="white"><small>Fri Sep 10 12:50:25 2021\n
Action.c(149):     </small>\n
Action.c(149):          </TD>\n
Action.c(149):       </TR>\n
Action.c(149):     </Table>\n
Action.c(149):     \n
Action.c(149):     <Table width="85%" border="0" cellspacing="1" >\n
Action.c(149):     <!-- Flight Item header -->\n
Action.c(149):       <TR bgcolor="#EFF2F7">\n
Action.c(149):          <TD colspan="2" align="left">\n
Action.c(149):              Flights Reservation Requests:\n
Action.c(149):         </TD>\n
Action.c(149):         <TD align="center">Cost\n
Action.c(149):         </TD>\n
Action.c(149):       </TR>\n
Action.c(149):     \n
Action.c(149):     <!-- Flight reserved -->\n
Action.c(149):     <TR bgcolor="#EFF2F7">\n
Action.c(149):         <TD valign="top">1.</TD>\n
Action.c(149):         <TD align="left">\n
Action.c(149):            <b><u>5 Coach Class tickets from Seattle to Zurich.</u></b>\n
Action.c(149):     <br/>\n
Action.c(149):     <center>\n
Action.c(149):            <i>\n
Action.c(149):               09/11/2021 :  5pm : Flight 792 leaves Seattle  for Zurich.<br>\n
Action.c(149):            <br/>\n
Action.c(149):         </TD>\n
Action.c(149):         <TD valign="top">\n
Action.c(149):              $2115\n
Action.c(149):         </TD>\n
Action.c(149):       </TR>\n
Action.c(149):     <!-- Total Cost -->\n
Action.c(149):       <TR bgcolor="#EFF2F7">\n
Action.c(149):         <TD>*\n
Action.c(149):         </TD>\n
Action.c(149):         <TD > Total Cost\n
Action.c(149):         </TD>\n
Action.c(149):         <TD>\n
Action.c(149):            <b> $2115 </b>\n
Action.c(149):         </TD>\n
Action.c(149):       </TR>\n
Action.c(149):     \n
Action.c(149):       <TR bgcolor="#EFF2F7">\n
Action.c(149):         <TD>-\n
Action.c(149):         </TD>\n
Action.c(149):         <TD >\n
Action.c(149):            Total Charged to Credit Card # 40928673\n
Action.c(149):         </TD>\n
Action.c(149):         <TD>\n
Action.c(149):            <b> $2115 </b>\n
Action.c(149):         </TD>\n
Action.c(149):       </TR>\n
Action.c(149):     \n
Action.c(149):       <TR bgcolor="#EFF2F7">\n
Action.c(149):         <TD>*\n
Action.c(149):         </TD>\n
Action.c(149):         <TD >\n
Action.c(149):             Credit Account Balance\n
Action.c(149):         </TD>\n
Action.c(149):         <TD>\n
Action.c(149):            <b> $0.00 </b>\n
Action.c(149):         </TD>\n
Action.c(149):       </TR></Table>\n
Action.c(149):     <BR/>\n
Action.c(149):     <Table width="85%" border="0">\n
Action.c(149):       <tr>\n
Action.c(149):         <td align=right>\n
Action.c(149):     <form method="post" action="" enctype="application/x-www-form-urlencoded">\n
Action.c(149):     <input type="image" name="Book Another" src="/WebTours/images/bookanother.gif" border="0" 
Action.c(149):     /></form>    </td>\n
Action.c(149):       </tr>\n
Action.c(149):     </Table>\n
Action.c(149):     \n
Action.c(149):     </Center>\n
Action.c(149):     \n
Action.c(149):     </body>\n
Action.c(149):     </html>
Action.c(149): Found resource "http://127.0.0.1:1080/WebTours/images/bookanother.gif" in HTML "http://127.0.0.1:1080/cgi-bin/reservations.pl"  	[MsgId: MMSG-26659]
Action.c(149): t=6921160ms: Connecting [1] to host 127.0.0.1:1080  	[MsgId: MMSG-26000]
Action.c(149): t=6921160ms: Connected socket [1] from 127.0.0.1:1046 to 127.0.0.1:1080 in 0 ms  	[MsgId: MMSG-26000]
Action.c(149): t=6921161ms: 435-byte request headers for "http://127.0.0.1:1080/WebTours/images/bookanother.gif" (RelFrameId=, Internal ID=377)
Action.c(149):     GET /WebTours/images/bookanother.gif HTTP/1.1\r\n
Action.c(149):     Referer: http://127.0.0.1:1080/cgi-bin/reservations.pl\r\n
Action.c(149):     User-Agent: Mozilla/5.0 (Windows NT 10.0; WOW64; Trident/7.0; Touch; rv:11.0) like Gecko\r
Action.c(149):     \n
Action.c(149):     Accept-Encoding: gzip, deflate\r\n
Action.c(149):     Accept-Language: en-US,en;q=0.7,ru;q=0.3\r\n
Action.c(149):     Accept: */*\r\n
Action.c(149):     Connection: Keep-Alive\r\n
Action.c(149):     Host: 127.0.0.1:1080\r\n
Action.c(149):     Cookie: MSO=SID&1631267405; MTUserInfo=firstName&&username&jojo7&address2&&hash&87&address
Action.c(149):     1&&lastName&%0A\r\n
Action.c(149):     \r\n
Action.c(149): t=6921161ms: 5-byte chunked response overhead for "http://127.0.0.1:1080/cgi-bin/reservations.pl" (RelFrameId=1, Internal ID=376)
Action.c(149):     0\r\n
Action.c(149):     \r\n
Action.c(149): t=6921162ms: Request done "http://127.0.0.1:1080/cgi-bin/reservations.pl"  	[MsgId: MMSG-26000]
Action.c(149): t=6921162ms: 298-byte response headers for "http://127.0.0.1:1080/WebTours/images/bookanother.gif" (RelFrameId=, Internal ID=377)
Action.c(149):     HTTP/1.1 200 OK\r\n
Action.c(149):     Date: Fri, 10 Sep 2021 09:50:25 GMT\r\n
Action.c(149):     Server: Apache/2.2.21 (Win32)\r\n
Action.c(149):     Last-Modified: Thu, 12 Jan 2012 12:30:28 GMT\r\n
Action.c(149):     ETag: "1000000043591-326-4b653e9ce6100"\r\n
Action.c(149):     Accept-Ranges: bytes\r\n
Action.c(149):     Content-Length: 806\r\n
Action.c(149):     Keep-Alive: timeout=5, max=100\r\n
Action.c(149):     Connection: Keep-Alive\r\n
Action.c(149):     Content-Type: image/gif\r\n
Action.c(149):     \r\n
Action.c(149): t=6921162ms: 806-byte response body for "http://127.0.0.1:1080/WebTours/images/bookanother.gif" (RelFrameId=, Internal ID=377)
Action.c(149): t=6921162ms: Request done "http://127.0.0.1:1080/WebTours/images/bookanother.gif"  	[MsgId: MMSG-26000]
Action.c(149): Registered web_reg_find successful for "Text=Thank you for booking through Web Tours" (count=1)  	[MsgId: MMSG-26364]
Action.c(149): web_submit_data("reservations.pl_3") was successful, 3291 body bytes, 652 header bytes, 12 chunking overhead bytes  	[MsgId: MMSG-26385]
Action.c(185): Notify: Transaction "Buy_Ticket" ended with a "Pass" status (Duration: 0,0631 Wasted Time: 0,0000).	[MsgId: MMSG-16871]
Action.c(187): lr_think_time: 5,00 seconds.	[MsgId: MMSG-15948]
Action.c(189): Notify: Transaction "Invoice" started.	[MsgId: MMSG-16999]
Action.c(191): web_submit_data("reservations.pl_4") started  	[MsgId: MMSG-26355]
Action.c(191): t=6926172ms: Already connected [0] to 127.0.0.1:1080  	[MsgId: MMSG-26000]
Action.c(191): t=6926172ms: 497-byte request headers for "http://127.0.0.1:1080/cgi-bin/reservations.pl" (RelFrameId=1, Internal ID=378)
Action.c(191):     POST /cgi-bin/reservations.pl HTTP/1.1\r\n
Action.c(191):     Content-Type: application/x-www-form-urlencoded\r\n
Action.c(191):     Referer: http://127.0.0.1:1080/cgi-bin/reservations.pl\r\n
Action.c(191):     User-Agent: Mozilla/5.0 (Windows NT 10.0; WOW64; Trident/7.0; Touch; rv:11.0) like Gecko\r
Action.c(191):     \n
Action.c(191):     Accept-Encoding: gzip, deflate\r\n
Action.c(191):     Accept-Language: en-US,en;q=0.7,ru;q=0.3\r\n
Action.c(191):     Accept: */*\r\n
Action.c(191):     Connection: Keep-Alive\r\n
Action.c(191):     Host: 127.0.0.1:1080\r\n
Action.c(191):     Cookie: MSO=SID&1631267405; MTUserInfo=firstName&&username&jojo7&address2&&hash&87&address
Action.c(191):     1&&lastName&%0A\r\n
Action.c(191):     Content-Length: 34\r\n
Action.c(191):     \r\n
Action.c(191): t=6926172ms: 34-byte request body for "http://127.0.0.1:1080/cgi-bin/reservations.pl" (RelFrameId=1, Internal ID=378)
Action.c(191):     Book+Another.x=48&Book+Another.y=6
Action.c(191): t=6926174ms: Inactive socket [1] was closed by 127.0.0.1:1080, probably due to Keep-Alive timeout  	[MsgId: MMSG-26000]
Action.c(191): t=6926174ms: Closed connection [1] to 127.0.0.1:1080 after completing 1 request(s)  	[MsgId: MMSG-26000]
Action.c(191): t=6926232ms: 255-byte response headers for "http://127.0.0.1:1080/cgi-bin/reservations.pl" (RelFrameId=1, Internal ID=378)
Action.c(191):     HTTP/1.1 200 OK\r\n
Action.c(191):     Date: Fri, 10 Sep 2021 09:50:30 GMT\r\n
Action.c(191):     Server: Apache/2.2.21 (Win32)\r\n
Action.c(191):     Expires: Thu, 09 Sep 2021 09:50:30 GMT\r\n
Action.c(191):     Keep-Alive: timeout=5, max=97\r\n
Action.c(191):     Connection: Keep-Alive\r\n
Action.c(191):     Transfer-Encoding: chunked\r\n
Action.c(191):     Content-Type: text/html; charset=ISO-8859-1\r\n
Action.c(191):     \r\n
Action.c(191): t=6926233ms: 5-byte chunked response overhead for "http://127.0.0.1:1080/cgi-bin/reservations.pl" (RelFrameId=1, Internal ID=378)
Action.c(191):     f84\r\n
Action.c(191): t=6926233ms: 7-byte chunked response overhead for "http://127.0.0.1:1080/cgi-bin/reservations.pl" (RelFrameId=1, Internal ID=378)
Action.c(191):     \r\n
Action.c(191):     112\r\n
Action.c(191): t=6926233ms: 7-byte chunked response overhead for "http://127.0.0.1:1080/cgi-bin/reservations.pl" (RelFrameId=1, Internal ID=378)
Action.c(191):     \r\n
Action.c(191):     0\r\n
Action.c(191):     \r\n
Action.c(191): t=6926233ms: 4246-byte chunked response body for "http://127.0.0.1:1080/cgi-bin/reservations.pl" (RelFrameId=1, Internal ID=378)
Action.c(191):     <!DOCTYPE html\n
Action.c(191):     \tPUBLIC "-//W3C//DTD XHTML 1.0 Transitional//EN"\n
Action.c(191):     \t "http://www.w3.org/TR/xhtml1/DTD/xhtml1-transitional.dtd">\n
Action.c(191):     <html xmlns="http://www.w3.org/1999/xhtml" lang="en-US" xml:lang="en-US">\n
Action.c(191):     <head>\n
Action.c(191):     <title>Flight Selections</title>\n
Action.c(191):     <meta http-equiv="Content-Type" content="text/html; charset=iso-8859-1" />\n
Action.c(191):     </head>\n
Action.c(191):     <body bgcolor="#E0E7F1">\n
Action.c(191):     <style>blockquote {font-family: tahoma; font-size : 10pt}H1 {font-family: tahoma; font-siz
Action.c(191):     e : 22pt; color: #993333}small {font-family: tahoma; font-size : 8pt}H3 {font-family: taho
Action.c(191):     ma; font-size : 10pt; color: black}TD {font-family: tahoma; font-size : 10pt; color: black
Action.c(191):     }</style><BR/><BR/><h1><font color="#003366">&nbsp;&nbsp;<b>Find Flight</font></b></h1><bl
Action.c(191):     ockquote>\n
Action.c(191):     <form method="post" action="reservations.pl" enctype="application/x-www-form-urlencoded" o
Action.c(191):     nsubmit="" name="DestForm">\n
Action.c(191):     <input type="hidden" name="advanceDiscount" value="0"  /><table border="0" cellspacing="5"
Action.c(191):     ><tr><td align="left">Departure City :</td> <td><select name="depart" >\n
Action.c(191):     <option selected="selected" value="Denver">Denver</option>\n
Action.c(191):     <option value="Frankfurt">Frankfurt</option>\n
Action.c(191):     <option value="London">London</option>\n
Action.c(191):     <option value="Los Angeles">Los Angeles</option>\n
Action.c(191):     <option value="Paris">Paris</option>\n
Action.c(191):     <option value="Portland">Portland</option>\n
Action.c(191):     <option value="San Francisco">San Francisco</option>\n
Action.c(191):     <option value="Seattle">Seattle</option>\n
Action.c(191):     <option value="Sydney">Sydney</option>\n
Action.c(191):     <option value="Zurich">Zurich</option>\n
Action.c(191):     </select></td> <td align="left">Departure Date :</td> <td><input type="text" name="departD
Action.c(191):     ate" value="09/11/2021" size="10" maxlength="10" /> \n
Action.c(191):     <!-- Departure Date Applet -->\n
Action.c(191):     <APPLET CODEBASE="/WebTours/classes/" CODE="FormDateUpdate.class" MAYSCRIPT Width=26 Heigh
Action.c(191):     t=28 BORDER=0>\n
Action.c(191):        <PARAM NAME=CalenderTitle  VALUE="Select Departure Date">\n
Action.c(191):        <PARAM NAME=HtmlFormIndex  VALUE=0>\n
Action.c(191):        <PARAM NAME=HtmlEditIndex  VALUE=2>\n
Action.c(191):        <PARAM NAME=AutoClose      VALUE=1>\n
Action.c(191):        <PARAM NAME=Label          VALUE="...">\n
Action.c(191):     </APPLET>\n
Action.c(191):     </td></tr> <tr><td align="left">Arrival City :</td> <td><select name="arrive" >\n
Action.c(191):     <option selected="selected" value="Denver">Denver</option>\n
Action.c(191):     <option value="Frankfurt">Frankfurt</option>\n
Action.c(191):     <option value="London">London</option>\n
Action.c(191):     <option value="Los Angeles">Los Angeles</option>\n
Action.c(191):     <option value="Paris">Paris</option>\n
Action.c(191):     <option value="Portland">Portland</option>\n
Action.c(191):     <option value="San Francisco">San Francisco</option>\n
Action.c(191):     <option value="Seattle">Seattle</option>\n
Action.c(191):     <option value="Sydney">Sydney</option>\n
Action.c(191):     <option value="Zurich">Zurich</option>\n
Action.c(191):     </select></td> <td align="left">Return Date :</td> <td><input type="text" name="returnDate
Action.c(191):     " value="09/12/2021" size="10" maxlength="10" /> \n
Action.c(191):     <!-- Return Date Applet -->\n
Action.c(191):     <APPLET CODEBASE="/WebTours/classes/" CODE="FormDateUpdate.class" MAYSCRIPT Width=26 Heigh
Action.c(191):     t=28 BORDER=0>\n
Action.c(191):        <PARAM NAME=CalenderTitle  VALUE="Select Return Date">\n
Action.c(191):        <PARAM NAME=HtmlFormIndex  VALUE=0>\n
Action.c(191):        <PARAM NAME=HtmlEditIndex  VALUE=4>\n
Action.c(191):        <PARAM NAME=AutoClose      VALUE=1>\n
Action.c(191):        <PARAM NAME=Label          VALUE="...">\n
Action.c(191):     </APPLET>\n
Action.c(191):     </td></tr> <tr><td align="left">No. of Passengers : </td> <td><input type="text" name="num
Action.c(191):     Passengers" value="1" size="3" maxlength="8" /></td> <td colspan="2"><label><input type="c
Action.c(191):     heckbox" name="roundtrip" value="on" />Roundtrip ticket</label></td></tr> <tr><td>Seating 
Action.c(191):     Preference</td> <td /> <td>Type of Seat</td></tr> <tr><td><label><input type="radio" name=
Action.c(191):     "seatPref" value="Aisle" />Aisle</label><br /> <label><input type="radio" name="seatPref" 
Action.c(191):     value="Window" />Window</label><br /> <label><input type="radio" name="seatPref" value="No
Action.c(191):     ne" checked="checked" />None</label><br /></td> <td /> <td><label><input type="radio" name
Action.c(191):     ="seatType" value="First" />First</label><br /> <label><input type="radio" name="seatType"
Action.c(191):      value="Business" />Business</label><br /> <label><input type="radio" name="seatType" valu
Action.c(191):     e="Coach" checked="checked" />Coach</label><br /></td></tr> <tr><td height="10" /></tr> <t
Action.c(191):     r><td align="center" colspan="4"><input type="image" name="findFlights" src="/WebTours/ima
Action.c(191):     ges/button_next.gif" border="0" /></td></tr></table><div><input type="hidden" name=".cgifi
Action.c(191):     elds" value="roundtrip"  /><input type="hidden" name=".cgifields" value="seatType"  /><inp
Action.c(191):     ut type="hidden" name=".cgifields" value="seatPref"  /></div></form>\n
Action.c(191):     </blockquote>\n
Action.c(191):     \n
Action.c(191):     </body>\n
Action.c(191):     </html>\n
Action.c(191): Resource "http://127.0.0.1:1080/WebTours/images/button_next.gif" is in the cache already and will not be downloaded again  	[MsgId: MMSG-26655]
Action.c(191): t=6926234ms: Request done "http://127.0.0.1:1080/cgi-bin/reservations.pl"  	[MsgId: MMSG-26000]
Action.c(191): web_submit_data("reservations.pl_4") was successful, 4246 body bytes, 255 header bytes, 19 chunking overhead bytes  	[MsgId: MMSG-26385]
Action.c(206): Notify: Transaction "Invoice" ended with a "Pass" status (Duration: 0,0625).	[MsgId: MMSG-16873]
Action.c(208): lr_think_time: 5,00 seconds.	[MsgId: MMSG-15948]
Action.c(227): Notify: Transaction "UC_1_3v2_Buying_Ticket_megatransaction" ended with a "Pass" status (Duration: 30,4817 Think Time: 30,0362 Wasted Time: 0,0008).	[MsgId: MMSG-16870]
Ending action Action.	[MsgId: MMSG-15918]
Action was aborted.	[MsgId: MMSG-10694]
Ending Vuser...	[MsgId: MMSG-15966]
Starting action vuser_end.	[MsgId: MMSG-15919]
Ending action vuser_end.	[MsgId: MMSG-15918]
Vuser Terminated.	[MsgId: MMSG-15963]
t=6931239ms: Closed connection [0] to 127.0.0.1:1080 after completing 4 request(s)  	[MsgId: MMSG-26000]
HTML-Mode memory management statistics: Reusable=5, NonReusable=0, CsMemBlockSize=4096, checks disabled  	[MsgId: MMSG-26000]
Vuser 19 (thread 9532), ended OK."	[MsgId: MMSG-10695]
