Action.c(200):     .cgifields" value="78"  /><input type="hidden" name=".cgifields" value="413"  /><input typ
Action.c(200):     e="hidden" name=".cgifields" value="294"  /><input type="hidden" name=".cgifields" value="
Action.c(200):     349"  /><input type="hidden" name=".cgifields" value="275"  /><input type="hidden" name=".
Action.c(200):     cgifields" value="515"  /><input type="hidden" name=".cgifields" value="197"  /><input typ
Action.c(200):     e="hidden" name=".cgifields" value="138"  /><input type="hidden" name=".cgifields" value="
Action.c(200):     606"  /><input type="hidden" name=".cgifields" value="137"  /><input type="hidden" name=".
Action.c(200):     cgifields" value="60"  /><input type="hidden" name=".cgifields" value="432"  /><input type
Action.c(200):     ="hidden" name=".cgifields" value="519"  /><input type="hidden" name=".cgifields" value="3
Action.c(200):     46"  /><input type="hidden" name=".cgifields" value="17"  /><input type="hidden" name=".cg
Action.c(200):     ifields" value="427"  /><input type="hidden" name=".cgifields" value="82"  /><input type="
Action.c(200):     hidden" name=".cgifields" value="110"  /><input type="hidden" name=".cgifields" value="650
Action.c(200):     "  /><input type="hidden" name=".cgifields" value="333"  /><input type="hidden" name=".cgi
Action.c(200):     fields" value="590"  /><input type="hidden" name=".cgifields" value="323"  /><input type="
Action.c(200):     hidden" name=".cgifields" value="69"  /><input type="hidden" name=".cgifields" value="112"
Action.c(200):       /><input type="hidden" name=".cgifields" value="545"  /><input type="hidden" name=".cgif
Action.c(200):     ields" value="191"  /><input type="hidden" name=".cgifields" value="224"  /><input type="h
Action.c(200):     idden" name=".cgifields" value="187"  /><input type="hidden" name=".cgifields" value="588"
Action.c(200):       /><input type="hidden" name=".cgifields" value="646"  /><input type="hidden" name=".cgif
Action.c(200):     ields" value="446"  /><input type="hidden" name=".cgifields" value="262"  /><input type="h
Action.c(200):     idden" name=".cgifields" value="617"  /><input type="hidden" name=".cgifields" value="79" 
Action.c(200):      /><input type="hidden" name=".cgifields" value="212"  /><input type="hidden" name=".cgifi
Action.c(200):     elds" value="352"  /><input type="hidden" name=".cgifields" value="126"  /><input type="hi
Action.c(200):     dden" name=".cgifields" value="426"  /><input type="hidden" name=".cgifields" value="251" 
Action.c(200):      /><input type="hidden" name=".cgifields" value="542"  /><input type="hidden" name=".cgifi
Action.c(200):     elds" value="369"  /><input type="hidden" name=".cgifields" value="651"  /><input type="hi
Action.c(200):     dden" name=".cgifields" value="279"  /><input type="hidden" name=".cgifields" value="176" 
Action.c(200):      /><input type="hidden" name=".cgifields" value="629"  /><input type="hidden" name=".cgifi
Action.c(200):     elds" value="498"  /><input type="hidden" name=".cgifields" value="483"  /><input type="hi
Action.c(200):     dden" name=".cgifields" value="256"  /><input type="hidden" name=".cgifields" value="372" 
Action.c(200):      /><input type="hidden" name=".cgifields" value="574"  /><input type="hidden" name=".cgifi
Action.c(200):     elds" value="170"  /><input type="hidden" name=".cgifields" value="33"  /><input type="hid
Action.c(200):     den" name=".cgifields" value="660"  /><input type="hidden" name=".cgifields" value="428"  
Action.c(200):     /><input type="hidden" name=".cgifields" value="7"  /><input type="hidden" name=".cgifield
Action.c(200):     s" value="26"  /><input type="hidden" name=".cgifields" value="227"  /><input type="hidden
Action.c(200):     " name=".cgifields" value="99"  /><input type="hidden" name=".cgifields" value="566"  /><i
Action.c(200):     nput type="hidden" name=".cgifields" value="526"  /><input type="hidden" name=".cgifields"
Action.c(200):      value="72"  /><input type="hidden" name=".cgifields" value="500"  /><input type="hidden" 
Action.c(200):     name=".cgifields" value="264"  /><input type="hidden" name=".cgifields" value="255"  /><in
Action.c(200):     put type="hidden" name=".cgifields" value="533"  /><input type="hidden" name=".cgifields" 
Action.c(200):     value="359"  /><input type="hidden" name=".cgifields" value="182"  /><input type="hidden" 
Action.c(200):     name=".cgifields" value="108"  /><input type="hidden" name=".cgifields" value="604"  /><in
Action.c(200):     put type="hidden" name=".cgifields" value="556"  /><input type="hidden" name=".cgifields" 
Action.c(200):     value="462"  /><input type="hidden" name=".cgifields" value="414"  /><input type="hidden" 
Action.c(200):     name=".cgifields" value="232"  /><input type="hidden" name=".cgifields" value="477"  /><in
Action.c(200):     put type="hidden" name=".cgifields" value="225"  /><input type="hidden" name=".cgifields" 
Action.c(200):     value="330"  /><input type="hidden" name=".cgifields" value="142"  /><input type="hidden" 
Action.c(200):     name=".cgifields" value="207"  /><input type="hidden" name=".cgifields" value="632"  /><in
Action.c(200):     put type="hidden" name=".cgifields" value="263"  /><input type="hidden" name=".cgifields" 
Action.c(200):     value="394"  /><input type="hidden" name=".cgifields" value="167"  /><input type="hidden" 
Action.c(200):     name=".cgifields" value="48"  /><input type="hidden" name=".cgifields" value="360"  /><inp
Action.c(200):     ut type="hidden" name=".cgifields" value="610"  /><input type="hidden" name=".cgifields" v
Action.c(200):     alue="514"  /><input type="hidden" name=".cgifields" value="663"  /><input type="hidden" n
Action.c(200):     ame=".cgifields" value="513"  /><input type="hidden" name=".cgifields" value="615"  /><inp
Action.c(200):     ut type="hidden" name=".cgifields" value="50"  /><input type="hidden" name=".cgifields" va
Action.c(200):     lue="476"  /><input type="hidden" name=".cgifields" value="510"  /><input type="hidden" na
Action.c(200):     me=".cgifields" value="393"  /><input type="hidden" name=".cgifields" value="449"  /><inpu
Action.c(200):     t type="hidden" name=".cgifields" value="293"  /><input type="hidden" name=".cgifields" va
Action.c(200):     lue="658"  /><input type="hidden" name=".cgifields" value="274"  /><input type="hidden" na
Action.c(200):     me=".cgifields" value="549"  /><input type="hidden" name=".cgifields" value="659"  /><inpu
Action.c(200):     t type="hidden" name=".cgifields" value="645"  /><input type="hidden" name=".cgifields" va
Action.c(200):     lue="322"  /><input type="hidden" name=".cgifields" value="469"  /><input type="hidden" na
Action.c(200):     me=".cgifields" value="635"  /><input type="hidden" name=".cgifields" value="353"  /><inpu
Action.c(200):     t type="hidden" name=".cgifields" value="575"  /><input type="hidden" name=".cgifields" va
Action.c(200):     lue="375"  /><input type="hidden" name=".cgifields" value="128"  /><input type="hidden" na
Action.c(200):     me=".cgifields" value="28"  /><input type="hidden" name=".cgifields" value="310"  /><input
Action.c(200):      type="hidden" name=".cgifields" value="40"  /><input type="hidden" name=".cgifields" valu
Action.c(200):     e="589"  /><input type="hidden" name=".cgifields" value="303"  /><input type="hidden" name
Action.c(200):     =".cgifields" value="192"  /><input type="hidden" name=".cgifields" value="250"  /><input 
Action.c(200):     type="hidden" name=".cgifields" value="614"  /><input type="hidden" name=".cgifields" valu
Action.c(200):     e="501"  /><input type="hidden" name=".cgifields" value="215"  /><input type="hidden" name
Action.c(200):     =".cgifields" value="278"  /><input type="hidden" name=".cgifields" value="490"  /><input 
Action.c(200):     type="hidden" name=".cgifields" value="150"  /><input type="hidden" name=".cgifields" valu
Action.c(200):     e="130"  /><input type="hidden" name=".cgifields" value="155"  /><input type="hidden" name
Action.c(200):     =".cgifields" value="387"  /><input type="hidden" name=".cgifields" value="53"  /><input t
Action.c(200):     ype="hidden" name=".cgifields" value="245"  /><input type="hidden" name=".cgifields" value
Action.c(200):     ="626"  /><input type="hidden" name=".cgifields" value="543"  /><input type="hidden" name=
Action.c(200):     ".cgifields" value="267"  /><input type="hidden" name=".cgifields" value="354"  /><input t
Action.c(200):     ype="hidden" name=".cgifields" value="461"  /><input type="hidden" name=".cgifields" value
Action.c(200):     ="583"  /><input type="hidden" name=".cgifields" value="257"  /><input type="hidden" name=
Action.c(200):     ".cgifields" value="85"  /><input type="hidden" name=".cgifields" value="332"  /><input ty
Action.c(200):     pe="hidden" name=".cgifields" value="9"  /><input type="hidden" name=".cgifields" value="4
Action.c(200):     25"  /><input type="hidden" name=".cgifields" value="591"  /><input type="hidden" name=".c
Action.c(200):     gifields" value="34"  /><input type="hidden" name=".cgifields" value="539"  /><input type=
Action.c(200):     "hidden" name=".cgifields" value="603"  /><input type="hidden" name=".cgifields" value="90
Action.c(200):     "  /><input type="hidden" name=".cgifields" value="276"  /><input type="hidden" name=".cgi
Action.c(200):     fields" value="620"  /><input type="hidden" name=".cgifields" value="565"  /><input type="
Action.c(200):     hidden" name=".cgifields" value="102"  /><input type="hidden" name=".cgifields" value="520
Action.c(200):     "  /><input type="hidden" name=".cgifields" value="532"  /><input type="hidden" name=".cgi
Action.c(200):     fields" value="16"  /><input type="hidden" name=".cgifields" value="55"  /><input type="hi
Action.c(200):     dden" name=".cgifields" value="233"  /><input type="hidden" name=".cgifields" value="57"  
Action.c(200):     /><input type="hidden" name=".cgifields" value="259"  /><input type="hidden" name=".cgifie
Action.c(200):     lds" value="368"  /><input type="hidden" name=".cgifields" value="424"  /><input type="hid
Action.c(200):     den" name=".cgifields" value="316"  /><input type="hidden" name=".cgifields" value="163"  
Action.c(200):     /><input type="hidden" name=".cgifields" value="395"  /><input type="hidden" name=".cgifie
Action.c(200):     lds" value="89"  /><input type="hidden" name=".cgifields" value="611"  /><input type="hidd
Action.c(200):     en" name=".cgifields" value="175"  /><input type="hidden" name=".cgifields" value="584"  /
Action.c(200):     ><input type="hidden" name=".cgifields" value="35"  /><input type="hidden" name=".cgifield
Action.c(200):     s" value="11"  /><input type="hidden" name=".cgifields" value="492"  /><input type="hidden
Action.c(200):     " name=".cgifields" value="208"  /><input type="hidden" name=".cgifields" value="347"  /><
Action.c(200):     input type="hidden" name=".cgifields" value="511"  /><input type="hidden" name=".cgifields
Action.c(200):     " value="434"  /><input type="hidden" name=".cgifields" value="93"  /><input type="hidden"
Action.c(200):      name=".cgifields" value="292"  /><input type="hidden" name=".cgifields" value="291"  /><i
Action.c(200):     nput type="hidden" name=".cgifields" value="374"  /><input type="hidden" name=".cgifields"
Action.c(200):      value="114"  /><input type="hidden" name=".cgifields" value="199"  /><input type="hidden"
Action.c(200):      name=".cgifields" value="442"  /><input type="hidden" name=".cgifields" value="429"  /><i
Action.c(200):     nput type="hidden" name=".cgifields" value="649"  /><input type="hidden" name=".cgifields"
Action.c(200):      value="648"  /><input type="hidden" name=".cgifields" value="642"  /><input type="hidden"
Action.c(200):      name=".cgifields" value="73"  /><input type="hidden" name=".cgifields" value="409"  /><in
Action.c(200):     put type="hidden" name=".cgifields" value="67"  /><input type="hidden" name=".cgifields" v
Action.c(200):     alue="241"  /><input type="hidden" name=".cgifields" value="198"  /><input type="hidden" n
Action.c(200):     ame=".cgifields" value="489"  /><input type="hidden" name=".cgifields" value="585"  /><inp
Action.c(200):     ut type="hidden" name=".cgifields" value="327"  /><input type="hidden" name=".cgifields" v
Action.c(200):     alue="320"  /><input type="hidden" name=".cgifields" value="280"  /><input type="hidden" n
Action.c(200):     ame=".cgifields" value="273"  /><input type="hidden" name=".cgifields" value="471"  /><inp
Action.c(200):     ut type="hidden" name=".cgifields" value="622"  /><input type="hidden" name=".cgifields" v
Action.c(200):     alue="202"  /><input type="hidden" name=".cgifields" value="249"  /><input type="hidden" n
Action.c(200):     ame=".cgifields" value="361"  /><input type="hidden" name=".cgifields" value="465"  /><inp
Action.c(200):     ut type="hidden" name=".cgifields" value="184"  /><input type="hidden" name=".cgifields" v
Action.c(200):     alue="24"  /><input type="hidden" name=".cgifields" value="140"  /><input type="hidden" na
Action.c(200):     me=".cgifields" value="104"  /><input type="hidden" name=".cgifields" value="131"  /><inpu
Action.c(200):     t type="hidden" name=".cgifields" value="181"  /><input type="hidden" name=".cgifields" va
Action.c(200):     lue="412"  /><input type="hidden" name=".cgifields" value="385"  /><input type="hidden" na
Action.c(200):     me=".cgifields" value="502"  /><input type="hid
Action.c(200): t=3895723ms: 12287-byte chunked response body for "http://127.0.0.1:1080/cgi-bin/itinerary.pl" (RelFrameId=1.2, Internal ID=2048)
Action.c(200):     den" name=".cgifields" value="307"  /><input type="hidden" name=".cgifields" value="314"  
Action.c(200):     /><input type="hidden" name=".cgifields" value="154"  /><input type="hidden" name=".cgifie
Action.c(200):     lds" value="355"  /><input type="hidden" name=".cgifields" value="553"  /><input type="hid
Action.c(200):     den" name=".cgifields" value="159"  /><input type="hidden" name=".cgifields" value="479"  
Action.c(200):     /><input type="hidden" name=".cgifields" value="326"  /><input type="hidden" name=".cgifie
Action.c(200):     lds" value="555"  /><input type="hidden" name=".cgifields" value="47"  /><input type="hidd
Action.c(200):     en" name=".cgifields" value="619"  /><input type="hidden" name=".cgifields" value="37"  />
Action.c(200):     <input type="hidden" name=".cgifields" value="335"  /><input type="hidden" name=".cgifield
Action.c(200):     s" value="270"  /><input type="hidden" name=".cgifields" value="5"  /><input type="hidden"
Action.c(200):      name=".cgifields" value="195"  /><input type="hidden" name=".cgifields" value="621"  /><i
Action.c(200):     nput type="hidden" name=".cgifields" value="538"  /><input type="hidden" name=".cgifields"
Action.c(200):      value="524"  /><input type="hidden" name=".cgifields" value="554"  /><input type="hidden"
Action.c(200):      name=".cgifields" value="552"  /><input type="hidden" name=".cgifields" value="521"  /><i
Action.c(200):     nput type="hidden" name=".cgifields" value="598"  /><input type="hidden" name=".cgifields"
Action.c(200):      value="162"  /><input type="hidden" name=".cgifields" value="433"  /><input type="hidden"
Action.c(200):      name=".cgifields" value="647"  /><input type="hidden" name=".cgifields" value="74"  /><in
Action.c(200):     put type="hidden" name=".cgifields" value="240"  /><input type="hidden" name=".cgifields" 
Action.c(200):     value="334"  /><input type="hidden" name=".cgifields" value="440"  /><input type="hidden" 
Action.c(200):     name=".cgifields" value="230"  /><input type="hidden" name=".cgifields" value="115"  /><in
Action.c(200):     put type="hidden" name=".cgifields" value="299"  /><input type="hidden" name=".cgifields" 
Action.c(200):     value="377"  /><input type="hidden" name=".cgifields" value="103"  /><input type="hidden" 
Action.c(200):     name=".cgifields" value="602"  /><input type="hidden" name=".cgifields" value="201"  /><in
Action.c(200):     put type="hidden" name=".cgifields" value="423"  /><input type="hidden" name=".cgifields" 
Action.c(200):     value="612"  /><input type="hidden" name=".cgifields" value="91"  /><input type="hidden" n
Action.c(200):     ame=".cgifields" value="266"  /><input type="hidden" name=".cgifields" value="467"  /><inp
Action.c(200):     ut type="hidden" name=".cgifields" value="174"  /><input type="hidden" name=".cgifields" v
Action.c(200):     alue="474"  /><input type="hidden" name=".cgifields" value="481"  /><input type="hidden" n
Action.c(200):     ame=".cgifields" value="214"  /><input type="hidden" name=".cgifields" value="422"  /><inp
Action.c(200):     ut type="hidden" name=".cgifields" value="564"  /><input type="hidden" name=".cgifields" v
Action.c(200):     alue="563"  /><input type="hidden" name=".cgifields" value="97"  /><input type="hidden" na
Action.c(200):     me=".cgifields" value="41"  /><input type="hidden" name=".cgifields" value="52"  /><input 
Action.c(200):     type="hidden" name=".cgifields" value="657"  /><input type="hidden" name=".cgifields" valu
Action.c(200):     e="302"  /><input type="hidden" name=".cgifields" value="229"  /><input type="hidden" name
Action.c(200):     =".cgifields" value="503"  /><input type="hidden" name=".cgifields" value="593"  /><input 
Action.c(200):     type="hidden" name=".cgifields" value="68"  /><input type="hidden" name=".cgifields" value
Action.c(200):     ="188"  /><input type="hidden" name=".cgifields" value="315"  /><input type="hidden" name=
Action.c(200):     ".cgifields" value="402"  /><input type="hidden" name=".cgifields" value="641"  /><input t
Action.c(200):     ype="hidden" name=".cgifields" value="338"  /><input type="hidden" name=".cgifields" value
Action.c(200):     ="576"  /><input type="hidden" name=".cgifields" value="616"  /><input type="hidden" name=
Action.c(200):     ".cgifields" value="222"  /><input type="hidden" name=".cgifields" value="640"  /><input t
Action.c(200):     ype="hidden" name=".cgifields" value="25"  /><input type="hidden" name=".cgifields" value=
Action.c(200):     "83"  /><input type="hidden" name=".cgifields" value="484"  /><input type="hidden" name=".
Action.c(200):     cgifields" value="305"  /><input type="hidden" name=".cgifields" value="623"  /><input typ
Action.c(200):     e="hidden" name=".cgifields" value="544"  /><input type="hidden" name=".cgifields" value="
Action.c(200):     217"  /><input type="hidden" name=".cgifields" value="328"  /><input type="hidden" name=".
Action.c(200):     cgifields" value="239"  /><input type="hidden" name=".cgifields" value="122"  /><input typ
Action.c(200):     e="hidden" name=".cgifields" value="143"  /><input type="hidden" name=".cgifields" value="
Action.c(200):     628"  /><input type="hidden" name=".cgifields" value="158"  /><input type="hidden" name=".
Action.c(200):     cgifields" value="269"  /><input type="hidden" name=".cgifields" value="281"  /><input typ
Action.c(200):     e="hidden" name=".cgifields" value="464"  /><input type="hidden" name=".cgifields" value="
Action.c(200):     363"  /><input type="hidden" name=".cgifields" value="46"  /><input type="hidden" name=".c
Action.c(200):     gifields" value="6"  /><input type="hidden" name=".cgifields" value="562"  /><input type="
Action.c(200):     hidden" name=".cgifields" value="630"  /><input type="hidden" name=".cgifields" value="36"
Action.c(200):       /><input type="hidden" name=".cgifields" value="518"  /><input type="hidden" name=".cgif
Action.c(200):     ields" value="183"  /><input type="hidden" name=".cgifields" value="497"  /><input type="h
Action.c(200):     idden" name=".cgifields" value="472"  /><input type="hidden" name=".cgifields" value="362"
Action.c(200):       /><input type="hidden" name=".cgifields" value="439"  /><input type="hidden" name=".cgif
Action.c(200):     ields" value="317"  /><input type="hidden" name=".cgifields" value="608"  /><input type="h
Action.c(200):     idden" name=".cgifields" value="132"  /><input type="hidden" name=".cgifields" value="169"
Action.c(200):       /><input type="hidden" name=".cgifields" value="411"  /><input type="hidden" name=".cgif
Action.c(200):     ields" value="478"  /><input type="hidden" name=".cgifields" value="384"  /><input type="h
Action.c(200):     idden" name=".cgifields" value="398"  /><input type="hidden" name=".cgifields" value="546"
Action.c(200):       /><input type="hidden" name=".cgifields" value="537"  /><input type="hidden" name=".cgif
Action.c(200):     ields" value="407"  /><input type="hidden" name=".cgifields" value="18"  /><input type="hi
Action.c(200):     dden" name=".cgifields" value="376"  /><input type="hidden" name=".cgifields" value="522" 
Action.c(200):      /><input type="hidden" name=".cgifields" value="125"  /><input type="hidden" name=".cgifi
Action.c(200):     elds" value="599"  /><input type="hidden" name=".cgifields" value="44"  /><input type="hid
Action.c(200):     den" name=".cgifields" value="609"  /><input type="hidden" name=".cgifields" value="587"  
Action.c(200):     /><input type="hidden" name=".cgifields" value="190"  /><input type="hidden" name=".cgifie
Action.c(200):     lds" value="95"  /><input type="hidden" name=".cgifields" value="298"  /><input type="hidd
Action.c(200):     en" name=".cgifields" value="601"  /><input type="hidden" name=".cgifields" value="313"  /
Action.c(200):     ><input type="hidden" name=".cgifields" value="243"  /><input type="hidden" name=".cgifiel
Action.c(200):     ds" value="231"  /><input type="hidden" name=".cgifields" value="551"  /><input type="hidd
Action.c(200):     en" name=".cgifields" value="529"  /><input type="hidden" name=".cgifields" value="148"  /
Action.c(200):     ><input type="hidden" name=".cgifields" value="343"  /><input type="hidden" name=".cgifiel
Action.c(200):     ds" value="504"  /><input type="hidden" name=".cgifields" value="397"  /><input type="hidd
Action.c(200):     en" name=".cgifields" value="106"  /><input type="hidden" name=".cgifields" value="157"  /
Action.c(200):     ><input type="hidden" name=".cgifields" value="65"  /><input type="hidden" name=".cgifield
Action.c(200):     s" value="203"  /><input type="hidden" name=".cgifields" value="261"  /><input type="hidde
Action.c(200):     n" name=".cgifields" value="81"  /><input type="hidden" name=".cgifields" value="321"  /><
Action.c(200):     input type="hidden" name=".cgifields" value="459"  /><input type="hidden" name=".cgifields
Action.c(200):     " value="624"  /><input type="hidden" name=".cgifields" value="86"  /><input type="hidden"
Action.c(200):      name=".cgifields" value="284"  /><input type="hidden" name=".cgifields" value="247"  /><i
Action.c(200):     nput type="hidden" name=".cgifields" value="656"  /><input type="hidden" name=".cgifields"
Action.c(200):      value="371"  /><input type="hidden" name=".cgifields" value="204"  /><input type="hidden"
Action.c(200):      name=".cgifields" value="165"  /><input type="hidden" name=".cgifields" value="289"  /><i
Action.c(200):     nput type="hidden" name=".cgifields" value="2"  /><input type="hidden" name=".cgifields" v
Action.c(200):     alue="435"  /><input type="hidden" name=".cgifields" value="401"  /><input type="hidden" n
Action.c(200):     ame=".cgifields" value="186"  /><input type="hidden" name=".cgifields" value="147"  /><inp
Action.c(200):     ut type="hidden" name=".cgifields" value="339"  /><input type="hidden" name=".cgifields" v
Action.c(200):     alue="228"  /><input type="hidden" name=".cgifields" value="531"  /><input type="hidden" n
Action.c(200):     ame=".cgifields" value="268"  /><input type="hidden" name=".cgifields" value="345"  /><inp
Action.c(200):     ut type="hidden" name=".cgifields" value="596"  /><input type="hidden" name=".cgifields" v
Action.c(200):     alue="172"  /><input type="hidden" name=".cgifields" value="319"  /><input type="hidden" n
Action.c(200):     ame=".cgifields" value="223"  /><input type="hidden" name=".cgifields" value="404"  /><inp
Action.c(200):     ut type="hidden" name=".cgifields" value="613"  /><input type="hidden" name=".cgifields" v
Action.c(200):     alue="516"  /><input type="hidden" name=".cgifields" value="282"  /><input type="hidden" n
Action.c(200):     ame=".cgifields" value="420"  /><input type="hidden" name=".cgifields" value="121"  /><inp
Action.c(200):     ut type="hidden" name=".cgifields" value="639"  /><input type="hidden" name=".cgifields" v
Action.c(200):     alue="344"  /><input type="hidden" name=".cgifields" value="487"  /><input type="hidden" n
Action.c(200):     ame=".cgifields" value="494"  /><input type="hidden" name=".cgifields" value="238"  /><inp
Action.c(200):     ut type="hidden" name=".cgifields" value="636"  /><input type="hidden" name=".cgifields" v
Action.c(200):     alue="577"  /><input type="hidden" name=".cgifields" value="253"  /><input type="hidden" n
Action.c(200):     ame=".cgifields" value="561"  /><input type="hidden" name=".cgifields" value="448"  /><inp
Action.c(200):     ut type="hidden" name=".cgifields" value="209"  /><input type="hidden" name=".cgifields" v
Action.c(200):     alue="216"  /><input type="hidden" name=".cgifields" value="357"  /><input type="hidden" n
Action.c(200):     ame=".cgifields" value="117"  /><input type="hidden" name=".cgifields" value="643"  /><inp
Action.c(200):     ut type="hidden" name=".cgifields" value="63"  /><input type="hidden" name=".cgifields" va
Action.c(200):     lue="455"  /><input type="hidden" name=".cgifields" value="600"  /><input type="hidden" na
Action.c(200):     me=".cgifields" value="80"  /><input type="hidden" name=".cgifields" value="336"  /><input
Action.c(200):      type="hidden" name=".cgifields" value="457"  /><input type="hidden" name=".cgifields" val
Action.c(200):     ue="179"  /><input type="hidden" name=".cgifields" value="383"  /><input type="hidden" nam
Action.c(200):     e=".cgifields" value="297"  /><input type="hidden" name=".cgifields" value="277"  /><input
Action.c(200):      type="hidden" name=".cgifields" value="92"  /><input type="hidden" name=".cgifields" valu
Action.c(200):     e="10"  /><input type="hidden" name=".cgifields" value="550"  /><input type="hidden" name=
Action.c(200):     ".cgifields" value="505"  /><input type="hidden" name=".cgifields" value="419"  /><input t
Action.c(200):     ype="hidden" name=".cgifields" value="133"  /><input type="hidden" name=".cgifields" value
Action.c(200):     ="290"  /><input type="hidden" name=".cgifields" value="625"  /><input type="hidden" name=
Action.c(200):     ".cgifields" value="592"  /><input type="hidden" name=".cgifields" value="149"  /><input t
Action.c(200):     ype="hidden" name=".cgifields" value="123"  /><input type="hidden" name=".cgifields" value
Action.c(200):     ="304"  /><input type="hidden" name=".cgifields" value="631"  /><input type="hidden" name=
Action.c(200):     ".cgifields" value="547"  /><input type="hidden" name=".cgifields" value="210"  /><input t
Action.c(200):     ype="hidden" name=".cgifields" value="406"  /><input type="hidden" name=".cgifields" value
Action.c(200):     ="258"  /><input type="hidden" name=".cgifields" value="396"  /><input type="hidden" name=
Action.c(200):     ".cgifields" value="482"  /><input type="hidden" name=".cgifields" value="173"  /><input t
Action.c(200):     ype="hidden" name=".cgifields" value="530"  /><input type="hidden" name=".cgifields" value
Action.c(200):     ="56"  /><input type="hidden" name=".cgifields" value="499"  /><input type="hidden" name="
Action.c(200):     .cgifields" value="66"  /><input type="hidden" name=".cgifields" value="19"  /><input type
Action.c(200):     ="hidden" name=".cgifields" value="54"  /><input type="hidden" name=".cgifields" value="36
Action.c(200):     5"  /><input type="hidden" name=".cgifields" value="306"  /><input type="hidden" name=".cg
Action.c(200):     ifields" value="70"  /><input type="hidden" name=".cgifields" value="470"  /><input type="
Action.c(200):     hidden" name=".cgifields" value="166"  /><input type="hidden" name=".cgifields" value="88"
Action.c(200):       /><input type="hidden" name=".cgifields" value="141"  /><input type="hidden" name=".cgif
Action.c(200):     ields" value="30"  /><input type="hidden" name=".cgifields" value="654"  /><input type="hi
Action.c(200):     dden" name=".cgifields" value="570"  /><input type="hidden" name=".cgifields" value="403" 
Action.c(200):      /><input type="hidden" name=".cgifields" value="252"  /><input type="hidden" name=".cgifi
Action.c(200):     elds" value="466"  /><input type="hidden" name=
Action.c(200): t=3895723ms: 6-byte chunked response overhead for "http://127.0.0.1:1080/cgi-bin/itinerary.pl" (RelFrameId=1.2, Internal ID=2048)
Action.c(200):     \r\n
Action.c(200):     c7\r\n
Action.c(200): t=3895723ms: 7-byte chunked response overhead for "http://127.0.0.1:1080/cgi-bin/itinerary.pl" (RelFrameId=1.2, Internal ID=2048)
Action.c(200):     \r\n
Action.c(200):     0\r\n
Action.c(200):     \r\n
Action.c(200): t=3895723ms: 1681-byte chunked response body for "http://127.0.0.1:1080/cgi-bin/itinerary.pl" (RelFrameId=1.2, Internal ID=2048)
Action.c(200):     ".cgifields" value="156"  /><input type="hidden" name=".cgifields" value="134"  /><input t
Action.c(200):     ype="hidden" name=".cgifields" value="75"  /><input type="hidden" name=".cgifields" value=
Action.c(200):     "283"  /><input type="hidden" name=".cgifields" value="618"  /><input type="hidden" name="
Action.c(200):     .cgifields" value="655"  /><input type="hidden" name=".cgifields" value="59"  /><input typ
Action.c(200):     e="hidden" name=".cgifields" value="421"  /><input type="hidden" name=".cgifields" value="
Action.c(200):     450"  /><input type="hidden" name=".cgifields" value="271"  /><input type="hidden" name=".
Action.c(200):     cgifields" value="491"  /><input type="hidden" name=".cgifields" value="219"  /><input typ
Action.c(200):     e="hidden" name=".cgifields" value="318"  /><input type="hidden" name=".cgifields" value="
Action.c(200):     13"  /><input type="hidden" name=".cgifields" value="105"  /><input type="hidden" name=".c
Action.c(200):     gifields" value="473"  /><input type="hidden" name=".cgifields" value="185"  /><input type
Action.c(200):     ="hidden" name=".cgifields" value="3"  /><input type="hidden" name=".cgifields" value="597
Action.c(200):     "  /><input type="hidden" name=".cgifields" value="248"  /><input type="hidden" name=".cgi
Action.c(200):     fields" value="390"  /><input type="hidden" name=".cgifields" value="146"  /><input type="
Action.c(200):     hidden" name=".cgifields" value="111"  /><input type="hidden" name=".cgifields" value="38"
Action.c(200):       /><input type="hidden" name=".cgifields" value="356"  /><input type="hidden" name=".cgif
Action.c(200):     ields" value="408"  /><input type="hidden" name=".cgifields" value="4"  /><input type="hid
Action.c(200):     den" name=".cgifields" value="528"  /><input type="hidden" name=".cgifields" value="164"  
Action.c(200):     /><input type="hidden" name=".cgifields" value="196"  /><input type="hidden" name=".cgifie
Action.c(200):     lds" value="242"  /></div></form>\n
Action.c(200):     \n
Action.c(200):     </center>\n
Action.c(200):     \n
Action.c(200):     </body>\n
Action.c(200):     </html>
Action.c(200): t=3895723ms: Request done "http://127.0.0.1:1080/cgi-bin/itinerary.pl"  	[MsgId: MMSG-26000]
Action.c(200): t=3895723ms: 297-byte response headers for "http://127.0.0.1:1080/WebTours/images/cancelreservation.gif" (RelFrameId=, Internal ID=2051)
Action.c(200):     HTTP/1.1 200 OK\r\n
Action.c(200):     Date: Sun, 12 Sep 2021 22:56:52 GMT\r\n
Action.c(200):     Server: Apache/2.2.21 (Win32)\r\n
Action.c(200):     Last-Modified: Thu, 12 Jan 2012 12:30:28 GMT\r\n
Action.c(200):     ETag: "1000000043599-33f-4b653e9ce6100"\r\n
Action.c(200):     Accept-Ranges: bytes\r\n
Action.c(200):     Content-Length: 831\r\n
Action.c(200):     Keep-Alive: timeout=5, max=95\r\n
Action.c(200):     Connection: Keep-Alive\r\n
Action.c(200):     Content-Type: image/gif\r\n
Action.c(200):     \r\n
Action.c(200): t=3895723ms: 831-byte response body for "http://127.0.0.1:1080/WebTours/images/cancelreservation.gif" (RelFrameId=, Internal ID=2051)
Action.c(200): t=3895723ms: Request done "http://127.0.0.1:1080/WebTours/images/cancelreservation.gif"  	[MsgId: MMSG-26000]
Action.c(200): t=3895723ms: 297-byte response headers for "http://127.0.0.1:1080/WebTours/images/cancelallreservations.gif" (RelFrameId=, Internal ID=2052)
Action.c(200):     HTTP/1.1 200 OK\r\n
Action.c(200):     Date: Sun, 12 Sep 2021 22:56:52 GMT\r\n
Action.c(200):     Server: Apache/2.2.21 (Win32)\r\n
Action.c(200):     Last-Modified: Thu, 12 Jan 2012 12:30:28 GMT\r\n
Action.c(200):     ETag: "1000000043592-2e6-4b653e9ce6100"\r\n
Action.c(200):     Accept-Ranges: bytes\r\n
Action.c(200):     Content-Length: 742\r\n
Action.c(200):     Keep-Alive: timeout=5, max=99\r\n
Action.c(200):     Connection: Keep-Alive\r\n
Action.c(200):     Content-Type: image/gif\r\n
Action.c(200):     \r\n
Action.c(200): t=3895723ms: 742-byte response body for "http://127.0.0.1:1080/WebTours/images/cancelallreservations.gif" (RelFrameId=, Internal ID=2052)
Action.c(200): t=3895723ms: Request done "http://127.0.0.1:1080/WebTours/images/cancelallreservations.gif"  	[MsgId: MMSG-26000]
Action.c(200): web_url("Itinerary Button") was successful, 832534 body bytes, 1916 header bytes, 1459 chunking overhead bytes  	[MsgId: MMSG-26385]
Action.c(209): Notify: Transaction "Delete_Ticket_Button" ended with a "Pass" status (Duration: 0.4833).	[MsgId: MMSG-16873]
Action.c(231): lr_think_time: 5.00 seconds.	[MsgId: MMSG-15948]
Action.c(250): Notify: Transaction "UC_1_3v2_Buying_Ticket_megatransaction" ended with a "Pass" status (Duration: 30.9285 Think Time: 30.0230).	[MsgId: MMSG-16872]
Ending action Action.	[MsgId: MMSG-15918]
Action was aborted.	[MsgId: MMSG-10694]
Ending Vuser...	[MsgId: MMSG-15966]
Starting action vuser_end.	[MsgId: MMSG-15919]
Ending action vuser_end.	[MsgId: MMSG-15918]
Vuser Terminated.	[MsgId: MMSG-15963]
t=3900724ms: Closed connection [0] to 127.0.0.1:1080 after completing 6 request(s)  	[MsgId: MMSG-26000]
t=3900724ms: Closed connection [1] to 127.0.0.1:1080 after completing 1 request(s)  	[MsgId: MMSG-26000]
t=3900724ms: Closed connection [2] to 127.0.0.1:1080 after completing 2 request(s)  	[MsgId: MMSG-26000]
t=3900724ms: Closed connection [4] to 127.0.0.1:1080 after completing 1 request(s)  	[MsgId: MMSG-26000]
HTML-Mode memory management statistics: Reusable=142, NonReusable=0, CsMemBlockSize=4096, checks disabled  	[MsgId: MMSG-26000]
Vuser 10 (thread 420), ended OK."	[MsgId: MMSG-10695]
