Action.c(112):       <b>Flight Details:</b><BR/>  <center>\n
Action.c(112):       09/11/2021\n
Action.c(112):      :  5pm : Flight 352 leaves Los Angeles  for Portland.<br>  </center>\n
Action.c(112):       </TD>\n
Action.c(112):     </TR>\n
Action.c(112):     \n
Action.c(112):     <TR bgcolor="#EFF2F7">\n
Action.c(112):       <TD COLSPAN="4">\n
Action.c(112):       <hr/>\n
Action.c(112):       </TD>\n
Action.c(112):     </TR>\n
Action.c(112):     \n
Action.c(112):     <!-- Flight #1 -->\n
Action.c(112):     <TR bgcolor="#EFF2F7">\n
Action.c(112):       <TD width="5%" rowspan="2" align="left" valign="top">\n
Action.c(112):     <b>\n
Action.c(112):     <label><input type="checkbox" name="136" value="on" /></label></font></b>\n
Action.c(112):     <input type="hidden" name="flightID" value="108679716-1046342-DC"  />\n
Action.c(112):       </TD>\n
Action.c(112):       <TD width="45%" valign="top">\n
Action.c(112):           <b>&nbsp;&nbsp;7 First class tickets for :</b><br/>\n
Action.c(112):           <center><table border="0" width="85%"><tr><td>\n
Action.c(112):           <li><i>Han Solo      <li><i>Anakin Skywalker      <li><i>Admiral Piett      <li><i>L
Action.c(112):     uke Skywalker      <li><i>Jango Fett      <li><i>Jabba Hutt      <li><i>James Bond\n
Action.c(112):           <li><i></i>\n
Action.c(112):           </td></tr></table></center>\n
Action.c(112):       </TD>\n
Action.c(112):       <TD width="5%" >.<br/>.<br/>.<br/>.</TD>\n
Action.c(112):       <TD width="45%" valign=top><b>Invoice sent to:</b><br/>\n
Action.c(112):           <center>\n
Action.c(112):           <Table width="80%" cellspacing="0" > <tr> <td>\n
Action.c(112):               Droid C3-PO\n
Action.c(112):     <br/>\n
Action.c(112):               address3<br/>\n
Action.c(112):               address03<br/>\n
Action.c(112):               <br/>\n
Action.c(112):               Total Charge: $ 2457 <BR/> (CC: x-2934)\n
Action.c(112):           </td> </tr> </table>\n
Action.c(112):           </center>\n
Action.c(112):       </TD>\n
Action.c(112):     </TR>\n
Action.c(112):     <TR bgcolor="#EFF2F7">\n
Action.c(112):       <TD COLSPAN="3">\n
Action.c(112):       <b>Flight Details:</b><BR/>  <center>\n
Action.c(112):       09/11/2021\n
Action.c(112):      :  5pm : Flight 352 leaves Los Angeles  for Portland.<br>  </center>\n
Action.c(112):       </TD>\n
Action.c(112):     </TR>\n
Action.c(112):     \n
Action.c(112):     <TR bgcolor="#EFF2F7">\n
Action.c(112):       <TD COLSPAN="4">\n
Action.c(112):       <hr/>\n
Action.c(112):       </TD>\n
Action.c(112):     </
Action.c(112): t=3995068ms: 8-byte chunked response overhead for "http://127.0.0.1:1080/cgi-bin/itinerary.pl" (RelFrameId=1, Internal ID=1341)
Action.c(112):     \r\n
Action.c(112):     1000\r\n
Action.c(112): t=3995068ms: 8-byte chunked response overhead for "http://127.0.0.1:1080/cgi-bin/itinerary.pl" (RelFrameId=1, Internal ID=1341)
Action.c(112):     \r\n
Action.c(112):     1000\r\n
Action.c(112): t=3995068ms: 8-byte chunked response overhead for "http://127.0.0.1:1080/cgi-bin/itinerary.pl" (RelFrameId=1, Internal ID=1341)
Action.c(112):     \r\n
Action.c(112):     1000\r\n
Action.c(112): t=3995068ms: 12263-byte chunked response body for "http://127.0.0.1:1080/cgi-bin/itinerary.pl" (RelFrameId=1, Internal ID=1341)
Action.c(112):     TR>\n
Action.c(112):     \n
Action.c(112):     <!-- Flight #1 -->\n
Action.c(112):     <TR bgcolor="#EFF2F7">\n
Action.c(112):       <TD width="5%" rowspan="2" align="left" valign="top">\n
Action.c(112):     <b>\n
Action.c(112):     <label><input type="checkbox" name="137" value="on" /></label></font></b>\n
Action.c(112):     <input type="hidden" name="flightID" value="180013012-1054023-DC"  />\n
Action.c(112):       </TD>\n
Action.c(112):       <TD width="45%" valign="top">\n
Action.c(112):           <b>&nbsp;&nbsp;7 First class tickets for :</b><br/>\n
Action.c(112):           <center><table border="0" width="85%"><tr><td>\n
Action.c(112):           <li><i>Han Solo      <li><i>Anakin Skywalker      <li><i>Admiral Piett      <li><i>L
Action.c(112):     uke Skywalker      <li><i>Jango Fett      <li><i>Jabba Hutt      <li><i>James Bond\n
Action.c(112):           <li><i></i>\n
Action.c(112):           </td></tr></table></center>\n
Action.c(112):       </TD>\n
Action.c(112):       <TD width="5%" >.<br/>.<br/>.<br/>.</TD>\n
Action.c(112):       <TD width="45%" valign=top><b>Invoice sent to:</b><br/>\n
Action.c(112):           <center>\n
Action.c(112):           <Table width="80%" cellspacing="0" > <tr> <td>\n
Action.c(112):               Droid C3-PO\n
Action.c(112):     <br/>\n
Action.c(112):               address3<br/>\n
Action.c(112):               address03<br/>\n
Action.c(112):               <br/>\n
Action.c(112):               Total Charge: $ 2310 <BR/> (CC: x-4860)\n
Action.c(112):           </td> </tr> </table>\n
Action.c(112):           </center>\n
Action.c(112):       </TD>\n
Action.c(112):     </TR>\n
Action.c(112):     <TR bgcolor="#EFF2F7">\n
Action.c(112):       <TD COLSPAN="3">\n
Action.c(112):       <b>Flight Details:</b><BR/>  <center>\n
Action.c(112):       09/11/2021\n
Action.c(112):      :  1pm : Flight 351 leaves Los Angeles  for Portland.<br>  </center>\n
Action.c(112):       </TD>\n
Action.c(112):     </TR>\n
Action.c(112):     \n
Action.c(112):     <TR bgcolor="#EFF2F7">\n
Action.c(112):       <TD COLSPAN="4">\n
Action.c(112):       <hr/>\n
Action.c(112):       </TD>\n
Action.c(112):     </TR>\n
Action.c(112):     \n
Action.c(112):     <!-- Flight #1 -->\n
Action.c(112):     <TR bgcolor="#EFF2F7">\n
Action.c(112):       <TD width="5%" rowspan="2" align="left" valign="top">\n
Action.c(112):     <b>\n
Action.c(112):     <label><input type="checkbox" name="138" value="on" /></label></font></b>\n
Action.c(112):     <input type="hidden" name="flightID" value="22272235-1061681-DC"  />\n
Action.c(112):       </TD>\n
Action.c(112):       <TD width="45%" valign="top">\n
Action.c(112):           <b>&nbsp;&nbsp;5 First class tickets for :</b><br/>\n
Action.c(112):           <center><table border="0" width="85%"><tr><td>\n
Action.c(112):           <li><i>Han Solo      <li><i>Anakin Skywalker      <li><i>Admiral Piett      <li><i>L
Action.c(112):     uke Skywalker      <li><i>Jango Fett\n
Action.c(112):           <li><i></i>\n
Action.c(112):           </td></tr></table></center>\n
Action.c(112):       </TD>\n
Action.c(112):       <TD width="5%" >.<br/>.<br/>.<br/>.</TD>\n
Action.c(112):       <TD width="45%" valign=top><b>Invoice sent to:</b><br/>\n
Action.c(112):           <center>\n
Action.c(112):           <Table width="80%" cellspacing="0" > <tr> <td>\n
Action.c(112):               Droid C3-PO\n
Action.c(112):     <br/>\n
Action.c(112):               address3<br/>\n
Action.c(112):               address03<br/>\n
Action.c(112):               <br/>\n
Action.c(112):               Total Charge: $ 1855 <BR/> (CC: x-0601)\n
Action.c(112):           </td> </tr> </table>\n
Action.c(112):           </center>\n
Action.c(112):       </TD>\n
Action.c(112):     </TR>\n
Action.c(112):     <TR bgcolor="#EFF2F7">\n
Action.c(112):       <TD COLSPAN="3">\n
Action.c(112):       <b>Flight Details:</b><BR/>  <center>\n
Action.c(112):       09/11/2021\n
Action.c(112):      :  8am : Flight 350 leaves Los Angeles  for Portland.<br>  </center>\n
Action.c(112):       </TD>\n
Action.c(112):     </TR>\n
Action.c(112):     \n
Action.c(112):     <TR bgcolor="#EFF2F7">\n
Action.c(112):       <TD COLSPAN="4">\n
Action.c(112):       <hr/>\n
Action.c(112):       </TD>\n
Action.c(112):     </TR>\n
Action.c(112):     \n
Action.c(112):     <!-- Flight #1 -->\n
Action.c(112):     <TR bgcolor="#EFF2F7">\n
Action.c(112):       <TD width="5%" rowspan="2" align="left" valign="top">\n
Action.c(112):     <b>\n
Action.c(112):     <label><input type="checkbox" name="139" value="on" /></label></font></b>\n
Action.c(112):     <input type="hidden" name="flightID" value="240198161-1069402-DC"  />\n
Action.c(112):       </TD>\n
Action.c(112):       <TD width="45%" valign="top">\n
Action.c(112):           <b>&nbsp;&nbsp;6 First class tickets for :</b><br/>\n
Action.c(112):           <center><table border="0" width="85%"><tr><td>\n
Action.c(112):           <li><i>Han Solo      <li><i>Anakin Skywalker      <li><i>Admiral Piett      <li><i>L
Action.c(112):     uke Skywalker      <li><i>Jango Fett      <li><i>Jabba Hutt\n
Action.c(112):           <li><i></i>\n
Action.c(112):           </td></tr></table></center>\n
Action.c(112):       </TD>\n
Action.c(112):       <TD width="5%" >.<br/>.<br/>.<br/>.</TD>\n
Action.c(112):       <TD width="45%" valign=top><b>Invoice sent to:</b><br/>\n
Action.c(112):           <center>\n
Action.c(112):           <Table width="80%" cellspacing="0" > <tr> <td>\n
Action.c(112):               Droid C3-PO\n
Action.c(112):     <br/>\n
Action.c(112):               address3<br/>\n
Action.c(112):               address03<br/>\n
Action.c(112):               <br/>\n
Action.c(112):               Total Charge: $ 2226 <BR/> (CC: x-6485)\n
Action.c(112):           </td> </tr> </table>\n
Action.c(112):           </center>\n
Action.c(112):       </TD>\n
Action.c(112):     </TR>\n
Action.c(112):     <TR bgcolor="#EFF2F7">\n
Action.c(112):       <TD COLSPAN="3">\n
Action.c(112):       <b>Flight Details:</b><BR/>  <center>\n
Action.c(112):       09/11/2021\n
Action.c(112):      :  8am : Flight 350 leaves Los Angeles  for Portland.<br>  </center>\n
Action.c(112):       </TD>\n
Action.c(112):     </TR>\n
Action.c(112):     \n
Action.c(112):     <TR bgcolor="#EFF2F7">\n
Action.c(112):       <TD COLSPAN="4">\n
Action.c(112):       <hr/>\n
Action.c(112):       </TD>\n
Action.c(112):     </TR>\n
Action.c(112):     \n
Action.c(112):     <!-- Flight #1 -->\n
Action.c(112):     <TR bgcolor="#EFF2F7">\n
Action.c(112):       <TD width="5%" rowspan="2" align="left" valign="top">\n
Action.c(112):     <b>\n
Action.c(112):     <label><input type="checkbox" name="140" value="on" /></label></font></b>\n
Action.c(112):     <input type="hidden" name="flightID" value="306198235-1077112-DC"  />\n
Action.c(112):       </TD>\n
Action.c(112):       <TD width="45%" valign="top">\n
Action.c(112):           <b>&nbsp;&nbsp;7 First class tickets for :</b><br/>\n
Action.c(112):           <center><table border="0" width="85%"><tr><td>\n
Action.c(112):           <li><i>Han Solo      <li><i>Anakin Skywalker      <li><i>Admiral Piett      <li><i>L
Action.c(112):     uke Skywalker      <li><i>Jango Fett      <li><i>Jabba Hutt      <li><i>James Bond\n
Action.c(112):           <li><i></i>\n
Action.c(112):           </td></tr></table></center>\n
Action.c(112):       </TD>\n
Action.c(112):       <TD width="5%" >.<br/>.<br/>.<br/>.</TD>\n
Action.c(112):       <TD width="45%" valign=top><b>Invoice sent to:</b><br/>\n
Action.c(112):           <center>\n
Action.c(112):           <Table width="80%" cellspacing="0" > <tr> <td>\n
Action.c(112):               Droid C3-PO\n
Action.c(112):     <br/>\n
Action.c(112):               address3<br/>\n
Action.c(112):               address03<br/>\n
Action.c(112):               <br/>\n
Action.c(112):               Total Charge: $ 2457 <BR/> (CC: x-8267)\n
Action.c(112):           </td> </tr> </table>\n
Action.c(112):           </center>\n
Action.c(112):       </TD>\n
Action.c(112):     </TR>\n
Action.c(112):     <TR bgcolor="#EFF2F7">\n
Action.c(112):       <TD COLSPAN="3">\n
Action.c(112):       <b>Flight Details:</b><BR/>  <center>\n
Action.c(112):       09/11/2021\n
Action.c(112):      :  5pm : Flight 352 leaves Los Angeles  for Portland.<br>  </center>\n
Action.c(112):       </TD>\n
Action.c(112):     </TR>\n
Action.c(112):     \n
Action.c(112):     <TR bgcolor="#EFF2F7">\n
Action.c(112):       <TD COLSPAN="4">\n
Action.c(112):       <hr/>\n
Action.c(112):       </TD>\n
Action.c(112):     </TR>\n
Action.c(112):     \n
Action.c(112):     <!-- Flight #1 -->\n
Action.c(112):     <TR bgcolor="#EFF2F7">\n
Action.c(112):       <TD width="5%" rowspan="2" align="left" valign="top">\n
Action.c(112):     <b>\n
Action.c(112):     <label><input type="checkbox" name="141" value="on" /></label></font></b>\n
Action.c(112):     <input type="hidden" name="flightID" value="65013012-1084742-DC"  />\n
Action.c(112):       </TD>\n
Action.c(112):       <TD width="45%" valign="top">\n
Action.c(112):           <b>&nbsp;&nbsp;5 First class tickets for :</b><br/>\n
Action.c(112):           <center><table border="0" width="85%"><tr><td>\n
Action.c(112):           <li><i>Han Solo      <li><i>Anakin Skywalker      <li><i>Admiral Piett      <li><i>L
Action.c(112):     uke Skywalker      <li><i>Jango Fett\n
Action.c(112):           <li><i></i>\n
Action.c(112):           </td></tr></table></center>\n
Action.c(112):       </TD>\n
Action.c(112):       <TD width="5%" >.<br/>.<br/>.<br/>.</TD>\n
Action.c(112):       <TD width="45%" valign=top><b>Invoice sent to:</b><br/>\n
Action.c(112):           <center>\n
Action.c(112):           <Table width="80%" cellspacing="0" > <tr> <td>\n
Action.c(112):               Droid C3-PO\n
Action.c(112):     <br/>\n
Action.c(112):               address3<br/>\n
Action.c(112):               address03<br/>\n
Action.c(112):               <br/>\n
Action.c(112):               Total Charge: $ 1650 <BR/> (CC: x-1755)\n
Action.c(112):           </td> </tr> </table>\n
Action.c(112):           </center>\n
Action.c(112):       </TD>\n
Action.c(112):     </TR>\n
Action.c(112):     <TR bgcolor="#EFF2F7">\n
Action.c(112):       <TD COLSPAN="3">\n
Action.c(112):       <b>Flight Details:</b><BR/>  <center>\n
Action.c(112):       09/11/2021\n
Action.c(112):      :  1pm : Flight 351 leaves Los Angeles  for Portland.<br>  </center>\n
Action.c(112):       </TD>\n
Action.c(112):     </TR>\n
Action.c(112):     \n
Action.c(112):     <TR bgcolor="#EFF2F7">\n
Action.c(112):       <TD COLSPAN="4">\n
Action.c(112):       <hr/>\n
Action.c(112):       </TD>\n
Action.c(112):     </TR>\n
Action.c(112):     \n
Action.c(112):     <!-- Flight #1 -->\n
Action.c(112):     <TR bgcolor="#EFF2F7">\n
Action.c(112):       <TD width="5%" rowspan="2" align="left" valign="top">\n
Action.c(112):     <b>\n
Action.c(112):     <label><input type="checkbox" name="142" value="on" /></label></font></b>\n
Action.c(112):     <input type="hidden" name="flightID" value="99272235-1092393-DC"  />\n
Action.c(112):       </TD>\n
Action.c(112):       <TD width="45%" valign="top">\n
Action.c(112):           <b>&nbsp;&nbsp;3 First class tickets for :</b><br/>\n
Action.c(112):           <center><table border="0" width="85%"><tr><td>\n
Action.c(112):           <li><i>Han Solo      <li><i>Anakin Skywalker      <li><i>Admiral Piett\n
Action.c(112):           <li><i></i>\n
Action.c(112):           </td></tr></table></center>\n
Action.c(112):       </TD>\n
Action.c(112):       <TD width="5%" >.<br/>.<br/>.<br/>.</TD>\n
Action.c(112):       <TD width="45%" valign=top><b>Invoice sent to:</b><br/>\n
Action.c(112):           <center>\n
Action.c(112):           <Table width="80%" cellspacing="0" > <tr> <td>\n
Action.c(112):               Droid C3-PO\n
Action.c(112):     <br/>\n
Action.c(112):               address3<br/>\n
Action.c(112):               address03<br/>\n
Action.c(112):               <br/>\n
Action.c(112):               Total Charge: $ 1113 <BR/> (CC: x-2680)\n
Action.c(112):           </td> </tr> </table>\n
Action.c(112):           </center>\n
Action.c(112):       </TD>\n
Action.c(112):     </TR>\n
Action.c(112):     <TR bgcolor="#EFF2F7">\n
Action.c(112):       <TD COLSPAN="3">\n
Action.c(112):       <b>Flight Details:</b><BR/>  <center>\n
Action.c(112):       09/11/2021\n
Action.c(112):      :  8am : Flight 350 leaves Los Angeles  for Portland.<br>  </center>\n
Action.c(112):       </TD>\n
Action.c(112):     </TR>\n
Action.c(112):     \n
Action.c(112):     <TR bgcolor="#EFF2F7">\n
Action.c(112):       <TD COLSPAN="4">\n
Action.c(112):       <hr/>\n
Action.c(112):       </TD>\n
Action.c(112):     </TR>\n
Action.c(112):     \n
Action.c(112):     <!-- Flight #1 -->\n
Action.c(112):     <TR bgcolor="#EFF2F7">\n
Action.c(112):       <TD width="5%" rowspan="2" align="left" valign="top">\n
Action.c(112):     <b>\n
Action.c(112):     <label><input type="checkbox" name="143" value="on" /></label></font></b>\n
Action.c(112):     <input type="hidden" name="flightID" value="281494531-1100189-DC"  />\n
Action.c(112):       </TD>\n
Action.c(112):       <TD width="45%" valign="top">\n
Action.c(112):           <b>&nbsp;&nbsp;7 First class tickets for :</b><br/>\n
Action.c(112):           <center><table border="0" width="85%"><tr><td>\n
Action.c(112):           <li><i>Han Solo      <li><i>Anakin Skywalker      <li><i>Admiral Piett      <li><i>L
Action.c(112):     uke Skywalker      <li><i>Jango Fett      <li><i>Jabba Hutt      <li><i>James Bond\n
Action.c(112):           <li><i></i>\n
Action.c(112):           </td></tr></table></center>\n
Action.c(112):       </TD>\n
Action.c(112):       <TD width="5%" >.<br/>.<br/>.<br/>.</TD>\n
Action.c(112):       <TD width="45%" valign=top><b>Invoice sent to:</b><br/>\n
Action.c(112):           <center>\n
Action.c(112):           <Table width="80%" cellspacing="0" > <tr> <td>\n
Action.c(112):               Droid C3-PO\n
Action.c(112):     <br/>\n
Action.c(112):               address3<br/>\n
Action.c(112):               address03<br/>\n
Action.c(112):               <br/>\n
Action.c(112):               Total Charge: $ 2457 <BR/> (CC: x-7600)\n
Action.c(112):           </td> </tr> </table>\n
Action.c(112):           </center>\n
Action.c(112):       </TD>\n
Action.c(112):     </TR>\n
Action.c(112):     <TR bgcolor="#EFF2F7">\n
Action.c(112):       <TD COLSPAN="3">\n
Action.c(112):       <b>Flight Details:</b><BR/>  <center>\n
Action.c(112):       09/11/2021\n
Action.c(112):      :  5pm : Flight 352 leaves Los Angeles  for Portland.<br>  </center>\n
Action.c(112):       </TD>\n
Action.c(112):     </TR>\n
Action.c(112):     \n
Action.c(112):     <TR bgcolor="#EFF2F7">\n
Action.c(112):       <TD COLSPAN="4">\n
Action.c(112):       <hr/>\n
Action.c(112):       </TD>\n
Action.c(112):     </TR>\n
Action.c(112):     \n
Action.c(112):     <!-- Flight #1 -->\n
Action.c(112):     <TR bgcolor="#EFF2F7">\n
Action.c(112):       <TD width="5%" rowspan="2" align="left" valign="top">\n
Action.c(112):     <b>\n
Action.c(112):     <label><input type="checkbox" name="144" value="on" /></label></font></b>\n
Action.c(112):     <input type="hidden" name="flightID" value="170050013-1107835-DC"  />\n
Action.c(112):       </TD>\n
Action.c(112):       <TD width="45%" valign="top">\n
Action.c(112):           <b>&nbsp;&nbsp;5 First class tickets for :</b><br/>\n
Action.c(112):           <center><table border="0" width="85%"><tr><td>\n
Action.c(112):           <li><i>Han Solo      <li><i>Anakin Skywalker      <li><i>Admiral Piett      <li><i>L
Action.c(112):     uke Skywalker      <li><i>Jango Fett\n
Action.c(112):           <li><i></i>\n
Action.c(112):           </td></tr></table></center>\n
Action.c(112):       </TD>\n
Action.c(112):       <TD width="5%" >.<br/>.<br/>.<br/>.</TD>\n
Action.c(112):       <TD width="45%" valign=top><b>Invoice sent to:</b><br/>\n
Action.c(112):           <center>\n
Action.c(112):           <Table width="80%" cellspacing="0" > <tr> <td>\n
Action.c(112):               Droid C3-PO\n
Action.c(112):     <br/>\n
Action.c(112):               address3<br/>\n
Action.c(112):               address03<br/>\n
Action.c(112):               <br/>\n
Action.c(112):               Total Charge: $ 1855 <BR/> (CC: x-4591)\n
Action.c(112):           </td> </tr> </table>\n
Action.c(112):           </center>\n
Action.c(112):       </TD>\n
Action.c(112):     </TR>\n
Action.c(112):     <TR bgcolor="#EFF2F7">\n
Action.c(112):       <TD COLSPAN="3">\n
Action.c(112):       <b>Flight Details:</b><BR/>  <center>\n
Action.c(112):       09/11/2021\n
Action.c(112):      :  8am : Flight 350 leaves Los Angeles  for Portland.<br>  </center>\n
Action.c(112):       </TD>\n
Action.c(112):     </TR>\n
Action.c(112):     \n
Action.c(112):     <TR bgcolor="#EFF2F7">\n
Action.c(112):       <TD COLSPAN="4">\n
Action.c(112):       <hr/>\n
Action.c(112):       </TD>\n
Action.c(112):     </TR>\n
Action.c(112):     \n
Action.c(112):     <!-- Flight #1 -->\n
Action.c(112):     <TR bgcolor="#EFF2F7">\n
Action.c(112):       <TD width="5%" rowspan="2" align="left" valign="top">\n
Action.c(112):     <b>\n
Action.c(112):     <label><input type="checkbox" name="145" value="on" /></label></font></b>\n
Action.c(112):     <input type="hidden" name="flightID" value="272976013-1115465-DC"  />\n
Action.c(112):       </TD>\n
Action.c(112):       <TD width="45%" valign="top">\n
Action.c(112):           <b>&nbsp;&nbsp;3 First class tickets for :</b><br/>\n
Action.c(112):           <center><table border="0" width="85%"><tr><td>\n
Action.c(112):           <li><i>Han Solo      <li><i>Anakin Skywalker      <li><i>Admiral Piett\n
Action.c(112):           <li><i></i>\n
Action.c(112):           </td></tr></table></center>\n
Action.c(112):       </TD>\n
Action.c(112):       <TD width="5%" >.<br/>.<br/>.<br/>.</TD>\n
Action.c(112):       <TD width="45%" valign=top><b>Invoice sent to:</b><br/>\n
Action.c(112):           <center>\n
Action.c(112):           <Table width="80%" cellspacing="0" > <tr> <td>\n
Action.c(112):               Droid C3-PO\n
Action.c(112):     <br/>\n
Action.c(112):               address3<br/>\n
Action.c(112):               address03<br/>\n
Action.c(112):               <br/>\n
Action.c(112):               Total Charge: $ 1053 <BR/> (CC: x-7370)\n
Action.c(112):           </td> </tr> </table>\n
Action.c(112):           </center>\n
Action.c(112):       </TD>\n
Action.c(112):     </TR>\n
Action.c(112):     <TR bgcolor="#EFF2F7">\n
Action.c(112):       <TD COLSPAN="3">\n
Action.c(112):       <b>Flight Details:</b><BR/>  <center>\n
Action.c(112):       09/11/2021\n
Action.c(112):      :  5pm : Flight 352 leaves Los Angeles  for Portland.<br>  </center>\n
Action.c(112):       </TD>\n
Action.c(112):     </TR>\n
Action.c(112):     \n
Action.c(112):     <TR bgcolor="#EFF2F7">\n
Action.c(112):       <TD COLSPAN="4">\n
Action.c(112):       <hr/>\n
Action.c(112):       </TD>\n
Action.c(112):     </TR>\n
Action.c(112):     \n
Action.c(112):     <!-- Flight #1 -->\n
Action.c(112):     <TR bgcolor="#EFF2F7">\n
Action.c(112):       <TD width="5%" rowspan="2" align="left" valign="top">\n
Action.c(112):     <b>\n
Action.c(112):     <label><input type="checkbox" name="146" value="on" /></label></font></b>\n
Action.c(112):     <input type="hidden" name="flightID" value="310198235-1123265-DC"  />\n
Action.c(112):       </TD>\n
Action.c(112):       <TD width="45%" valign="top">\n
Action.c(112):           <b>&nbsp;&nbsp;7 First class tickets for :</b><br/>\n
Action.c(112):           <center><table border="0" width="85%"><tr><td>\n
Action.c(112):           <li><i>Han Solo      <li><i>Anakin Skywalker      <li><i>Admiral Piett      <li><i>L
Action.c(112):     uke Skywalker      <li><i>Jango Fett      <li><i>Jabba Hutt      <li><i>James Bond\n
Action.c(112):           <li><i></i>\n
Action.c(112):           </td></tr></table></center>\n
Action.c(112):       </TD>\n
Action.c(112):       <TD width="5%" >.<br/>.<br/>.<br/>.</TD>\n
Action.c(112):       <TD width="45%" valign=top><b>Invoice sent to:</b><br/>\n
Action.c(112):           <center>\n
Action.c(112):           <Table width="80%" cellspacing="0" > <tr> <td>\n
Action.c(112):               Droid C3-PO\n
Action.c(112):     <br/>\n
Action.c(112):               address3<br/>\n
Action.c(112):               address03<br/>\n
Action.c(112):               <br/>\n
Action.c(112):               Total Charge: $ 2457 <BR/> (CC: x-8375)\n
Action.c(112):           </td> </tr> </table>\n
Action.c(112):           </center>\n
Action.c(112):       </TD>\n
Action.c(112):     </TR>\n
Action.c(112):     <TR bgcolor="#EFF2F7">\n
Action.c(112):       <TD COLSPAN="3">\n
Action.c(112):       <b>Flight Details:</b><BR/>  <center>\n
Action.c(112):       09/11/2021\n
Action.c(112):      :  5pm : Flight 352 leaves Los Angeles  for Portland.<br>  </center>\n
Action.c(112):       </TD>\n
Action.c(112):     </TR>\n
Action.c(112):     \n
Action.c(112):     <TR bgcolor="#EFF2F7">\n
Action.c(112):       <TD COLSPAN="4">\n
Action.c(112):       <hr/>\n
Action.c(112):       </TD>\n
Action.c(112):     </TR>\n
Action.c(112):     \n
Action.c(112):     <!-- Flight #1 -->\n
Action.c(112):     <TR bgcolor="#EFF2F7">\n
Action.c(112):       <TD width="5%" rowspan="2" align="left" valign="top">\n
Action.c(112):     <b>\n
Action.c(112):     <label><input type="checkbox" name="147" value="on" /></label></font></b
Action.c(112): t=3995075ms: 8-byte chunked response overhead for "http://127.0.0.1:1080/cgi-bin/itinerary.pl" (RelFrameId=1, Internal ID=1341)
Action.c(112):     \r\n
Action.c(112):     1000\r\n
Action.c(112): t=3995075ms: 8-byte chunked response overhead for "http://127.0.0.1:1080/cgi-bin/itinerary.pl" (RelFrameId=1, Internal ID=1341)
Action.c(112):     \r\n
Action.c(112):     1000\r\n
Action.c(112): t=3995075ms: 8-byte chunked response overhead for "http://127.0.0.1:1080/cgi-bin/itinerary.pl" (RelFrameId=1, Internal ID=1341)
Action.c(112):     \r\n
Action.c(112):     1000\r\n
Action.c(112): t=3995075ms: 12263-byte chunked response body for "http://127.0.0.1:1080/cgi-bin/itinerary.pl" (RelFrameId=1, Internal ID=1341)
Action.c(112):     >\n
Action.c(112):     <input type="hidden" name="flightID" value="178827791-1130911-DC"  />\n
Action.c(112):       </TD>\n
Action.c(112):       <TD width="45%" valign="top">\n
Action.c(112):           <b>&nbsp;&nbsp;5 First class tickets for :</b><br/>\n
Action.c(112):           <center><table border="0" width="85%"><tr><td>\n
Action.c(112):           <li><i>Han Solo      <li><i>Anakin Skywalker      <li><i>Admiral Piett      <li><i>L
Action.c(112):     uke Skywalker      <li><i>Jango Fett\n
Action.c(112):           <li><i></i>\n
Action.c(112):           </td></tr></table></center>\n
Action.c(112):       </TD>\n
Action.c(112):       <TD width="5%" >.<br/>.<br/>.<br/>.</TD>\n
Action.c(112):       <TD width="45%" valign=top><b>Invoice sent to:</b><br/>\n
Action.c(112):           <center>\n
Action.c(112):           <Table width="80%" cellspacing="0" > <tr> <td>\n
Action.c(112):               Droid C3-PO\n
Action.c(112):     <br/>\n
Action.c(112):               address3<br/>\n
Action.c(112):               address03<br/>\n
Action.c(112):               <br/>\n
Action.c(112):               Total Charge: $ 1855 <BR/> (CC: x-4828)\n
Action.c(112):           </td> </tr> </table>\n
Action.c(112):           </center>\n
Action.c(112):       </TD>\n
Action.c(112):     </TR>\n
Action.c(112):     <TR bgcolor="#EFF2F7">\n
Action.c(112):       <TD COLSPAN="3">\n
Action.c(112):       <b>Flight Details:</b><BR/>  <center>\n
Action.c(112):       09/11/2021\n
Action.c(112):      :  8am : Flight 350 leaves Los Angeles  for Portland.<br>  </center>\n
Action.c(112):       </TD>\n
Action.c(112):     </TR>\n
Action.c(112):     \n
Action.c(112):     <TR bgcolor="#EFF2F7">\n
Action.c(112):       <TD COLSPAN="4">\n
Action.c(112):       <hr/>\n
Action.c(112):       </TD>\n
Action.c(112):     </TR>\n
Action.c(112):     \n
Action.c(112):     <!-- Flight #1 -->\n
Action.c(112):     <TR bgcolor="#EFF2F7">\n
Action.c(112):       <TD width="5%" rowspan="2" align="left" valign="top">\n
Action.c(112):     <b>\n
Action.c(112):     <label><input type="checkbox" name="148" value="on" /></label></font></b>\n
Action.c(112):     <input type="hidden" name="flightID" value="317679716-1138542-DC"  />\n
Action.c(112):       </TD>\n
Action.c(112):       <TD width="45%" valign="top">\n
Action.c(112):           <b>&nbsp;&nbsp;3 First class tickets for :</b><br/>\n
Action.c(112):           <center><table border="0" width="85%"><tr><td>\n
Action.c(112):           <li><i>Han Solo      <li><i>Anakin Skywalker      <li><i>Admiral Piett\n
Action.c(112):           <li><i></i>\n
Action.c(112):           </td></tr></table></center>\n
Action.c(112):       </TD>\n
Action.c(112):       <TD width="5%" >.<br/>.<br/>.<br/>.</TD>\n
Action.c(112):       <TD width="45%" valign=top><b>Invoice sent to:</b><br/>\n
Action.c(112):           <center>\n
Action.c(112):           <Table width="80%" cellspacing="0" > <tr> <td>\n
Action.c(112):               Droid C3-PO\n
Action.c(112):     <br/>\n
Action.c(112):               address3<br/>\n
Action.c(112):               address03<br/>\n
Action.c(112):               <br/>\n
Action.c(112):               Total Charge: $ 1053 <BR/> (CC: x-8577)\n
Action.c(112):           </td> </tr> </table>\n
Action.c(112):           </center>\n
Action.c(112):       </TD>\n
Action.c(112):     </TR>\n
Action.c(112):     <TR bgcolor="#EFF2F7">\n
Action.c(112):       <TD COLSPAN="3">\n
Action.c(112):       <b>Flight Details:</b><BR/>  <center>\n
Action.c(112):       09/11/2021\n
Action.c(112):      :  5pm : Flight 352 leaves Los Angeles  for Portland.<br>  </center>\n
Action.c(112):       </TD>\n
Action.c(112):     </TR>\n
Action.c(112):     \n
Action.c(112):     <TR bgcolor="#EFF2F7">\n
Action.c(112):       <TD COLSPAN="4">\n
Action.c(112):       <hr/>\n
Action.c(112):       </TD>\n
Action.c(112):     </TR>\n
Action.c(112):     \n
Action.c(112):     <!-- Flight #1 -->\n
Action.c(112):     <TR bgcolor="#EFF2F7">\n
Action.c(112):       <TD width="5%" rowspan="2" align="left" valign="top">\n
Action.c(112):     <b>\n
Action.c(112):     <label><input type="checkbox" name="149" value="on" /></label></font></b>\n
Action.c(112):     <input type="hidden" name="flightID" value="74420419-114691-DC"  />\n
Action.c(112):       </TD>\n
Action.c(112):       <TD width="45%" valign="top">\n
Action.c(112):           <b>&nbsp;&nbsp;3 First class tickets for :</b><br/>\n
Action.c(112):           <center><table border="0" width="85%"><tr><td>\n
Action.c(112):           <li><i>Han Solo      <li><i>Anakin Skywalker      <li><i>Admiral Piett\n
Action.c(112):           <li><i></i>\n
Action.c(112):           </td></tr></table></center>\n
Action.c(112):       </TD>\n
Action.c(112):       <TD width="5%" >.<br/>.<br/>.<br/>.</TD>\n
Action.c(112):       <TD width="45%" valign=top><b>Invoice sent to:</b><br/>\n
Action.c(112):           <center>\n
Action.c(112):           <Table width="80%" cellspacing="0" > <tr> <td>\n
Action.c(112):               Droid C3-PO\n
Action.c(112):     <br/>\n
Action.c(112):               address3<br/>\n
Action.c(112):               address03<br/>\n
Action.c(112):               <br/>\n
Action.c(112):               Total Charge: $ 990 <BR/> (CC: x-2009)\n
Action.c(112):           </td> </tr> </table>\n
Action.c(112):           </center>\n
Action.c(112):       </TD>\n
Action.c(112):     </TR>\n
Action.c(112):     <TR bgcolor="#EFF2F7">\n
Action.c(112):       <TD COLSPAN="3">\n
Action.c(112):       <b>Flight Details:</b><BR/>  <center>\n
Action.c(112):       09/11/2021\n
Action.c(112):      :  1pm : Flight 351 leaves Los Angeles  for Portland.<br>  </center>\n
Action.c(112):       </TD>\n
Action.c(112):     </TR>\n
Action.c(112):     \n
Action.c(112):     <TR bgcolor="#EFF2F7">\n
Action.c(112):       <TD COLSPAN="4">\n
Action.c(112):       <hr/>\n
Action.c(112):       </TD>\n
Action.c(112):     </TR>\n
Action.c(112):     \n
Action.c(112):     <!-- Flight #1 -->\n
Action.c(112):     <TR bgcolor="#EFF2F7">\n
Action.c(112):       <TD width="5%" rowspan="2" align="left" valign="top">\n
Action.c(112):     <b>\n
Action.c(112):     <label><input type="checkbox" name="150" value="on" /></label></font></b>\n
Action.c(112):     <input type="hidden" name="flightID" value="168790754-1153931-DC"  />\n
Action.c(112):       </TD>\n
Action.c(112):       <TD width="45%" valign="top">\n
Action.c(112):           <b>&nbsp;&nbsp;3 First class tickets for :</b><br/>\n
Action.c(112):           <center><table border="0" width="85%"><tr><td>\n
Action.c(112):           <li><i>Han Solo      <li><i>Anakin Skywalker      <li><i>Admiral Piett\n
Action.c(112):           <li><i></i>\n
Action.c(112):           </td></tr></table></center>\n
Action.c(112):       </TD>\n
Action.c(112):       <TD width="5%" >.<br/>.<br/>.<br/>.</TD>\n
Action.c(112):       <TD width="45%" valign=top><b>Invoice sent to:</b><br/>\n
Action.c(112):           <center>\n
Action.c(112):           <Table width="80%" cellspacing="0" > <tr> <td>\n
Action.c(112):               Droid C3-PO\n
Action.c(112):     <br/>\n
Action.c(112):               address3<br/>\n
Action.c(112):               address03<br/>\n
Action.c(112):               <br/>\n
Action.c(112):               Total Charge: $ 1113 <BR/> (CC: x-4557)\n
Action.c(112):           </td> </tr> </table>\n
Action.c(112):           </center>\n
Action.c(112):       </TD>\n
Action.c(112):     </TR>\n
Action.c(112):     <TR bgcolor="#EFF2F7">\n
Action.c(112):       <TD COLSPAN="3">\n
Action.c(112):       <b>Flight Details:</b><BR/>  <center>\n
Action.c(112):       09/11/2021\n
Action.c(112):      :  8am : Flight 350 leaves Los Angeles  for Portland.<br>  </center>\n
Action.c(112):       </TD>\n
Action.c(112):     </TR>\n
Action.c(112):     \n
Action.c(112):     <TR bgcolor="#EFF2F7">\n
Action.c(112):       <TD COLSPAN="4">\n
Action.c(112):       <hr/>\n
Action.c(112):       </TD>\n
Action.c(112):     </TR>\n
Action.c(112):     \n
Action.c(112):     <!-- Flight #1 -->\n
Action.c(112):     <TR bgcolor="#EFF2F7">\n
Action.c(112):       <TD width="5%" rowspan="2" align="left" valign="top">\n
Action.c(112):     <b>\n
Action.c(112):     <label><input type="checkbox" name="151" value="on" /></label></font></b>\n
Action.c(112):     <input type="hidden" name="flightID" value="30790863-1161631-DC"  />\n
Action.c(112):       </TD>\n
Action.c(112):       <TD width="45%" valign="top">\n
Action.c(112):           <b>&nbsp;&nbsp;4 First class tickets for :</b><br/>\n
Action.c(112):           <center><table border="0" width="85%"><tr><td>\n
Action.c(112):           <li><i>Han Solo      <li><i>Anakin Skywalker      <li><i>Admiral Piett      <li><i>L
Action.c(112):     uke Skywalker\n
Action.c(112):           <li><i></i>\n
Action.c(112):           </td></tr></table></center>\n
Action.c(112):       </TD>\n
Action.c(112):       <TD width="5%" >.<br/>.<br/>.<br/>.</TD>\n
Action.c(112):       <TD width="45%" valign=top><b>Invoice sent to:</b><br/>\n
Action.c(112):           <center>\n
Action.c(112):           <Table width="80%" cellspacing="0" > <tr> <td>\n
Action.c(112):               Droid C3-PO\n
Action.c(112):     <br/>\n
Action.c(112):               address3<br/>\n
Action.c(112):               address03<br/>\n
Action.c(112):               <br/>\n
Action.c(112):               Total Charge: $ 1212 <BR/> (CC: x-0831)\n
Action.c(112):           </td> </tr> </table>\n
Action.c(112):           </center>\n
Action.c(112):       </TD>\n
Action.c(112):     </TR>\n
Action.c(112):     <TR bgcolor="#EFF2F7">\n
Action.c(112):       <TD COLSPAN="3">\n
Action.c(112):       <b>Flight Details:</b><BR/>  <center>\n
Action.c(112):       09/11/2021\n
Action.c(112):      :  11pm : Flight 353 leaves Los Angeles  for Portland.<br>  </center>\n
Action.c(112):       </TD>\n
Action.c(112):     </TR>\n
Action.c(112):     \n
Action.c(112):     <TR bgcolor="#EFF2F7">\n
Action.c(112):       <TD COLSPAN="4">\n
Action.c(112):       <hr/>\n
Action.c(112):       </TD>\n
Action.c(112):     </TR>\n
Action.c(112):     \n
Action.c(112):     <!-- Flight #1 -->\n
Action.c(112):     <TR bgcolor="#EFF2F7">\n
Action.c(112):       <TD width="5%" rowspan="2" align="left" valign="top">\n
Action.c(112):     <b>\n
Action.c(112):     <label><input type="checkbox" name="152" value="on" /></label></font></b>\n
Action.c(112):     <input type="hidden" name="flightID" value="81013050-1169311-DC"  />\n
Action.c(112):       </TD>\n
Action.c(112):       <TD width="45%" valign="top">\n
Action.c(112):           <b>&nbsp;&nbsp;3 First class tickets for :</b><br/>\n
Action.c(112):           <center><table border="0" width="85%"><tr><td>\n
Action.c(112):           <li><i>Han Solo      <li><i>Anakin Skywalker      <li><i>Admiral Piett\n
Action.c(112):           <li><i></i>\n
Action.c(112):           </td></tr></table></center>\n
Action.c(112):       </TD>\n
Action.c(112):       <TD width="5%" >.<br/>.<br/>.<br/>.</TD>\n
Action.c(112):       <TD width="45%" valign=top><b>Invoice sent to:</b><br/>\n
Action.c(112):           <center>\n
Action.c(112):           <Table width="80%" cellspacing="0" > <tr> <td>\n
Action.c(112):               Droid C3-PO\n
Action.c(112):     <br/>\n
Action.c(112):               address3<br/>\n
Action.c(112):               address03<br/>\n
Action.c(112):               <br/>\n
Action.c(112):               Total Charge: $ 1053 <BR/> (CC: x-2187)\n
Action.c(112):           </td> </tr> </table>\n
Action.c(112):           </center>\n
Action.c(112):       </TD>\n
Action.c(112):     </TR>\n
Action.c(112):     <TR bgcolor="#EFF2F7">\n
Action.c(112):       <TD COLSPAN="3">\n
Action.c(112):       <b>Flight Details:</b><BR/>  <center>\n
Action.c(112):       09/11/2021\n
Action.c(112):      :  5pm : Flight 352 leaves Los Angeles  for Portland.<br>  </center>\n
Action.c(112):       </TD>\n
Action.c(112):     </TR>\n
Action.c(112):     \n
Action.c(112):     <TR bgcolor="#EFF2F7">\n
Action.c(112):       <TD COLSPAN="4">\n
Action.c(112):       <hr/>\n
Action.c(112):       </TD>\n
Action.c(112):     </TR>\n
Action.c(112):     \n
Action.c(112):     <!-- Flight #1 -->\n
Action.c(112):     <TR bgcolor="#EFF2F7">\n
Action.c(112):       <TD width="5%" rowspan="2" align="left" valign="top">\n
Action.c(112):     <b>\n
Action.c(112):     <label><input type="checkbox" name="153" value="on" /></label></font></b>\n
Action.c(112):     <input type="hidden" name="flightID" value="208827827-1177050-DC"  />\n
Action.c(112):       </TD>\n
Action.c(112):       <TD width="45%" valign="top">\n
Action.c(112):           <b>&nbsp;&nbsp;5 First class tickets for :</b><br/>\n
Action.c(112):           <center><table border="0" width="85%"><tr><td>\n
Action.c(112):           <li><i>Han Solo      <li><i>Anakin Skywalker      <li><i>Admiral Piett      <li><i>L
Action.c(112):     uke Skywalker      <li><i>Jango Fett\n
Action.c(112):           <li><i></i>\n
Action.c(112):           </td></tr></table></center>\n
Action.c(112):       </TD>\n
Action.c(112):       <TD width="5%" >.<br/>.<br/>.<br/>.</TD>\n
Action.c(112):       <TD width="45%" valign=top><b>Invoice sent to:</b><br/>\n
Action.c(112):           <center>\n
Action.c(112):           <Table width="80%" cellspacing="0" > <tr> <td>\n
Action.c(112):               Droid C3-PO\n
Action.c(112):     <br/>\n
Action.c(112):               address3<br/>\n
Action.c(112):               address03<br/>\n
Action.c(112):               <br/>\n
Action.c(112):               Total Charge: $ 1650 <BR/> (CC: x-5638)\n
Action.c(112):           </td> </tr> </table>\n
Action.c(112):           </center>\n
Action.c(112):       </TD>\n
Action.c(112):     </TR>\n
Action.c(112):     <TR bgcolor="#EFF2F7">\n
Action.c(112):       <TD COLSPAN="3">\n
Action.c(112):       <b>Flight Details:</b><BR/>  <center>\n
Action.c(112):       09/11/2021\n
Action.c(112):      :  1pm : Flight 351 leaves Los Angeles  for Portland.<br>  </center>\n
Action.c(112):       </TD>\n
Action.c(112):     </TR>\n
Action.c(112):     \n
Action.c(112):     <TR bgcolor="#EFF2F7">\n
Action.c(112):       <TD COLSPAN="4">\n
Action.c(112):       <hr/>\n
Action.c(112):       </TD>\n
Action.c(112):     </TR>\n
Action.c(112):     \n
Action.c(112):     <!-- Flight #1 -->\n
Action.c(112):     <TR bgcolor="#EFF2F7">\n
Action.c(112):       <TD width="5%" rowspan="2" align="left" valign="top">\n
Action.c(112):     <b>\n
Action.c(112):     <label><input type="checkbox" name="154" value="on" /></label></font></b>\n
Action.c(112):     <input type="hidden" name="flightID" value="213827791-1184815-DC"  />\n
Action.c(112):       </TD>\n
Action.c(112):       <TD width="45%" valign="top">\n
Action.c(112):           <b>&nbsp;&nbsp;7 First class tickets for :</b><br/>\n
Action.c(112):           <center><table border="0" width="85%"><tr><td>\n
Action.c(112):           <li><i>Han Solo      <li><i>Anakin Skywalker      <li><i>Admiral Piett      <li><i>L
Action.c(112):     uke Skywalker      <li><i>Jango Fett      <li><i>Jabba Hutt      <li><i>James Bond\n
Action.c(112):           <li><i></i>\n
Action.c(112):           </td></tr></table></center>\n
Action.c(112):       </TD>\n
Action.c(112):       <TD width="5%" >.<br/>.<br/>.<br/>.</TD>\n
Action.c(112):       <TD width="45%" valign=top><b>Invoice sent to:</b><br/>\n
Action.c(112):           <center>\n
Action.c(112):           <Table width="80%" cellspacing="0" > <tr> <td>\n
Action.c(112):               Droid C3-PO\n
Action.c(112):     <br/>\n
Action.c(112):               address3<br/>\n
Action.c(112):               address03<br/>\n
Action.c(112):               <br/>\n
Action.c(112):               Total Charge: $ 2597 <BR/> (CC: x-5773)\n
Action.c(112):           </td> </tr> </table>\n
Action.c(112):           </center>\n
Action.c(112):       </TD>\n
Action.c(112):     </TR>\n
Action.c(112):     <TR bgcolor="#EFF2F7">\n
Action.c(112):       <TD COLSPAN="3">\n
Action.c(112):       <b>Flight Details:</b><BR/>  <center>\n
Action.c(112):       09/11/2021\n
Action.c(112):      :  8am : Flight 350 leaves Los Angeles  for Portland.<br>  </center>\n
Action.c(112):       </TD>\n
Action.c(112):     </TR>\n
Action.c(112):     \n
Action.c(112):     <TR bgcolor="#EFF2F7">\n
Action.c(112):       <TD COLSPAN="4">\n
Action.c(112):       <hr/>\n
Action.c(112):       </TD>\n
Action.c(112):     </TR>\n
Action.c(112):     \n
Action.c(112):     <!-- Flight #1 -->\n
Action.c(112):     <TR bgcolor="#EFF2F7">\n
Action.c(112):       <TD width="5%" rowspan="2" align="left" valign="top">\n
Action.c(112):     <b>\n
Action.c(112):     <label><input type="checkbox" name="155" value="on" /></label></font></b>\n
Action.c(112):     <input type="hidden" name="flightID" value="319309346-1192442-DC"  />\n
Action.c(112):       </TD>\n
Action.c(112):       <TD width="45%" valign="top">\n
Action.c(112):           <b>&nbsp;&nbsp;5 First class tickets for :</b><br/>\n
Action.c(112):           <center><table border="0" width="85%"><tr><td>\n
Action.c(112):           <li><i>Han Solo      <li><i>Anakin Skywalker      <li><i>Admiral Piett      <li><i>L
Action.c(112):     uke Skywalker      <li><i>Jango Fett\n
Action.c(112):           <li><i></i>\n
Action.c(112):           </td></tr></table></center>\n
Action.c(112):       </TD>\n
Action.c(112):       <TD width="5%" >.<br/>.<br/>.<br/>.</TD>\n
Action.c(112):       <TD width="45%" valign=top><b>Invoice sent to:</b><br/>\n
Action.c(112):           <center>\n
Action.c(112):           <Table width="80%" cellspacing="0" > <tr> <td>\n
Action.c(112):               Droid C3-PO\n
Action.c(112):     <br/>\n
Action.c(112):               address3<br/>\n
Action.c(112):               address03<br/>\n
Action.c(112):               <br/>\n
Action.c(112):               Total Charge: $ 1755 <BR/> (CC: x-8621)\n
Action.c(112):           </td> </tr> </table>\n
Action.c(112):           </center>\n
Action.c(112):       </TD>\n
Action.c(112):     </TR>\n
Action.c(112):     <TR bgcolor="#EFF2F7">\n
Action.c(112):       <TD COLSPAN="3">\n
Action.c(112):       <b>Flight Details:</b><BR/>  <center>\n
Action.c(112):       09/11/2021\n
Action.c(112):      :  5pm : Flight 352 leaves Los Angeles  for Portland.<br>  </center>\n
Action.c(112):       </TD>\n
Action.c(112):     </TR>\n
Action.c(112):     \n
Action.c(112):     <TR bgcolor="#EFF2F7">\n
Action.c(112):       <TD COLSPAN="4">\n
Action.c(112):       <hr/>\n
Action.c(112):       </TD>\n
Action.c(112):     </TR>\n
Action.c(112):     \n
Action.c(112):     <!-- Flight #1 -->\n
Action.c(112):     <TR bgcolor="#EFF2F7">\n
Action.c(112):       <TD width="5%" rowspan="2" align="left" valign="top">\n
Action.c(112):     <b>\n
Action.c(112):     <label><input type="checkbox" name="156" value="on" /></label></font></b>\n
Action.c(112):     <input type="hidden" name="flightID" value="279161124-1200085-DC"  />\n
Action.c(112):       </TD>\n
Action.c(112):       <TD width="45%" valign="top">\n
Action.c(112):           <b>&nbsp;&nbsp;3 First class tickets for :</b><br/>\n
Action.c(112):           <center><table border="0" width="85%"><tr><td>\n
Action.c(112):           <li><i>Han Solo      <li><i>Anakin Skywalker      <li><i>Admiral Piett\n
Action.c(112):           <li><i></i>\n
Action.c(112):           </td></tr></table></center>\n
Action.c(112):       </TD>\n
Action.c(112):       <TD width="5%" >.<br/>.<br/>.<br/>.</TD>\n
Action.c(112):       <TD width="45%" valign=top><b>Invoice sent to:</b><br/>\n
Action.c(112):           <center>\n
Action.c(112):           <Table width="80%" cellspacing="0" > <tr> <td>\n
Action.c(112):               Droid C3-PO\n
Action.c(112):     <br/>\n
Action.c(112):               address3<br/>\n
Action.c(112):               address03<br/>\n
Action.c(112):               <br/>\n
Action.c(112):               Total Charge: $ 1113 <BR/> (CC: x-7537)\n
Action.c(112):           </td> </tr> </table>\n
Action.c(112):           </center>\n
Action.c(112):       </TD>\n
Action.c(112):     </TR>\n
Action.c(112):     <TR bgcolor="#EFF2F7">\n
Action.c(112):       <TD COLSPAN="3">\n
Action.c(112):       <b>Flight Details:</b><BR/>  <center>\n
Action.c(112):       09/11/2021\n
Action.c(112):      :  8am : Flight 350 leaves Los Angeles  for Portland.<br>  </center>\n
Action.c(112):       </TD>\n
Action.c(112):     </TR>\n
Action.c(112):     \n
Action.c(112):     <TR bgcolor="#EFF2F7">\n
Action.c(112):       <TD COLSPAN="4">\n
Action.c(112):       <hr/>\n
Action.c(112):       </TD>\n
Action.c(112):     </TR>\n
Action.c(112):     \n
Action.c(112):     <!-- Flight #1 -->\n
Action.c(112):     <TR bgcolor="#EFF2F7">\n
Action.c(112):       <TD width="5%" rowspan="2" align="left" valign="top">\n
Action.c(112):     <b>\n
Action.c(112):     <label><input type="checkbox" name="157" value="on" /></label></font></b>\n
Action.c(112):     <input type="hidden" name="flightID" value="74605642-1207773-DC"  />\n
Action.c(112):       </TD>\n
Action.c(112):       <TD width="45%" valign="top">\n
Action.c(112):           <b>&nbsp;&nbsp;3 First class tickets for :</b><br/>\n
Action.c(112):           <center><table border="0" width="85%"><tr><td>\n
Action.c(112):           <li><i>Han Solo      <li><i>Anakin Skywalker      <li><i>Admiral Piett\n
Action.c(112):           <li><i></i>\n
Action.c(112):           </td></tr></table></center>\n
Action.c(112):       </TD>\n
Action.c(112):       <TD width="5%" >.<br/>.<br/>.<br/>.</TD>\n
Action.c(112):       <TD width="45%" valign=top><b>Invoice sent to:</b><br/>\n
Action.c(112):           <center>\n
Action.c(112):           <Table width="80%" cellspacing="0
Action.c(112): t=3995081ms: 8-byte chunked response overhead for "http://127.0.0.1:1080/cgi-bin/itinerary.pl" (RelFrameId=1, Internal ID=1341)
Action.c(112):     \r\n
Action.c(112):     1000\r\n
Action.c(112): t=3995081ms: 8-byte chunked response overhead for "http://127.0.0.1:1080/cgi-bin/itinerary.pl" (RelFrameId=1, Internal ID=1341)
Action.c(112):     \r\n
Action.c(112):     1000\r\n
Action.c(112): t=3995081ms: 7-byte chunked response overhead for "http://127.0.0.1:1080/cgi-bin/itinerary.pl" (RelFrameId=1, Internal ID=1341)
Action.c(112):     \r\n
Action.c(112):     2ff\r\n
Action.c(112): t=3995081ms: 7-byte chunked response overhead for "http://127.0.0.1:1080/cgi-bin/itinerary.pl" (RelFrameId=1, Internal ID=1341)
Action.c(112):     \r\n
Action.c(112):     0\r\n
Action.c(112):     \r\n
Action.c(112): t=3995081ms: 9332-byte chunked response body for "http://127.0.0.1:1080/cgi-bin/itinerary.pl" (RelFrameId=1, Internal ID=1341)
Action.c(112):     " > <tr> <td>\n
Action.c(112):               Droid C3-PO\n
Action.c(112):     <br/>\n
Action.c(112):               address3<br/>\n
Action.c(112):               address03<br/>\n
Action.c(112):               <br/>\n
Action.c(112):               Total Charge: $ 1053 <BR/> (CC: x-2014)\n
Action.c(112):           </td> </tr> </table>\n
Action.c(112):           </center>\n
Action.c(112):       </TD>\n
Action.c(112):     </TR>\n
Action.c(112):     <TR bgcolor="#EFF2F7">\n
Action.c(112):       <TD COLSPAN="3">\n
Action.c(112):       <b>Flight Details:</b><BR/>  <center>\n
Action.c(112):       09/11/2021\n
Action.c(112):      :  5pm : Flight 352 leaves Los Angeles  for Portland.<br>  </center>\n
Action.c(112):       </TD>\n
Action.c(112):     </TR>\n
Action.c(112):     \n
Action.c(112):     <TR bgcolor="#EFF2F7">\n
Action.c(112):       <TD COLSPAN="4">\n
Action.c(112):       <hr/>\n
Action.c(112):       </TD>\n
Action.c(112):     </TR>\n
Action.c(112):     <TR>\n
Action.c(112):        <TD align="center" COLSPAN="4">\n
Action.c(112):        <b>A total of 157 scheduled flights.</font></b>\n
Action.c(112):        </TD>\n
Action.c(112):     </TR>\n
Action.c(112):     </TABLE>\n
Action.c(112):     \n
Action.c(112):     <TABLE WIDTH="87%" BORDER="0" CELLSPACING="0">\n
Action.c(112):     <TR>\n
Action.c(112):     <TD align="left" width="50%" >\n
Action.c(112):     <input type="image" name="removeFlights" src="/WebTours/images/cancelreservation.gif" bord
Action.c(112):     er="0" /></TD>\n
Action.c(112):     <TD align="right" width="50%" >\n
Action.c(112):     <input type="image" name="removeAllFlights" src="/WebTours/images/cancelallreservations.gi
Action.c(112):     f" border="0" /></TD>\n
Action.c(112):     </TABLE>\n
Action.c(112):     \n
Action.c(112):     <div><input type="hidden" name=".cgifields" value="127"  /><input type="hidden" name=".cgi
Action.c(112):     fields" value="32"  /><input type="hidden" name=".cgifields" value="90"  /><input type="hi
Action.c(112):     dden" name=".cgifields" value="118"  /><input type="hidden" name=".cgifields" value="71"  
Action.c(112):     /><input type="hidden" name=".cgifields" value="102"  /><input type="hidden" name=".cgifie
Action.c(112):     lds" value="18"  /><input type="hidden" name=".cgifields" value="125"  /><input type="hidd
Action.c(112):     en" name=".cgifields" value="16"  /><input type="hidden" name=".cgifields" value="44"  /><
Action.c(112):     input type="hidden" name=".cgifields" value="55"  /><input type="hidden" name=".cgifields"
Action.c(112):      value="84"  /><input type="hidden" name=".cgifields" value="27"  /><input type="hidden" n
Action.c(112):     ame=".cgifields" value="95"  /><input type="hidden" name=".cgifields" value="57"  /><input
Action.c(112):      type="hidden" name=".cgifields" value="20"  /><input type="hidden" name=".cgifields" valu
Action.c(112):     e="109"  /><input type="hidden" name=".cgifields" value="151"  /><input type="hidden" name
Action.c(112):     =".cgifields" value="89"  /><input type="hidden" name=".cgifields" value="148"  /><input t
Action.c(112):     ype="hidden" name=".cgifields" value="31"  /><input type="hidden" name=".cgifields" value=
Action.c(112):     "35"  /><input type="hidden" name=".cgifields" value="11"  /><input type="hidden" name=".c
Action.c(112):     gifields" value="78"  /><input type="hidden" name=".cgifields" value="93"  /><input type="
Action.c(112):     hidden" name=".cgifields" value="106"  /><input type="hidden" name=".cgifields" value="157
Action.c(112):     "  /><input type="hidden" name=".cgifields" value="65"  /><input type="hidden" name=".cgif
Action.c(112):     ields" value="29"  /><input type="hidden" name=".cgifields" value="138"  /><input type="hi
Action.c(112):     dden" name=".cgifields" value="114"  /><input type="hidden" name=".cgifields" value="58"  
Action.c(112):     /><input type="hidden" name=".cgifields" value="153"  /><input type="hidden" name=".cgifie
Action.c(112):     lds" value="15"  /><input type="hidden" name=".cgifields" value="137"  /><input type="hidd
Action.c(112):     en" name=".cgifields" value="81"  /><input type="hidden" name=".cgifields" value="60"  /><
Action.c(112):     input type="hidden" name=".cgifields" value="101"  /><input type="hidden" name=".cgifields
Action.c(112):     " value="73"  /><input type="hidden" name=".cgifields" value="86"  /><input type="hidden" 
Action.c(112):     name=".cgifields" value="76"  /><input type="hidden" name=".cgifields" value="62"  /><inpu
Action.c(112):     t type="hidden" name=".cgifields" value="67"  /><input type="hidden" name=".cgifields" val
Action.c(112):     ue="139"  /><input type="hidden" name=".cgifields" value="129"  /><input type="hidden" nam
Action.c(112):     e=".cgifields" value="2"  /><input type="hidden" name=".cgifields" value="17"  /><input ty
Action.c(112):     pe="hidden" name=".cgifields" value="110"  /><input type="hidden" name=".cgifields" value=
Action.c(112):     "82"  /><input type="hidden" name=".cgifields" value="147"  /><input type="hidden" name=".
Action.c(112):     cgifields" value="135"  /><input type="hidden" name=".cgifields" value="14"  /><input type
Action.c(112):     ="hidden" name=".cgifields" value="112"  /><input type="hidden" name=".cgifields" value="6
Action.c(112):     9"  /><input type="hidden" name=".cgifields" value="145"  /><input type="hidden" name=".cg
Action.c(112):     ifields" value="49"  /><input type="hidden" name=".cgifields" value="24"  /><input type="h
Action.c(112):     idden" name=".cgifields" value="140"  /><input type="hidden" name=".cgifields" value="124"
Action.c(112):       /><input type="hidden" name=".cgifields" value="104"  /><input type="hidden" name=".cgif
Action.c(112):     ields" value="131"  /><input type="hidden" name=".cgifields" value="121"  /><input type="h
Action.c(112):     idden" name=".cgifields" value="79"  /><input type="hidden" name=".cgifields" value="154" 
Action.c(112):      /><input type="hidden" name=".cgifields" value="23"  /><input type="hidden" name=".cgifie
Action.c(112):     lds" value="96"  /><input type="hidden" name=".cgifields" value="126"  /><input type="hidd
Action.c(112):     en" name=".cgifields" value="47"  /><input type="hidden" name=".cgifields" value="8"  /><i
Action.c(112):     nput type="hidden" name=".cgifields" value="98"  /><input type="hidden" name=".cgifields" 
Action.c(112):     value="37"  /><input type="hidden" name=".cgifields" value="117"  /><input type="hidden" n
Action.c(112):     ame=".cgifields" value="43"  /><input type="hidden" name=".cgifields" value="5"  /><input 
Action.c(112):     type="hidden" name=".cgifields" value="33"  /><input type="hidden" name=".cgifields" value
Action.c(112):     ="21"  /><input type="hidden" name=".cgifields" value="63"  /><input type="hidden" name=".
Action.c(112):     cgifields" value="7"  /><input type="hidden" name=".cgifields" value="26"  /><input type="
Action.c(112):     hidden" name=".cgifields" value="80"  /><input type="hidden" name=".cgifields" value="119"
Action.c(112):       /><input type="hidden" name=".cgifields" value="99"  /><input type="hidden" name=".cgifi
Action.c(112):     elds" value="72"  /><input type="hidden" name=".cgifields" value="74"  /><input type="hidd
Action.c(112):     en" name=".cgifields" value="61"  /><input type="hidden" name=".cgifields" value="108"  />
Action.c(112):     <input type="hidden" name=".cgifields" value="115"  /><input type="hidden" name=".cgifield
Action.c(112):     s" value="92"  /><input type="hidden" name=".cgifields" value="103"  /><input type="hidden
Action.c(112):     " name=".cgifields" value="10"  /><input type="hidden" name=".cgifields" value="113"  /><i
Action.c(112):     nput type="hidden" name=".cgifields" value="152"  /><input type="hidden" name=".cgifields"
Action.c(112):      value="142"  /><input type="hidden" name=".cgifields" value="91"  /><input type="hidden" 
Action.c(112):     name=".cgifields" value="48"  /><input type="hidden" name=".cgifields" value="107"  /><inp
Action.c(112):     ut type="hidden" name=".cgifields" value="87"  /><input type="hidden" name=".cgifields" va
Action.c(112):     lue="77"  /><input type="hidden" name=".cgifields" value="133"  /><input type="hidden" nam
Action.c(112):     e=".cgifields" value="149"  /><input type="hidden" name=".cgifields" value="123"  /><input
Action.c(112):      type="hidden" name=".cgifields" value="50"  /><input type="hidden" name=".cgifields" valu
Action.c(112):     e="39"  /><input type="hidden" name=".cgifields" value="64"  /><input type="hidden" name="
Action.c(112):     .cgifields" value="97"  /><input type="hidden" name=".cgifields" value="12"  /><input type
Action.c(112):     ="hidden" name=".cgifields" value="41"  /><input type="hidden" name=".cgifields" value="52
Action.c(112):     "  /><input type="hidden" name=".cgifields" value="56"  /><input type="hidden" name=".cgif
Action.c(112):     ields" value="45"  /><input type="hidden" name=".cgifields" value="66"  /><input type="hid
Action.c(112):     den" name=".cgifields" value="19"  /><input type="hidden" name=".cgifields" value="54"  />
Action.c(112):     <input type="hidden" name=".cgifields" value="70"  /><input type="hidden" name=".cgifields
Action.c(112):     " value="68"  /><input type="hidden" name=".cgifields" value="1"  /><input type="hidden" n
Action.c(112):     ame=".cgifields" value="136"  /><input type="hidden" name=".cgifields" value="88"  /><inpu
Action.c(112):     t type="hidden" name=".cgifields" value="116"  /><input type="hidden" name=".cgifields" va
Action.c(112):     lue="144"  /><input type="hidden" name=".cgifields" value="141"  /><input type="hidden" na
Action.c(112):     me=".cgifields" value="30"  /><input type="hidden" name=".cgifields" value="100"  /><input
Action.c(112):      type="hidden" name=".cgifields" value="25"  /><input type="hidden" name=".cgifields" valu
Action.c(112):     e="128"  /><input type="hidden" name=".cgifields" value="28"  /><input type="hidden" name=
Action.c(112):     ".cgifields" value="120"  /><input type="hidden" name=".cgifields" value="156"  /><input t
Action.c(112):     ype="hidden" name=".cgifields" value="134"  /><input type="hidden" name=".cgifields" value
Action.c(112):     ="40"  /><input type="hidden" name=".cgifields" value="75"  /><input type="hidden" name=".
Action.c(112):     cgifields" value="83"  /><input type="hidden" name=".cgifields" value="59"  /><input type=
Action.c(112):     "hidden" name=".cgifields" value="150"  /><input type="hidden" name=".cgifields" value="15
Action.c(112):     5"  /><input type="hidden" name=".cgifields" value="130"  /><input type="hidden" name=".cg
Action.c(112):     ifields" value="53"  /><input type="hidden" name=".cgifields" value="122"  /><input type="
Action.c(112):     hidden" name=".cgifields" value="143"  /><input type="hidden" name=".cgifields" value="42"
Action.c(112):       /><input type="hidden" name=".cgifields" value="22"  /><input type="hidden" name=".cgifi
Action.c(112):     elds" value="46"  /><input type="hidden" name=".cgifields" value="13"  /><input type="hidd
Action.c(112):     en" name=".cgifields" value="105"  /><input type="hidden" name=".cgifields" value="6"  /><
Action.c(112):     input type="hidden" name=".cgifields" value="85"  /><input type="hidden" name=".cgifields"
Action.c(112):      value="36"  /><input type="hidden" name=".cgifields" value="3"  /><input type="hidden" na
Action.c(112):     me=".cgifields" value="94"  /><input type="hidden" name=".cgifields" value="146"  /><input
Action.c(112):      type="hidden" name=".cgifields" value="51"  /><input type="hidden" name=".cgifields" valu
Action.c(112):     e="9"  /><input type="hidden" name=".cgifields" value="111"  /><input type="hidden" name="
Action.c(112):     .cgifields" value="38"  /><input type="hidden" name=".cgifields" value="4"  /><input type=
Action.c(112):     "hidden" name=".cgifields" value="34"  /><input type="hidden" name=".cgifields" value="132
Action.c(112):     "  /></div></form>\n
Action.c(112):     \n
Action.c(112):     </center>\n
Action.c(112):     \n
Action.c(112):     </body>\n
Action.c(112):     </html>
Action.c(112): Resource "http://127.0.0.1:1080/WebTours/images/cancelreservation.gif" is in the cache already and will not be downloaded again  	[MsgId: MMSG-26655]
Action.c(112): Resource "http://127.0.0.1:1080/WebTours/images/cancelallreservations.gif" is in the cache already and will not be downloaded again  	[MsgId: MMSG-26655]
Action.c(112): t=3995083ms: Request done "http://127.0.0.1:1080/cgi-bin/itinerary.pl"  	[MsgId: MMSG-26000]
Action.c(112): Registered web_reg_find successful for "Text= scheduled flights" (count=1)  	[MsgId: MMSG-26364]
Action.c(112): web_submit_form("itinerary.pl") was successful, 197251 body bytes, 256 header bytes, 395 chunking overhead bytes  	[MsgId: MMSG-26385]
Action.c(122): web_reg_find started  	[MsgId: MMSG-26355]
Action.c(122): Notify: Parameter Substitution: parameter "flightID1" =  "53568567-845-DC"	[MsgId: MMSG-13992]
Action.c(122): Registering web_reg_find was successful  	[MsgId: MMSG-26390]
Action.c(130): Notify: Transaction "Delete_Ticket" ended with a "Pass" status (Duration: 0,1914 Wasted Time: 0,0010).	[MsgId: MMSG-16871]
Action.c(132): lr_think_time: 5,00 seconds.	[MsgId: MMSG-15948]
Action.c(134): Notify: Transaction "Logout" started.	[MsgId: MMSG-16999]
Action.c(136): web_reg_find started  	[MsgId: MMSG-26355]
Action.c(136): Registering web_reg_find was successful  	[MsgId: MMSG-26390]
Action.c(139): web_url("welcome.pl") started  	[MsgId: MMSG-26355]
Action.c(139): t=4000100ms: Closed connection [0] to 127.0.0.1:1080 after completing 1 request(s)  	[MsgId: MMSG-26000]
Action.c(139): t=4000100ms: Connecting [0] to host 127.0.0.1:1080  	[MsgId: MMSG-26000]
Action.c(139): t=4000100ms: Connected socket [0] from 127.0.0.1:3294 to 127.0.0.1:1080 in 0 ms  	[MsgId: MMSG-26000]
Action.c(139): t=4000100ms: 468-byte request headers for "http://127.0.0.1:1080/cgi-bin/welcome.pl?signOff=1" (RelFrameId=1, Internal ID=1342)
Action.c(139):     GET /cgi-bin/welcome.pl?signOff=1 HTTP/1.1\r\n
Action.c(139):     Referer: http://127.0.0.1:1080/cgi-bin/nav.pl?page=menu&in=flights\r\n
Action.c(139):     User-Agent: Mozilla/5.0 (Windows NT 10.0; WOW64; Trident/7.0; Touch; rv:11.0) like Gecko\r
Action.c(139):     \n
Action.c(139):     Accept-Encoding: gzip, deflate\r\n
Action.c(139):     Accept-Language: en-US,en;q=0.7,ru;q=0.3\r\n
Action.c(139):     Accept: */*\r\n
Action.c(139):     Connection: Keep-Alive\r\n
Action.c(139):     Host: 127.0.0.1:1080\r\n
Action.c(139):     Cookie: MSO=SID&1631275250; MTUserInfo=firstName&&address2&&username&jojo3&hash&83&lastNam
Action.c(139):     e&%0A&address1&&creditCard&&expDate&%0A\r\n
Action.c(139):     \r\n
Action.c(139): t=4000145ms: 328-byte response headers for "http://127.0.0.1:1080/cgi-bin/welcome.pl?signOff=1" (RelFrameId=1, Internal ID=1342)
Action.c(139):     HTTP/1.1 200 OK\r\n
Action.c(139):     Date: Fri, 10 Sep 2021 12:01:11 GMT\r\n
Action.c(139):     Server: Apache/2.2.21 (Win32)\r\n
Action.c(139):     Set-Cookie: MSO=SID&1631275271; path=/\r\n
Action.c(139):     Set-Cookie: MTUserInfo=; path=/; expires=Thu, 09-Sep-2021 12:01:11 GMT\r\n
Action.c(139):     Keep-Alive: timeout=5, max=100\r\n
Action.c(139):     Connection: Keep-Alive\r\n
Action.c(139):     Transfer-Encoding: chunked\r\n
Action.c(139):     Content-Type: text/html; charset=ISO-8859-1\r\n
Action.c(139):     \r\n
Action.c(139): t=4000146ms: 5-byte chunked response overhead for "http://127.0.0.1:1080/cgi-bin/welcome.pl?signOff=1" (RelFrameId=1, Internal ID=1342)
Action.c(139):     2ae\r\n
Action.c(139): t=4000146ms: 2-byte chunked response overhead for "http://127.0.0.1:1080/cgi-bin/welcome.pl?signOff=1" (RelFrameId=1, Internal ID=1342)
Action.c(139):     \r\n
Action.c(139): t=4000146ms: 686-byte chunked response body for "http://127.0.0.1:1080/cgi-bin/welcome.pl?signOff=1" (RelFrameId=1, Internal ID=1342)
Action.c(139):     <!-- \n
Action.c(139):      A Session ID has been created and loaded into a cookie called MSO.\n
Action.c(139):      Also, the server options have been loaded into the cookie called\n
Action.c(139):      MSO as well.  The server options can be set via the Admin page.\n
Action.c(139):      --->\n
Action.c(139):     \n
Action.c(139):     <html>\n
Action.c(139):     <title>Web Tours</title>\n
Action.c(139):        <!-- Frame Set -->\n
Action.c(139):        <frameset cols="160,*" border="1" frameborder="1">\n
Action.c(139):           <!-- Navigation Frame -->\n
Action.c(139):           <frame src="nav.pl?in=home" name="navbar" marginheight="2" marginwidth="2" \n
Action.c(139):                 noresize="noresize" scrolling="auto"/>\n
Action.c(139):           <!-- Home Frame -->\n
Action.c(139):           <frame src="/WebTours/home.html" name="info" marginheight="2" marginwidth="2" \n
Action.c(139):                 noresize="noresize" scrolling="auto"/>\n
Action.c(139):        </frameset>\n
Action.c(139):     </html>\n
Action.c(139):     \n
Action.c(139):     </body>\n
Action.c(139):     </html>
Action.c(139): Detected non-resource "http://127.0.0.1:1080/cgi-bin/nav.pl?in=home" in "http://127.0.0.1:1080/cgi-bin/welcome.pl?signOff=1"  	[MsgId: MMSG-26574]
Action.c(139): Detected non-resource "http://127.0.0.1:1080/WebTours/home.html" in "http://127.0.0.1:1080/cgi-bin/welcome.pl?signOff=1"  	[MsgId: MMSG-26574]
Action.c(139): Retrieving data from cache for "http://127.0.0.1:1080/WebTours/home.html"  	[MsgId: MMSG-26558]
Action.c(139): t=4000147ms: 1361-byte response body retrieved from cache for "http://127.0.0.1:1080/WebTours/home.html" (RelFrameId=1.2, Internal ID=1344)
Action.c(139):     <HTML>\n
Action.c(139):     <HEAD>\n
Action.c(139):     \t<title>Web Tours</title>\n
Action.c(139):     </HEAD>\n
Action.c(139):     <style>\n
Action.c(139):     \tblockquote {font-family: tahoma; font-size : 10pt}\n
Action.c(139):     \tH1 {font-family: tahoma; font-size : 22pt; color: #003366}\n
Action.c(139):     \tsmall {font-family: tahoma; font-size : 8pt}\n
Action.c(139):     \tH3{font-family: tahoma; font-size : 10pt; color: black}\n
Action.c(139):     \tA {FONT-WEIGHT: bold; FONT-SIZE: 10pt; COLOR: black; FONT-FAMILY: Tahoma; TEXT-DECORATIO
Action.c(139):     N: none}\n
Action.c(139):     \tA:hover{ FONT-WEIGHT: bold; FONT-SIZE: 10pt; COLOR: #993333; FONT-FAMILY: Tahoma;TEXT-DE
Action.c(139):     CORATION: underline}\n
Action.c(139):     \tTD {font-family: tahoma; font-size : 10pt; color: black}\n
Action.c(139):     </style>\n
Action.c(139):     <body bgcolor="#e0e7f1">\n
Action.c(139):     <BR/>\n
Action.c(139):     <BR/>\n
Action.c(139):     <BR/>\n
Action.c(139):     <br/>\n
Action.c(139):     <table border="0">\n
Action.c(139):     <tr><td></td></tr>\n
Action.c(139):     <TR><TD></TD></TR>\n
Action.c(139):     <TR><TD>\n
Action.c(139):     <blockquote>\n
Action.c(139):     <H1><b>Web Tours</b></H1>\n
Action.c(139):     Welcome to the Web Tours site.\n
Action.c(139):     <br/>\n
Action.c(139):     To make reservations,please enter your account information to the left.\n
Action.c(139):     <br/>\n
Action.c(139):     If you haven't registered yet, <A href="/cgi-bin/login.pl?username=&amp;password=&amp;getI
Action.c(139):     nfo=true" ><B>sign up now</B></A> to get access to all our resources.\n
Action.c(139):     <br/>\n
Action.c(139):     To configure the server options, use <A href="/cgi-bin/admin.pl" target="body" ><b>adminis
Action.c(139):     tration</b></A> link.\n
Action.c(139):     <br/><br/><br/><br/><br/><br/>\n
Action.c(139):     <br/><small>\n
Action.c(139):     This product uses parts of the SMT Kernel, Copyright (c) 1991-99 <A href="http://www.imati
Action.c(139):     x.com" target="new"><B><small>iMatix Corporation</small></B></A> \n
Action.c(139):     </small>\n
Action.c(139):     </blockquote></TD>\n
Action.c(139):     <TD></TD></TR>\n
Action.c(139):     </table>\n
Action.c(139):     </body>\n
Action.c(139):     </HTML>\n
Action.c(139): t=4000148ms: Already connected [4] to 127.0.0.1:1080  	[MsgId: MMSG-26000]
Action.c(139): t=4000148ms: 352-byte request headers for "http://127.0.0.1:1080/cgi-bin/nav.pl?in=home" (RelFrameId=1.1, Internal ID=1343)
Action.c(139):     GET /cgi-bin/nav.pl?in=home HTTP/1.1\r\n
Action.c(139):     Referer: http://127.0.0.1:1080/cgi-bin/welcome.pl?signOff=1\r\n
Action.c(139):     User-Agent: Mozilla/5.0 (Windows NT 10.0; WOW64; Trident/7.0; Touch; rv:11.0) like Gecko\r
Action.c(139):     \n
Action.c(139):     Accept-Encoding: gzip, deflate\r\n
Action.c(139):     Accept-Language: en-US,en;q=0.7,ru;q=0.3\r\n
Action.c(139):     Accept: */*\r\n
Action.c(139):     Connection: Keep-Alive\r\n
Action.c(139):     Host: 127.0.0.1:1080\r\n
Action.c(139):     Cookie: MSO=SID&1631275271\r\n
Action.c(139):     \r\n
Action.c(139): t=4000148ms: Server 127.0.0.1 has shut down the connection [4] prematurely (empty response, no HTTP headers received). Considering retry  	[MsgId: MMSG-26000]
Action.c(139): t=4000148ms: Closed connection [4] to 127.0.0.1:1080 after completing 1 request(s)  	[MsgId: MMSG-26000]
Action.c(139): t=4000148ms: reporting user data point RETRY_KEEP_ALIVE  	[MsgId: MMSG-26000]
Action.c(139): t=4000149ms: Connecting [4] to host 127.0.0.1:1080  	[MsgId: MMSG-26000]
Action.c(139): t=4000149ms: 5-byte chunked response overhead for "http://127.0.0.1:1080/cgi-bin/welcome.pl?signOff=1" (RelFrameId=1, Internal ID=1342)
Action.c(139):     0\r\n
Action.c(139):     \r\n
Action.c(139): t=4000149ms: Request done "http://127.0.0.1:1080/cgi-bin/welcome.pl?signOff=1"  	[MsgId: MMSG-26000]
Action.c(139): t=4000149ms: Connected socket [4] from 127.0.0.1:3295 to 127.0.0.1:1080 in 0 ms  	[MsgId: MMSG-26000]
Action.c(139): t=4000149ms: 352-byte request headers for "http://127.0.0.1:1080/cgi-bin/nav.pl?in=home" (RelFrameId=1.1, Internal ID=1343)
Action.c(139):     GET /cgi-bin/nav.pl?in=home HTTP/1.1\r\n
Action.c(139):     Referer: http://127.0.0.1:1080/cgi-bin/welcome.pl?signOff=1\r\n
Action.c(139):     User-Agent: Mozilla/5.0 (Windows NT 10.0; WOW64; Trident/7.0; Touch; rv:11.0) like Gecko\r
Action.c(139):     \n
Action.c(139):     Accept-Encoding: gzip, deflate\r\n
Action.c(139):     Accept-Language: en-US,en;q=0.7,ru;q=0.3\r\n
Action.c(139):     Accept: */*\r\n
Action.c(139):     Connection: Keep-Alive\r\n
Action.c(139):     Host: 127.0.0.1:1080\r\n
Action.c(139):     Cookie: MSO=SID&1631275271\r\n
Action.c(139):     \r\n
Action.c(139): t=4000194ms: 256-byte response headers for "http://127.0.0.1:1080/cgi-bin/nav.pl?in=home" (RelFrameId=1.1, Internal ID=1343)
Action.c(139):     HTTP/1.1 200 OK\r\n
Action.c(139):     Date: Fri, 10 Sep 2021 12:01:11 GMT\r\n
Action.c(139):     Server: Apache/2.2.21 (Win32)\r\n
Action.c(139):     Expires: Thu, 09 Sep 2021 12:01:12 GMT\r\n
Action.c(139):     Keep-Alive: timeout=5, max=100\r\n
Action.c(139):     Connection: Keep-Alive\r\n
Action.c(139):     Transfer-Encoding: chunked\r\n
Action.c(139):     Content-Type: text/html; charset=ISO-8859-1\r\n
Action.c(139):     \r\n
Action.c(139): t=4000194ms: 5-byte chunked response overhead for "http://127.0.0.1:1080/cgi-bin/nav.pl?in=home" (RelFrameId=1.1, Internal ID=1343)
Action.c(139):     5d2\r\n
Action.c(139): t=4000194ms: 2-byte chunked response overhead for "http://127.0.0.1:1080/cgi-bin/nav.pl?in=home" (RelFrameId=1.1, Internal ID=1343)
Action.c(139):     \r\n
Action.c(139): t=4000194ms: 1490-byte chunked response body for "http://127.0.0.1:1080/cgi-bin/nav.pl?in=home" (RelFrameId=1.1, Internal ID=1343)
Action.c(139):     <!DOCTYPE html\n
Action.c(139):     \tPUBLIC "-//W3C//DTD XHTML 1.0 Transitional//EN"\n
Action.c(139):     \t "http://www.w3.org/TR/xhtml1/DTD/xhtml1-transitional.dtd">\n
Action.c(139):     <html xmlns="http://www.w3.org/1999/xhtml" lang="en-US" xml:lang="en-US">\n
Action.c(139):     <head>\n
Action.c(139):     <title>Web Tours Navigation Bar</title>\n
Action.c(139):     <meta http-equiv="Content-Type" content="text/html; charset=iso-8859-1" />\n
Action.c(139):     </head>\n
Action.c(139):     <body bgcolor="#E0E7F1">\n
Action.c(139):     <style>\n
Action.c(139):     blockquote {font-family: tahoma; font-size : 10pt}\n
Action.c(139):     H1 {font-family: tahoma; font-size : 22pt; color: #993333}\n
Action.c(139):     H3 {font-family: tahoma; font-size : 10pt; color: black}\n
Action.c(139):     small {font-family: tahoma; font-size : 8pt}\n
Action.c(139):     </style>\n
Action.c(139):     <form method="post" action="/cgi-bin/login.pl" target="body">\n
Action.c(139):     <input type="hidden" name="userSession" value="132140.564682058zHQzQiApcQfiDDDDtAHiVpiiVHH
Action.c(139):     f"/>\n
Action.c(139):     <table border="0"><tr><td>&nbsp;</td>\n
Action.c(139):     <td>&nbsp;</td></tr>\n
Action.c(139):     <tr><td>&nbsp;</td>\n
Action.c(139):     <td>&nbsp;</td></tr>\n
Action.c(139):     <tr><td>&nbsp;</td>\n
Action.c(139):     <td><small>&nbsp;Username</small></td></tr>\n
Action.c(139):     <tr><td>&nbsp;</td>\n
Action.c(139):     <td><input type="text" name="username" value="" size="14" maxlength="14"/></td></tr>\n
Action.c(139):     <tr><td>&nbsp;</td>\n
Action.c(139):     <td><small>&nbsp;Password</small></td>\n
Action.c(139):     <tr><td>&nbsp;</td>\n
Action.c(139):     <td><input type="password" name="password" value="" size="14" maxlength="14"/></td></tr>\n
Action.c(139):     <tr><td>&nbsp;</td>\n
Action.c(139):     <td>&nbsp;</td></tr>\n
Action.c(139):     <tr><td>&nbsp;</td>\n
Action.c(139):     <td><input type="image" name="login" value="Login" alt="Login" border="1" \n
Action.c(139):     src="/WebTours/images/mer_login.gif"/></td></tr>\n
Action.c(139):     <tr><td>&nbsp;</td><td>&nbsp;</td></tr>\n
Action.c(139):     </table><input type="hidden" name="JSFormSubmit" value="off"/>\n
Action.c(139):     </form>\n
Action.c(139):     \n
Action.c(139):     </body>\n
Action.c(139):     </html>\n
Action.c(139): Resource "http://127.0.0.1:1080/WebTours/images/mer_login.gif" is in the cache already and will not be downloaded again  	[MsgId: MMSG-26655]
Action.c(139): t=4000196ms: 5-byte chunked response overhead for "http://127.0.0.1:1080/cgi-bin/nav.pl?in=home" (RelFrameId=1.1, Internal ID=1343)
Action.c(139):     0\r\n
Action.c(139):     \r\n
Action.c(139): t=4000196ms: Request done "http://127.0.0.1:1080/cgi-bin/nav.pl?in=home"  	[MsgId: MMSG-26000]
Action.c(139): Registered web_reg_find successful for "Text=53568567-845-DC"  	[MsgId: MMSG-26362]
Action.c(139): Registered web_reg_find successful for "Text= A Session ID has been created and loaded into a cookie called MSO" (count=1)  	[MsgId: MMSG-26364]
Action.c(139): web_url("welcome.pl") was successful, 2176 body bytes, 584 header bytes, 24 chunking overhead bytes  	[MsgId: MMSG-26385]
Action.c(149): Notify: Transaction "Logout" ended with a "Pass" status (Duration: 0,0973 Wasted Time: 0,0000).	[MsgId: MMSG-16871]
Action.c(151): Notify: Transaction "UC_1_4v2_Delete_Ticket_megatransaction" ended with a "Pass" status (Duration: 21,0840 Think Time: 20,0294 Wasted Time: 0,0019).	[MsgId: MMSG-16870]
Ending action Action.	[MsgId: MMSG-15918]
Action was aborted.	[MsgId: MMSG-10694]
Ending Vuser...	[MsgId: MMSG-15966]
Starting action vuser_end.	[MsgId: MMSG-15919]
Ending action vuser_end.	[MsgId: MMSG-15918]
Vuser Terminated.	[MsgId: MMSG-15963]
Action.c(112): t=4000199ms: Closed connection [0] to 127.0.0.1:1080 after completing 1 request(s)  	[MsgId: MMSG-26000]
Action.c(112): t=4000199ms: Closed connection [4] to 127.0.0.1:1080 after completing 1 request(s)  	[MsgId: MMSG-26000]
Action.c(112): t=4000199ms: Closed connection [5] to 127.0.0.1:1080 after completing 1 request(s)  	[MsgId: MMSG-26000]
HTML-Mode memory management statistics: Reusable=35, NonReusable=0, CsMemBlockSize=4096, checks disabled  	[MsgId: MMSG-26000]
Vuser 4 (thread 372), ended OK."	[MsgId: MMSG-10695]
